#
# A fatal error has been detected by the Java Runtime Environment:
#
#  EXCEPTION_ACCESS_VIOLATION (0xc0000005) at pc=0x0000000077868e9f, pid=5452, tid=2704
#
# JRE version: Java(TM) SE Runtime Environment (8.0_11-b12) (build 1.8.0_11-b12)
# Java VM: Java HotSpot(TM) 64-Bit Server VM (25.11-b03 mixed mode windows-amd64 compressed oops)
# Problematic frame:
# C  [ntdll.dll+0x48e9f]
#
# Failed to write core dump. Minidumps are not enabled by default on client versions of Windows
#
# If you would like to submit a bug report, please visit:
#   http://bugreport.sun.com/bugreport/crash.jsp
# The crash happened outside the Java Virtual Machine in native code.
# See problematic frame for where to report the bug.
#

---------------  T H R E A D  ---------------

Current thread (0x000000001b4c9800):  JavaThread "Daemon worker Thread 8" [_thread_in_native, id=2704, stack(0x00000000193d0000,0x00000000194d0000)]

siginfo: ExceptionCode=0xc0000005, writing address 0x000000000000005c

Registers:
RAX=0x000000000000005c, RBX=0x0000000019f26f20, RCX=0x0000000019f27012, RDX=0x0000000000000132
RSP=0x00000000194cd2b0, RBP=0x000000000000fffe, RSI=0x0000000000000000, RDI=0x0000000019f26f20
R8 =0x0000000000000099, R9 =0x0000000000000132, R10=0x0000000000000000, R11=0x000000000000ffff
R12=0x0000000000000132, R13=0x0000000000000012, R14=0x00000000194cd4b0, R15=0x0000000000000099
RIP=0x0000000077868e9f, EFLAGS=0x0000000000010246

Top of Stack: (sp=0x00000000194cd2b0)
0x00000000194cd2b0:   00000000779303c8 0000000000000000
0x00000000194cd2c0:   0000000000000140 00000000023f0000
0x00000000194cd2d0:   0000000001340132 0000000019f26f20
0x00000000194cd2e0:   00000000194cd470 000000007786ffd8
0x00000000194cd2f0:   0000000000000000 00000000194cd5c0
0x00000000194cd300:   0000000019f26f20 0000000002400470
0x00000000194cd310:   0000000000000001 0000000000000001
0x00000000194cd320:   0000000000000000 0000000002400080
0x00000000194cd330:   0000000000000000 0000000000000132
0x00000000194cd340:   00000000024013a0 0000000000000000
0x00000000194cd350:   0000000000000000 00000000023f0000
0x00000000194cd360:   0000000000000000 0000000000000000
0x00000000194cd370:   00000000194cd4f8 0000000019f26f20
0x00000000194cd380:   0000000000000150 00000000023f0000
0x00000000194cd390:   000000000000013e 000000000000013e
0x00000000194cd3a0:   0000000000000000 0000000001340132 

Instructions: (pc=0x0000000077868e9f)
0x0000000077868e7f:   e2 fc 8b c2 48 01 41 18 8b 41 10 4c 89 44 c1 20
0x0000000077868e8f:   ff 41 10 8b c2 c3 44 8a 74 24 40 e9 c0 55 00 00
0x0000000077868e9f:   41 0f b7 c1 48 83 c1 02 48 d1 e8 48 8d 04 43 48
0x0000000077868eaf:   3b c8 73 39 0f b7 01 66 83 c8 20 66 83 f8 70 0f 


Register to memory mapping:

RAX=0x000000000000005c is an unknown value
RBX=0x0000000019f26f20 is an unknown value
RCX=0x0000000019f27012 is an unknown value
RDX=0x0000000000000132 is an unknown value
RSP=0x00000000194cd2b0 is pointing into the stack for thread: 0x000000001b4c9800
RBP=0x000000000000fffe is an unknown value
RSI=0x0000000000000000 is an unknown value
RDI=0x0000000019f26f20 is an unknown value
R8 =0x0000000000000099 is an unknown value
R9 =0x0000000000000132 is an unknown value
R10=0x0000000000000000 is an unknown value
R11=0x000000000000ffff is an unknown value
R12=0x0000000000000132 is an unknown value
R13=0x0000000000000012 is an unknown value
R14=0x00000000194cd4b0 is pointing into the stack for thread: 0x000000001b4c9800
R15=0x0000000000000099 is an unknown value


Stack: [0x00000000193d0000,0x00000000194d0000],  sp=0x00000000194cd2b0,  free space=1012k
Native frames: (J=compiled Java code, j=interpreted, Vv=VM code, C=native code)
C  [ntdll.dll+0x48e9f]
C  [ntdll.dll+0x4ffd8]
C  [ntdll.dll+0x50b4a]
C  [KERNELBASE.dll+0x7056]
C  [java.dll+0x9a74]
C  [java.dll+0x9b9f]
C  0x0000000002b81d09

Java frames: (J=compiled Java code, j=interpreted, Vv=VM code)
J 523  java.io.WinNTFileSystem.getBooleanAttributes(Ljava/io/File;)I (0 bytes) @ 0x0000000002b81c8f [0x0000000002b81c40+0x4f]
J 20110 C2 org.gradle.api.internal.changedetection.state.DefaultFileCollectionSnapshotter$1.run()V (134 bytes) @ 0x0000000005e0ecf8 [0x0000000005e0e1c0+0xb38]
J 17295 C1 org.gradle.internal.Factories$1.create()Ljava/lang/Object; (11 bytes) @ 0x000000000570c77c [0x000000000570c680+0xfc]
J 11175 C1 org.gradle.cache.internal.DefaultCacheAccess.useCache(Ljava/lang/String;Lorg/gradle/internal/Factory;)Ljava/lang/Object; (180 bytes) @ 0x0000000004c1c114 [0x0000000004c1bee0+0x234]
J 17298 C1 org.gradle.cache.internal.DefaultCacheAccess.useCache(Ljava/lang/String;Ljava/lang/Runnable;)V (11 bytes) @ 0x000000000570d584 [0x000000000570d3e0+0x1a4]
J 17297 C1 org.gradle.cache.internal.DefaultPersistentDirectoryStore.useCache(Ljava/lang/String;Ljava/lang/Runnable;)V (12 bytes) @ 0x000000000570d07c [0x000000000570cf80+0xfc]
J 17296 C1 org.gradle.cache.internal.DefaultCacheFactory$ReferenceTrackingCache.useCache(Ljava/lang/String;Ljava/lang/Runnable;)V (15 bytes) @ 0x000000000570cbd4 [0x000000000570cac0+0x114]
J 8600 C1 org.gradle.api.internal.changedetection.state.DefaultTaskArtifactStateCacheAccess.useCache(Ljava/lang/String;Ljava/lang/Runnable;)V (12 bytes) @ 0x0000000002ed7a3c [0x0000000002ed7940+0xfc]
J 10283 C1 org.gradle.api.internal.changedetection.state.DefaultFileCollectionSnapshotter.snapshot(Lorg/gradle/api/file/FileCollection;)Lorg/gradle/api/internal/changedetection/state/FileCollectionSnapshot; (70 bytes) @ 0x000000000484cd54 [0x000000000484c6a0+0x6b4]
J 17479 C1 org.gradle.api.internal.changedetection.rules.TaskUpToDateState.<init>(Lorg/gradle/api/internal/TaskInternal;Lorg/gradle/api/internal/changedetection/state/TaskHistoryRepository$History;Lorg/gradle/api/internal/changedetection/state/FileCollectionSnapshotter;Lorg/gradle/api/internal/changedetection/state/FileCollectionSnapshotter;)V (281 bytes) @ 0x000000000580cd24 [0x000000000580b4a0+0x1884]
J 11072 C1 org.gradle.api.internal.changedetection.changes.DefaultTaskArtifactStateRepository$TaskArtifactStateImpl.getStates()Lorg/gradle/api/internal/changedetection/rules/TaskUpToDateState; (45 bytes) @ 0x0000000004babd04 [0x0000000004babbc0+0x144]
J 17485 C1 org.gradle.api.internal.changedetection.changes.DefaultTaskArtifactStateRepository$TaskArtifactStateImpl.isUpToDate(Ljava/util/Collection;)Z (38 bytes) @ 0x0000000005805904 [0x0000000005805880+0x84]
J 10348 C1 org.gradle.api.internal.tasks.execution.SkipUpToDateTaskExecuter.execute(Lorg/gradle/api/internal/TaskInternal;Lorg/gradle/api/internal/tasks/TaskStateInternal;Lorg/gradle/api/internal/tasks/TaskExecutionContext;)V (221 bytes) @ 0x000000000488d7bc [0x000000000488d120+0x69c]
J 10347 C1 org.gradle.api.internal.tasks.execution.ValidatingTaskExecuter.execute(Lorg/gradle/api/internal/TaskInternal;Lorg/gradle/api/internal/tasks/TaskStateInternal;Lorg/gradle/api/internal/tasks/TaskExecutionContext;)V (221 bytes) @ 0x000000000488a184 [0x0000000004887aa0+0x26e4]
J 10256 C1 org.gradle.api.internal.tasks.execution.SkipEmptySourceFilesTaskExecuter.execute(Lorg/gradle/api/internal/TaskInternal;Lorg/gradle/api/internal/tasks/TaskStateInternal;Lorg/gradle/api/internal/tasks/TaskExecutionContext;)V (62 bytes) @ 0x0000000004821174 [0x0000000004820c60+0x514]
J 11128 C1 org.gradle.api.internal.tasks.execution.SkipTaskWithNoActionsExecuter.execute(Lorg/gradle/api/internal/TaskInternal;Lorg/gradle/api/internal/tasks/TaskStateInternal;Lorg/gradle/api/internal/tasks/TaskExecutionContext;)V (116 bytes) @ 0x0000000004bd1e24 [0x0000000004bd1220+0xc04]
J 11125 C1 org.gradle.api.internal.tasks.execution.SkipOnlyIfTaskExecuter.execute(Lorg/gradle/api/internal/TaskInternal;Lorg/gradle/api/internal/tasks/TaskStateInternal;Lorg/gradle/api/internal/tasks/TaskExecutionContext;)V (90 bytes) @ 0x0000000004bd83dc [0x0000000004bd7640+0xd9c]
J 11124 C1 org.gradle.api.internal.tasks.execution.ExecuteAtMostOnceTaskExecuter.execute(Lorg/gradle/api/internal/TaskInternal;Lorg/gradle/api/internal/tasks/TaskStateInternal;Lorg/gradle/api/internal/tasks/TaskExecutionContext;)V (70 bytes) @ 0x0000000004bd6abc [0x0000000004bd6840+0x27c]
J 10309 C1 org.gradle.execution.taskgraph.AbstractTaskPlanExecutor$TaskExecutorWorker.executeTask(Lorg/gradle/execution/taskgraph/TaskInfo;)V (131 bytes) @ 0x000000000485cc5c [0x000000000485c4e0+0x77c]
J 10308 C1 org.gradle.execution.taskgraph.AbstractTaskPlanExecutor$TaskExecutorWorker.processTask(Lorg/gradle/execution/taskgraph/TaskInfo;)V (51 bytes) @ 0x000000000485bc0c [0x000000000485bb80+0x8c]
j  org.gradle.execution.taskgraph.AbstractTaskPlanExecutor$TaskExecutorWorker.run()V+56
j  org.gradle.execution.taskgraph.DefaultTaskPlanExecutor.process(Lorg/gradle/execution/taskgraph/TaskExecutionPlan;Lorg/gradle/api/execution/TaskExecutionListener;)V+6
j  org.gradle.execution.taskgraph.DefaultTaskGraphExecuter.execute()V+46
j  org.gradle.execution.SelectedTaskExecutionAction.execute(Lorg/gradle/execution/BuildExecutionContext;)V+41
j  org.gradle.execution.DefaultBuildExecuter.execute(I)V+36
j  org.gradle.execution.DefaultBuildExecuter.access$200(Lorg/gradle/execution/DefaultBuildExecuter;I)V+2
j  org.gradle.execution.DefaultBuildExecuter$2.proceed()V+10
j  org.gradle.execution.DryRunBuildExecutionAction.execute(Lorg/gradle/execution/BuildExecutionContext;)V+68
j  org.gradle.execution.DefaultBuildExecuter.execute(I)V+36
j  org.gradle.execution.DefaultBuildExecuter.execute()V+2
j  org.gradle.initialization.DefaultGradleLauncher.doBuildStages(Lorg/gradle/initialization/DefaultGradleLauncher$Stage;)V+184
j  org.gradle.initialization.DefaultGradleLauncher.doBuild(Lorg/gradle/initialization/DefaultGradleLauncher$Stage;)Lorg/gradle/BuildResult;+27
j  org.gradle.initialization.DefaultGradleLauncher.run()Lorg/gradle/BuildResult;+4
j  org.gradle.launcher.exec.InProcessBuildActionExecuter$DefaultBuildController.run()Lorg/gradle/api/internal/GradleInternal;+5
j  org.gradle.tooling.internal.provider.BuildModelAction.run(Lorg/gradle/initialization/BuildController;)Lorg/gradle/tooling/internal/provider/BuildActionResult;+15
j  org.gradle.tooling.internal.provider.BuildModelAction.run(Lorg/gradle/initialization/BuildController;)Ljava/lang/Object;+2
j  org.gradle.tooling.internal.provider.ConfiguringBuildAction.run(Lorg/gradle/initialization/BuildController;)Ljava/lang/Object;+15
j  org.gradle.launcher.exec.InProcessBuildActionExecuter.execute(Lorg/gradle/initialization/BuildAction;Lorg/gradle/initialization/BuildCancellationToken;Lorg/gradle/launcher/exec/BuildActionParameters;)Ljava/lang/Object;+19
j  org.gradle.launcher.exec.InProcessBuildActionExecuter.execute(Lorg/gradle/initialization/BuildAction;Lorg/gradle/initialization/BuildCancellationToken;Ljava/lang/Object;)Ljava/lang/Object;+7
j  org.gradle.launcher.daemon.server.exec.ExecuteBuild.doBuild(Lorg/gradle/launcher/daemon/server/exec/DaemonCommandExecution;Lorg/gradle/launcher/daemon/protocol/Build;)V+47
j  org.gradle.launcher.daemon.server.exec.BuildCommandOnly.execute(Lorg/gradle/launcher/daemon/server/exec/DaemonCommandExecution;)V+49
j  org.gradle.launcher.daemon.server.exec.DaemonCommandExecution.proceed()Z+28
j  org.gradle.launcher.daemon.server.exec.WatchForDisconnection.execute(Lorg/gradle/launcher/daemon/server/exec/DaemonCommandExecution;)V+19
j  org.gradle.launcher.daemon.server.exec.DaemonCommandExecution.proceed()Z+28
j  org.gradle.launcher.daemon.server.exec.ResetDeprecationLogger.execute(Lorg/gradle/launcher/daemon/server/exec/DaemonCommandExecution;)V+4
j  org.gradle.launcher.daemon.server.exec.DaemonCommandExecution.proceed()Z+28
j  org.gradle.launcher.daemon.server.exec.StartStopIfBuildAndStop.execute(Lorg/gradle/launcher/daemon/server/exec/DaemonCommandExecution;)V+34
j  org.gradle.launcher.daemon.server.exec.DaemonCommandExecution.proceed()Z+28
j  org.gradle.launcher.daemon.server.exec.ForwardClientInput$2.call()Ljava/lang/Void;+4
j  org.gradle.launcher.daemon.server.exec.ForwardClientInput$2.call()Ljava/lang/Object;+1
j  org.gradle.util.Swapper.swap(Ljava/lang/Object;Ljava/util/concurrent/Callable;)Ljava/lang/Object;+21
j  org.gradle.launcher.daemon.server.exec.ForwardClientInput.execute(Lorg/gradle/launcher/daemon/server/exec/DaemonCommandExecution;)V+63
j  org.gradle.launcher.daemon.server.exec.DaemonCommandExecution.proceed()Z+28
j  org.gradle.launcher.daemon.server.exec.LogToClient.doBuild(Lorg/gradle/launcher/daemon/server/exec/DaemonCommandExecution;Lorg/gradle/launcher/daemon/protocol/Build;)V+92
j  org.gradle.launcher.daemon.server.exec.BuildCommandOnly.execute(Lorg/gradle/launcher/daemon/server/exec/DaemonCommandExecution;)V+49
j  org.gradle.launcher.daemon.server.exec.DaemonCommandExecution.proceed()Z+28
j  org.gradle.launcher.daemon.server.exec.EstablishBuildEnvironment.doBuild(Lorg/gradle/launcher/daemon/server/exec/DaemonCommandExecution;Lorg/gradle/launcher/daemon/protocol/Build;)V+237
j  org.gradle.launcher.daemon.server.exec.BuildCommandOnly.execute(Lorg/gradle/launcher/daemon/server/exec/DaemonCommandExecution;)V+49
j  org.gradle.launcher.daemon.server.exec.DaemonCommandExecution.proceed()Z+28
j  org.gradle.launcher.daemon.server.exec.DaemonHygieneAction.execute(Lorg/gradle/launcher/daemon/server/exec/DaemonCommandExecution;)V+1
j  org.gradle.launcher.daemon.server.exec.DaemonCommandExecution.proceed()Z+28
j  org.gradle.launcher.daemon.server.exec.StartBuildOrRespondWithBusy$1.run()V+44
j  org.gradle.launcher.daemon.server.DaemonStateCoordinator$1.run()V+4
j  org.gradle.internal.concurrent.DefaultExecutorFactory$StoppableExecutorImpl$1.run()V+18
j  java.util.concurrent.ThreadPoolExecutor.runWorker(Ljava/util/concurrent/ThreadPoolExecutor$Worker;)V+95
j  java.util.concurrent.ThreadPoolExecutor$Worker.run()V+5
j  java.lang.Thread.run()V+11
v  ~StubRoutines::call_stub

---------------  P R O C E S S  ---------------

Java Threads: ( => current thread )
  0x000000001ce74800 JavaThread "Stdin handler" [_thread_blocked, id=2484, stack(0x0000000019550000,0x0000000019650000)]
=>0x000000001b4c9800 JavaThread "Daemon worker Thread 8" [_thread_in_native, id=2704, stack(0x00000000193d0000,0x00000000194d0000)]
  0x000000001b4cd000 JavaThread "Cancel handler" [_thread_blocked, id=9072, stack(0x00000000192b0000,0x00000000193b0000)]
  0x000000001b4c7000 JavaThread "Handler for socket connection from /127.0.0.1:49978 to /127.0.0.1:57085" [_thread_in_native, id=8852, stack(0x0000000019140000,0x0000000019240000)]
  0x000000001b4c6800 JavaThread "Daemon Thread 8" [_thread_blocked, id=6152, stack(0x0000000017d30000,0x0000000017e30000)]
  0x000000001a6ae800 JavaThread "File lock request listener" [_thread_in_native, id=7732, stack(0x000000001acd0000,0x000000001add0000)]
  0x0000000017760800 JavaThread "Incoming local TCP Connector on port 49978" [_thread_in_native, id=2688, stack(0x0000000017e50000,0x0000000017f50000)]
  0x00000000163be800 JavaThread "Service Thread" daemon [_thread_blocked, id=3160, stack(0x0000000016ff0000,0x00000000170f0000)]
  0x0000000016365800 JavaThread "C1 CompilerThread2" daemon [_thread_blocked, id=1884, stack(0x0000000016ee0000,0x0000000016fe0000)]
  0x000000001635e800 JavaThread "C2 CompilerThread1" daemon [_thread_blocked, id=5796, stack(0x0000000016da0000,0x0000000016ea0000)]
  0x0000000014f3d000 JavaThread "C2 CompilerThread0" daemon [_thread_blocked, id=5380, stack(0x0000000016ac0000,0x0000000016bc0000)]
  0x0000000016351000 JavaThread "Attach Listener" daemon [_thread_blocked, id=1456, stack(0x0000000016900000,0x0000000016a00000)]
  0x000000001635a800 JavaThread "Signal Dispatcher" daemon [_thread_blocked, id=6208, stack(0x00000000167e0000,0x00000000168e0000)]
  0x0000000014ed5000 JavaThread "Finalizer" daemon [_thread_blocked, id=3532, stack(0x0000000016130000,0x0000000016230000)]
  0x0000000014eca000 JavaThread "Reference Handler" daemon [_thread_blocked, id=4168, stack(0x0000000016240000,0x0000000016340000)]
  0x00000000023ff000 JavaThread "main" [_thread_blocked, id=2444, stack(0x0000000002850000,0x0000000002950000)]

Other Threads:
  0x0000000014ec6800 VMThread [stack: 0x0000000015fd0000,0x00000000160d0000] [id=2224]
  0x00000000163c4000 WatcherThread [stack: 0x0000000017180000,0x0000000017280000] [id=6488]

VM state:not at safepoint (normal execution)

VM Mutex/Monitor currently owned by a thread: None

Heap:
 PSYoungGen      total 225792K, used 65326K [0x00000000eab00000, 0x00000000fe680000, 0x0000000100000000)
  eden space 125952K, 27% used [0x00000000eab00000,0x00000000eccdff68,0x00000000f2600000)
  from space 99840K, 30% used [0x00000000f2600000,0x00000000f43eb9c0,0x00000000f8780000)
  to   space 93696K, 0% used [0x00000000f8b00000,0x00000000f8b00000,0x00000000fe680000)
 ParOldGen       total 310272K, used 114978K [0x00000000c0000000, 0x00000000d2f00000, 0x00000000eab00000)
  object space 310272K, 37% used [0x00000000c0000000,0x00000000c7048bd8,0x00000000d2f00000)
 Metaspace       used 98598K, capacity 104468K, committed 137856K, reserved 1165312K
  class space    used 13750K, capacity 15624K, committed 21632K, reserved 1048576K

Card table byte_map: [0x0000000011d10000,0x0000000011f20000] byte_map_base: 0x0000000011710000

Marking Bits: (ParMarkBitMap*) 0x00000000511012b0
 Begin Bits: [0x0000000012340000, 0x0000000013340000)
 End Bits:   [0x0000000013340000, 0x0000000014340000)

Polling page: 0x0000000000440000

CodeCache: size=245760Kb used=59427Kb max_used=64107Kb free=186332Kb
 bounds [0x0000000002950000, 0x0000000006860000, 0x0000000011950000]
 total_blobs=17065 nmethods=16329 adapters=645
 compilation: enabled

Compilation events (10 events):
Event: 3323.492 Thread 0x0000000016365800 27472       3       com.google.common.collect.ObjectArrays::checkElementNotNull (33 bytes)
Event: 3323.493 Thread 0x0000000016365800 nmethod 27472 0x0000000004de62d0 code [0x0000000004de64a0, 0x0000000004de6c38]
Event: 3323.507 Thread 0x0000000014f3d000 27473   !   4       org.codehaus.groovy.runtime.callsite.AbstractCallSite::createGroovyObjectGetPropertySite (82 bytes)
Event: 3323.514 Thread 0x0000000014f3d000 nmethod 27473 0x0000000003c7d590 code [0x0000000003c7d740, 0x0000000003c7dbd8]
Event: 3323.517 Thread 0x000000001635e800 27474   !   4       java_lang_System$currentTimeMillis$0::call (28 bytes)
Event: 3323.519 Thread 0x000000001635e800 nmethod 27474 0x00000000038fdc90 code [0x00000000038fdde0, 0x00000000038fdff8]
Event: 3323.522 Thread 0x0000000016365800 27475       3       com.google.common.collect.ArrayListMultimap::create (8 bytes)
Event: 3323.522 Thread 0x0000000016365800 nmethod 27475 0x0000000006685cd0 code [0x0000000006685ea0, 0x0000000006686568]
Event: 3323.522 Thread 0x0000000016365800 27476       3       com.google.common.collect.ArrayListMultimap::<init> (17 bytes)
Event: 3323.523 Thread 0x0000000016365800 nmethod 27476 0x0000000004239210 code [0x00000000042393c0, 0x00000000042399e8]

GC Heap History (10 events):
Event: 2661.587 GC heap before
{Heap before GC invocations=140 (full 26):
 PSYoungGen      total 118784K, used 60134K [0x00000000eab00000, 0x00000000ffe00000, 0x0000000100000000)
  eden space 116736K, 49% used [0x00000000eab00000,0x00000000ee3bd598,0x00000000f1d00000)
  from space 2048K, 99% used [0x00000000f1d00000,0x00000000f1efc428,0x00000000f1f00000)
  to   space 115200K, 0% used [0x00000000f8d80000,0x00000000f8d80000,0x00000000ffe00000)
 ParOldGen       total 310272K, used 216067K [0x00000000c0000000, 0x00000000d2f00000, 0x00000000eab00000)
  object space 310272K, 69% used [0x00000000c0000000,0x00000000cd300cd0,0x00000000d2f00000)
 Metaspace       used 90219K, capacity 95002K, committed 137856K, reserved 1165312K
  class space    used 12453K, capacity 13924K, committed 21632K, reserved 1048576K
Event: 2661.595 GC heap after
Heap after GC invocations=140 (full 26):
 PSYoungGen      total 225792K, used 3182K [0x00000000eab00000, 0x00000000ff800000, 0x0000000100000000)
  eden space 116736K, 0% used [0x00000000eab00000,0x00000000eab00000,0x00000000f1d00000)
  from space 109056K, 2% used [0x00000000f8d80000,0x00000000f909b8b8,0x00000000ff800000)
  to   space 112128K, 0% used [0x00000000f1d00000,0x00000000f1d00000,0x00000000f8a80000)
 ParOldGen       total 310272K, used 217523K [0x00000000c0000000, 0x00000000d2f00000, 0x00000000eab00000)
  object space 310272K, 70% used [0x00000000c0000000,0x00000000cd46cce0,0x00000000d2f00000)
 Metaspace       used 90219K, capacity 95002K, committed 137856K, reserved 1165312K
  class space    used 12453K, capacity 13924K, committed 21632K, reserved 1048576K
}
Event: 2661.595 GC heap before
{Heap before GC invocations=141 (full 27):
 PSYoungGen      total 225792K, used 3182K [0x00000000eab00000, 0x00000000ff800000, 0x0000000100000000)
  eden space 116736K, 0% used [0x00000000eab00000,0x00000000eab00000,0x00000000f1d00000)
  from space 109056K, 2% used [0x00000000f8d80000,0x00000000f909b8b8,0x00000000ff800000)
  to   space 112128K, 0% used [0x00000000f1d00000,0x00000000f1d00000,0x00000000f8a80000)
 ParOldGen       total 310272K, used 217523K [0x00000000c0000000, 0x00000000d2f00000, 0x00000000eab00000)
  object space 310272K, 70% used [0x00000000c0000000,0x00000000cd46cce0,0x00000000d2f00000)
 Metaspace       used 90219K, capacity 95002K, committed 137856K, reserved 1165312K
  class space    used 12453K, capacity 13924K, committed 21632K, reserved 1048576K
Event: 2662.114 GC heap after
Heap after GC invocations=141 (full 27):
 PSYoungGen      total 225792K, used 0K [0x00000000eab00000, 0x00000000ff800000, 0x0000000100000000)
  eden space 116736K, 0% used [0x00000000eab00000,0x00000000eab00000,0x00000000f1d00000)
  from space 109056K, 0% used [0x00000000f8d80000,0x00000000f8d80000,0x00000000ff800000)
  to   space 112128K, 0% used [0x00000000f1d00000,0x00000000f1d00000,0x00000000f8a80000)
 ParOldGen       total 310272K, used 114970K [0x00000000c0000000, 0x00000000d2f00000, 0x00000000eab00000)
  object space 310272K, 37% used [0x00000000c0000000,0x00000000c7046bd8,0x00000000d2f00000)
 Metaspace       used 90219K, capacity 95002K, committed 137856K, reserved 1165312K
  class space    used 12453K, capacity 13924K, committed 21632K, reserved 1048576K
}
Event: 3321.707 GC heap before
{Heap before GC invocations=142 (full 27):
 PSYoungGen      total 225792K, used 116736K [0x00000000eab00000, 0x00000000ff800000, 0x0000000100000000)
  eden space 116736K, 100% used [0x00000000eab00000,0x00000000f1d00000,0x00000000f1d00000)
  from space 109056K, 0% used [0x00000000f8d80000,0x00000000f8d80000,0x00000000ff800000)
  to   space 112128K, 0% used [0x00000000f1d00000,0x00000000f1d00000,0x00000000f8a80000)
 ParOldGen       total 310272K, used 114970K [0x00000000c0000000, 0x00000000d2f00000, 0x00000000eab00000)
  object space 310272K, 37% used [0x00000000c0000000,0x00000000c7046bd8,0x00000000d2f00000)
 Metaspace       used 94390K, capacity 99636K, committed 137856K, reserved 1165312K
  class space    used 13049K, capacity 14681K, committed 21632K, reserved 1048576K
Event: 3321.717 GC heap after
Heap after GC invocations=142 (full 27):
 PSYoungGen      total 228864K, used 13371K [0x00000000eab00000, 0x00000000ff700000, 0x0000000100000000)
  eden space 116736K, 0% used [0x00000000eab00000,0x00000000eab00000,0x00000000f1d00000)
  from space 112128K, 11% used [0x00000000f1d00000,0x00000000f2a0ecb8,0x00000000f8a80000)
  to   space 106496K, 0% used [0x00000000f8f00000,0x00000000f8f00000,0x00000000ff700000)
 ParOldGen       total 310272K, used 114970K [0x00000000c0000000, 0x00000000d2f00000, 0x00000000eab00000)
  object space 310272K, 37% used [0x00000000c0000000,0x00000000c7046bd8,0x00000000d2f00000)
 Metaspace       used 94390K, capacity 99636K, committed 137856K, reserved 1165312K
  class space    used 13049K, capacity 14681K, committed 21632K, reserved 1048576K
}
Event: 3322.411 GC heap before
{Heap before GC invocations=143 (full 27):
 PSYoungGen      total 228864K, used 130107K [0x00000000eab00000, 0x00000000ff700000, 0x0000000100000000)
  eden space 116736K, 100% used [0x00000000eab00000,0x00000000f1d00000,0x00000000f1d00000)
  from space 112128K, 11% used [0x00000000f1d00000,0x00000000f2a0ecb8,0x00000000f8a80000)
  to   space 106496K, 0% used [0x00000000f8f00000,0x00000000f8f00000,0x00000000ff700000)
 ParOldGen       total 310272K, used 114970K [0x00000000c0000000, 0x00000000d2f00000, 0x00000000eab00000)
  object space 310272K, 37% used [0x00000000c0000000,0x00000000c7046bd8,0x00000000d2f00000)
 Metaspace       used 96452K, capacity 101862K, committed 137856K, reserved 1165312K
  class space    used 13371K, capacity 15057K, committed 21632K, reserved 1048576K
Event: 3322.435 GC heap after
Heap after GC invocations=143 (full 27):
 PSYoungGen      total 218112K, used 20680K [0x00000000eab00000, 0x00000000fe900000, 0x0000000100000000)
  eden space 125952K, 0% used [0x00000000eab00000,0x00000000eab00000,0x00000000f2600000)
  from space 92160K, 22% used [0x00000000f8f00000,0x00000000fa3321d0,0x00000000fe900000)
  to   space 99840K, 0% used [0x00000000f2600000,0x00000000f2600000,0x00000000f8780000)
 ParOldGen       total 310272K, used 114970K [0x00000000c0000000, 0x00000000d2f00000, 0x00000000eab00000)
  object space 310272K, 37% used [0x00000000c0000000,0x00000000c7046bd8,0x00000000d2f00000)
 Metaspace       used 96452K, capacity 101862K, committed 137856K, reserved 1165312K
  class space    used 13371K, capacity 15057K, committed 21632K, reserved 1048576K
}
Event: 3323.242 GC heap before
{Heap before GC invocations=144 (full 27):
 PSYoungGen      total 218112K, used 146632K [0x00000000eab00000, 0x00000000fe900000, 0x0000000100000000)
  eden space 125952K, 100% used [0x00000000eab00000,0x00000000f2600000,0x00000000f2600000)
  from space 92160K, 22% used [0x00000000f8f00000,0x00000000fa3321d0,0x00000000fe900000)
  to   space 99840K, 0% used [0x00000000f2600000,0x00000000f2600000,0x00000000f8780000)
 ParOldGen       total 310272K, used 114970K [0x00000000c0000000, 0x00000000d2f00000, 0x00000000eab00000)
  object space 310272K, 37% used [0x00000000c0000000,0x00000000c7046bd8,0x00000000d2f00000)
 Metaspace       used 98315K, capacity 104012K, committed 137856K, reserved 1165312K
  class space    used 13677K, capacity 15503K, committed 21632K, reserved 1048576K
Event: 3323.274 GC heap after
Heap after GC invocations=144 (full 27):
 PSYoungGen      total 225792K, used 30638K [0x00000000eab00000, 0x00000000fe680000, 0x0000000100000000)
  eden space 125952K, 0% used [0x00000000eab00000,0x00000000eab00000,0x00000000f2600000)
  from space 99840K, 30% used [0x00000000f2600000,0x00000000f43eb9c0,0x00000000f8780000)
  to   space 93696K, 0% used [0x00000000f8b00000,0x00000000f8b00000,0x00000000fe680000)
 ParOldGen       total 310272K, used 114978K [0x00000000c0000000, 0x00000000d2f00000, 0x00000000eab00000)
  object space 310272K, 37% used [0x00000000c0000000,0x00000000c7048bd8,0x00000000d2f00000)
 Metaspace       used 98315K, capacity 104012K, committed 137856K, reserved 1165312K
  class space    used 13677K, capacity 15503K, committed 21632K, reserved 1048576K
}

Deoptimization events (10 events):
Event: 3322.898 Thread 0x000000001b4c9800 Uncommon trap: reason=class_check action=maybe_recompile pc=0x00000000044f4900 method=org.gradle.internal.component.model.AbstractModuleDescriptorBackedMetaData$DefaultConfigurationMetaData.include(Lorg/gradle/internal/component/model/DependencyMetaData;)ZA+ÎÎõ©@
Event: 3322.904 Thread 0x000000001b4c9800 Uncommon trap: reason=class_check action=maybe_recompile pc=0x00000000044f4900 method=org.gradle.internal.component.model.AbstractModuleDescriptorBackedMetaData$DefaultConfigurationMetaData.include(Lorg/gradle/internal/component/model/DependencyMetaData;)Zðî“ãÏõ©@
Event: 3322.906 Thread 0x000000001b4c9800 Uncommon trap: reason=class_check action=maybe_recompile pc=0x00000000044f4900 method=org.gradle.internal.component.model.AbstractModuleDescriptorBackedMetaData$DefaultConfigurationMetaData.include(Lorg/gradle/internal/component/model/DependencyMetaData;)ZHƒg?ö©@
Event: 3323.123 Thread 0x000000001b4c9800 Uncommon trap: reason=bimorphic action=maybe_recompile pc=0x0000000002c4d03c method=sun.reflect.generics.factory.CoreReflectionFactory.findTypeVariable(Ljava/lang/String;)Ljava/lang/reflect/TypeVariable; @ 5
Event: 3323.137 Thread 0x000000001b4c9800 Uncommon trap: reason=bimorphic action=maybe_recompile pc=0x0000000004769a2c method=org.gradle.internal.component.model.AbstractModuleDescriptorBackedMetaData$DefaultConfigurationMetaData.include(Lorg/gradle/internal/component/model/DependencyMetaData;)Z @8oYkö©@
Event: 3323.210 Thread 0x000000001b4c9800 Uncommon trap: reason=bimorphic action=maybe_recompile pc=0x0000000004769a2c method=org.gradle.internal.component.model.AbstractModuleDescriptorBackedMetaData$DefaultConfigurationMetaData.include(Lorg/gradle/internal/component/model/DependencyMetaData;)Z @i¿¯lö©@
Event: 3323.212 Thread 0x000000001b4c9800 Uncommon trap: reason=bimorphic action=maybe_recompile pc=0x0000000004769a2c method=org.gradle.internal.component.model.AbstractModuleDescriptorBackedMetaData$DefaultConfigurationMetaData.include(Lorg/gradle/internal/component/model/DependencyMetaData;)Z @
Event: 3323.281 Thread 0x000000001b4c9800 Uncommon trap: reason=bimorphic action=maybe_recompile pc=0x0000000004769a2c method=org.gradle.internal.component.model.AbstractModuleDescriptorBackedMetaData$DefaultConfigurationMetaData.include(Lorg/gradle/internal/component/model/DependencyMetaData;)Z @
fœÕö©@
Event: 3323.417 Thread 0x000000001b4c9800 Uncommon trap: reason=bimorphic action=maybe_recompile pc=0x0000000002c4d03c method=sun.reflect.generics.factory.CoreReflectionFactory.findTypeVariable(Ljava/lang/String;)Ljava/lang/reflect/TypeVariable; @ 5
Event: 3323.417 Thread 0x000000001b4c9800 Uncommon trap: reason=bimorphic action=maybe_recompile pc=0x0000000002c4d03c method=sun.reflect.generics.factory.CoreReflectionFactory.findTypeVariable(Ljava/lang/String;)Ljava/lang/reflect/TypeVariable; @ 5

Internal exceptions (10 events):
Event: 3323.503 Thread 0x000000001b4c9800 Exception <a 'java/security/PrivilegedActionException'> (0x00000000ec753128) thrown at [C:\re\workspace\8-2-build-windows-amd64-cygwin\jdk8u11\648\hotspot\src\share\vm\prims\jvm.cpp, line 1248]
Event: 3323.503 Thread 0x000000001b4c9800 Exception <a 'java/security/PrivilegedActionException'> (0x00000000ec754310) thrown at [C:\re\workspace\8-2-build-windows-amd64-cygwin\jdk8u11\648\hotspot\src\share\vm\prims\jvm.cpp, line 1248]
Event: 3323.503 Thread 0x000000001b4c9800 Exception <a 'java/security/PrivilegedActionException'> (0x00000000ec7551d0) thrown at [C:\re\workspace\8-2-build-windows-amd64-cygwin\jdk8u11\648\hotspot\src\share\vm\prims\jvm.cpp, line 1248]
Event: 3323.504 Thread 0x000000001b4c9800 Exception <a 'java/security/PrivilegedActionException'> (0x00000000ec75b678) thrown at [C:\re\workspace\8-2-build-windows-amd64-cygwin\jdk8u11\648\hotspot\src\share\vm\prims\jvm.cpp, line 1248]
Event: 3323.504 Thread 0x000000001b4c9800 Exception <a 'java/lang/ClassNotFoundException': com/android/build/gradle/internal/core/MergedNdkConfigBeanInfo> (0x00000000ec75bbf8) thrown at [C:\re\workspace\8-2-build-windows-amd64-cygwin\jdk8u11\648\hotspot\src\share\vm\classfile\systemDictionary.cpp,å÷©@
Event: 3323.504 Thread 0x000000001b4c9800 Exception <a 'java/security/PrivilegedActionException'> (0x00000000ec761898) thrown at [C:\re\workspace\8-2-build-windows-amd64-cygwin\jdk8u11\648\hotspot\src\share\vm\prims\jvm.cpp, line 1248]
Event: 3323.504 Thread 0x000000001b4c9800 Exception <a 'java/security/PrivilegedActionException'> (0x00000000ec762908) thrown at [C:\re\workspace\8-2-build-windows-amd64-cygwin\jdk8u11\648\hotspot\src\share\vm\prims\jvm.cpp, line 1248]
Event: 3323.504 Thread 0x000000001b4c9800 Exception <a 'java/security/PrivilegedActionException'> (0x00000000ec7637f0) thrown at [C:\re\workspace\8-2-build-windows-amd64-cygwin\jdk8u11\648\hotspot\src\share\vm\prims\jvm.cpp, line 1248]
Event: 3323.504 Thread 0x000000001b4c9800 Exception <a 'java/security/PrivilegedActionException'> (0x00000000ec769fb0) thrown at [C:\re\workspace\8-2-build-windows-amd64-cygwin\jdk8u11\648\hotspot\src\share\vm\prims\jvm.cpp, line 1248]
Event: 3323.504 Thread 0x000000001b4c9800 Exception <a 'java/lang/ClassNotFoundException': com/android/build/gradle/internal/core/MergedNdkConfigCustomizer> (0x00000000ec76a530) thrown at [C:\re\workspace\8-2-build-windows-amd64-cygwin\jdk8u11\648\hotspot\src\share\vm\classfile\systemDictionary.cp³ÿÑ•÷©@

Events (10 events):
Event: 3323.502 loading class groovy/runtime/metaclass/com/android/build/gradle/internal/core/MergedNdkConfigMetaClass
Event: 3323.502 loading class groovy/runtime/metaclass/com/android/build/gradle/internal/core/MergedNdkConfigMetaClass done
Event: 3323.503 loading class com/android/build/gradle/internal/core/MergedNdkConfigBeanInfo
Event: 3323.503 loading class com/android/build/gradle/internal/core/MergedNdkConfigBeanInfo done
Event: 3323.504 loading class com/android/build/gradle/internal/core/MergedNdkConfigBeanInfo
Event: 3323.504 loading class com/android/build/gradle/internal/core/MergedNdkConfigBeanInfo done
Event: 3323.504 loading class com/android/build/gradle/internal/core/MergedNdkConfigCustomizer
Event: 3323.504 loading class com/android/build/gradle/internal/core/MergedNdkConfigCustomizer done
Event: 3323.504 loading class com/android/build/gradle/internal/core/MergedNdkConfigCustomizer
Event: 3323.504 loading class com/android/build/gradle/internal/core/MergedNdkConfigCustomizer done


Dynamic libraries:
0x000000013fe50000 - 0x000000013fe84000 	C:\Program Files\Java\jdk1.8.0_11\bin\java.exe
0x0000000077820000 - 0x00000000779ca000 	C:\Windows\SYSTEM32\ntdll.dll
0x0000000077600000 - 0x000000007771f000 	C:\Windows\system32\kernel32.dll
0x000007fefd8f0000 - 0x000007fefd95a000 	C:\Windows\system32\KERNELBASE.dll
0x000007fefe7c0000 - 0x000007fefe89b000 	C:\Windows\system32\ADVAPI32.dll
0x000007fefecf0000 - 0x000007fefed8f000 	C:\Windows\system32\msvcrt.dll
0x000007fefe8a0000 - 0x000007fefe8bf000 	C:\Windows\SYSTEM32\sechost.dll
0x000007feff760000 - 0x000007feff88d000 	C:\Windows\system32\RPCRT4.dll
0x0000000077720000 - 0x000000007781a000 	C:\Windows\system32\USER32.dll
0x000007fefedf0000 - 0x000007fefee57000 	C:\Windows\system32\GDI32.dll
0x000007fefe8c0000 - 0x000007fefe8ce000 	C:\Windows\system32\LPK.dll
0x000007fefd960000 - 0x000007fefda2a000 	C:\Windows\system32\USP10.dll
0x000007fefbfd0000 - 0x000007fefc1c4000 	C:\Windows\WinSxS\amd64_microsoft.windows.common-controls_6595b64144ccf1df_6.0.7601.18837_none_fa3b1e3d17594757\COMCTL32.dll
0x000007fefe8d0000 - 0x000007fefe941000 	C:\Windows\system32\SHLWAPI.dll
0x000007fefefe0000 - 0x000007feff00e000 	C:\Windows\system32\IMM32.DLL
0x000007fefe950000 - 0x000007fefea59000 	C:\Windows\system32\MSCTF.dll
0x0000000052ab0000 - 0x0000000052b82000 	C:\Program Files\Java\jdk1.8.0_11\jre\bin\msvcr100.dll
0x0000000050950000 - 0x000000005117a000 	C:\Program Files\Java\jdk1.8.0_11\jre\bin\server\jvm.dll
0x000007feef790000 - 0x000007feef799000 	C:\Windows\system32\WSOCK32.dll
0x000007feffae0000 - 0x000007feffb2d000 	C:\Windows\system32\WS2_32.dll
0x000007feff750000 - 0x000007feff758000 	C:\Windows\system32\NSI.dll
0x000007fef9ba0000 - 0x000007fef9bdb000 	C:\Windows\system32\WINMM.dll
0x00000000779f0000 - 0x00000000779f7000 	C:\Windows\system32\PSAPI.DLL
0x0000000072800000 - 0x000000007280f000 	C:\Program Files\Java\jdk1.8.0_11\jre\bin\verify.dll
0x00000000727d0000 - 0x00000000727f8000 	C:\Program Files\Java\jdk1.8.0_11\jre\bin\java.dll
0x00000000727b0000 - 0x00000000727c6000 	C:\Program Files\Java\jdk1.8.0_11\jre\bin\zip.dll
0x000007fefda30000 - 0x000007fefe7b9000 	C:\Windows\system32\SHELL32.dll
0x000007fefeae0000 - 0x000007fefece3000 	C:\Windows\system32\ole32.dll
0x000007fefd5b0000 - 0x000007fefd5bf000 	C:\Windows\system32\profapi.dll
0x000007fefcde0000 - 0x000007fefcdf8000 	C:\Windows\system32\CRYPTSP.dll
0x000007fefcae0000 - 0x000007fefcb27000 	C:\Windows\system32\rsaenh.dll
0x000007fefd5d0000 - 0x000007fefd5ee000 	C:\Windows\system32\USERENV.dll
0x000007fefd440000 - 0x000007fefd44f000 	C:\Windows\system32\CRYPTBASE.dll
0x0000000072490000 - 0x00000000724aa000 	C:\Program Files\Java\jdk1.8.0_11\jre\bin\net.dll
0x000007fefcd80000 - 0x000007fefcdd5000 	C:\Windows\system32\mswsock.dll
0x000007fefcd70000 - 0x000007fefcd77000 	C:\Windows\System32\wship6.dll
0x000007fefaea0000 - 0x000007fefaec7000 	C:\Windows\system32\IPHLPAPI.DLL
0x000007fefae20000 - 0x000007fefae2b000 	C:\Windows\system32\WINNSI.DLL
0x000007fefabf0000 - 0x000007fefac08000 	C:\Windows\system32\dhcpcsvc.DLL
0x000007fefabd0000 - 0x000007fefabe1000 	C:\Windows\system32\dhcpcsvc6.DLL
0x0000000072470000 - 0x0000000072481000 	C:\Program Files\Java\jdk1.8.0_11\jre\bin\nio.dll
0x000007fef5250000 - 0x000007fef5262000 	C:\Users\hufeng\AppData\Local\Temp\native-platform1865873967926357383dir\native-platform.dll
0x000007fefd3e0000 - 0x000007fefd437000 	C:\Windows\system32\apphelp.dll
0x0000000073d30000 - 0x0000000073d3d000 	C:\Program Files\Java\jdk1.8.0_11\jre\bin\management.dll
0x0000000072440000 - 0x0000000072464000 	C:\Program Files\Java\jdk1.8.0_11\jre\bin\sunec.dll
0x000007fefc760000 - 0x000007fefc767000 	C:\Windows\System32\wshtcpip.dll
0x000007fefcc00000 - 0x000007fefcc5b000 	C:\Windows\system32\DNSAPI.dll
0x000007fef9b90000 - 0x000007fef9b98000 	C:\Windows\system32\rasadhlp.dll
0x000007fefac70000 - 0x000007fefacc3000 	C:\Windows\System32\fwpuclnt.dll
0x000007fefb3e0000 - 0x000007fefb3f5000 	C:\Windows\system32\NLAapi.dll
0x000007fef8c70000 - 0x000007fef8c85000 	C:\Windows\system32\napinsp.dll
0x000007fef8c50000 - 0x000007fef8c69000 	C:\Windows\system32\pnrpnsp.dll
0x000007fef8db0000 - 0x000007fef8dbb000 	C:\Windows\System32\winrnr.dll
0x000007feedca0000 - 0x000007feeddc5000 	C:\Windows\system32\dbghelp.dll

VM Arguments:
jvm_args: -XX:MaxPermSize=256m -XX:+HeapDumpOnOutOfMemoryError -Xmx1024m -Dfile.encoding=GBK -Duser.country=CN -Duser.language=zh -Duser.variant 
java_command: org.gradle.launcher.daemon.bootstrap.GradleDaemon 2.2 C:\Users\hufeng\.gradle\daemon 10800000 03786b28-86a6-48e0-95d3-b041a7a4632a -XX:MaxPermSize=256m -XX:+HeapDumpOnOutOfMemoryError -Xmx1024m -Dfile.encoding=GBK -Duser.country=CN -Duser.language=zh -Duser.variant
java_class_path (initial): C:\Users\hufeng\.gradle\wrapper\dists\gradle-2.2-all\1vevkra640w3rb9hkuw50q5we\gradle-2.2\lib\gradle-launcher-2.2.jar
Launcher Type: SUN_STANDARD

Environment Variables:
JAVA_HOME=C:\Program Files\Java\jdk1.8.0_11
PATH=C:\ProgramData\Oracle\Java\javapath;C:\Program Files\Java\jdk1.8.0_11/bin;C:\Program Files (x86)\Intel\iCLS Client\;C:\Program Files\Intel\iCLS Client\;C:\Windows\system32;C:\Windows;C:\Windows\System32\Wbem;C:\Windows\System32\WindowsPowerShell\v1.0\;C:\Program Files\Intel\Intel(R) Management Engine Components\DAL;C:\Program Files (x86)\Intel\Intel(R) Management Engine Components\DAL;C:\Program Files\Intel\Intel(R) Management Engine Components\IPT;C:\Program Files (x86)\Intel\Intel(R) Management Engine Components\IPT;
USERNAME=hufeng
OS=Windows_NT
PROCESSOR_IDENTIFIER=Intel64 Family 6 Model 61 Stepping 4, GenuineIntel



---------------  S Y S T E M  ---------------

OS: Windows 7 , 64 bit Build 7601 Service Pack 1

CPU:total 4 (2 cores per cpu, 2 threads per core) family 6 model 61 stepping 4, cmov, cx8, fxsr, mmx, sse, sse2, sse3, ssse3, sse4.1, sse4.2, popcnt, avx, avx2, aes, clmul, erms, ht, tsc, tscinvbit

Memory: 4k page, physical 16598500k(10807212k free), swap 33195140k(27451772k free)

vm_info: Java HotSpot(TM) 64-Bit Server VM (25.11-b03) for windows-amd64 JRE (1.8.0_11-b12), built on Jun 16 2014 20:57:32 by "java_re" with MS VC++ 10.0 (VS2010)

time: Tue Jun 21 10:36:04 2016
elapsed time: 3323 seconds

