#
# A fatal error has been detected by the Java Runtime Environment:
#
#  EXCEPTION_ACCESS_VIOLATION (0xc0000005) at pc=0x00000000775d8e9f, pid=2180, tid=6728
#
# JRE version: Java(TM) SE Runtime Environment (8.0_11-b12) (build 1.8.0_11-b12)
# Java VM: Java HotSpot(TM) 64-Bit Server VM (25.11-b03 mixed mode windows-amd64 compressed oops)
# Problematic frame:
# C  [ntdll.dll+0x48e9f]
#
# Failed to write core dump. Minidumps are not enabled by default on client versions of Windows
#
# If you would like to submit a bug report, please visit:
#   http://bugreport.sun.com/bugreport/crash.jsp
# The crash happened outside the Java Virtual Machine in native code.
# See problematic frame for where to report the bug.
#

---------------  T H R E A D  ---------------

Current thread (0x00000000579e8000):  JavaThread "Daemon worker" [_thread_in_native, id=6728, stack(0x00000000596c0000,0x00000000597c0000)]

siginfo: ExceptionCode=0xc0000005, writing address 0x000000000000005c

Registers:
RAX=0x000000000000005c, RBX=0x000000005d0ec870, RCX=0x000000005d0ec924, RDX=0x00000000000000f4
RSP=0x00000000597bcfb0, RBP=0x000000000000fffe, RSI=0x0000000000000000, RDI=0x000000005d0ec870
R8 =0x000000000000007a, R9 =0x00000000000000f4, R10=0x0000000000000000, R11=0x000000000000ffff
R12=0x00000000000000f4, R13=0x0000000000000012, R14=0x00000000597bd1b0, R15=0x000000000000007a
RIP=0x00000000775d8e9f, EFLAGS=0x0000000000010246

Top of Stack: (sp=0x00000000597bcfb0)
0x00000000597bcfb0:   00000000776a03c8 0000000000000000
0x00000000597bcfc0:   0000000000000100 0000000002580000
0x00000000597bcfd0:   0000000000f600f4 000000005d0ec870
0x00000000597bcfe0:   00000000597bd170 00000000775dffd8
0x00000000597bcff0:   0000000000000000 00000000597bd2c0
0x00000000597bd000:   000000005d0ec870 00000000023f0470
0x00000000597bd010:   00000000021a00fa 00000000004a1701
0x00000000597bd020:   00000000585600b0 00000000023f0080
0x00000000597bd030:   0000000000000000 00000000000000f4
0x00000000597bd040:   00000000023f10a0 0000000000000000
0x00000000597bd050:   00000000597bcfc8 0000000000000000
0x00000000597bd060:   0000000000000000 0000000000000000
0x00000000597bd070:   00000000597bd1f8 000000005d0ec870
0x00000000597bd080:   0000000000000110 0000000002580000
0x00000000597bd090:   0000000000000100 0000000000000100
0x00000000597bd0a0:   0000000000000000 0000000000f600f4 

Instructions: (pc=0x00000000775d8e9f)
0x00000000775d8e7f:   e2 fc 8b c2 48 01 41 18 8b 41 10 4c 89 44 c1 20
0x00000000775d8e8f:   ff 41 10 8b c2 c3 44 8a 74 24 40 e9 c0 55 00 00
0x00000000775d8e9f:   41 0f b7 c1 48 83 c1 02 48 d1 e8 48 8d 04 43 48
0x00000000775d8eaf:   3b c8 73 39 0f b7 01 66 83 c8 20 66 83 f8 70 0f 


Register to memory mapping:

RAX=0x000000000000005c is an unknown value
RBX=0x000000005d0ec870 is an unknown value
RCX=0x000000005d0ec924 is an unknown value
RDX=0x00000000000000f4 is an unknown value
RSP=0x00000000597bcfb0 is pointing into the stack for thread: 0x00000000579e8000
RBP=0x000000000000fffe is an unknown value
RSI=0x0000000000000000 is an unknown value
RDI=0x000000005d0ec870 is an unknown value
R8 =0x000000000000007a is an unknown value
R9 =0x00000000000000f4 is an unknown value
R10=0x0000000000000000 is an unknown value
R11=0x000000000000ffff is an unknown value
R12=0x00000000000000f4 is an unknown value
R13=0x0000000000000012 is an unknown value
R14=0x00000000597bd1b0 is pointing into the stack for thread: 0x00000000579e8000
R15=0x000000000000007a is an unknown value


Stack: [0x00000000596c0000,0x00000000597c0000],  sp=0x00000000597bcfb0,  free space=1011k
Native frames: (J=compiled Java code, j=interpreted, Vv=VM code, C=native code)
C  [ntdll.dll+0x48e9f]
C  [ntdll.dll+0x4ffd8]
C  [ntdll.dll+0x50b4a]
C  [KERNELBASE.dll+0x7056]
C  [java.dll+0x9a74]
C  [java.dll+0x9b9f]
C  0x000000000295f249

Java frames: (J=compiled Java code, j=interpreted, Vv=VM code)
J 297  java.io.WinNTFileSystem.getBooleanAttributes(Ljava/io/File;)I (0 bytes) @ 0x000000000295f1cf [0x000000000295f180+0x4f]
J 547 C1 java.io.File.isFile()Z (43 bytes) @ 0x0000000002a0f814 [0x0000000002a0f560+0x2b4]
J 8276 C1 org.gradle.api.internal.changedetection.state.DefaultFileCollectionSnapshotter$1.run()V (134 bytes) @ 0x0000000003fd99b4 [0x0000000003fd98c0+0xf4]
J 7667 C1 org.gradle.internal.Factories$1.create()Ljava/lang/Object; (11 bytes) @ 0x0000000003e8d7fc [0x0000000003e8d700+0xfc]
J 4042 C1 org.gradle.cache.internal.DefaultCacheAccess.useCache(Ljava/lang/String;Lorg/gradle/internal/Factory;)Ljava/lang/Object; (180 bytes) @ 0x00000000036c8554 [0x00000000036c8320+0x234]
J 7671 C1 org.gradle.cache.internal.DefaultCacheAccess.useCache(Ljava/lang/String;Ljava/lang/Runnable;)V (11 bytes) @ 0x0000000003ea0544 [0x0000000003ea03a0+0x1a4]
J 7670 C1 org.gradle.cache.internal.DefaultPersistentDirectoryStore.useCache(Ljava/lang/String;Ljava/lang/Runnable;)V (12 bytes) @ 0x0000000003ea003c [0x0000000003e9ff40+0xfc]
J 7669 C1 org.gradle.cache.internal.DefaultCacheFactory$ReferenceTrackingCache.useCache(Ljava/lang/String;Ljava/lang/Runnable;)V (15 bytes) @ 0x0000000003e9fb94 [0x0000000003e9fa80+0x114]
j  org.gradle.api.internal.changedetection.state.DefaultTaskArtifactStateCacheAccess.useCache(Ljava/lang/String;Ljava/lang/Runnable;)V+6
j  org.gradle.api.internal.changedetection.state.DefaultFileCollectionSnapshotter.snapshot(Lorg/gradle/api/file/FileCollection;)Lorg/gradle/api/internal/changedetection/state/FileCollectionSnapshot;+56
j  org.gradle.api.internal.changedetection.rules.TaskUpToDateState.<init>(Lorg/gradle/api/internal/TaskInternal;Lorg/gradle/api/internal/changedetection/state/TaskHistoryRepository$History;Lorg/gradle/api/internal/changedetection/state/FileCollectionSnapshotter;Lorg/gradle/api/internal/changedetection/state/FileCollectionSnapshotter;)V+117
j  org.gradle.api.internal.changedetection.changes.DefaultTaskArtifactStateRepository$TaskArtifactStateImpl.getStates()Lorg/gradle/api/internal/changedetection/rules/TaskUpToDateState;+34
j  org.gradle.api.internal.changedetection.changes.DefaultTaskArtifactStateRepository$TaskArtifactStateImpl.isUpToDate(Ljava/util/Collection;)Z+2
j  org.gradle.api.internal.tasks.execution.SkipUpToDateTaskExecuter.execute(Lorg/gradle/api/internal/TaskInternal;Lorg/gradle/api/internal/tasks/TaskStateInternal;Lorg/gradle/api/internal/tasks/TaskExecutionContext;)V+45
j  org.gradle.api.internal.tasks.execution.ValidatingTaskExecuter.execute(Lorg/gradle/api/internal/TaskInternal;Lorg/gradle/api/internal/tasks/TaskStateInternal;Lorg/gradle/api/internal/tasks/TaskExecutionContext;)V+215
j  org.gradle.api.internal.tasks.execution.SkipEmptySourceFilesTaskExecuter.execute(Lorg/gradle/api/internal/TaskInternal;Lorg/gradle/api/internal/tasks/TaskStateInternal;Lorg/gradle/api/internal/tasks/TaskExecutionContext;)V+56
j  org.gradle.api.internal.tasks.execution.SkipTaskWithNoActionsExecuter.execute(Lorg/gradle/api/internal/TaskInternal;Lorg/gradle/api/internal/tasks/TaskStateInternal;Lorg/gradle/api/internal/tasks/TaskExecutionContext;)V+110
j  org.gradle.api.internal.tasks.execution.SkipOnlyIfTaskExecuter.execute(Lorg/gradle/api/internal/TaskInternal;Lorg/gradle/api/internal/tasks/TaskStateInternal;Lorg/gradle/api/internal/tasks/TaskExecutionContext;)V+84
j  org.gradle.api.internal.tasks.execution.ExecuteAtMostOnceTaskExecuter.execute(Lorg/gradle/api/internal/TaskInternal;Lorg/gradle/api/internal/tasks/TaskStateInternal;Lorg/gradle/api/internal/tasks/TaskExecutionContext;)V+26
j  org.gradle.api.internal.AbstractTask.executeWithoutThrowingTaskFailure()V+16
j  org.gradle.execution.taskgraph.AbstractTaskPlanExecutor$TaskExecutorWorker.executeTask(Lorg/gradle/execution/taskgraph/TaskInfo;)V+38
j  org.gradle.execution.taskgraph.AbstractTaskPlanExecutor$TaskExecutorWorker.processTask(Lorg/gradle/execution/taskgraph/TaskInfo;)V+2
j  org.gradle.execution.taskgraph.AbstractTaskPlanExecutor$TaskExecutorWorker.run()V+56
j  org.gradle.execution.taskgraph.DefaultTaskPlanExecutor.process(Lorg/gradle/execution/taskgraph/TaskExecutionPlan;Lorg/gradle/api/execution/TaskExecutionListener;)V+6
j  org.gradle.execution.taskgraph.DefaultTaskGraphExecuter.execute()V+46
j  org.gradle.execution.SelectedTaskExecutionAction.execute(Lorg/gradle/execution/BuildExecutionContext;)V+41
j  org.gradle.execution.DefaultBuildExecuter.execute(I)V+36
j  org.gradle.execution.DefaultBuildExecuter.access$200(Lorg/gradle/execution/DefaultBuildExecuter;I)V+2
j  org.gradle.execution.DefaultBuildExecuter$2.proceed()V+10
j  org.gradle.execution.DryRunBuildExecutionAction.execute(Lorg/gradle/execution/BuildExecutionContext;)V+68
j  org.gradle.execution.DefaultBuildExecuter.execute(I)V+36
j  org.gradle.execution.DefaultBuildExecuter.execute()V+2
j  org.gradle.initialization.DefaultGradleLauncher.doBuildStages(Lorg/gradle/initialization/DefaultGradleLauncher$Stage;)V+184
j  org.gradle.initialization.DefaultGradleLauncher.doBuild(Lorg/gradle/initialization/DefaultGradleLauncher$Stage;)Lorg/gradle/BuildResult;+27
j  org.gradle.initialization.DefaultGradleLauncher.run()Lorg/gradle/BuildResult;+4
j  org.gradle.launcher.exec.InProcessBuildActionExecuter$DefaultBuildController.run()Lorg/gradle/api/internal/GradleInternal;+5
j  org.gradle.tooling.internal.provider.BuildModelAction.run(Lorg/gradle/initialization/BuildController;)Lorg/gradle/tooling/internal/provider/BuildActionResult;+15
j  org.gradle.tooling.internal.provider.BuildModelAction.run(Lorg/gradle/initialization/BuildController;)Ljava/lang/Object;+2
j  org.gradle.tooling.internal.provider.ConfiguringBuildAction.run(Lorg/gradle/initialization/BuildController;)Ljava/lang/Object;+15
j  org.gradle.launcher.exec.InProcessBuildActionExecuter.execute(Lorg/gradle/initialization/BuildAction;Lorg/gradle/initialization/BuildCancellationToken;Lorg/gradle/launcher/exec/BuildActionParameters;)Ljava/lang/Object;+19
j  org.gradle.launcher.exec.InProcessBuildActionExecuter.execute(Lorg/gradle/initialization/BuildAction;Lorg/gradle/initialization/BuildCancellationToken;Ljava/lang/Object;)Ljava/lang/Object;+7
j  org.gradle.launcher.daemon.server.exec.ExecuteBuild.doBuild(Lorg/gradle/launcher/daemon/server/exec/DaemonCommandExecution;Lorg/gradle/launcher/daemon/protocol/Build;)V+47
j  org.gradle.launcher.daemon.server.exec.BuildCommandOnly.execute(Lorg/gradle/launcher/daemon/server/exec/DaemonCommandExecution;)V+49
j  org.gradle.launcher.daemon.server.exec.DaemonCommandExecution.proceed()Z+28
j  org.gradle.launcher.daemon.server.exec.WatchForDisconnection.execute(Lorg/gradle/launcher/daemon/server/exec/DaemonCommandExecution;)V+19
j  org.gradle.launcher.daemon.server.exec.DaemonCommandExecution.proceed()Z+28
j  org.gradle.launcher.daemon.server.exec.ResetDeprecationLogger.execute(Lorg/gradle/launcher/daemon/server/exec/DaemonCommandExecution;)V+4
j  org.gradle.launcher.daemon.server.exec.DaemonCommandExecution.proceed()Z+28
j  org.gradle.launcher.daemon.server.exec.StartStopIfBuildAndStop.execute(Lorg/gradle/launcher/daemon/server/exec/DaemonCommandExecution;)V+34
j  org.gradle.launcher.daemon.server.exec.DaemonCommandExecution.proceed()Z+28
j  org.gradle.launcher.daemon.server.exec.ForwardClientInput$2.call()Ljava/lang/Void;+4
j  org.gradle.launcher.daemon.server.exec.ForwardClientInput$2.call()Ljava/lang/Object;+1
j  org.gradle.util.Swapper.swap(Ljava/lang/Object;Ljava/util/concurrent/Callable;)Ljava/lang/Object;+21
j  org.gradle.launcher.daemon.server.exec.ForwardClientInput.execute(Lorg/gradle/launcher/daemon/server/exec/DaemonCommandExecution;)V+63
j  org.gradle.launcher.daemon.server.exec.DaemonCommandExecution.proceed()Z+28
j  org.gradle.launcher.daemon.server.exec.LogToClient.doBuild(Lorg/gradle/launcher/daemon/server/exec/DaemonCommandExecution;Lorg/gradle/launcher/daemon/protocol/Build;)V+92
j  org.gradle.launcher.daemon.server.exec.BuildCommandOnly.execute(Lorg/gradle/launcher/daemon/server/exec/DaemonCommandExecution;)V+49
j  org.gradle.launcher.daemon.server.exec.DaemonCommandExecution.proceed()Z+28
j  org.gradle.launcher.daemon.server.exec.EstablishBuildEnvironment.doBuild(Lorg/gradle/launcher/daemon/server/exec/DaemonCommandExecution;Lorg/gradle/launcher/daemon/protocol/Build;)V+237
j  org.gradle.launcher.daemon.server.exec.BuildCommandOnly.execute(Lorg/gradle/launcher/daemon/server/exec/DaemonCommandExecution;)V+49
j  org.gradle.launcher.daemon.server.exec.DaemonCommandExecution.proceed()Z+28
j  org.gradle.launcher.daemon.server.exec.DaemonHygieneAction.execute(Lorg/gradle/launcher/daemon/server/exec/DaemonCommandExecution;)V+1
j  org.gradle.launcher.daemon.server.exec.DaemonCommandExecution.proceed()Z+28
j  org.gradle.launcher.daemon.server.exec.StartBuildOrRespondWithBusy$1.run()V+44
j  org.gradle.launcher.daemon.server.DaemonStateCoordinator$1.run()V+4
j  org.gradle.internal.concurrent.DefaultExecutorFactory$StoppableExecutorImpl$1.run()V+18
j  java.util.concurrent.ThreadPoolExecutor.runWorker(Ljava/util/concurrent/ThreadPoolExecutor$Worker;)V+95
j  java.util.concurrent.ThreadPoolExecutor$Worker.run()V+5
j  java.lang.Thread.run()V+11
v  ~StubRoutines::call_stub

---------------  P R O C E S S  ---------------

Java Threads: ( => current thread )
  0x000000005950e800 JavaThread "Stdin handler" [_thread_blocked, id=8080, stack(0x000000005c090000,0x000000005c190000)]
  0x000000005a9a6800 JavaThread "Cancel handler" [_thread_blocked, id=8076, stack(0x000000005b710000,0x000000005b810000)]
  0x00000000579f2000 JavaThread "Handler for socket connection from /127.0.0.1:49659 to /127.0.0.1:49769" [_thread_in_native, id=8072, stack(0x00000000581c0000,0x00000000582c0000)]
  0x0000000057b9f000 JavaThread "File lock request listener" [_thread_in_native, id=5060, stack(0x0000000059e10000,0x0000000059f10000)]
=>0x00000000579e8000 JavaThread "Daemon worker" [_thread_in_native, id=6728, stack(0x00000000596c0000,0x00000000597c0000)]
  0x00000000579ee800 JavaThread "Daemon" [_thread_blocked, id=6452, stack(0x00000000582d0000,0x00000000583d0000)]
  0x0000000057a8e800 JavaThread "Incoming local TCP Connector on port 49659" [_thread_in_native, id=6724, stack(0x0000000057e90000,0x0000000057f90000)]
  0x0000000056528000 JavaThread "Service Thread" daemon [_thread_blocked, id=2964, stack(0x00000000570d0000,0x00000000571d0000)]
  0x0000000054f6f000 JavaThread "C1 CompilerThread2" daemon [_thread_blocked, id=6896, stack(0x0000000056f20000,0x0000000057020000)]
  0x0000000054f6c800 JavaThread "C2 CompilerThread1" daemon [_thread_in_native, id=4252, stack(0x0000000056dc0000,0x0000000056ec0000)]
  0x00000000564b0000 JavaThread "C2 CompilerThread0" daemon [_thread_in_native, id=6968, stack(0x0000000056c70000,0x0000000056d70000)]
  0x00000000564af000 JavaThread "Attach Listener" daemon [_thread_blocked, id=5512, stack(0x0000000056a70000,0x0000000056b70000)]
  0x00000000564ba800 JavaThread "Signal Dispatcher" daemon [_thread_blocked, id=1224, stack(0x0000000056010000,0x0000000056110000)]
  0x0000000054f05000 JavaThread "Finalizer" daemon [_thread_blocked, id=6904, stack(0x00000000563a0000,0x00000000564a0000)]
  0x0000000054efa000 JavaThread "Reference Handler" daemon [_thread_blocked, id=6376, stack(0x0000000056200000,0x0000000056300000)]
  0x000000000258f000 JavaThread "main" [_thread_blocked, id=6684, stack(0x00000000026c0000,0x00000000027c0000)]

Other Threads:
  0x0000000054ef6800 VMThread [stack: 0x0000000055f10000,0x0000000056010000] [id=5584]
  0x0000000056539800 WatcherThread [stack: 0x00000000572c0000,0x00000000573c0000] [id=1096]

VM state:not at safepoint (normal execution)

VM Mutex/Monitor currently owned by a thread: None

Heap:
 PSYoungGen      total 189952K, used 48099K [0x00000000eab00000, 0x00000000f8280000, 0x0000000100000000)
  eden space 171520K, 24% used [0x00000000eab00000,0x00000000ed414c90,0x00000000f5280000)
  from space 18432K, 32% used [0x00000000f7080000,0x00000000f7664010,0x00000000f8280000)
  to   space 24576K, 0% used [0x00000000f5280000,0x00000000f5280000,0x00000000f6a80000)
 ParOldGen       total 118784K, used 92873K [0x00000000c0000000, 0x00000000c7400000, 0x00000000eab00000)
  object space 118784K, 78% used [0x00000000c0000000,0x00000000c5ab25a0,0x00000000c7400000)
 Metaspace       used 58219K, capacity 62422K, committed 62592K, reserved 1101824K
  class space    used 8232K, capacity 9559K, committed 9600K, reserved 1048576K

Card table byte_map: [0x0000000011b80000,0x0000000011d90000] byte_map_base: 0x0000000011580000

Marking Bits: (ParMarkBitMap*) 0x000000005cef12b0
 Begin Bits: [0x0000000012370000, 0x0000000013370000)
 End Bits:   [0x0000000013370000, 0x0000000014370000)

Polling page: 0x0000000000330000

CodeCache: size=245760Kb used=24753Kb max_used=24753Kb free=221006Kb
 bounds [0x00000000027c0000, 0x0000000004010000, 0x00000000117c0000]
 total_blobs=8224 nmethods=7517 adapters=619
 compilation: enabled

Compilation events (10 events):
Event: 53.134 Thread 0x0000000054f6f000 8341       1       com.google.common.cache.LocalCache$StrongAccessEntry::getAccessTime (5 bytes)
Event: 53.134 Thread 0x0000000054f6f000 nmethod 8341 0x0000000003ffefd0 code [0x0000000003fff120, 0x0000000003fff230]
Event: 53.134 Thread 0x0000000054f6f000 8342       1       com.google.common.cache.LocalCache$StrongValueReference::copyFor (2 bytes)
Event: 53.134 Thread 0x0000000054f6f000 nmethod 8342 0x0000000003fff290 code [0x0000000003fff3e0, 0x0000000003fff4f0]
Event: 53.265 Thread 0x0000000054f6f000 8343       1       com.android.build.gradle.tasks.ProcessAndroidResources$ConfigAction::getScope (5 bytes)
Event: 53.265 Thread 0x0000000054f6f000 nmethod 8343 0x0000000003fff550 code [0x0000000003fff6a0, 0x0000000003fff7b0]
Event: 53.268 Thread 0x0000000054f6f000 8344       1       com.android.build.gradle.BaseExtension::getAaptOptions (5 bytes)
Event: 53.268 Thread 0x0000000054f6f000 nmethod 8344 0x0000000003fff810 code [0x0000000003fff960, 0x0000000003fffa70]
Event: 53.269 Thread 0x0000000054f6f000 8345       2       org.gradle.api.internal.file.collections.DirectoryFileTree::visitFrom (92 bytes)
Event: 53.270 Thread 0x0000000054f6f000 nmethod 8345 0x0000000003fffad0 code [0x0000000003fffcc0, 0x0000000004000218]

GC Heap History (10 events):
Event: 42.824 GC heap before
{Heap before GC invocations=37 (full 7):
 PSYoungGen      total 158208K, used 158165K [0x00000000eab00000, 0x00000000f6e80000, 0x0000000100000000)
  eden space 141312K, 100% used [0x00000000eab00000,0x00000000f3500000,0x00000000f3500000)
  from space 16896K, 99% used [0x00000000f3500000,0x00000000f4575598,0x00000000f4580000)
  to   space 19968K, 0% used [0x00000000f5b00000,0x00000000f5b00000,0x00000000f6e80000)
 ParOldGen       total 72192K, used 58043K [0x00000000c0000000, 0x00000000c4680000, 0x00000000eab00000)
  object space 72192K, 80% used [0x00000000c0000000,0x00000000c38aef98,0x00000000c4680000)
 Metaspace       used 55963K, capacity 59396K, committed 59520K, reserved 1099776K
  class space    used 7850K, capacity 9068K, committed 9088K, reserved 1048576K
Event: 42.925 GC heap after
Heap after GC invocations=37 (full 7):
 PSYoungGen      total 175104K, used 19941K [0x00000000eab00000, 0x00000000f7780000, 0x0000000100000000)
  eden space 155136K, 0% used [0x00000000eab00000,0x00000000eab00000,0x00000000f4280000)
  from space 19968K, 99% used [0x00000000f5b00000,0x00000000f6e79648,0x00000000f6e80000)
  to   space 25088K, 0% used [0x00000000f4280000,0x00000000f4280000,0x00000000f5b00000)
 ParOldGen       total 72192K, used 63124K [0x00000000c0000000, 0x00000000c4680000, 0x00000000eab00000)
  object space 72192K, 87% used [0x00000000c0000000,0x00000000c3da53a0,0x00000000c4680000)
 Metaspace       used 55963K, capacity 59396K, committed 59520K, reserved 1099776K
  class space    used 7850K, capacity 9068K, committed 9088K, reserved 1048576K
}
Event: 42.925 GC heap before
{Heap before GC invocations=38 (full 8):
 PSYoungGen      total 175104K, used 19941K [0x00000000eab00000, 0x00000000f7780000, 0x0000000100000000)
  eden space 155136K, 0% used [0x00000000eab00000,0x00000000eab00000,0x00000000f4280000)
  from space 19968K, 99% used [0x00000000f5b00000,0x00000000f6e79648,0x00000000f6e80000)
  to   space 25088K, 0% used [0x00000000f4280000,0x00000000f4280000,0x00000000f5b00000)
 ParOldGen       total 72192K, used 63124K [0x00000000c0000000, 0x00000000c4680000, 0x00000000eab00000)
  object space 72192K, 87% used [0x00000000c0000000,0x00000000c3da53a0,0x00000000c4680000)
 Metaspace       used 55963K, capacity 59396K, committed 59520K, reserved 1099776K
  class space    used 7850K, capacity 9068K, committed 9088K, reserved 1048576K
Event: 43.701 GC heap after
Heap after GC invocations=38 (full 8):
 PSYoungGen      total 175104K, used 10153K [0x00000000eab00000, 0x00000000f7780000, 0x0000000100000000)
  eden space 155136K, 0% used [0x00000000eab00000,0x00000000eab00000,0x00000000f4280000)
  from space 19968K, 50% used [0x00000000f5b00000,0x00000000f64ea698,0x00000000f6e80000)
  to   space 25088K, 0% used [0x00000000f4280000,0x00000000f4280000,0x00000000f5b00000)
 ParOldGen       total 93184K, used 71752K [0x00000000c0000000, 0x00000000c5b00000, 0x00000000eab00000)
  object space 93184K, 77% used [0x00000000c0000000,0x00000000c46120f0,0x00000000c5b00000)
 Metaspace       used 55963K, capacity 59396K, committed 59520K, reserved 1099776K
  class space    used 7850K, capacity 9068K, committed 9088K, reserved 1048576K
}
Event: 47.220 GC heap before
{Heap before GC invocations=39 (full 8):
 PSYoungGen      total 175104K, used 165289K [0x00000000eab00000, 0x00000000f7780000, 0x0000000100000000)
  eden space 155136K, 100% used [0x00000000eab00000,0x00000000f4280000,0x00000000f4280000)
  from space 19968K, 50% used [0x00000000f5b00000,0x00000000f64ea698,0x00000000f6e80000)
  to   space 25088K, 0% used [0x00000000f4280000,0x00000000f4280000,0x00000000f5b00000)
 ParOldGen       total 93184K, used 71752K [0x00000000c0000000, 0x00000000c5b00000, 0x00000000eab00000)
  object space 93184K, 77% used [0x00000000c0000000,0x00000000c46120f0,0x00000000c5b00000)
 Metaspace       used 57923K, capacity 61808K, committed 61952K, reserved 1101824K
  class space    used 8179K, capacity 9470K, committed 9472K, reserved 1048576K
Event: 47.605 GC heap after
Heap after GC invocations=39 (full 8):
 PSYoungGen      total 180224K, used 14014K [0x00000000eab00000, 0x00000000f8980000, 0x0000000100000000)
  eden space 155136K, 0% used [0x00000000eab00000,0x00000000eab00000,0x00000000f4280000)
  from space 25088K, 55% used [0x00000000f4280000,0x00000000f502f818,0x00000000f5b00000)
  to   space 25600K, 0% used [0x00000000f7080000,0x00000000f7080000,0x00000000f8980000)
 ParOldGen       total 93184K, used 81887K [0x00000000c0000000, 0x00000000c5b00000, 0x00000000eab00000)
  object space 93184K, 87% used [0x00000000c0000000,0x00000000c4ff7f30,0x00000000c5b00000)
 Metaspace       used 57923K, capacity 61808K, committed 61952K, reserved 1101824K
  class space    used 8179K, capacity 9470K, committed 9472K, reserved 1048576K
}
Event: 47.605 GC heap before
{Heap before GC invocations=40 (full 9):
 PSYoungGen      total 180224K, used 14014K [0x00000000eab00000, 0x00000000f8980000, 0x0000000100000000)
  eden space 155136K, 0% used [0x00000000eab00000,0x00000000eab00000,0x00000000f4280000)
  from space 25088K, 55% used [0x00000000f4280000,0x00000000f502f818,0x00000000f5b00000)
  to   space 25600K, 0% used [0x00000000f7080000,0x00000000f7080000,0x00000000f8980000)
 ParOldGen       total 93184K, used 81887K [0x00000000c0000000, 0x00000000c5b00000, 0x00000000eab00000)
  object space 93184K, 87% used [0x00000000c0000000,0x00000000c4ff7f30,0x00000000c5b00000)
 Metaspace       used 57923K, capacity 61808K, committed 61952K, reserved 1101824K
  class space    used 8179K, capacity 9470K, committed 9472K, reserved 1048576K
Event: 48.309 GC heap after
Heap after GC invocations=40 (full 9):
 PSYoungGen      total 180224K, used 1127K [0x00000000eab00000, 0x00000000f8980000, 0x0000000100000000)
  eden space 155136K, 0% used [0x00000000eab00000,0x00000000eab00000,0x00000000f4280000)
  from space 25088K, 4% used [0x00000000f4280000,0x00000000f4399c58,0x00000000f5b00000)
  to   space 25600K, 0% used [0x00000000f7080000,0x00000000f7080000,0x00000000f8980000)
 ParOldGen       total 118784K, used 92865K [0x00000000c0000000, 0x00000000c7400000, 0x00000000eab00000)
  object space 118784K, 78% used [0x00000000c0000000,0x00000000c5ab05a0,0x00000000c7400000)
 Metaspace       used 57923K, capacity 61808K, committed 61952K, reserved 1101824K
  class space    used 8179K, capacity 9470K, committed 9472K, reserved 1048576K
}
Event: 52.265 GC heap before
{Heap before GC invocations=41 (full 9):
 PSYoungGen      total 180224K, used 156263K [0x00000000eab00000, 0x00000000f8980000, 0x0000000100000000)
  eden space 155136K, 100% used [0x00000000eab00000,0x00000000f4280000,0x00000000f4280000)
  from space 25088K, 4% used [0x00000000f4280000,0x00000000f4399c58,0x00000000f5b00000)
  to   space 25600K, 0% used [0x00000000f7080000,0x00000000f7080000,0x00000000f8980000)
 ParOldGen       total 118784K, used 92865K [0x00000000c0000000, 0x00000000c7400000, 0x00000000eab00000)
  object space 118784K, 78% used [0x00000000c0000000,0x00000000c5ab05a0,0x00000000c7400000)
 Metaspace       used 58154K, capacity 62332K, committed 62592K, reserved 1101824K
  class space    used 8224K, capacity 9544K, committed 9600K, reserved 1048576K
Event: 52.323 GC heap after
Heap after GC invocations=41 (full 9):
 PSYoungGen      total 189952K, used 6032K [0x00000000eab00000, 0x00000000f8280000, 0x0000000100000000)
  eden space 171520K, 0% used [0x00000000eab00000,0x00000000eab00000,0x00000000f5280000)
  from space 18432K, 32% used [0x00000000f7080000,0x00000000f7664010,0x00000000f8280000)
  to   space 24576K, 0% used [0x00000000f5280000,0x00000000f5280000,0x00000000f6a80000)
 ParOldGen       total 118784K, used 92873K [0x00000000c0000000, 0x00000000c7400000, 0x00000000eab00000)
  object space 118784K, 78% used [0x00000000c0000000,0x00000000c5ab25a0,0x00000000c7400000)
 Metaspace       used 58154K, capacity 62332K, committed 62592K, reserved 1101824K
  class space    used 8224K, capacity 9544K, committed 9600K, reserved 1048576K
}

Deoptimization events (10 events):
Event: 40.473 Thread 0x00000000579e8000 Uncommon trap: reason=range_check action=make_not_entrant pc=0x0000000003cb80c0 method=java.lang.String.charAt(I)C @ 27
Event: 44.572 Thread 0x00000000579e8000 Uncommon trap: reason=class_check action=maybe_recompile pc=0x0000000003c66400 method=org.gradle.api.internal.tasks.TaskMutator.mutate(Ljava/lang/String;Ljava/lang/Runnable;)V @ 4
Event: 44.572 Thread 0x00000000579e8000 Uncommon trap: reason=class_check action=maybe_recompile pc=0x0000000003c66400 method=org.gradle.api.internal.tasks.TaskMutator.mutate(Ljava/lang/String;Ljava/lang/Runnable;)V @ 4
Event: 44.572 Thread 0x00000000579e8000 Uncommon trap: reason=class_check action=maybe_recompile pc=0x0000000003c66400 method=org.gradle.api.internal.tasks.TaskMutator.mutate(Ljava/lang/String;Ljava/lang/Runnable;)V @ 4
Event: 44.572 Thread 0x00000000579e8000 Uncommon trap: reason=class_check action=maybe_recompile pc=0x0000000003c66400 method=org.gradle.api.internal.tasks.TaskMutator.mutate(Ljava/lang/String;Ljava/lang/Runnable;)V @ 4
Event: 45.212 Thread 0x00000000579e8000 Uncommon trap: reason=unreached action=reinterpret pc=0x0000000003453130 method=org.codehaus.groovy.util.ReferenceManager$2.afterReferenceCreation(Lorg/codehaus/groovy/util/Reference;)V @ 8
Event: 45.215 Thread 0x00000000579e8000 Uncommon trap: reason=class_check action=maybe_recompile pc=0x0000000003d76df0 method=sun.reflect.generics.factory.CoreReflectionFactory.findTypeVariable(Ljava/lang/String;)Ljava/lang/reflect/TypeVariable; @ 5
Event: 45.215 Thread 0x00000000579e8000 Uncommon trap: reason=class_check action=maybe_recompile pc=0x0000000003d76df0 method=sun.reflect.generics.factory.CoreReflectionFactory.findTypeVariable(Ljava/lang/String;)Ljava/lang/reflect/TypeVariable; @ 5
Event: 45.215 Thread 0x00000000579e8000 Uncommon trap: reason=class_check action=maybe_recompile pc=0x0000000003d76df0 method=sun.reflect.generics.factory.CoreReflectionFactory.findTypeVariable(Ljava/lang/String;)Ljava/lang/reflect/TypeVariable; @ 5
Event: 45.215 Thread 0x00000000579e8000 Uncommon trap: reason=class_check action=maybe_recompile pc=0x0000000003d76df0 method=sun.reflect.generics.factory.CoreReflectionFactory.findTypeVariable(Ljava/lang/String;)Ljava/lang/reflect/TypeVariable; @ 5

Internal exceptions (10 events):
Event: 47.194 Thread 0x00000000579e8000 Exception <a 'java/security/PrivilegedActionException'> (0x00000000f41af1b8) thrown at [C:\re\workspace\8-2-build-windows-amd64-cygwin\jdk8u11\648\hotspot\src\share\vm\prims\jvm.cpp, line 1248]
Event: 47.194 Thread 0x00000000579e8000 Exception <a 'java/security/PrivilegedActionException'> (0x00000000f41b0028) thrown at [C:\re\workspace\8-2-build-windows-amd64-cygwin\jdk8u11\648\hotspot\src\share\vm\prims\jvm.cpp, line 1248]
Event: 47.194 Thread 0x00000000579e8000 Exception <a 'java/security/PrivilegedActionException'> (0x00000000f41b4698) thrown at [C:\re\workspace\8-2-build-windows-amd64-cygwin\jdk8u11\648\hotspot\src\share\vm\prims\jvm.cpp, line 1248]
Event: 47.194 Thread 0x00000000579e8000 Exception <a 'java/security/PrivilegedActionException'> (0x00000000f41b5608) thrown at [C:\re\workspace\8-2-build-windows-amd64-cygwin\jdk8u11\648\hotspot\src\share\vm\prims\jvm.cpp, line 1248]
Event: 47.197 Thread 0x00000000579e8000 Exception <a 'java/security/PrivilegedActionException'> (0x00000000f41dcd70) thrown at [C:\re\workspace\8-2-build-windows-amd64-cygwin\jdk8u11\648\hotspot\src\share\vm\prims\jvm.cpp, line 1248]
Event: 47.199 Thread 0x00000000579e8000 Exception <a 'java/security/PrivilegedActionException'> (0x00000000f41e73b8) thrown at [C:\re\workspace\8-2-build-windows-amd64-cygwin\jdk8u11\648\hotspot\src\share\vm\prims\jvm.cpp, line 1248]
Event: 47.201 Thread 0x00000000579e8000 Exception <a 'java/security/PrivilegedActionException'> (0x00000000f41f0b20) thrown at [C:\re\workspace\8-2-build-windows-amd64-cygwin\jdk8u11\648\hotspot\src\share\vm\prims\jvm.cpp, line 1248]
Event: 47.202 Thread 0x00000000579e8000 Exception <a 'java/security/PrivilegedActionException'> (0x00000000f41f73d0) thrown at [C:\re\workspace\8-2-build-windows-amd64-cygwin\jdk8u11\648\hotspot\src\share\vm\prims\jvm.cpp, line 1248]
Event: 47.204 Thread 0x00000000579e8000 Exception <a 'java/security/PrivilegedActionException'> (0x00000000f41fd520) thrown at [C:\re\workspace\8-2-build-windows-amd64-cygwin\jdk8u11\648\hotspot\src\share\vm\prims\jvm.cpp, line 1248]
Event: 50.871 Thread 0x00000000579e8000 Exception <a 'java/security/PrivilegedActionException'> (0x00000000ef6e8460) thrown at [C:\re\workspace\8-2-build-windows-amd64-cygwin\jdk8u11\648\hotspot\src\share\vm\prims\jvm.cpp, line 1248]

Events (10 events):
Event: 52.389 Thread 0x00000000579e8000 DEOPT PACKING pc=0x0000000002a2e0d5 sp=0x00000000597bd160
Event: 52.389 Thread 0x00000000579e8000 DEOPT UNPACKING pc=0x0000000002807604 sp=0x00000000597bce70 mode 0
Event: 52.734 Thread 0x00000000579e8000 DEOPT PACKING pc=0x0000000003f6c9ae sp=0x00000000597bcf30
Event: 52.734 Thread 0x00000000579e8000 DEOPT UNPACKING pc=0x0000000002807604 sp=0x00000000597bcda8 mode 0
Event: 52.836 Thread 0x00000000579e8000 DEOPT PACKING pc=0x0000000002a2e0d5 sp=0x00000000597bd160
Event: 52.836 Thread 0x00000000579e8000 DEOPT UNPACKING pc=0x0000000002807604 sp=0x00000000597bce70 mode 0
Event: 52.916 Thread 0x00000000579e8000 DEOPT PACKING pc=0x0000000002a2e0d5 sp=0x00000000597bd160
Event: 52.916 Thread 0x00000000579e8000 DEOPT UNPACKING pc=0x0000000002807604 sp=0x00000000597bce70 mode 0
Event: 53.257 Thread 0x00000000579e8000 DEOPT PACKING pc=0x0000000002a2e0d5 sp=0x00000000597bd160
Event: 53.257 Thread 0x00000000579e8000 DEOPT UNPACKING pc=0x0000000002807604 sp=0x00000000597bce70 mode 0


Dynamic libraries:
0x000000013f1e0000 - 0x000000013f214000 	C:\Program Files\Java\jdk1.8.0_11\bin\java.exe
0x0000000077590000 - 0x000000007773a000 	C:\Windows\SYSTEM32\ntdll.dll
0x0000000077470000 - 0x000000007758f000 	C:\Windows\system32\kernel32.dll
0x000007fefd650000 - 0x000007fefd6ba000 	C:\Windows\system32\KERNELBASE.dll
0x000007fefe400000 - 0x000007fefe4db000 	C:\Windows\system32\ADVAPI32.dll
0x000007fefe350000 - 0x000007fefe3ef000 	C:\Windows\system32\msvcrt.dll
0x000007fefe4e0000 - 0x000007fefe4ff000 	C:\Windows\SYSTEM32\sechost.dll
0x000007fefe500000 - 0x000007fefe62d000 	C:\Windows\system32\RPCRT4.dll
0x0000000077370000 - 0x000000007746a000 	C:\Windows\system32\USER32.dll
0x000007fefdd00000 - 0x000007fefdd67000 	C:\Windows\system32\GDI32.dll
0x000007fefe630000 - 0x000007fefe63e000 	C:\Windows\system32\LPK.dll
0x000007feff3d0000 - 0x000007feff49a000 	C:\Windows\system32\USP10.dll
0x000007fefbd70000 - 0x000007fefbf64000 	C:\Windows\WinSxS\amd64_microsoft.windows.common-controls_6595b64144ccf1df_6.0.7601.18837_none_fa3b1e3d17594757\COMCTL32.dll
0x000007fefd900000 - 0x000007fefd971000 	C:\Windows\system32\SHLWAPI.dll
0x000007fefd980000 - 0x000007fefd9ae000 	C:\Windows\system32\IMM32.DLL
0x000007feff630000 - 0x000007feff739000 	C:\Windows\system32\MSCTF.dll
0x000000005b610000 - 0x000000005b6e2000 	C:\Program Files\Java\jdk1.8.0_11\jre\bin\msvcr100.dll
0x000000005c740000 - 0x000000005cf6a000 	C:\Program Files\Java\jdk1.8.0_11\jre\bin\server\jvm.dll
0x000007feef690000 - 0x000007feef699000 	C:\Windows\system32\WSOCK32.dll
0x000007fefd8b0000 - 0x000007fefd8fd000 	C:\Windows\system32\WS2_32.dll
0x000007fefe3f0000 - 0x000007fefe3f8000 	C:\Windows\system32\NSI.dll
0x000007fef6a20000 - 0x000007fef6a5b000 	C:\Windows\system32\WINMM.dll
0x0000000077750000 - 0x0000000077757000 	C:\Windows\system32\PSAPI.DLL
0x0000000070610000 - 0x000000007061f000 	C:\Program Files\Java\jdk1.8.0_11\jre\bin\verify.dll
0x0000000066b00000 - 0x0000000066b28000 	C:\Program Files\Java\jdk1.8.0_11\jre\bin\java.dll
0x000000005c640000 - 0x000000005c656000 	C:\Program Files\Java\jdk1.8.0_11\jre\bin\zip.dll
0x000007fefe640000 - 0x000007feff3c9000 	C:\Windows\system32\SHELL32.dll
0x000007fefdd70000 - 0x000007fefdf73000 	C:\Windows\system32\ole32.dll
0x000007fefd310000 - 0x000007fefd31f000 	C:\Windows\system32\profapi.dll
0x000007fefcb50000 - 0x000007fefcb68000 	C:\Windows\system32\CRYPTSP.dll
0x000007fefc810000 - 0x000007fefc857000 	C:\Windows\system32\rsaenh.dll
0x000007fefd5f0000 - 0x000007fefd60e000 	C:\Windows\system32\USERENV.dll
0x000007fefd1b0000 - 0x000007fefd1bf000 	C:\Windows\system32\CRYPTBASE.dll
0x000000005c620000 - 0x000000005c63a000 	C:\Program Files\Java\jdk1.8.0_11\jre\bin\net.dll
0x000007fefcaf0000 - 0x000007fefcb45000 	C:\Windows\system32\mswsock.dll
0x000007fefcae0000 - 0x000007fefcae7000 	C:\Windows\System32\wship6.dll
0x000007fefacb0000 - 0x000007fefacd7000 	C:\Windows\system32\IPHLPAPI.DLL
0x000007fefaca0000 - 0x000007fefacab000 	C:\Windows\system32\WINNSI.DLL
0x000007fefa960000 - 0x000007fefa978000 	C:\Windows\system32\dhcpcsvc.DLL
0x000007fefa940000 - 0x000007fefa951000 	C:\Windows\system32\dhcpcsvc6.DLL
0x000000005c600000 - 0x000000005c611000 	C:\Program Files\Java\jdk1.8.0_11\jre\bin\nio.dll
0x000007fee8740000 - 0x000007fee8752000 	C:\Users\hufeng\AppData\Local\Temp\native-platform1125106923732969968dir\native-platform.dll
0x000007fefd150000 - 0x000007fefd1a7000 	C:\Windows\system32\apphelp.dll
0x0000000070600000 - 0x000000007060d000 	C:\Program Files\Java\jdk1.8.0_11\jre\bin\management.dll
0x0000000002550000 - 0x0000000002574000 	C:\Program Files\Java\jdk1.8.0_11\jre\bin\sunec.dll
0x000007fefc4d0000 - 0x000007fefc4d7000 	C:\Windows\System32\wshtcpip.dll
0x000007fefc970000 - 0x000007fefc9cb000 	C:\Windows\system32\DNSAPI.dll
0x000007fef98d0000 - 0x000007fef98d8000 	C:\Windows\system32\rasadhlp.dll
0x000007fefa9e0000 - 0x000007fefaa33000 	C:\Windows\System32\fwpuclnt.dll
0x000007fefb150000 - 0x000007fefb165000 	C:\Windows\system32\NLAapi.dll
0x000007fef8a50000 - 0x000007fef8a65000 	C:\Windows\system32\napinsp.dll
0x000007fef8a30000 - 0x000007fef8a49000 	C:\Windows\system32\pnrpnsp.dll
0x000007fef89d0000 - 0x000007fef89db000 	C:\Windows\System32\winrnr.dll
0x000007feed8f0000 - 0x000007feeda15000 	C:\Windows\system32\dbghelp.dll

VM Arguments:
jvm_args: -XX:MaxPermSize=256m -XX:+HeapDumpOnOutOfMemoryError -Xmx1024m -Dfile.encoding=GBK -Duser.country=CN -Duser.language=zh -Duser.variant 
java_command: org.gradle.launcher.daemon.bootstrap.GradleDaemon 2.2 C:\Users\hufeng\.gradle\daemon 10800000 85f51a5f-ea3a-4e4e-8f8b-7c586e11e184 -XX:MaxPermSize=256m -XX:+HeapDumpOnOutOfMemoryError -Xmx1024m -Dfile.encoding=GBK -Duser.country=CN -Duser.language=zh -Duser.variant
java_class_path (initial): C:\Users\hufeng\.gradle\wrapper\dists\gradle-2.2-all\1vevkra640w3rb9hkuw50q5we\gradle-2.2\lib\gradle-launcher-2.2.jar
Launcher Type: SUN_STANDARD

Environment Variables:
JAVA_HOME=C:\Program Files\Java\jdk1.8.0_11
PATH=C:\ProgramData\Oracle\Java\javapath;C:\Program Files\Java\jdk1.8.0_11/bin;C:\Program Files (x86)\Intel\iCLS Client\;C:\Program Files\Intel\iCLS Client\;C:\Windows\system32;C:\Windows;C:\Windows\System32\Wbem;C:\Windows\System32\WindowsPowerShell\v1.0\;C:\Program Files\Intel\Intel(R) Management Engine Components\DAL;C:\Program Files (x86)\Intel\Intel(R) Management Engine Components\DAL;C:\Program Files\Intel\Intel(R) Management Engine Components\IPT;C:\Program Files (x86)\Intel\Intel(R) Management Engine Components\IPT;
USERNAME=hufeng
OS=Windows_NT
PROCESSOR_IDENTIFIER=Intel64 Family 6 Model 61 Stepping 4, GenuineIntel



---------------  S Y S T E M  ---------------

OS: Windows 7 , 64 bit Build 7601 Service Pack 1

CPU:total 4 (2 cores per cpu, 2 threads per core) family 6 model 61 stepping 4, cmov, cx8, fxsr, mmx, sse, sse2, sse3, ssse3, sse4.1, sse4.2, popcnt, avx, avx2, aes, clmul, erms, ht, tsc, tscinvbit

Memory: 4k page, physical 16598500k(12178608k free), swap 33195140k(28869052k free)

vm_info: Java HotSpot(TM) 64-Bit Server VM (25.11-b03) for windows-amd64 JRE (1.8.0_11-b12), built on Jun 16 2014 20:57:32 by "java_re" with MS VC++ 10.0 (VS2010)

time: Mon Jun 27 10:18:07 2016
elapsed time: 53 seconds

