#
# A fatal error has been detected by the Java Runtime Environment:
#
#  EXCEPTION_ACCESS_VIOLATION (0xc0000005) at pc=0x0000000077c28e9f, pid=4328, tid=2800
#
# JRE version: Java(TM) SE Runtime Environment (8.0_11-b12) (build 1.8.0_11-b12)
# Java VM: Java HotSpot(TM) 64-Bit Server VM (25.11-b03 mixed mode windows-amd64 compressed oops)
# Problematic frame:
# C  [ntdll.dll+0x48e9f]
#
# Failed to write core dump. Minidumps are not enabled by default on client versions of Windows
#
# If you would like to submit a bug report, please visit:
#   http://bugreport.sun.com/bugreport/crash.jsp
# The crash happened outside the Java Virtual Machine in native code.
# See problematic frame for where to report the bug.
#

---------------  T H R E A D  ---------------

Current thread (0x000000001a38f000):  JavaThread "Daemon worker Thread 7" [_thread_in_native, id=2800, stack(0x000000001aaf0000,0x000000001abf0000)]

siginfo: ExceptionCode=0xc0000005, writing address 0x000000000000005c

Registers:
RAX=0x000000000000005c, RBX=0x00000000214e2060, RCX=0x00000000214e2114, RDX=0x00000000000000f4
RSP=0x000000001abecc80, RBP=0x000000000000fffe, RSI=0x0000000000000000, RDI=0x00000000214e2060
R8 =0x000000000000007a, R9 =0x00000000000000f4, R10=0x0000000000000000, R11=0x000000000000ffff
R12=0x00000000000000f4, R13=0x0000000000000012, R14=0x000000001abece80, R15=0x000000000000007a
RIP=0x0000000077c28e9f, EFLAGS=0x0000000000010246

Top of Stack: (sp=0x000000001abecc80)
0x000000001abecc80:   0000000077cf03c8 0000000000000000
0x000000001abecc90:   0000000000000100 0000000002190000
0x000000001abecca0:   0000000000f600f4 00000000214e2060
0x000000001abeccb0:   000000001abece40 0000000077c2ffd8
0x000000001abeccc0:   0000000000000000 000000001abecf90
0x000000001abeccd0:   00000000214e2060 0000000001fe0470
0x000000001abecce0:   0000000000000001 0000000000000001
0x000000001abeccf0:   0000000000000000 0000000001fe0080
0x000000001abecd00:   0000000000000000 00000000000000f4
0x000000001abecd10:   0000000001fe10a0 0000000000000000
0x000000001abecd20:   0000000000000000 0000000002190000
0x000000001abecd30:   0000000000000000 0000000000000000
0x000000001abecd40:   000000001abecec8 00000000214e2060
0x000000001abecd50:   0000000000000110 0000000002190000
0x000000001abecd60:   0000000000000100 0000000000000100
0x000000001abecd70:   0000000000000000 0000000000f600f4 

Instructions: (pc=0x0000000077c28e9f)
0x0000000077c28e7f:   e2 fc 8b c2 48 01 41 18 8b 41 10 4c 89 44 c1 20
0x0000000077c28e8f:   ff 41 10 8b c2 c3 44 8a 74 24 40 e9 c0 55 00 00
0x0000000077c28e9f:   41 0f b7 c1 48 83 c1 02 48 d1 e8 48 8d 04 43 48
0x0000000077c28eaf:   3b c8 73 39 0f b7 01 66 83 c8 20 66 83 f8 70 0f 


Register to memory mapping:

RAX=0x000000000000005c is an unknown value
RBX=0x00000000214e2060 is an unknown value
RCX=0x00000000214e2114 is an unknown value
RDX=0x00000000000000f4 is an unknown value
RSP=0x000000001abecc80 is pointing into the stack for thread: 0x000000001a38f000
RBP=0x000000000000fffe is an unknown value
RSI=0x0000000000000000 is an unknown value
RDI=0x00000000214e2060 is an unknown value
R8 =0x000000000000007a is an unknown value
R9 =0x00000000000000f4 is an unknown value
R10=0x0000000000000000 is an unknown value
R11=0x000000000000ffff is an unknown value
R12=0x00000000000000f4 is an unknown value
R13=0x0000000000000012 is an unknown value
R14=0x000000001abece80 is pointing into the stack for thread: 0x000000001a38f000
R15=0x000000000000007a is an unknown value


Stack: [0x000000001aaf0000,0x000000001abf0000],  sp=0x000000001abecc80,  free space=1011k
Native frames: (J=compiled Java code, j=interpreted, Vv=VM code, C=native code)
C  [ntdll.dll+0x48e9f]
C  [ntdll.dll+0x4ffd8]
C  [ntdll.dll+0x50b4a]
C  [KERNELBASE.dll+0x7056]
C  [java.dll+0x9a74]
C  [java.dll+0x9b9f]
C  0x00000000025d4fc9

Java frames: (J=compiled Java code, j=interpreted, Vv=VM code)
J 524  java.io.WinNTFileSystem.getBooleanAttributes(Ljava/io/File;)I (0 bytes) @ 0x00000000025d4f4f [0x00000000025d4f00+0x4f]
J 22526 C2 org.gradle.api.internal.changedetection.state.DefaultFileCollectionSnapshotter$1.run()V (134 bytes) @ 0x00000000058a67dc [0x00000000058a5d80+0xa5c]
J 25176 C1 org.gradle.internal.Factories$1.create()Ljava/lang/Object; (11 bytes) @ 0x0000000005d7fb3c [0x0000000005d7fa40+0xfc]
J 22612 C2 org.gradle.cache.internal.DefaultCacheAccess.useCache(Ljava/lang/String;Lorg/gradle/internal/Factory;)Ljava/lang/Object; (180 bytes) @ 0x00000000058e7360 [0x00000000058e6b80+0x7e0]
J 25179 C1 org.gradle.cache.internal.DefaultCacheAccess.useCache(Ljava/lang/String;Ljava/lang/Runnable;)V (11 bytes) @ 0x0000000005d7ecc4 [0x0000000005d7eb20+0x1a4]
J 25178 C1 org.gradle.cache.internal.DefaultPersistentDirectoryStore.useCache(Ljava/lang/String;Ljava/lang/Runnable;)V (12 bytes) @ 0x0000000005d7f23c [0x0000000005d7f140+0xfc]
J 25177 C1 org.gradle.cache.internal.DefaultCacheFactory$ReferenceTrackingCache.useCache(Ljava/lang/String;Ljava/lang/Runnable;)V (15 bytes) @ 0x0000000005d7f694 [0x0000000005d7f580+0x114]
J 8416 C1 org.gradle.api.internal.changedetection.state.DefaultTaskArtifactStateCacheAccess.useCache(Ljava/lang/String;Ljava/lang/Runnable;)V (12 bytes) @ 0x0000000003a3e3fc [0x0000000003a3e300+0xfc]
J 15863 C1 org.gradle.api.internal.changedetection.state.DefaultFileCollectionSnapshotter.snapshot(Lorg/gradle/api/file/FileCollection;)Lorg/gradle/api/internal/changedetection/state/FileCollectionSnapshot; (70 bytes) @ 0x0000000004a96694 [0x0000000004a95fe0+0x6b4]
J 15993 C1 org.gradle.api.internal.changedetection.state.OutputFilesCollectionSnapshotter.snapshot(Lorg/gradle/api/file/FileCollection;)Lorg/gradle/api/internal/changedetection/state/OutputFilesCollectionSnapshotter$OutputFilesSnapshot; (55 bytes) @ 0x0000000004b2f494 [0x0000000004b2efa0+0x4f4]
J 15992 C1 org.gradle.api.internal.changedetection.state.OutputFilesCollectionSnapshotter.snapshot(Lorg/gradle/api/file/FileCollection;)Lorg/gradle/api/internal/changedetection/state/FileCollectionSnapshot; (6 bytes) @ 0x0000000004b2d544 [0x0000000004b2d4c0+0x84]
J 19889 C1 org.gradle.api.internal.changedetection.rules.TaskUpToDateState.<init>(Lorg/gradle/api/internal/TaskInternal;Lorg/gradle/api/internal/changedetection/state/TaskHistoryRepository$History;Lorg/gradle/api/internal/changedetection/state/FileCollectionSnapshotter;Lorg/gradle/api/internal/changedetection/state/FileCollectionSnapshotter;)V (281 bytes) @ 0x0000000005345614 [0x0000000005345160+0x4b4]
J 15967 C1 org.gradle.api.internal.changedetection.changes.DefaultTaskArtifactStateRepository$TaskArtifactStateImpl.getStates()Lorg/gradle/api/internal/changedetection/rules/TaskUpToDateState; (45 bytes) @ 0x0000000004af0884 [0x0000000004af0740+0x144]
J 19906 C1 org.gradle.api.internal.changedetection.changes.DefaultTaskArtifactStateRepository$TaskArtifactStateImpl.isUpToDate(Ljava/util/Collection;)Z (38 bytes) @ 0x0000000005356094 [0x0000000005356020+0x74]
J 15959 C1 org.gradle.api.internal.tasks.execution.SkipUpToDateTaskExecuter.execute(Lorg/gradle/api/internal/TaskInternal;Lorg/gradle/api/internal/tasks/TaskStateInternal;Lorg/gradle/api/internal/tasks/TaskExecutionContext;)V (221 bytes) @ 0x0000000004af15dc [0x0000000004af0f20+0x6bc]
J 15958 C1 org.gradle.api.internal.tasks.execution.ValidatingTaskExecuter.execute(Lorg/gradle/api/internal/TaskInternal;Lorg/gradle/api/internal/tasks/TaskStateInternal;Lorg/gradle/api/internal/tasks/TaskExecutionContext;)V (221 bytes) @ 0x0000000004b02584 [0x0000000004affea0+0x26e4]
J 15849 C1 org.gradle.api.internal.tasks.execution.SkipEmptySourceFilesTaskExecuter.execute(Lorg/gradle/api/internal/TaskInternal;Lorg/gradle/api/internal/tasks/TaskStateInternal;Lorg/gradle/api/internal/tasks/TaskExecutionContext;)V (62 bytes) @ 0x0000000004a7db6c [0x0000000004a7da20+0x14c]
J 16536 C1 org.gradle.api.internal.tasks.execution.SkipTaskWithNoActionsExecuter.execute(Lorg/gradle/api/internal/TaskInternal;Lorg/gradle/api/internal/tasks/TaskStateInternal;Lorg/gradle/api/internal/tasks/TaskExecutionContext;)V (116 bytes) @ 0x00000000046727d4 [0x0000000004672460+0x374]
J 16533 C1 org.gradle.api.internal.tasks.execution.SkipOnlyIfTaskExecuter.execute(Lorg/gradle/api/internal/TaskInternal;Lorg/gradle/api/internal/tasks/TaskStateInternal;Lorg/gradle/api/internal/tasks/TaskExecutionContext;)V (90 bytes) @ 0x0000000003cfe59c [0x0000000003cfe0a0+0x4fc]
J 16532 C1 org.gradle.api.internal.tasks.execution.ExecuteAtMostOnceTaskExecuter.execute(Lorg/gradle/api/internal/TaskInternal;Lorg/gradle/api/internal/tasks/TaskStateInternal;Lorg/gradle/api/internal/tasks/TaskExecutionContext;)V (70 bytes) @ 0x0000000003cff20c [0x0000000003cff120+0xec]
J 9679 C1 org.gradle.execution.taskgraph.AbstractTaskPlanExecutor$TaskExecutorWorker.executeTask(Lorg/gradle/execution/taskgraph/TaskInfo;)V (131 bytes) @ 0x0000000003c81a34 [0x0000000003c81740+0x2f4]
J 9678 C1 org.gradle.execution.taskgraph.AbstractTaskPlanExecutor$TaskExecutorWorker.processTask(Lorg/gradle/execution/taskgraph/TaskInfo;)V (51 bytes) @ 0x0000000003c81014 [0x0000000003c80fa0+0x74]
j  org.gradle.execution.taskgraph.AbstractTaskPlanExecutor$TaskExecutorWorker.run()V+56
j  org.gradle.execution.taskgraph.DefaultTaskPlanExecutor.process(Lorg/gradle/execution/taskgraph/TaskExecutionPlan;Lorg/gradle/api/execution/TaskExecutionListener;)V+6
j  org.gradle.execution.taskgraph.DefaultTaskGraphExecuter.execute()V+46
j  org.gradle.execution.SelectedTaskExecutionAction.execute(Lorg/gradle/execution/BuildExecutionContext;)V+41
j  org.gradle.execution.DefaultBuildExecuter.execute(I)V+36
j  org.gradle.execution.DefaultBuildExecuter.access$200(Lorg/gradle/execution/DefaultBuildExecuter;I)V+2
j  org.gradle.execution.DefaultBuildExecuter$2.proceed()V+10
j  org.gradle.execution.DryRunBuildExecutionAction.execute(Lorg/gradle/execution/BuildExecutionContext;)V+68
j  org.gradle.execution.DefaultBuildExecuter.execute(I)V+36
j  org.gradle.execution.DefaultBuildExecuter.execute()V+2
j  org.gradle.initialization.DefaultGradleLauncher.doBuildStages(Lorg/gradle/initialization/DefaultGradleLauncher$Stage;)V+184
j  org.gradle.initialization.DefaultGradleLauncher.doBuild(Lorg/gradle/initialization/DefaultGradleLauncher$Stage;)Lorg/gradle/BuildResult;+27
j  org.gradle.initialization.DefaultGradleLauncher.run()Lorg/gradle/BuildResult;+4
j  org.gradle.launcher.exec.InProcessBuildActionExecuter$DefaultBuildController.run()Lorg/gradle/api/internal/GradleInternal;+5
j  org.gradle.tooling.internal.provider.BuildModelAction.run(Lorg/gradle/initialization/BuildController;)Lorg/gradle/tooling/internal/provider/BuildActionResult;+15
j  org.gradle.tooling.internal.provider.BuildModelAction.run(Lorg/gradle/initialization/BuildController;)Ljava/lang/Object;+2
j  org.gradle.tooling.internal.provider.ConfiguringBuildAction.run(Lorg/gradle/initialization/BuildController;)Ljava/lang/Object;+15
j  org.gradle.launcher.exec.InProcessBuildActionExecuter.execute(Lorg/gradle/initialization/BuildAction;Lorg/gradle/initialization/BuildCancellationToken;Lorg/gradle/launcher/exec/BuildActionParameters;)Ljava/lang/Object;+19
j  org.gradle.launcher.exec.InProcessBuildActionExecuter.execute(Lorg/gradle/initialization/BuildAction;Lorg/gradle/initialization/BuildCancellationToken;Ljava/lang/Object;)Ljava/lang/Object;+7
j  org.gradle.launcher.daemon.server.exec.ExecuteBuild.doBuild(Lorg/gradle/launcher/daemon/server/exec/DaemonCommandExecution;Lorg/gradle/launcher/daemon/protocol/Build;)V+47
j  org.gradle.launcher.daemon.server.exec.BuildCommandOnly.execute(Lorg/gradle/launcher/daemon/server/exec/DaemonCommandExecution;)V+49
j  org.gradle.launcher.daemon.server.exec.DaemonCommandExecution.proceed()Z+28
j  org.gradle.launcher.daemon.server.exec.WatchForDisconnection.execute(Lorg/gradle/launcher/daemon/server/exec/DaemonCommandExecution;)V+19
j  org.gradle.launcher.daemon.server.exec.DaemonCommandExecution.proceed()Z+28
j  org.gradle.launcher.daemon.server.exec.ResetDeprecationLogger.execute(Lorg/gradle/launcher/daemon/server/exec/DaemonCommandExecution;)V+4
j  org.gradle.launcher.daemon.server.exec.DaemonCommandExecution.proceed()Z+28
j  org.gradle.launcher.daemon.server.exec.StartStopIfBuildAndStop.execute(Lorg/gradle/launcher/daemon/server/exec/DaemonCommandExecution;)V+34
j  org.gradle.launcher.daemon.server.exec.DaemonCommandExecution.proceed()Z+28
j  org.gradle.launcher.daemon.server.exec.ForwardClientInput$2.call()Ljava/lang/Void;+4
j  org.gradle.launcher.daemon.server.exec.ForwardClientInput$2.call()Ljava/lang/Object;+1
j  org.gradle.util.Swapper.swap(Ljava/lang/Object;Ljava/util/concurrent/Callable;)Ljava/lang/Object;+21
j  org.gradle.launcher.daemon.server.exec.ForwardClientInput.execute(Lorg/gradle/launcher/daemon/server/exec/DaemonCommandExecution;)V+63
j  org.gradle.launcher.daemon.server.exec.DaemonCommandExecution.proceed()Z+28
j  org.gradle.launcher.daemon.server.exec.LogToClient.doBuild(Lorg/gradle/launcher/daemon/server/exec/DaemonCommandExecution;Lorg/gradle/launcher/daemon/protocol/Build;)V+92
j  org.gradle.launcher.daemon.server.exec.BuildCommandOnly.execute(Lorg/gradle/launcher/daemon/server/exec/DaemonCommandExecution;)V+49
j  org.gradle.launcher.daemon.server.exec.DaemonCommandExecution.proceed()Z+28
j  org.gradle.launcher.daemon.server.exec.EstablishBuildEnvironment.doBuild(Lorg/gradle/launcher/daemon/server/exec/DaemonCommandExecution;Lorg/gradle/launcher/daemon/protocol/Build;)V+237
j  org.gradle.launcher.daemon.server.exec.BuildCommandOnly.execute(Lorg/gradle/launcher/daemon/server/exec/DaemonCommandExecution;)V+49
j  org.gradle.launcher.daemon.server.exec.DaemonCommandExecution.proceed()Z+28
j  org.gradle.launcher.daemon.server.exec.DaemonHygieneAction.execute(Lorg/gradle/launcher/daemon/server/exec/DaemonCommandExecution;)V+1
j  org.gradle.launcher.daemon.server.exec.DaemonCommandExecution.proceed()Z+28
j  org.gradle.launcher.daemon.server.exec.StartBuildOrRespondWithBusy$1.run()V+44
j  org.gradle.launcher.daemon.server.DaemonStateCoordinator$1.run()V+4
j  org.gradle.internal.concurrent.DefaultExecutorFactory$StoppableExecutorImpl$1.run()V+18
j  java.util.concurrent.ThreadPoolExecutor.runWorker(Ljava/util/concurrent/ThreadPoolExecutor$Worker;)V+95
j  java.util.concurrent.ThreadPoolExecutor$Worker.run()V+5
j  java.lang.Thread.run()V+11
v  ~StubRoutines::call_stub

---------------  P R O C E S S  ---------------

Java Threads: ( => current thread )
  0x000000001a394000 JavaThread "Stdin handler" [_thread_blocked, id=4808, stack(0x000000001d550000,0x000000001d650000)]
=>0x000000001a38f000 JavaThread "Daemon worker Thread 7" [_thread_in_native, id=2800, stack(0x000000001aaf0000,0x000000001abf0000)]
  0x000000001a38d000 JavaThread "Cancel handler" [_thread_blocked, id=3376, stack(0x0000000019090000,0x0000000019190000)]
  0x000000001a388800 JavaThread "Handler for socket connection from /127.0.0.1:49800 to /127.0.0.1:50405" [_thread_in_native, id=6872, stack(0x0000000018ee0000,0x0000000018fe0000)]
  0x000000001a38a000 JavaThread "Daemon Thread 7" [_thread_blocked, id=8120, stack(0x0000000018d10000,0x0000000018e10000)]
  0x00000000174bf000 JavaThread "File lock request listener" [_thread_in_native, id=4600, stack(0x00000000191d0000,0x00000000192d0000)]
  0x0000000017729000 JavaThread "Incoming local TCP Connector on port 49800" [_thread_in_native, id=6412, stack(0x0000000018980000,0x0000000018a80000)]
  0x00000000160bc800 JavaThread "Service Thread" daemon [_thread_blocked, id=3348, stack(0x0000000016b50000,0x0000000016c50000)]
  0x0000000016076000 JavaThread "C1 CompilerThread2" daemon [_thread_blocked, id=3996, stack(0x0000000016960000,0x0000000016a60000)]
  0x000000001604e000 JavaThread "C2 CompilerThread1" daemon [_thread_blocked, id=5152, stack(0x0000000016810000,0x0000000016910000)]
  0x0000000014c5e800 JavaThread "C2 CompilerThread0" daemon [_thread_blocked, id=6472, stack(0x00000000166e0000,0x00000000167e0000)]
  0x000000001603f000 JavaThread "Attach Listener" daemon [_thread_blocked, id=4192, stack(0x0000000016440000,0x0000000016540000)]
  0x000000001604a800 JavaThread "Signal Dispatcher" daemon [_thread_blocked, id=3440, stack(0x00000000165d0000,0x00000000166d0000)]
  0x0000000014bef800 JavaThread "Finalizer" daemon [_thread_blocked, id=6576, stack(0x0000000015f30000,0x0000000016030000)]
  0x0000000014bea000 JavaThread "Reference Handler" daemon [_thread_blocked, id=2672, stack(0x0000000015de0000,0x0000000015ee0000)]
  0x000000000219f000 JavaThread "main" [_thread_blocked, id=4768, stack(0x00000000021a0000,0x00000000022a0000)]

Other Threads:
  0x0000000014be6800 VMThread [stack: 0x0000000015cd0000,0x0000000015dd0000] [id=5584]
  0x00000000160c4800 WatcherThread [stack: 0x0000000016d70000,0x0000000016e70000] [id=3444]

VM state:not at safepoint (normal execution)

VM Mutex/Monitor currently owned by a thread: None

Heap:
 PSYoungGen      total 229888K, used 76984K [0x00000000eab00000, 0x00000000ff200000, 0x0000000100000000)
  eden space 123392K, 45% used [0x00000000eab00000,0x00000000ee185cc0,0x00000000f2380000)
  from space 106496K, 19% used [0x00000000f8a00000,0x00000000f9ea8518,0x00000000ff200000)
  to   space 104960K, 0% used [0x00000000f2380000,0x00000000f2380000,0x00000000f8a00000)
 ParOldGen       total 363520K, used 162979K [0x00000000c0000000, 0x00000000d6300000, 0x00000000eab00000)
  object space 363520K, 44% used [0x00000000c0000000,0x00000000c9f28c18,0x00000000d6300000)
 Metaspace       used 136412K, capacity 143866K, committed 144256K, reserved 1171456K
  class space    used 19183K, capacity 21503K, committed 21632K, reserved 1048576K

Card table byte_map: [0x0000000011750000,0x0000000011960000] byte_map_base: 0x0000000011150000

Marking Bits: (ParMarkBitMap*) 0x00000000529712b0
 Begin Bits: [0x0000000012060000, 0x0000000013060000)
 End Bits:   [0x0000000013060000, 0x0000000014060000)

Polling page: 0x0000000000410000

CodeCache: size=245760Kb used=64883Kb max_used=65936Kb free=180876Kb
 bounds [0x0000000002390000, 0x0000000006480000, 0x0000000011390000]
 total_blobs=20079 nmethods=19344 adapters=645
 compilation: enabled

Compilation events (10 events):
Event: 12222.803 Thread 0x000000001604e000 28082       4       com.google.common.base.Preconditions::checkNotNull (14 bytes)
Event: 12222.804 Thread 0x000000001604e000 nmethod 28082 0x00000000032d59d0 code [0x00000000032d5b00, 0x00000000032d5b58]
Event: 12222.815 Thread 0x0000000016076000 28084       3       com.google.common.collect.ObjectArrays::checkElementsNotNull (23 bytes)
Event: 12222.816 Thread 0x0000000016076000 nmethod 28084 0x0000000005ffcc90 code [0x0000000005ffce80, 0x0000000005ffd758]
Event: 12222.816 Thread 0x0000000016076000 28083       3       com.google.common.collect.ObjectArrays::checkElementsNotNull (7 bytes)
Event: 12222.816 Thread 0x0000000016076000 nmethod 28083 0x00000000044f68d0 code [0x00000000044f6a40, 0x00000000044f6cc8]
Event: 12222.818 Thread 0x0000000016076000 28085   !   3       org.codehaus.groovy.runtime.callsite.ConstructorSite$ConstructorSiteNoUnwrap::callConstructor (31 bytes)
Event: 12222.818 Thread 0x0000000016076000 nmethod 28085 0x0000000005229b90 code [0x0000000005229d60, 0x000000000522a3d8]
Event: 12222.818 Thread 0x0000000016076000 28086       3       groovy.lang.Closure::getProperty (204 bytes)
Event: 12222.823 Thread 0x0000000016076000 nmethod 28086 0x000000000419b1d0 code [0x000000000419b5c0, 0x000000000419d528]

GC Heap History (10 events):
Event: 11909.002 GC heap before
{Heap before GC invocations=127 (full 24):
 PSYoungGen      total 232960K, used 99850K [0x00000000eab00000, 0x0000000100000000, 0x0000000100000000)
  eden space 116736K, 85% used [0x00000000eab00000,0x00000000f0c82bc0,0x00000000f1d00000)
  from space 116224K, 0% used [0x00000000f8e80000,0x00000000f8e80000,0x0000000100000000)
  to   space 116224K, 0% used [0x00000000f1d00000,0x00000000f1d00000,0x00000000f8e80000)
 ParOldGen       total 363520K, used 250109K [0x00000000c0000000, 0x00000000d6300000, 0x00000000eab00000)
  object space 363520K, 68% used [0x00000000c0000000,0x00000000cf43f668,0x00000000d6300000)
 Metaspace       used 127917K, capacity 134180K, committed 135680K, reserved 1165312K
  class space    used 17859K, capacity 19771K, committed 20224K, reserved 1048576K
Event: 11909.020 GC heap after
Heap after GC invocations=127 (full 24):
 PSYoungGen      total 232960K, used 4218K [0x00000000eab00000, 0x0000000100000000, 0x0000000100000000)
  eden space 116736K, 0% used [0x00000000eab00000,0x00000000eab00000,0x00000000f1d00000)
  from space 116224K, 3% used [0x00000000f1d00000,0x00000000f211ebb8,0x00000000f8e80000)
  to   space 116224K, 0% used [0x00000000f8e80000,0x00000000f8e80000,0x0000000100000000)
 ParOldGen       total 363520K, used 250117K [0x00000000c0000000, 0x00000000d6300000, 0x00000000eab00000)
  object space 363520K, 68% used [0x00000000c0000000,0x00000000cf441668,0x00000000d6300000)
 Metaspace       used 127917K, capacity 134180K, committed 135680K, reserved 1165312K
  class space    used 17859K, capacity 19771K, committed 20224K, reserved 1048576K
}
Event: 11909.020 GC heap before
{Heap before GC invocations=128 (full 25):
 PSYoungGen      total 232960K, used 4218K [0x00000000eab00000, 0x0000000100000000, 0x0000000100000000)
  eden space 116736K, 0% used [0x00000000eab00000,0x00000000eab00000,0x00000000f1d00000)
  from space 116224K, 3% used [0x00000000f1d00000,0x00000000f211ebb8,0x00000000f8e80000)
  to   space 116224K, 0% used [0x00000000f8e80000,0x00000000f8e80000,0x0000000100000000)
 ParOldGen       total 363520K, used 250117K [0x00000000c0000000, 0x00000000d6300000, 0x00000000eab00000)
  object space 363520K, 68% used [0x00000000c0000000,0x00000000cf441668,0x00000000d6300000)
 Metaspace       used 127917K, capacity 134180K, committed 135680K, reserved 1165312K
  class space    used 17859K, capacity 19771K, committed 20224K, reserved 1048576K
Event: 11909.740 GC heap after
Heap after GC invocations=128 (full 25):
 PSYoungGen      total 232960K, used 0K [0x00000000eab00000, 0x0000000100000000, 0x0000000100000000)
  eden space 116736K, 0% used [0x00000000eab00000,0x00000000eab00000,0x00000000f1d00000)
  from space 116224K, 0% used [0x00000000f1d00000,0x00000000f1d00000,0x00000000f8e80000)
  to   space 116224K, 0% used [0x00000000f8e80000,0x00000000f8e80000,0x0000000100000000)
 ParOldGen       total 363520K, used 154476K [0x00000000c0000000, 0x00000000d6300000, 0x00000000eab00000)
  object space 363520K, 42% used [0x00000000c0000000,0x00000000c96db118,0x00000000d6300000)
 Metaspace       used 127917K, capacity 134180K, committed 135680K, reserved 1165312K
  class space    used 17859K, capacity 19771K, committed 20224K, reserved 1048576K
}
Event: 12220.734 GC heap before
{Heap before GC invocations=129 (full 25):
 PSYoungGen      total 232960K, used 116736K [0x00000000eab00000, 0x0000000100000000, 0x0000000100000000)
  eden space 116736K, 100% used [0x00000000eab00000,0x00000000f1d00000,0x00000000f1d00000)
  from space 116224K, 0% used [0x00000000f1d00000,0x00000000f1d00000,0x00000000f8e80000)
  to   space 116224K, 0% used [0x00000000f8e80000,0x00000000f8e80000,0x0000000100000000)
 ParOldGen       total 363520K, used 154476K [0x00000000c0000000, 0x00000000d6300000, 0x00000000eab00000)
  object space 363520K, 42% used [0x00000000c0000000,0x00000000c96db118,0x00000000d6300000)
 Metaspace       used 132124K, capacity 138822K, committed 139904K, reserved 1169408K
  class space    used 18461K, capacity 20540K, committed 20864K, reserved 1048576K
Event: 12220.747 GC heap after
Heap after GC invocations=129 (full 25):
 PSYoungGen      total 232960K, used 13302K [0x00000000eab00000, 0x0000000100000000, 0x0000000100000000)
  eden space 116736K, 0% used [0x00000000eab00000,0x00000000eab00000,0x00000000f1d00000)
  from space 116224K, 11% used [0x00000000f8e80000,0x00000000f9b7dbd0,0x0000000100000000)
  to   space 116224K, 0% used [0x00000000f1d00000,0x00000000f1d00000,0x00000000f8e80000)
 ParOldGen       total 363520K, used 154484K [0x00000000c0000000, 0x00000000d6300000, 0x00000000eab00000)
  object space 363520K, 42% used [0x00000000c0000000,0x00000000c96dd118,0x00000000d6300000)
 Metaspace       used 132124K, capacity 138822K, committed 139904K, reserved 1169408K
  class space    used 18461K, capacity 20540K, committed 20864K, reserved 1048576K
}
Event: 12221.467 GC heap before
{Heap before GC invocations=130 (full 25):
 PSYoungGen      total 232960K, used 130038K [0x00000000eab00000, 0x0000000100000000, 0x0000000100000000)
  eden space 116736K, 100% used [0x00000000eab00000,0x00000000f1d00000,0x00000000f1d00000)
  from space 116224K, 11% used [0x00000000f8e80000,0x00000000f9b7dbd0,0x0000000100000000)
  to   space 116224K, 0% used [0x00000000f1d00000,0x00000000f1d00000,0x00000000f8e80000)
 ParOldGen       total 363520K, used 154484K [0x00000000c0000000, 0x00000000d6300000, 0x00000000eab00000)
  object space 363520K, 42% used [0x00000000c0000000,0x00000000c96dd118,0x00000000d6300000)
 Metaspace       used 134182K, capacity 141048K, committed 142080K, reserved 1169408K
  class space    used 18784K, capacity 20916K, committed 21248K, reserved 1048576K
Event: 12221.483 GC heap after
Heap after GC invocations=130 (full 25):
 PSYoungGen      total 129536K, used 12333K [0x00000000eab00000, 0x00000000ff700000, 0x0000000100000000)
  eden space 116736K, 0% used [0x00000000eab00000,0x00000000eab00000,0x00000000f1d00000)
  from space 12800K, 96% used [0x00000000f1d00000,0x00000000f290b448,0x00000000f2980000)
  to   space 111616K, 0% used [0x00000000f8a00000,0x00000000f8a00000,0x00000000ff700000)
 ParOldGen       total 363520K, used 162971K [0x00000000c0000000, 0x00000000d6300000, 0x00000000eab00000)
  object space 363520K, 44% used [0x00000000c0000000,0x00000000c9f26c18,0x00000000d6300000)
 Metaspace       used 134182K, capacity 141048K, committed 142080K, reserved 1169408K
  class space    used 18784K, capacity 20916K, committed 21248K, reserved 1048576K
}
Event: 12222.159 GC heap before
{Heap before GC invocations=131 (full 25):
 PSYoungGen      total 129536K, used 129069K [0x00000000eab00000, 0x00000000ff700000, 0x0000000100000000)
  eden space 116736K, 100% used [0x00000000eab00000,0x00000000f1d00000,0x00000000f1d00000)
  from space 12800K, 96% used [0x00000000f1d00000,0x00000000f290b448,0x00000000f2980000)
  to   space 111616K, 0% used [0x00000000f8a00000,0x00000000f8a00000,0x00000000ff700000)
 ParOldGen       total 363520K, used 162971K [0x00000000c0000000, 0x00000000d6300000, 0x00000000eab00000)
  object space 363520K, 44% used [0x00000000c0000000,0x00000000c9f26c18,0x00000000d6300000)
 Metaspace       used 135908K, capacity 143046K, committed 143616K, reserved 1171456K
  class space    used 19066K, capacity 21316K, committed 21504K, reserved 1048576K
Event: 12222.177 GC heap after
Heap after GC invocations=131 (full 25):
 PSYoungGen      total 229888K, used 21153K [0x00000000eab00000, 0x00000000ff200000, 0x0000000100000000)
  eden space 123392K, 0% used [0x00000000eab00000,0x00000000eab00000,0x00000000f2380000)
  from space 106496K, 19% used [0x00000000f8a00000,0x00000000f9ea8518,0x00000000ff200000)
  to   space 104960K, 0% used [0x00000000f2380000,0x00000000f2380000,0x00000000f8a00000)
 ParOldGen       total 363520K, used 162979K [0x00000000c0000000, 0x00000000d6300000, 0x00000000eab00000)
  object space 363520K, 44% used [0x00000000c0000000,0x00000000c9f28c18,0x00000000d6300000)
 Metaspace       used 135908K, capacity 143046K, committed 143616K, reserved 1171456K
  class space    used 19066K, capacity 21316K, committed 21504K, reserved 1048576K
}

Deoptimization events (10 events):
Event: 12221.165 Thread 0x000000001a38f000 Uncommon trap: reason=array_check action=maybe_recompile pc=0x000000000593a790 method=java.util.ComparableTimSort.mergeHi(IIII)V @ 654
Event: 12221.884 Thread 0x000000001a38f000 Uncommon trap: reason=class_check action=maybe_recompile pc=0x00000000063aff70 method=org.gradle.api.internal.artifacts.ivyservice.resolveengine.graph.DependencyGraphBuilder$DependencyEdge.getModuleDependency()Lorg/gradle/api/artifacts/ModuleDependency; @ ùˇÁ4Òﬁ«@
Event: 12221.884 Thread 0x000000001a38f000 Uncommon trap: reason=class_check action=maybe_recompile pc=0x00000000063aff70 method=org.gradle.api.internal.artifacts.ivyservice.resolveengine.graph.DependencyGraphBuilder$DependencyEdge.getModuleDependency()Lorg/gradle/api/artifacts/ModuleDependency; @ ân±¸Òﬁ«@
Event: 12221.891 Thread 0x000000001a38f000 Uncommon trap: reason=class_check action=maybe_recompile pc=0x00000000063aff70 method=org.gradle.api.internal.artifacts.ivyservice.resolveengine.graph.DependencyGraphBuilder$DependencyEdge.getModuleDependency()Lorg/gradle/api/artifacts/ModuleDependency; @ }∫]Úﬁ«@
Event: 12221.891 Thread 0x000000001a38f000 Uncommon trap: reason=class_check action=maybe_recompile pc=0x00000000063aff70 method=org.gradle.api.internal.artifacts.ivyservice.resolveengine.graph.DependencyGraphBuilder$DependencyEdge.getModuleDependency()Lorg/gradle/api/artifacts/ModuleDependency; @ °zúπﬂ«@
Event: 12222.107 Thread 0x000000001a38f000 Uncommon trap: reason=bimorphic action=maybe_recompile pc=0x00000000032b4410 method=sun.reflect.generics.scope.AbstractScope.lookup(Ljava/lang/String;)Ljava/lang/reflect/TypeVariable; @ 60
Event: 12222.118 Thread 0x000000001a38f000 Uncommon trap: reason=class_check action=maybe_recompile pc=0x00000000042d54e8 method=org.gradle.api.internal.artifacts.ivyservice.resolveengine.graph.DependencyGraphBuilder$DependencyEdge.getArtifacts(Lorg/gradle/internal/component/model/ConfigurationMeta=»ÿ/ﬂ«@
Event: 12222.212 Thread 0x000000001a38f000 Uncommon trap: reason=class_check action=maybe_recompile pc=0x00000000042d54e8 method=org.gradle.api.internal.artifacts.ivyservice.resolveengine.graph.DependencyGraphBuilder$DependencyEdge.getArtifacts(Lorg/gradle/internal/component/model/ConfigurationMeta
Event: 12222.216 Thread 0x000000001a38f000 Uncommon trap: reason=class_check action=maybe_recompile pc=0x00000000042d54e8 method=org.gradle.api.internal.artifacts.ivyservice.resolveengine.graph.DependencyGraphBuilder$DependencyEdge.getArtifacts(Lorg/gradle/internal/component/model/ConfigurationMetaDd$#ﬂ«@
Event: 12222.275 Thread 0x000000001a38f000 Uncommon trap: reason=class_check action=maybe_recompile pc=0x00000000042d54e8 method=org.gradle.api.internal.artifacts.ivyservice.resolveengine.graph.DependencyGraphBuilder$DependencyEdge.getArtifacts(Lorg/gradle/internal/component/model/ConfigurationMetaªWïﬁ«@

Internal exceptions (10 events):
Event: 12222.730 Thread 0x000000001a38f000 Exception <a 'java/security/PrivilegedActionException'> (0x00000000eda46628) thrown at [C:\re\workspace\8-2-build-windows-amd64-cygwin\jdk8u11\648\hotspot\src\share\vm\prims\jvm.cpp, line 1248]
Event: 12222.730 Thread 0x000000001a38f000 Exception <a 'java/security/PrivilegedActionException'> (0x00000000eda47820) thrown at [C:\re\workspace\8-2-build-windows-amd64-cygwin\jdk8u11\648\hotspot\src\share\vm\prims\jvm.cpp, line 1248]
Event: 12222.730 Thread 0x000000001a38f000 Exception <a 'java/security/PrivilegedActionException'> (0x00000000eda48a18) thrown at [C:\re\workspace\8-2-build-windows-amd64-cygwin\jdk8u11\648\hotspot\src\share\vm\prims\jvm.cpp, line 1248]
Event: 12222.730 Thread 0x000000001a38f000 Exception <a 'java/security/PrivilegedActionException'> (0x00000000eda4f370) thrown at [C:\re\workspace\8-2-build-windows-amd64-cygwin\jdk8u11\648\hotspot\src\share\vm\prims\jvm.cpp, line 1248]
Event: 12222.730 Thread 0x000000001a38f000 Exception <a 'java/lang/ClassNotFoundException': com/android/build/gradle/internal/tasks/MergeFileTaskCustomizer> (0x00000000eda4f8f0) thrown at [C:\re\workspace\8-2-build-windows-amd64-cygwin\jdk8u11\648\hotspot\src\share\vm\classfile\systemDictionary.cpp&r!n]ﬂ«@
Event: 12222.730 Thread 0x000000001a38f000 Exception <a 'java/security/PrivilegedActionException'> (0x00000000eda6c030) thrown at [C:\re\workspace\8-2-build-windows-amd64-cygwin\jdk8u11\648\hotspot\src\share\vm\prims\jvm.cpp, line 1248]
Event: 12222.730 Thread 0x000000001a38f000 Exception <a 'java/security/PrivilegedActionException'> (0x00000000eda6d300) thrown at [C:\re\workspace\8-2-build-windows-amd64-cygwin\jdk8u11\648\hotspot\src\share\vm\prims\jvm.cpp, line 1248]
Event: 12222.730 Thread 0x000000001a38f000 Exception <a 'java/security/PrivilegedActionException'> (0x00000000eda6e270) thrown at [C:\re\workspace\8-2-build-windows-amd64-cygwin\jdk8u11\648\hotspot\src\share\vm\prims\jvm.cpp, line 1248]
Event: 12222.730 Thread 0x000000001a38f000 Exception <a 'java/security/PrivilegedActionException'> (0x00000000eda75388) thrown at [C:\re\workspace\8-2-build-windows-amd64-cygwin\jdk8u11\648\hotspot\src\share\vm\prims\jvm.cpp, line 1248]
Event: 12222.730 Thread 0x000000001a38f000 Exception <a 'java/lang/ClassNotFoundException': com/android/build/gradle/internal/tasks/MergeFileTask_DecoratedCustomizer> (0x00000000eda75920) thrown at [C:\re\workspace\8-2-build-windows-amd64-cygwin\jdk8u11\648\hotspot\src\share\vm\classfile\systemDict¡‚¯`]ﬂ«@

Events (10 events):
Event: 12222.729 loading class com/android/build/gradle/internal/tasks/MergeFileTaskBeanInfo
Event: 12222.729 loading class com/android/build/gradle/internal/tasks/MergeFileTaskBeanInfo done
Event: 12222.730 loading class com/android/build/gradle/internal/tasks/MergeFileTaskCustomizer
Event: 12222.730 loading class com/android/build/gradle/internal/tasks/MergeFileTaskCustomizer done
Event: 12222.730 loading class com/android/build/gradle/internal/tasks/MergeFileTaskCustomizer
Event: 12222.730 loading class com/android/build/gradle/internal/tasks/MergeFileTaskCustomizer done
Event: 12222.730 loading class com/android/build/gradle/internal/tasks/MergeFileTask_DecoratedCustomizer
Event: 12222.730 loading class com/android/build/gradle/internal/tasks/MergeFileTask_DecoratedCustomizer done
Event: 12222.730 loading class com/android/build/gradle/internal/tasks/MergeFileTask_DecoratedCustomizer
Event: 12222.730 loading class com/android/build/gradle/internal/tasks/MergeFileTask_DecoratedCustomizer done


Dynamic libraries:
0x000000013fb70000 - 0x000000013fba4000 	C:\Program Files\Java\jdk1.8.0_11\bin\java.exe
0x0000000077be0000 - 0x0000000077d8a000 	C:\Windows\SYSTEM32\ntdll.dll
0x00000000779c0000 - 0x0000000077adf000 	C:\Windows\system32\kernel32.dll
0x000007fefdc70000 - 0x000007fefdcda000 	C:\Windows\system32\KERNELBASE.dll
0x000007fefe260000 - 0x000007fefe33b000 	C:\Windows\system32\ADVAPI32.dll
0x000007feff040000 - 0x000007feff0df000 	C:\Windows\system32\msvcrt.dll
0x000007fefe130000 - 0x000007fefe14f000 	C:\Windows\SYSTEM32\sechost.dll
0x000007fefee70000 - 0x000007fefef9d000 	C:\Windows\system32\RPCRT4.dll
0x0000000077ae0000 - 0x0000000077bda000 	C:\Windows\system32\USER32.dll
0x000007fefe700000 - 0x000007fefe767000 	C:\Windows\system32\GDI32.dll
0x000007fefdd20000 - 0x000007fefdd2e000 	C:\Windows\system32\LPK.dll
0x000007fefe060000 - 0x000007fefe12a000 	C:\Windows\system32\USP10.dll
0x000007fefc3c0000 - 0x000007fefc5b4000 	C:\Windows\WinSxS\amd64_microsoft.windows.common-controls_6595b64144ccf1df_6.0.7601.18837_none_fa3b1e3d17594757\COMCTL32.dll
0x000007fefefa0000 - 0x000007feff011000 	C:\Windows\system32\SHLWAPI.dll
0x000007fefe5f0000 - 0x000007fefe61e000 	C:\Windows\system32\IMM32.DLL
0x000007fefe150000 - 0x000007fefe259000 	C:\Windows\system32\MSCTF.dll
0x0000000051980000 - 0x0000000051a52000 	C:\Program Files\Java\jdk1.8.0_11\jre\bin\msvcr100.dll
0x00000000521c0000 - 0x00000000529ea000 	C:\Program Files\Java\jdk1.8.0_11\jre\bin\server\jvm.dll
0x000007feef050000 - 0x000007feef059000 	C:\Windows\system32\WSOCK32.dll
0x000007fefea40000 - 0x000007fefea8d000 	C:\Windows\system32\WS2_32.dll
0x000007fefee60000 - 0x000007fefee68000 	C:\Windows\system32\NSI.dll
0x000007fef61d0000 - 0x000007fef620b000 	C:\Windows\system32\WINMM.dll
0x0000000077da0000 - 0x0000000077da7000 	C:\Windows\system32\PSAPI.DLL
0x000000006ff70000 - 0x000000006ff7f000 	C:\Program Files\Java\jdk1.8.0_11\jre\bin\verify.dll
0x000000006b7b0000 - 0x000000006b7d8000 	C:\Program Files\Java\jdk1.8.0_11\jre\bin\java.dll
0x000000006de80000 - 0x000000006de96000 	C:\Program Files\Java\jdk1.8.0_11\jre\bin\zip.dll
0x000007feff0e0000 - 0x000007feffe69000 	C:\Windows\system32\SHELL32.dll
0x000007fefe3e0000 - 0x000007fefe5e3000 	C:\Windows\system32\ole32.dll
0x000007fefd960000 - 0x000007fefd96f000 	C:\Windows\system32\profapi.dll
0x000007fefd1a0000 - 0x000007fefd1b8000 	C:\Windows\system32\CRYPTSP.dll
0x000007fefcea0000 - 0x000007fefcee7000 	C:\Windows\system32\rsaenh.dll
0x000007fefdcf0000 - 0x000007fefdd0e000 	C:\Windows\system32\USERENV.dll
0x000007fefd800000 - 0x000007fefd80f000 	C:\Windows\system32\CRYPTBASE.dll
0x000000006de20000 - 0x000000006de3a000 	C:\Program Files\Java\jdk1.8.0_11\jre\bin\net.dll
0x000007fefd140000 - 0x000007fefd195000 	C:\Windows\system32\mswsock.dll
0x000007fefd130000 - 0x000007fefd137000 	C:\Windows\System32\wship6.dll
0x000007fefa810000 - 0x000007fefa837000 	C:\Windows\system32\IPHLPAPI.DLL
0x000007fefa800000 - 0x000007fefa80b000 	C:\Windows\system32\WINNSI.DLL
0x000007fefa5d0000 - 0x000007fefa5e8000 	C:\Windows\system32\dhcpcsvc.DLL
0x000007fefa5b0000 - 0x000007fefa5c1000 	C:\Windows\system32\dhcpcsvc6.DLL
0x000000006beb0000 - 0x000000006bec1000 	C:\Program Files\Java\jdk1.8.0_11\jre\bin\nio.dll
0x000007feeb6d0000 - 0x000007feeb6e2000 	C:\Users\hufeng\AppData\Local\Temp\native-platform3778928357635751712dir\native-platform.dll
0x000007fefd7a0000 - 0x000007fefd7f7000 	C:\Windows\system32\apphelp.dll
0x000000006e3f0000 - 0x000000006e3fd000 	C:\Program Files\Java\jdk1.8.0_11\jre\bin\management.dll
0x000000006b420000 - 0x000000006b444000 	C:\Program Files\Java\jdk1.8.0_11\jre\bin\sunec.dll
0x000007fefcb20000 - 0x000007fefcb27000 	C:\Windows\System32\wshtcpip.dll
0x000007fefcfc0000 - 0x000007fefd01b000 	C:\Windows\system32\DNSAPI.dll
0x000007fef9990000 - 0x000007fef9998000 	C:\Windows\system32\rasadhlp.dll
0x000007fefa650000 - 0x000007fefa6a3000 	C:\Windows\System32\fwpuclnt.dll
0x000007fefb750000 - 0x000007fefb765000 	C:\Windows\system32\NLAapi.dll
0x000007fef8060000 - 0x000007fef8075000 	C:\Windows\system32\napinsp.dll
0x000007fef8040000 - 0x000007fef8059000 	C:\Windows\system32\pnrpnsp.dll
0x000007fef8030000 - 0x000007fef803b000 	C:\Windows\System32\winrnr.dll
0x000007fefb4e0000 - 0x000007fefb605000 	C:\Windows\system32\dbghelp.dll

VM Arguments:
jvm_args: -XX:MaxPermSize=256m -XX:+HeapDumpOnOutOfMemoryError -Xmx1024m -Dfile.encoding=GBK -Duser.country=CN -Duser.language=zh -Duser.variant 
java_command: org.gradle.launcher.daemon.bootstrap.GradleDaemon 2.2 C:\Users\hufeng\.gradle\daemon 10800000 f5cd3295-3f98-4ea1-91a9-b5b6f0ba3801 -XX:MaxPermSize=256m -XX:+HeapDumpOnOutOfMemoryError -Xmx1024m -Dfile.encoding=GBK -Duser.country=CN -Duser.language=zh -Duser.variant
java_class_path (initial): C:\Users\hufeng\.gradle\wrapper\dists\gradle-2.2-all\1vevkra640w3rb9hkuw50q5we\gradle-2.2\lib\gradle-launcher-2.2.jar
Launcher Type: SUN_STANDARD

Environment Variables:
JAVA_HOME=C:\Program Files\Java\jdk1.8.0_11
PATH=C:\ProgramData\Oracle\Java\javapath;C:\Program Files\Java\jdk1.8.0_11/bin;C:\Program Files (x86)\Intel\iCLS Client\;C:\Program Files\Intel\iCLS Client\;C:\Windows\system32;C:\Windows;C:\Windows\System32\Wbem;C:\Windows\System32\WindowsPowerShell\v1.0\;C:\Program Files\Intel\Intel(R) Management Engine Components\DAL;C:\Program Files (x86)\Intel\Intel(R) Management Engine Components\DAL;C:\Program Files\Intel\Intel(R) Management Engine Components\IPT;C:\Program Files (x86)\Intel\Intel(R) Management Engine Components\IPT;
USERNAME=hufeng
OS=Windows_NT
PROCESSOR_IDENTIFIER=Intel64 Family 6 Model 61 Stepping 4, GenuineIntel



---------------  S Y S T E M  ---------------

OS: Windows 7 , 64 bit Build 7601 Service Pack 1

CPU:total 4 (2 cores per cpu, 2 threads per core) family 6 model 61 stepping 4, cmov, cx8, fxsr, mmx, sse, sse2, sse3, ssse3, sse4.1, sse4.2, popcnt, avx, avx2, aes, clmul, erms, ht, tsc, tscinvbit

Memory: 4k page, physical 16598500k(10808052k free), swap 33195140k(27382856k free)

vm_info: Java HotSpot(TM) 64-Bit Server VM (25.11-b03) for windows-amd64 JRE (1.8.0_11-b12), built on Jun 16 2014 20:57:32 by "java_re" with MS VC++ 10.0 (VS2010)

time: Thu Jun 16 13:23:43 2016
elapsed time: 12222 seconds

