#
# A fatal error has been detected by the Java Runtime Environment:
#
#  EXCEPTION_ACCESS_VIOLATION (0xc0000005) at pc=0x0000000077868e9f, pid=1748, tid=9136
#
# JRE version: Java(TM) SE Runtime Environment (8.0_11-b12) (build 1.8.0_11-b12)
# Java VM: Java HotSpot(TM) 64-Bit Server VM (25.11-b03 mixed mode windows-amd64 compressed oops)
# Problematic frame:
# C  [ntdll.dll+0x48e9f]
#
# Failed to write core dump. Minidumps are not enabled by default on client versions of Windows
#
# If you would like to submit a bug report, please visit:
#   http://bugreport.sun.com/bugreport/crash.jsp
# The crash happened outside the Java Virtual Machine in native code.
# See problematic frame for where to report the bug.
#

---------------  T H R E A D  ---------------

Current thread (0x000000001a2e0000):  JavaThread "Daemon worker Thread 19" [_thread_in_native, id=9136, stack(0x00000000190c0000,0x00000000191c0000)]

siginfo: ExceptionCode=0xc0000005, writing address 0x000000000000005c

Registers:
RAX=0x000000000000005c, RBX=0x000000001ba10050, RCX=0x000000001ba10128, RDX=0x0000000000000116
RSP=0x00000000191bd2f0, RBP=0x000000000000fffe, RSI=0x0000000000000000, RDI=0x000000001ba10050
R8 =0x000000000000008b, R9 =0x0000000000000116, R10=0x0000000000000000, R11=0x000000000000ffff
R12=0x0000000000000116, R13=0x0000000000000012, R14=0x00000000191bd4f0, R15=0x000000000000008b
RIP=0x0000000077868e9f, EFLAGS=0x0000000000010246

Top of Stack: (sp=0x00000000191bd2f0)
0x00000000191bd2f0:   00000000779303c8 0000000000000000
0x00000000191bd300:   0000000000000120 00000000023e0000
0x00000000191bd310:   0000000001180116 000000001ba10050
0x00000000191bd320:   00000000191bd4b0 000000007786ffd8
0x00000000191bd330:   0000000000000000 00000000191bd600
0x00000000191bd340:   000000001ba10050 00000000023f0470
0x00000000191bd350:   0000000000000001 0000000000000001
0x00000000191bd360:   0000000000000000 00000000023f0080
0x00000000191bd370:   0000000000000000 0000000000000116
0x00000000191bd380:   00000000023f1220 0000000000000000
0x00000000191bd390:   0000000000000000 00000000023e0000
0x00000000191bd3a0:   0000000000000000 0000000000000000
0x00000000191bd3b0:   00000000191bd538 000000001ba10050
0x00000000191bd3c0:   0000000000000130 00000000023e0000
0x00000000191bd3d0:   0000000000000122 0000000000000122
0x00000000191bd3e0:   0000000000000000 0000000001180116 

Instructions: (pc=0x0000000077868e9f)
0x0000000077868e7f:   e2 fc 8b c2 48 01 41 18 8b 41 10 4c 89 44 c1 20
0x0000000077868e8f:   ff 41 10 8b c2 c3 44 8a 74 24 40 e9 c0 55 00 00
0x0000000077868e9f:   41 0f b7 c1 48 83 c1 02 48 d1 e8 48 8d 04 43 48
0x0000000077868eaf:   3b c8 73 39 0f b7 01 66 83 c8 20 66 83 f8 70 0f 


Register to memory mapping:

RAX=0x000000000000005c is an unknown value
RBX=0x000000001ba10050 is an unknown value
RCX=0x000000001ba10128 is an unknown value
RDX=0x0000000000000116 is an unknown value
RSP=0x00000000191bd2f0 is pointing into the stack for thread: 0x000000001a2e0000
RBP=0x000000000000fffe is an unknown value
RSI=0x0000000000000000 is an unknown value
RDI=0x000000001ba10050 is an unknown value
R8 =0x000000000000008b is an unknown value
R9 =0x0000000000000116 is an unknown value
R10=0x0000000000000000 is an unknown value
R11=0x000000000000ffff is an unknown value
R12=0x0000000000000116 is an unknown value
R13=0x0000000000000012 is an unknown value
R14=0x00000000191bd4f0 is pointing into the stack for thread: 0x000000001a2e0000
R15=0x000000000000008b is an unknown value


Stack: [0x00000000190c0000,0x00000000191c0000],  sp=0x00000000191bd2f0,  free space=1012k
Native frames: (J=compiled Java code, j=interpreted, Vv=VM code, C=native code)
C  [ntdll.dll+0x48e9f]
C  [ntdll.dll+0x4ffd8]
C  [ntdll.dll+0x50b4a]
C  [KERNELBASE.dll+0x7056]
C  [java.dll+0x9a74]
C  [java.dll+0x9b9f]
C  0x0000000002a0e509

Java frames: (J=compiled Java code, j=interpreted, Vv=VM code)
J 509  java.io.WinNTFileSystem.getBooleanAttributes(Ljava/io/File;)I (0 bytes) @ 0x0000000002a0e48f [0x0000000002a0e440+0x4f]
J 27441 C2 org.gradle.api.internal.changedetection.state.DefaultFileCollectionSnapshotter$1.run()V (134 bytes) @ 0x0000000005815d84 [0x00000000058153c0+0x9c4]
J 14396 C2 org.gradle.cache.internal.DefaultCacheFactory$ReferenceTrackingCache.useCache(Ljava/lang/String;Ljava/lang/Runnable;)V (15 bytes) @ 0x0000000004c2cb54 [0x0000000004c2bd60+0xdf4]
J 17556 C1 org.gradle.api.internal.changedetection.state.DefaultTaskArtifactStateCacheAccess.useCache(Ljava/lang/String;Ljava/lang/Runnable;)V (12 bytes) @ 0x0000000005147f3c [0x0000000005147e40+0xfc]
J 8665 C1 org.gradle.api.internal.changedetection.state.DefaultFileCollectionSnapshotter.snapshot(Lorg/gradle/api/file/FileCollection;)Lorg/gradle/api/internal/changedetection/state/FileCollectionSnapshot; (70 bytes) @ 0x0000000003ed2cd4 [0x0000000003ed2620+0x6b4]
J 11332 C1 org.gradle.api.internal.changedetection.state.OutputFilesCollectionSnapshotter.snapshot(Lorg/gradle/api/file/FileCollection;)Lorg/gradle/api/internal/changedetection/state/OutputFilesCollectionSnapshotter$OutputFilesSnapshot; (55 bytes) @ 0x0000000004689494 [0x0000000004688fa0+0x4f4]
J 11331 C1 org.gradle.api.internal.changedetection.state.OutputFilesCollectionSnapshotter.snapshot(Lorg/gradle/api/file/FileCollection;)Lorg/gradle/api/internal/changedetection/state/FileCollectionSnapshot; (6 bytes) @ 0x0000000004689d04 [0x0000000004689c80+0x84]
J 13398 C1 org.gradle.api.internal.changedetection.rules.TaskUpToDateState.<init>(Lorg/gradle/api/internal/TaskInternal;Lorg/gradle/api/internal/changedetection/state/TaskHistoryRepository$History;Lorg/gradle/api/internal/changedetection/state/FileCollectionSnapshotter;Lorg/gradle/api/internal/changedetection/state/FileCollectionSnapshotter;)V (281 bytes) @ 0x00000000049f186c [0x00000000049f0a60+0xe0c]
J 11266 C1 org.gradle.api.internal.changedetection.changes.DefaultTaskArtifactStateRepository$TaskArtifactStateImpl.getStates()Lorg/gradle/api/internal/changedetection/rules/TaskUpToDateState; (45 bytes) @ 0x0000000004655d04 [0x0000000004655bc0+0x144]
J 13463 C1 org.gradle.api.internal.changedetection.changes.DefaultTaskArtifactStateRepository$TaskArtifactStateImpl.isUpToDate(Ljava/util/Collection;)Z (38 bytes) @ 0x0000000004a4cb84 [0x0000000004a4cb00+0x84]
J 11274 C1 org.gradle.api.internal.tasks.execution.SkipUpToDateTaskExecuter.execute(Lorg/gradle/api/internal/TaskInternal;Lorg/gradle/api/internal/tasks/TaskStateInternal;Lorg/gradle/api/internal/tasks/TaskExecutionContext;)V (221 bytes) @ 0x0000000004664f3c [0x00000000046648a0+0x69c]
J 11273 C1 org.gradle.api.internal.tasks.execution.ValidatingTaskExecuter.execute(Lorg/gradle/api/internal/TaskInternal;Lorg/gradle/api/internal/tasks/TaskStateInternal;Lorg/gradle/api/internal/tasks/TaskExecutionContext;)V (221 bytes) @ 0x0000000004661904 [0x000000000465f220+0x26e4]
J 12366 C1 org.gradle.api.internal.tasks.execution.SkipEmptySourceFilesTaskExecuter.execute(Lorg/gradle/api/internal/TaskInternal;Lorg/gradle/api/internal/tasks/TaskStateInternal;Lorg/gradle/api/internal/tasks/TaskExecutionContext;)V (62 bytes) @ 0x0000000003407ab4 [0x00000000034075a0+0x514]
J 12357 C1 org.gradle.api.internal.tasks.execution.SkipTaskWithNoActionsExecuter.execute(Lorg/gradle/api/internal/TaskInternal;Lorg/gradle/api/internal/tasks/TaskStateInternal;Lorg/gradle/api/internal/tasks/TaskExecutionContext;)V (116 bytes) @ 0x00000000028e4f94 [0x00000000028e4360+0xc34]
J 12354 C1 org.gradle.api.internal.tasks.execution.SkipOnlyIfTaskExecuter.execute(Lorg/gradle/api/internal/TaskInternal;Lorg/gradle/api/internal/tasks/TaskStateInternal;Lorg/gradle/api/internal/tasks/TaskExecutionContext;)V (90 bytes) @ 0x0000000003068bc4 [0x0000000003067e00+0xdc4]
J 12353 C1 org.gradle.api.internal.tasks.execution.ExecuteAtMostOnceTaskExecuter.execute(Lorg/gradle/api/internal/TaskInternal;Lorg/gradle/api/internal/tasks/TaskStateInternal;Lorg/gradle/api/internal/tasks/TaskExecutionContext;)V (70 bytes) @ 0x000000000304a564 [0x000000000304a2c0+0x2a4]
J 26128 C1 org.gradle.execution.taskgraph.AbstractTaskPlanExecutor$TaskExecutorWorker.executeTask(Lorg/gradle/execution/taskgraph/TaskInfo;)V (131 bytes) @ 0x0000000005f3fe04 [0x0000000005f3f6a0+0x764]
J 26124 C1 org.gradle.execution.taskgraph.AbstractTaskPlanExecutor$TaskExecutorWorker.processTask(Lorg/gradle/execution/taskgraph/TaskInfo;)V (51 bytes) @ 0x0000000004325dcc [0x0000000004325d40+0x8c]
j  org.gradle.execution.taskgraph.AbstractTaskPlanExecutor$TaskExecutorWorker.run()V+56
j  org.gradle.execution.taskgraph.DefaultTaskPlanExecutor.process(Lorg/gradle/execution/taskgraph/TaskExecutionPlan;Lorg/gradle/api/execution/TaskExecutionListener;)V+6
j  org.gradle.execution.taskgraph.DefaultTaskGraphExecuter.execute()V+46
j  org.gradle.execution.SelectedTaskExecutionAction.execute(Lorg/gradle/execution/BuildExecutionContext;)V+41
j  org.gradle.execution.DefaultBuildExecuter.execute(I)V+36
j  org.gradle.execution.DefaultBuildExecuter.access$200(Lorg/gradle/execution/DefaultBuildExecuter;I)V+2
j  org.gradle.execution.DefaultBuildExecuter$2.proceed()V+10
j  org.gradle.execution.DryRunBuildExecutionAction.execute(Lorg/gradle/execution/BuildExecutionContext;)V+68
j  org.gradle.execution.DefaultBuildExecuter.execute(I)V+36
j  org.gradle.execution.DefaultBuildExecuter.execute()V+2
j  org.gradle.initialization.DefaultGradleLauncher.doBuildStages(Lorg/gradle/initialization/DefaultGradleLauncher$Stage;)V+184
j  org.gradle.initialization.DefaultGradleLauncher.doBuild(Lorg/gradle/initialization/DefaultGradleLauncher$Stage;)Lorg/gradle/BuildResult;+27
j  org.gradle.initialization.DefaultGradleLauncher.run()Lorg/gradle/BuildResult;+4
j  org.gradle.launcher.exec.InProcessBuildActionExecuter$DefaultBuildController.run()Lorg/gradle/api/internal/GradleInternal;+5
j  org.gradle.tooling.internal.provider.BuildModelAction.run(Lorg/gradle/initialization/BuildController;)Lorg/gradle/tooling/internal/provider/BuildActionResult;+15
j  org.gradle.tooling.internal.provider.BuildModelAction.run(Lorg/gradle/initialization/BuildController;)Ljava/lang/Object;+2
j  org.gradle.tooling.internal.provider.ConfiguringBuildAction.run(Lorg/gradle/initialization/BuildController;)Ljava/lang/Object;+15
j  org.gradle.launcher.exec.InProcessBuildActionExecuter.execute(Lorg/gradle/initialization/BuildAction;Lorg/gradle/initialization/BuildCancellationToken;Lorg/gradle/launcher/exec/BuildActionParameters;)Ljava/lang/Object;+19
j  org.gradle.launcher.exec.InProcessBuildActionExecuter.execute(Lorg/gradle/initialization/BuildAction;Lorg/gradle/initialization/BuildCancellationToken;Ljava/lang/Object;)Ljava/lang/Object;+7
j  org.gradle.launcher.daemon.server.exec.ExecuteBuild.doBuild(Lorg/gradle/launcher/daemon/server/exec/DaemonCommandExecution;Lorg/gradle/launcher/daemon/protocol/Build;)V+47
j  org.gradle.launcher.daemon.server.exec.BuildCommandOnly.execute(Lorg/gradle/launcher/daemon/server/exec/DaemonCommandExecution;)V+49
J 30140 C1 org.gradle.launcher.daemon.server.exec.DaemonCommandExecution.proceed()Z (35 bytes) @ 0x00000000030bf5c4 [0x00000000030bf220+0x3a4]
j  org.gradle.launcher.daemon.server.exec.WatchForDisconnection.execute(Lorg/gradle/launcher/daemon/server/exec/DaemonCommandExecution;)V+19
J 30140 C1 org.gradle.launcher.daemon.server.exec.DaemonCommandExecution.proceed()Z (35 bytes) @ 0x00000000030bf5c4 [0x00000000030bf220+0x3a4]
j  org.gradle.launcher.daemon.server.exec.ResetDeprecationLogger.execute(Lorg/gradle/launcher/daemon/server/exec/DaemonCommandExecution;)V+4
J 30140 C1 org.gradle.launcher.daemon.server.exec.DaemonCommandExecution.proceed()Z (35 bytes) @ 0x00000000030bf5c4 [0x00000000030bf220+0x3a4]
j  org.gradle.launcher.daemon.server.exec.StartStopIfBuildAndStop.execute(Lorg/gradle/launcher/daemon/server/exec/DaemonCommandExecution;)V+34
J 30140 C1 org.gradle.launcher.daemon.server.exec.DaemonCommandExecution.proceed()Z (35 bytes) @ 0x00000000030bf5c4 [0x00000000030bf220+0x3a4]
j  org.gradle.launcher.daemon.server.exec.ForwardClientInput$2.call()Ljava/lang/Void;+4
j  org.gradle.launcher.daemon.server.exec.ForwardClientInput$2.call()Ljava/lang/Object;+1
j  org.gradle.util.Swapper.swap(Ljava/lang/Object;Ljava/util/concurrent/Callable;)Ljava/lang/Object;+21
j  org.gradle.launcher.daemon.server.exec.ForwardClientInput.execute(Lorg/gradle/launcher/daemon/server/exec/DaemonCommandExecution;)V+63
J 30140 C1 org.gradle.launcher.daemon.server.exec.DaemonCommandExecution.proceed()Z (35 bytes) @ 0x00000000030bf5c4 [0x00000000030bf220+0x3a4]
j  org.gradle.launcher.daemon.server.exec.LogToClient.doBuild(Lorg/gradle/launcher/daemon/server/exec/DaemonCommandExecution;Lorg/gradle/launcher/daemon/protocol/Build;)V+92
j  org.gradle.launcher.daemon.server.exec.BuildCommandOnly.execute(Lorg/gradle/launcher/daemon/server/exec/DaemonCommandExecution;)V+49
J 30140 C1 org.gradle.launcher.daemon.server.exec.DaemonCommandExecution.proceed()Z (35 bytes) @ 0x00000000030bf5c4 [0x00000000030bf220+0x3a4]
j  org.gradle.launcher.daemon.server.exec.EstablishBuildEnvironment.doBuild(Lorg/gradle/launcher/daemon/server/exec/DaemonCommandExecution;Lorg/gradle/launcher/daemon/protocol/Build;)V+237
j  org.gradle.launcher.daemon.server.exec.BuildCommandOnly.execute(Lorg/gradle/launcher/daemon/server/exec/DaemonCommandExecution;)V+49
J 30140 C1 org.gradle.launcher.daemon.server.exec.DaemonCommandExecution.proceed()Z (35 bytes) @ 0x00000000030bf5c4 [0x00000000030bf220+0x3a4]
j  org.gradle.launcher.daemon.server.exec.DaemonHygieneAction.execute(Lorg/gradle/launcher/daemon/server/exec/DaemonCommandExecution;)V+1
J 30140 C1 org.gradle.launcher.daemon.server.exec.DaemonCommandExecution.proceed()Z (35 bytes) @ 0x00000000030bf5c4 [0x00000000030bf220+0x3a4]
j  org.gradle.launcher.daemon.server.exec.StartBuildOrRespondWithBusy$1.run()V+44
j  org.gradle.launcher.daemon.server.DaemonStateCoordinator$1.run()V+4
j  org.gradle.internal.concurrent.DefaultExecutorFactory$StoppableExecutorImpl$1.run()V+18
j  java.util.concurrent.ThreadPoolExecutor.runWorker(Ljava/util/concurrent/ThreadPoolExecutor$Worker;)V+95
j  java.util.concurrent.ThreadPoolExecutor$Worker.run()V+5
J 35063 C1 java.lang.Thread.run()V (17 bytes) @ 0x0000000005384ff4 [0x0000000005384ec0+0x134]
v  ~StubRoutines::call_stub

---------------  P R O C E S S  ---------------

Java Threads: ( => current thread )
  0x000000001a2ec800 JavaThread "Stdin handler" [_thread_blocked, id=1400, stack(0x000000001d390000,0x000000001d490000)]
=>0x000000001a2e0000 JavaThread "Daemon worker Thread 19" [_thread_in_native, id=9136, stack(0x00000000190c0000,0x00000000191c0000)]
  0x000000001a2e2000 JavaThread "Cancel handler" [_thread_blocked, id=8480, stack(0x0000000019450000,0x0000000019550000)]
  0x000000001a2e0800 JavaThread "Handler for socket connection from /127.0.0.1:59941 to /127.0.0.1:51027" [_thread_in_native, id=8080, stack(0x0000000019250000,0x0000000019350000)]
  0x000000001a2dd800 JavaThread "Daemon Thread 19" [_thread_blocked, id=8396, stack(0x0000000018f90000,0x0000000019090000)]
  0x0000000019af4800 JavaThread "File lock request listener" [_thread_in_native, id=7884, stack(0x000000001d250000,0x000000001d350000)]
  0x0000000017975000 JavaThread "Incoming local TCP Connector on port 59941" [_thread_in_native, id=1984, stack(0x0000000018b00000,0x0000000018c00000)]
  0x0000000016496800 JavaThread "Service Thread" daemon [_thread_blocked, id=8452, stack(0x0000000017160000,0x0000000017260000)]
  0x000000001640f000 JavaThread "C1 CompilerThread2" daemon [_thread_blocked, id=1668, stack(0x0000000016ef0000,0x0000000016ff0000)]
  0x000000001640d000 JavaThread "C2 CompilerThread1" daemon [_thread_blocked, id=4700, stack(0x0000000016ce0000,0x0000000016de0000)]
  0x00000000163fe000 JavaThread "C2 CompilerThread0" daemon [_thread_blocked, id=9168, stack(0x0000000016b30000,0x0000000016c30000)]
  0x000000001640b000 JavaThread "Attach Listener" daemon [_thread_blocked, id=6080, stack(0x0000000016810000,0x0000000016910000)]
  0x0000000016409800 JavaThread "Signal Dispatcher" daemon [_thread_blocked, id=8500, stack(0x0000000016970000,0x0000000016a70000)]
  0x0000000014ef5000 JavaThread "Finalizer" daemon [_thread_blocked, id=8796, stack(0x00000000161e0000,0x00000000162e0000)]
  0x0000000014eea000 JavaThread "Reference Handler" daemon [_thread_blocked, id=3220, stack(0x00000000162f0000,0x00000000163f0000)]
  0x00000000023ef000 JavaThread "main" [_thread_blocked, id=7912, stack(0x00000000026d0000,0x00000000027d0000)]

Other Threads:
  0x0000000014ee6800 VMThread [stack: 0x0000000016080000,0x0000000016180000] [id=6468]
  0x00000000164a2800 WatcherThread [stack: 0x0000000015f60000,0x0000000016060000] [id=3440]

VM state:not at safepoint (normal execution)

VM Mutex/Monitor currently owned by a thread: None

Heap:
 PSYoungGen      total 233472K, used 137273K [0x00000000eab00000, 0x00000000ff100000, 0x0000000100000000)
  eden space 138752K, 88% used [0x00000000eab00000,0x00000000f237d948,0x00000000f3280000)
  from space 94720K, 14% used [0x00000000f3280000,0x00000000f4010d28,0x00000000f8f00000)
  to   space 89600K, 0% used [0x00000000f9980000,0x00000000f9980000,0x00000000ff100000)
 ParOldGen       total 297984K, used 104891K [0x00000000c0000000, 0x00000000d2300000, 0x00000000eab00000)
  object space 297984K, 35% used [0x00000000c0000000,0x00000000c666ec28,0x00000000d2300000)
 Metaspace       used 83373K, capacity 89098K, committed 153600K, reserved 1167360K
  class space    used 11713K, capacity 13526K, committed 35328K, reserved 1048576K

Card table byte_map: [0x0000000011b90000,0x0000000011da0000] byte_map_base: 0x0000000011590000

Marking Bits: (ParMarkBitMap*) 0x00000000511012b0
 Begin Bits: [0x0000000012360000, 0x0000000013360000)
 End Bits:   [0x0000000013360000, 0x0000000014360000)

Polling page: 0x0000000001c60000

CodeCache: size=245760Kb used=61646Kb max_used=64480Kb free=184113Kb
 bounds [0x00000000027d0000, 0x0000000006750000, 0x00000000117d0000]
 total_blobs=17071 nmethods=16365 adapters=616
 compilation: enabled

Compilation events (10 events):
Event: 6861.437 Thread 0x000000001640f000 39078       3       com.google.common.collect.ImmutableList::asImmutableList (66 bytes)
Event: 6861.438 Thread 0x000000001640f000 nmethod 39078 0x00000000049ba4d0 code [0x00000000049ba720, 0x00000000049bb538]
Event: 6861.438 Thread 0x000000001640f000 39079       3       com.google.common.base.CharMatcher$13::matches (22 bytes)
Event: 6861.438 Thread 0x000000001640f000 nmethod 39079 0x0000000005595a50 code [0x0000000005595ba0, 0x0000000005595d90]
Event: 6861.438 Thread 0x000000001640f000 39080       3       com.google.common.base.Ascii::isLowerCase (18 bytes)
Event: 6861.439 Thread 0x000000001640f000 nmethod 39080 0x0000000005651490 code [0x00000000056515e0, 0x00000000056517b0]
Event: 6861.440 Thread 0x000000001640f000 39081       3       com.google.common.base.Preconditions::checkPositionIndex (8 bytes)
Event: 6861.440 Thread 0x000000001640f000 nmethod 39081 0x0000000005de72d0 code [0x0000000005de7460, 0x0000000005de7738]
Event: 6861.440 Thread 0x000000001640f000 39082       3       com.google.common.base.Preconditions::checkPositionIndex (25 bytes)
Event: 6861.440 Thread 0x000000001640f000 nmethod 39082 0x0000000005df47d0 code [0x0000000005df4940, 0x0000000005df4bb8]

GC Heap History (10 events):
Event: 5833.577 GC heap before
{Heap before GC invocations=213 (full 39):
 PSYoungGen      total 233472K, used 133600K [0x00000000eab00000, 0x00000000ffb00000, 0x0000000100000000)
  eden space 123904K, 100% used [0x00000000eab00000,0x00000000f2400000,0x00000000f2400000)
  from space 109568K, 8% used [0x00000000f2400000,0x00000000f2d78000,0x00000000f8f00000)
  to   space 105984K, 0% used [0x00000000f9380000,0x00000000f9380000,0x00000000ffb00000)
 ParOldGen       total 297984K, used 198396K [0x00000000c0000000, 0x00000000d2300000, 0x00000000eab00000)
  object space 297984K, 66% used [0x00000000c0000000,0x00000000cc1bf378,0x00000000d2300000)
 Metaspace       used 73482K, capacity 78090K, committed 153600K, reserved 1167360K
  class space    used 10154K, capacity 11502K, committed 35328K, reserved 1048576K
Event: 5833.613 GC heap after
Heap after GC invocations=213 (full 39):
 PSYoungGen      total 235008K, used 6464K [0x00000000eab00000, 0x00000000ff680000, 0x0000000100000000)
  eden space 133632K, 0% used [0x00000000eab00000,0x00000000eab00000,0x00000000f2d80000)
  from space 101376K, 6% used [0x00000000f9380000,0x00000000f99d0000,0x00000000ff680000)
  to   space 102912K, 0% used [0x00000000f2d80000,0x00000000f2d80000,0x00000000f9200000)
 ParOldGen       total 297984K, used 208092K [0x00000000c0000000, 0x00000000d2300000, 0x00000000eab00000)
  object space 297984K, 69% used [0x00000000c0000000,0x00000000ccb37378,0x00000000d2300000)
 Metaspace       used 73482K, capacity 78090K, committed 153600K, reserved 1167360K
  class space    used 10154K, capacity 11502K, committed 35328K, reserved 1048576K
}
Event: 5902.456 GC heap before
{Heap before GC invocations=214 (full 39):
 PSYoungGen      total 235008K, used 138998K [0x00000000eab00000, 0x00000000ff680000, 0x0000000100000000)
  eden space 133632K, 99% used [0x00000000eab00000,0x00000000f2c6daa8,0x00000000f2d80000)
  from space 101376K, 6% used [0x00000000f9380000,0x00000000f99d0000,0x00000000ff680000)
  to   space 102912K, 0% used [0x00000000f2d80000,0x00000000f2d80000,0x00000000f9200000)
 ParOldGen       total 297984K, used 208092K [0x00000000c0000000, 0x00000000d2300000, 0x00000000eab00000)
  object space 297984K, 69% used [0x00000000c0000000,0x00000000ccb37378,0x00000000d2300000)
 Metaspace       used 75042K, capacity 79738K, committed 153600K, reserved 1167360K
  class space    used 10428K, capacity 11837K, committed 35328K, reserved 1048576K
Event: 5902.482 GC heap after
Heap after GC invocations=214 (full 39):
 PSYoungGen      total 138240K, used 4204K [0x00000000eab00000, 0x00000000ff080000, 0x0000000100000000)
  eden space 133632K, 0% used [0x00000000eab00000,0x00000000eab00000,0x00000000f2d80000)
  from space 4608K, 91% used [0x00000000f2d80000,0x00000000f319b050,0x00000000f3200000)
  to   space 99840K, 0% used [0x00000000f8f00000,0x00000000f8f00000,0x00000000ff080000)
 ParOldGen       total 297984K, used 212692K [0x00000000c0000000, 0x00000000d2300000, 0x00000000eab00000)
  object space 297984K, 71% used [0x00000000c0000000,0x00000000ccfb5378,0x00000000d2300000)
 Metaspace       used 75042K, capacity 79738K, committed 153600K, reserved 1167360K
  class space    used 10428K, capacity 11837K, committed 35328K, reserved 1048576K
}
Event: 5902.482 GC heap before
{Heap before GC invocations=215 (full 40):
 PSYoungGen      total 138240K, used 4204K [0x00000000eab00000, 0x00000000ff080000, 0x0000000100000000)
  eden space 133632K, 0% used [0x00000000eab00000,0x00000000eab00000,0x00000000f2d80000)
  from space 4608K, 91% used [0x00000000f2d80000,0x00000000f319b050,0x00000000f3200000)
  to   space 99840K, 0% used [0x00000000f8f00000,0x00000000f8f00000,0x00000000ff080000)
 ParOldGen       total 297984K, used 212692K [0x00000000c0000000, 0x00000000d2300000, 0x00000000eab00000)
  object space 297984K, 71% used [0x00000000c0000000,0x00000000ccfb5378,0x00000000d2300000)
 Metaspace       used 75042K, capacity 79738K, committed 153600K, reserved 1167360K
  class space    used 10428K, capacity 11837K, committed 35328K, reserved 1048576K
Event: 5902.874 GC heap after
Heap after GC invocations=215 (full 40):
 PSYoungGen      total 138240K, used 0K [0x00000000eab00000, 0x00000000ff080000, 0x0000000100000000)
  eden space 133632K, 0% used [0x00000000eab00000,0x00000000eab00000,0x00000000f2d80000)
  from space 4608K, 0% used [0x00000000f2d80000,0x00000000f2d80000,0x00000000f3200000)
  to   space 99840K, 0% used [0x00000000f8f00000,0x00000000f8f00000,0x00000000ff080000)
 ParOldGen       total 297984K, used 94721K [0x00000000c0000000, 0x00000000d2300000, 0x00000000eab00000)
  object space 297984K, 31% used [0x00000000c0000000,0x00000000c5c806b0,0x00000000d2300000)
 Metaspace       used 75042K, capacity 79738K, committed 153600K, reserved 1167360K
  class space    used 10428K, capacity 11837K, committed 35328K, reserved 1048576K
}
Event: 6859.833 GC heap before
{Heap before GC invocations=216 (full 40):
 PSYoungGen      total 138240K, used 133632K [0x00000000eab00000, 0x00000000ff080000, 0x0000000100000000)
  eden space 133632K, 100% used [0x00000000eab00000,0x00000000f2d80000,0x00000000f2d80000)
  from space 4608K, 0% used [0x00000000f2d80000,0x00000000f2d80000,0x00000000f3200000)
  to   space 99840K, 0% used [0x00000000f8f00000,0x00000000f8f00000,0x00000000ff080000)
 ParOldGen       total 297984K, used 94721K [0x00000000c0000000, 0x00000000d2300000, 0x00000000eab00000)
  object space 297984K, 31% used [0x00000000c0000000,0x00000000c5c806b0,0x00000000d2300000)
 Metaspace       used 79255K, capacity 84398K, committed 153600K, reserved 1167360K
  class space    used 11030K, capacity 12625K, committed 35328K, reserved 1048576K
Event: 6859.845 GC heap after
Heap after GC invocations=216 (full 40):
 PSYoungGen      total 238592K, used 14900K [0x00000000eab00000, 0x00000000ff600000, 0x0000000100000000)
  eden space 138752K, 0% used [0x00000000eab00000,0x00000000eab00000,0x00000000f3280000)
  from space 99840K, 14% used [0x00000000f8f00000,0x00000000f9d8d348,0x00000000ff080000)
  to   space 94720K, 0% used [0x00000000f3280000,0x00000000f3280000,0x00000000f8f00000)
 ParOldGen       total 297984K, used 94721K [0x00000000c0000000, 0x00000000d2300000, 0x00000000eab00000)
  object space 297984K, 31% used [0x00000000c0000000,0x00000000c5c806b0,0x00000000d2300000)
 Metaspace       used 79255K, capacity 84398K, committed 153600K, reserved 1167360K
  class space    used 11030K, capacity 12625K, committed 35328K, reserved 1048576K
}
Event: 6860.672 GC heap before
{Heap before GC invocations=217 (full 40):
 PSYoungGen      total 238592K, used 153652K [0x00000000eab00000, 0x00000000ff600000, 0x0000000100000000)
  eden space 138752K, 100% used [0x00000000eab00000,0x00000000f3280000,0x00000000f3280000)
  from space 99840K, 14% used [0x00000000f8f00000,0x00000000f9d8d348,0x00000000ff080000)
  to   space 94720K, 0% used [0x00000000f3280000,0x00000000f3280000,0x00000000f8f00000)
 ParOldGen       total 297984K, used 94721K [0x00000000c0000000, 0x00000000d2300000, 0x00000000eab00000)
  object space 297984K, 31% used [0x00000000c0000000,0x00000000c5c806b0,0x00000000d2300000)
 Metaspace       used 81911K, capacity 87288K, committed 153600K, reserved 1167360K
  class space    used 11474K, capacity 13192K, committed 35328K, reserved 1048576K
Event: 6860.711 GC heap after
Heap after GC invocations=217 (full 40):
 PSYoungGen      total 233472K, used 13891K [0x00000000eab00000, 0x00000000ff100000, 0x0000000100000000)
  eden space 138752K, 0% used [0x00000000eab00000,0x00000000eab00000,0x00000000f3280000)
  from space 94720K, 14% used [0x00000000f3280000,0x00000000f4010d28,0x00000000f8f00000)
  to   space 89600K, 0% used [0x00000000f9980000,0x00000000f9980000,0x00000000ff100000)
 ParOldGen       total 297984K, used 104891K [0x00000000c0000000, 0x00000000d2300000, 0x00000000eab00000)
  object space 297984K, 35% used [0x00000000c0000000,0x00000000c666ec28,0x00000000d2300000)
 Metaspace       used 81911K, capacity 87288K, committed 153600K, reserved 1167360K
  class space    used 11474K, capacity 13192K, committed 35328K, reserved 1048576K
}

Deoptimization events (10 events):
Event: 6860.909 Thread 0x000000001a2e0000 Uncommon trap: reason=class_check action=maybe_recompile pc=0x0000000004de4260 method=com.sun.org.apache.xerces.internal.parsers.AbstractSAXParser.startElement(Lcom/sun/org/apache/xerces/internal/xni/QName;Lcom/sun/org/apache/xerces/internal/xni/XMLAttribuf8Í¢ËÃ∫@
Event: 6860.909 Thread 0x000000001a2e0000 Uncommon trap: reason=class_check action=maybe_recompile pc=0x0000000004de4260 method=com.sun.org.apache.xerces.internal.parsers.AbstractSAXParser.startElement(Lcom/sun/org/apache/xerces/internal/xni/QName;Lcom/sun/org/apache/xerces/internal/xni/XMLAttribuéÚQÕ∫@
Event: 6861.055 Thread 0x000000001a2e0000 Uncommon trap: reason=array_check action=maybe_recompile pc=0x00000000065c974c method=org.codehaus.groovy.reflection.ParameterTypes.makeCommonArray([Ljava/lang/Object;ILjava/lang/Class;)Ljava/lang/Object; @ 46
Event: 6861.143 Thread 0x000000001a2e0000 Uncommon trap: reason=class_check action=maybe_recompile pc=0x000000000591e7fc method=org.gradle.internal.component.local.model.DefaultLocalComponentMetaData.addDependency(Lorg/gradle/internal/component/model/DependencyMetaData;)V @ 16
Event: 6861.145 Thread 0x000000001a2e0000 Uncommon trap: reason=class_check action=maybe_recompile pc=0x000000000591e7fc method=org.gradle.internal.component.local.model.DefaultLocalComponentMetaData.addDependency(Lorg/gradle/internal/component/model/DependencyMetaData;)V @ 16
Event: 6861.160 Thread 0x000000001a2e0000 Uncommon trap: reason=array_check action=maybe_recompile pc=0x00000000065c974c method=org.codehaus.groovy.reflection.ParameterTypes.makeCommonArray([Ljava/lang/Object;ILjava/lang/Class;)Ljava/lang/Object; @ 46
Event: 6861.253 Thread 0x000000001a2e0000 Uncommon trap: reason=class_check action=maybe_recompile pc=0x000000000591e7fc method=org.gradle.internal.component.local.model.DefaultLocalComponentMetaData.addDependency(Lorg/gradle/internal/component/model/DependencyMetaData;)V @ 16
Event: 6861.255 Thread 0x000000001a2e0000 Uncommon trap: reason=class_check action=maybe_recompile pc=0x000000000591e7fc method=org.gradle.internal.component.local.model.DefaultLocalComponentMetaData.addDependency(Lorg/gradle/internal/component/model/DependencyMetaData;)V @ 16
Event: 6861.265 Thread 0x000000001a2e0000 Uncommon trap: reason=array_check action=maybe_recompile pc=0x00000000065c974c method=org.codehaus.groovy.reflection.ParameterTypes.makeCommonArray([Ljava/lang/Object;ILjava/lang/Class;)Ljava/lang/Object; @ 46
Event: 6861.302 Thread 0x000000001a2e0000 Uncommon trap: reason=class_check action=maybe_recompile pc=0x00000000062ed90c method=org.gradle.internal.component.local.model.DefaultLocalComponentMetaData.addDependency(Lorg/gradle/internal/component/model/DependencyMetaData;)V @ 16

Internal exceptions (10 events):
Event: 6861.445 Thread 0x000000001a2e0000 Exception <a 'java/security/PrivilegedActionException'> (0x00000000f2157e18) thrown at [C:\re\workspace\8-2-build-windows-amd64-cygwin\jdk8u11\648\hotspot\src\share\vm\prims\jvm.cpp, line 1248]
Event: 6861.445 Thread 0x000000001a2e0000 Exception <a 'java/security/PrivilegedActionException'> (0x00000000f2159068) thrown at [C:\re\workspace\8-2-build-windows-amd64-cygwin\jdk8u11\648\hotspot\src\share\vm\prims\jvm.cpp, line 1248]
Event: 6861.445 Thread 0x000000001a2e0000 Exception <a 'java/security/PrivilegedActionException'> (0x00000000f215a2b0) thrown at [C:\re\workspace\8-2-build-windows-amd64-cygwin\jdk8u11\648\hotspot\src\share\vm\prims\jvm.cpp, line 1248]
Event: 6861.445 Thread 0x000000001a2e0000 Exception <a 'java/security/PrivilegedActionException'> (0x00000000f2161238) thrown at [C:\re\workspace\8-2-build-windows-amd64-cygwin\jdk8u11\648\hotspot\src\share\vm\prims\jvm.cpp, line 1248]
Event: 6861.445 Thread 0x000000001a2e0000 Exception <a 'java/lang/ClassNotFoundException': com/android/build/gradle/internal/tasks/PrepareLibraryTaskCustomizer> (0x00000000f21617c0) thrown at [C:\re\workspace\8-2-build-windows-amd64-cygwin\jdk8u11\648\hotspot\src\share\vm\classfile\systemDictionart”^ÙqÕ∫@
Event: 6861.445 Thread 0x000000001a2e0000 Exception <a 'java/security/PrivilegedActionException'> (0x00000000f217c8d8) thrown at [C:\re\workspace\8-2-build-windows-amd64-cygwin\jdk8u11\648\hotspot\src\share\vm\prims\jvm.cpp, line 1248]
Event: 6861.445 Thread 0x000000001a2e0000 Exception <a 'java/security/PrivilegedActionException'> (0x00000000f217dc00) thrown at [C:\re\workspace\8-2-build-windows-amd64-cygwin\jdk8u11\648\hotspot\src\share\vm\prims\jvm.cpp, line 1248]
Event: 6861.445 Thread 0x000000001a2e0000 Exception <a 'java/security/PrivilegedActionException'> (0x00000000f217ebc0) thrown at [C:\re\workspace\8-2-build-windows-amd64-cygwin\jdk8u11\648\hotspot\src\share\vm\prims\jvm.cpp, line 1248]
Event: 6861.445 Thread 0x000000001a2e0000 Exception <a 'java/security/PrivilegedActionException'> (0x00000000f2186308) thrown at [C:\re\workspace\8-2-build-windows-amd64-cygwin\jdk8u11\648\hotspot\src\share\vm\prims\jvm.cpp, line 1248]
Event: 6861.445 Thread 0x000000001a2e0000 Exception <a 'java/lang/ClassNotFoundException': com/android/build/gradle/internal/tasks/PrepareLibraryTask_DecoratedCustomizer> (0x00000000f21868a8) thrown at [C:\re\workspace\8-2-build-windows-amd64-cygwin\jdk8u11\648\hotspot\src\share\vm\classfile\systet*‹qÕ∫@

Events (10 events):
Event: 6861.445 loading class com/android/build/gradle/internal/tasks/PrepareLibraryTaskBeanInfo
Event: 6861.445 loading class com/android/build/gradle/internal/tasks/PrepareLibraryTaskBeanInfo done
Event: 6861.445 loading class com/android/build/gradle/internal/tasks/PrepareLibraryTaskCustomizer
Event: 6861.445 loading class com/android/build/gradle/internal/tasks/PrepareLibraryTaskCustomizer done
Event: 6861.445 loading class com/android/build/gradle/internal/tasks/PrepareLibraryTaskCustomizer
Event: 6861.445 loading class com/android/build/gradle/internal/tasks/PrepareLibraryTaskCustomizer done
Event: 6861.445 loading class com/android/build/gradle/internal/tasks/PrepareLibraryTask_DecoratedCustomizer
Event: 6861.445 loading class com/android/build/gradle/internal/tasks/PrepareLibraryTask_DecoratedCustomizer done
Event: 6861.445 loading class com/android/build/gradle/internal/tasks/PrepareLibraryTask_DecoratedCustomizer
Event: 6861.445 loading class com/android/build/gradle/internal/tasks/PrepareLibraryTask_DecoratedCustomizer done


Dynamic libraries:
0x000000013f500000 - 0x000000013f534000 	C:\Program Files\Java\jdk1.8.0_11\bin\java.exe
0x0000000077820000 - 0x00000000779ca000 	C:\Windows\SYSTEM32\ntdll.dll
0x0000000077600000 - 0x000000007771f000 	C:\Windows\system32\kernel32.dll
0x000007fefd8f0000 - 0x000007fefd95a000 	C:\Windows\system32\KERNELBASE.dll
0x000007fefe7c0000 - 0x000007fefe89b000 	C:\Windows\system32\ADVAPI32.dll
0x000007fefecf0000 - 0x000007fefed8f000 	C:\Windows\system32\msvcrt.dll
0x000007fefe8a0000 - 0x000007fefe8bf000 	C:\Windows\SYSTEM32\sechost.dll
0x000007feff760000 - 0x000007feff88d000 	C:\Windows\system32\RPCRT4.dll
0x0000000077720000 - 0x000000007781a000 	C:\Windows\system32\USER32.dll
0x000007fefedf0000 - 0x000007fefee57000 	C:\Windows\system32\GDI32.dll
0x000007fefe8c0000 - 0x000007fefe8ce000 	C:\Windows\system32\LPK.dll
0x000007fefd960000 - 0x000007fefda2a000 	C:\Windows\system32\USP10.dll
0x000007fefbfd0000 - 0x000007fefc1c4000 	C:\Windows\WinSxS\amd64_microsoft.windows.common-controls_6595b64144ccf1df_6.0.7601.18837_none_fa3b1e3d17594757\COMCTL32.dll
0x000007fefe8d0000 - 0x000007fefe941000 	C:\Windows\system32\SHLWAPI.dll
0x000007fefefe0000 - 0x000007feff00e000 	C:\Windows\system32\IMM32.DLL
0x000007fefe950000 - 0x000007fefea59000 	C:\Windows\system32\MSCTF.dll
0x0000000064ac0000 - 0x0000000064b92000 	C:\Program Files\Java\jdk1.8.0_11\jre\bin\msvcr100.dll
0x0000000050950000 - 0x000000005117a000 	C:\Program Files\Java\jdk1.8.0_11\jre\bin\server\jvm.dll
0x000007feef790000 - 0x000007feef799000 	C:\Windows\system32\WSOCK32.dll
0x000007feffae0000 - 0x000007feffb2d000 	C:\Windows\system32\WS2_32.dll
0x000007feff750000 - 0x000007feff758000 	C:\Windows\system32\NSI.dll
0x000007fef9ba0000 - 0x000007fef9bdb000 	C:\Windows\system32\WINMM.dll
0x00000000779f0000 - 0x00000000779f7000 	C:\Windows\system32\PSAPI.DLL
0x0000000072800000 - 0x000000007280f000 	C:\Program Files\Java\jdk1.8.0_11\jre\bin\verify.dll
0x00000000727d0000 - 0x00000000727f8000 	C:\Program Files\Java\jdk1.8.0_11\jre\bin\java.dll
0x00000000727b0000 - 0x00000000727c6000 	C:\Program Files\Java\jdk1.8.0_11\jre\bin\zip.dll
0x000007fefda30000 - 0x000007fefe7b9000 	C:\Windows\system32\SHELL32.dll
0x000007fefeae0000 - 0x000007fefece3000 	C:\Windows\system32\ole32.dll
0x000007fefd5b0000 - 0x000007fefd5bf000 	C:\Windows\system32\profapi.dll
0x000007fefcde0000 - 0x000007fefcdf8000 	C:\Windows\system32\CRYPTSP.dll
0x000007fefcae0000 - 0x000007fefcb27000 	C:\Windows\system32\rsaenh.dll
0x000007fefd5d0000 - 0x000007fefd5ee000 	C:\Windows\system32\USERENV.dll
0x000007fefd440000 - 0x000007fefd44f000 	C:\Windows\system32\CRYPTBASE.dll
0x0000000072490000 - 0x00000000724aa000 	C:\Program Files\Java\jdk1.8.0_11\jre\bin\net.dll
0x000007fefcd80000 - 0x000007fefcdd5000 	C:\Windows\system32\mswsock.dll
0x000007fefcd70000 - 0x000007fefcd77000 	C:\Windows\System32\wship6.dll
0x000007fefaea0000 - 0x000007fefaec7000 	C:\Windows\system32\IPHLPAPI.DLL
0x000007fefae20000 - 0x000007fefae2b000 	C:\Windows\system32\WINNSI.DLL
0x000007fefabf0000 - 0x000007fefac08000 	C:\Windows\system32\dhcpcsvc.DLL
0x000007fefabd0000 - 0x000007fefabe1000 	C:\Windows\system32\dhcpcsvc6.DLL
0x0000000072470000 - 0x0000000072481000 	C:\Program Files\Java\jdk1.8.0_11\jre\bin\nio.dll
0x000007fef5250000 - 0x000007fef5262000 	C:\Users\hufeng\AppData\Local\Temp\native-platform2183137619766789419dir\native-platform.dll
0x000007fefd3e0000 - 0x000007fefd437000 	C:\Windows\system32\apphelp.dll
0x0000000073d30000 - 0x0000000073d3d000 	C:\Program Files\Java\jdk1.8.0_11\jre\bin\management.dll
0x000007feedca0000 - 0x000007feeddc5000 	C:\Windows\system32\dbghelp.dll

VM Arguments:
jvm_args: -XX:MaxPermSize=256m -XX:+HeapDumpOnOutOfMemoryError -Xmx1024m -Dfile.encoding=GBK -Duser.country=CN -Duser.language=zh -Duser.variant 
java_command: org.gradle.launcher.daemon.bootstrap.GradleDaemon 2.2 C:\Users\hufeng\.gradle\daemon 10800000 d67de0b1-69c1-402e-a3c4-facfdede2da4 -XX:MaxPermSize=256m -XX:+HeapDumpOnOutOfMemoryError -Xmx1024m -Dfile.encoding=GBK -Duser.country=CN -Duser.language=zh -Duser.variant
java_class_path (initial): C:\Users\hufeng\.gradle\wrapper\dists\gradle-2.2-all\1vevkra640w3rb9hkuw50q5we\gradle-2.2\lib\gradle-launcher-2.2.jar
Launcher Type: SUN_STANDARD

Environment Variables:
JAVA_HOME=C:\Program Files\Java\jdk1.8.0_11
PATH=C:\ProgramData\Oracle\Java\javapath;C:\Program Files\Java\jdk1.8.0_11/bin;C:\Program Files (x86)\Intel\iCLS Client\;C:\Program Files\Intel\iCLS Client\;C:\Windows\system32;C:\Windows;C:\Windows\System32\Wbem;C:\Windows\System32\WindowsPowerShell\v1.0\;C:\Program Files\Intel\Intel(R) Management Engine Components\DAL;C:\Program Files (x86)\Intel\Intel(R) Management Engine Components\DAL;C:\Program Files\Intel\Intel(R) Management Engine Components\IPT;C:\Program Files (x86)\Intel\Intel(R) Management Engine Components\IPT;
USERNAME=hufeng
OS=Windows_NT
PROCESSOR_IDENTIFIER=Intel64 Family 6 Model 61 Stepping 4, GenuineIntel



---------------  S Y S T E M  ---------------

OS: Windows 7 , 64 bit Build 7601 Service Pack 1

CPU:total 4 (2 cores per cpu, 2 threads per core) family 6 model 61 stepping 4, cmov, cx8, fxsr, mmx, sse, sse2, sse3, ssse3, sse4.1, sse4.2, popcnt, avx, avx2, aes, clmul, erms, ht, tsc, tscinvbit

Memory: 4k page, physical 16598500k(10175120k free), swap 33195140k(26862652k free)

vm_info: Java HotSpot(TM) 64-Bit Server VM (25.11-b03) for windows-amd64 JRE (1.8.0_11-b12), built on Jun 16 2014 20:57:32 by "java_re" with MS VC++ 10.0 (VS2010)

time: Tue Jun 21 15:16:16 2016
elapsed time: 6861 seconds

