#
# A fatal error has been detected by the Java Runtime Environment:
#
#  EXCEPTION_ACCESS_VIOLATION (0xc0000005) at pc=0x0000000077b38e9f, pid=6468, tid=2888
#
# JRE version: Java(TM) SE Runtime Environment (8.0_11-b12) (build 1.8.0_11-b12)
# Java VM: Java HotSpot(TM) 64-Bit Server VM (25.11-b03 mixed mode windows-amd64 compressed oops)
# Problematic frame:
# C  [ntdll.dll+0x48e9f]
#
# Failed to write core dump. Minidumps are not enabled by default on client versions of Windows
#
# If you would like to submit a bug report, please visit:
#   http://bugreport.sun.com/bugreport/crash.jsp
# The crash happened outside the Java Virtual Machine in native code.
# See problematic frame for where to report the bug.
#

---------------  T H R E A D  ---------------

Current thread (0x000000005a08b000):  JavaThread "Daemon worker Thread 12" [_thread_in_native, id=2888, stack(0x0000000065af0000,0x0000000065bf0000)]

siginfo: ExceptionCode=0xc0000005, writing address 0x000000000000005c

Registers:
RAX=0x000000000000005c, RBX=0x0000000056a8da00, RCX=0x0000000056a8dad8, RDX=0x0000000000000116
RSP=0x0000000065bed150, RBP=0x000000000000fffe, RSI=0x0000000000000000, RDI=0x0000000056a8da00
R8 =0x000000000000008b, R9 =0x0000000000000116, R10=0x0000000000000000, R11=0x000000000000ffff
R12=0x0000000000000116, R13=0x0000000000000012, R14=0x0000000065bed350, R15=0x000000000000008b
RIP=0x0000000077b38e9f, EFLAGS=0x0000000000010246

Top of Stack: (sp=0x0000000065bed150)
0x0000000065bed150:   0000000077c003c8 0000000000000000
0x0000000065bed160:   0000000000000120 00000000002d0000
0x0000000065bed170:   0000000001180116 0000000056a8da00
0x0000000065bed180:   0000000065bed310 0000000077b3ffd8
0x0000000065bed190:   0000000000000000 0000000065bed460
0x0000000065bed1a0:   0000000056a8da00 00000000024c0470
0x0000000065bed1b0:   0000000000000001 0000000000000001
0x0000000065bed1c0:   0000000000000000 00000000024c0080
0x0000000065bed1d0:   0000000000000000 0000000000000116
0x0000000065bed1e0:   00000000024c1220 0000000000000000
0x0000000065bed1f0:   0000000000000000 00000000002d0000
0x0000000065bed200:   0000000000000000 0000000000000000
0x0000000065bed210:   0000000065bed398 0000000056a8da00
0x0000000065bed220:   0000000000000130 00000000002d0000
0x0000000065bed230:   0000000000000122 0000000000000122
0x0000000065bed240:   0000000000000000 0000000001180116 

Instructions: (pc=0x0000000077b38e9f)
0x0000000077b38e7f:   e2 fc 8b c2 48 01 41 18 8b 41 10 4c 89 44 c1 20
0x0000000077b38e8f:   ff 41 10 8b c2 c3 44 8a 74 24 40 e9 c0 55 00 00
0x0000000077b38e9f:   41 0f b7 c1 48 83 c1 02 48 d1 e8 48 8d 04 43 48
0x0000000077b38eaf:   3b c8 73 39 0f b7 01 66 83 c8 20 66 83 f8 70 0f 


Register to memory mapping:

RAX=0x000000000000005c is an unknown value
RBX=0x0000000056a8da00 is an unknown value
RCX=0x0000000056a8dad8 is an unknown value
RDX=0x0000000000000116 is an unknown value
RSP=0x0000000065bed150 is pointing into the stack for thread: 0x000000005a08b000
RBP=0x000000000000fffe is an unknown value
RSI=0x0000000000000000 is an unknown value
RDI=0x0000000056a8da00 is an unknown value
R8 =0x000000000000008b is an unknown value
R9 =0x0000000000000116 is an unknown value
R10=0x0000000000000000 is an unknown value
R11=0x000000000000ffff is an unknown value
R12=0x0000000000000116 is an unknown value
R13=0x0000000000000012 is an unknown value
R14=0x0000000065bed350 is pointing into the stack for thread: 0x000000005a08b000
R15=0x000000000000008b is an unknown value


Stack: [0x0000000065af0000,0x0000000065bf0000],  sp=0x0000000065bed150,  free space=1012k
Native frames: (J=compiled Java code, j=interpreted, Vv=VM code, C=native code)
C  [ntdll.dll+0x48e9f]
C  [ntdll.dll+0x4ffd8]
C  [ntdll.dll+0x50b4a]
C  [KERNELBASE.dll+0x7056]
C  [java.dll+0x9a74]
C  [java.dll+0x9b9f]
C  0x0000000002a09ac9

Java frames: (J=compiled Java code, j=interpreted, Vv=VM code)
J 494  java.io.WinNTFileSystem.getBooleanAttributes(Ljava/io/File;)I (0 bytes) @ 0x0000000002a09a4f [0x0000000002a09a00+0x4f]
J 21010 C2 org.gradle.api.internal.changedetection.state.DefaultFileCollectionSnapshotter$1.run()V (134 bytes) @ 0x00000000059b30ac [0x00000000059b25c0+0xaec]
J 21618 C2 org.gradle.cache.internal.DefaultCacheAccess.useCache(Ljava/lang/String;Lorg/gradle/internal/Factory;)Ljava/lang/Object; (180 bytes) @ 0x0000000003300c28 [0x0000000003300800+0x428]
J 21736 C2 org.gradle.cache.internal.DefaultCacheFactory$ReferenceTrackingCache.useCache(Ljava/lang/String;Ljava/lang/Runnable;)V (15 bytes) @ 0x0000000003aa343c [0x0000000003aa3320+0x11c]
J 8935 C1 org.gradle.api.internal.changedetection.state.DefaultTaskArtifactStateCacheAccess.useCache(Ljava/lang/String;Ljava/lang/Runnable;)V (12 bytes) @ 0x0000000003ae0cbc [0x0000000003ae0bc0+0xfc]
J 9812 C1 org.gradle.api.internal.changedetection.state.DefaultFileCollectionSnapshotter.snapshot(Lorg/gradle/api/file/FileCollection;)Lorg/gradle/api/internal/changedetection/state/FileCollectionSnapshot; (70 bytes) @ 0x0000000004282eb4 [0x0000000004282c80+0x234]
J 19050 C1 org.gradle.api.internal.changedetection.rules.TaskUpToDateState.<init>(Lorg/gradle/api/internal/TaskInternal;Lorg/gradle/api/internal/changedetection/state/TaskHistoryRepository$History;Lorg/gradle/api/internal/changedetection/state/FileCollectionSnapshotter;Lorg/gradle/api/internal/changedetection/state/FileCollectionSnapshotter;)V (281 bytes) @ 0x0000000003f081e4 [0x0000000003f06960+0x1884]
J 17756 C1 org.gradle.api.internal.changedetection.changes.DefaultTaskArtifactStateRepository$TaskArtifactStateImpl.getStates()Lorg/gradle/api/internal/changedetection/rules/TaskUpToDateState; (45 bytes) @ 0x000000000549c384 [0x000000000549c240+0x144]
J 17783 C1 org.gradle.api.internal.changedetection.changes.DefaultTaskArtifactStateRepository$TaskArtifactStateImpl.isUpToDate(Ljava/util/Collection;)Z (38 bytes) @ 0x00000000054bf684 [0x00000000054bf600+0x84]
J 17058 C1 org.gradle.api.internal.tasks.execution.SkipUpToDateTaskExecuter.execute(Lorg/gradle/api/internal/TaskInternal;Lorg/gradle/api/internal/tasks/TaskStateInternal;Lorg/gradle/api/internal/tasks/TaskExecutionContext;)V (221 bytes) @ 0x00000000052bbdbc [0x00000000052bb720+0x69c]
J 16147 C1 org.gradle.api.internal.tasks.execution.ValidatingTaskExecuter.execute(Lorg/gradle/api/internal/TaskInternal;Lorg/gradle/api/internal/tasks/TaskStateInternal;Lorg/gradle/api/internal/tasks/TaskExecutionContext;)V (221 bytes) @ 0x00000000045cb604 [0x00000000045c8f20+0x26e4]
J 9798 C1 org.gradle.api.internal.tasks.execution.SkipEmptySourceFilesTaskExecuter.execute(Lorg/gradle/api/internal/TaskInternal;Lorg/gradle/api/internal/tasks/TaskStateInternal;Lorg/gradle/api/internal/tasks/TaskExecutionContext;)V (62 bytes) @ 0x000000000427d22c [0x000000000427d0e0+0x14c]
J 16978 C1 org.gradle.api.internal.tasks.execution.SkipTaskWithNoActionsExecuter.execute(Lorg/gradle/api/internal/TaskInternal;Lorg/gradle/api/internal/tasks/TaskStateInternal;Lorg/gradle/api/internal/tasks/TaskExecutionContext;)V (116 bytes) @ 0x000000000526139c [0x00000000052607a0+0xbfc]
J 16975 C1 org.gradle.api.internal.tasks.execution.SkipOnlyIfTaskExecuter.execute(Lorg/gradle/api/internal/TaskInternal;Lorg/gradle/api/internal/tasks/TaskStateInternal;Lorg/gradle/api/internal/tasks/TaskExecutionContext;)V (90 bytes) @ 0x0000000005262fc4 [0x0000000005262200+0xdc4]
J 16974 C1 org.gradle.api.internal.tasks.execution.ExecuteAtMostOnceTaskExecuter.execute(Lorg/gradle/api/internal/TaskInternal;Lorg/gradle/api/internal/tasks/TaskStateInternal;Lorg/gradle/api/internal/tasks/TaskExecutionContext;)V (70 bytes) @ 0x000000000521dca4 [0x000000000521da00+0x2a4]
J 9718 C1 org.gradle.execution.taskgraph.AbstractTaskPlanExecutor$TaskExecutorWorker.executeTask(Lorg/gradle/execution/taskgraph/TaskInfo;)V (131 bytes) @ 0x000000000425bbb4 [0x000000000425b8c0+0x2f4]
J 9717 C1 org.gradle.execution.taskgraph.AbstractTaskPlanExecutor$TaskExecutorWorker.processTask(Lorg/gradle/execution/taskgraph/TaskInfo;)V (51 bytes) @ 0x000000000425b194 [0x000000000425b120+0x74]
j  org.gradle.execution.taskgraph.AbstractTaskPlanExecutor$TaskExecutorWorker.run()V+56
j  org.gradle.execution.taskgraph.DefaultTaskPlanExecutor.process(Lorg/gradle/execution/taskgraph/TaskExecutionPlan;Lorg/gradle/api/execution/TaskExecutionListener;)V+6
j  org.gradle.execution.taskgraph.DefaultTaskGraphExecuter.execute()V+46
j  org.gradle.execution.SelectedTaskExecutionAction.execute(Lorg/gradle/execution/BuildExecutionContext;)V+41
j  org.gradle.execution.DefaultBuildExecuter.execute(I)V+36
j  org.gradle.execution.DefaultBuildExecuter.access$200(Lorg/gradle/execution/DefaultBuildExecuter;I)V+2
j  org.gradle.execution.DefaultBuildExecuter$2.proceed()V+10
j  org.gradle.execution.DryRunBuildExecutionAction.execute(Lorg/gradle/execution/BuildExecutionContext;)V+68
j  org.gradle.execution.DefaultBuildExecuter.execute(I)V+36
j  org.gradle.execution.DefaultBuildExecuter.execute()V+2
j  org.gradle.initialization.DefaultGradleLauncher.doBuildStages(Lorg/gradle/initialization/DefaultGradleLauncher$Stage;)V+184
j  org.gradle.initialization.DefaultGradleLauncher.doBuild(Lorg/gradle/initialization/DefaultGradleLauncher$Stage;)Lorg/gradle/BuildResult;+27
j  org.gradle.initialization.DefaultGradleLauncher.run()Lorg/gradle/BuildResult;+4
j  org.gradle.launcher.exec.InProcessBuildActionExecuter$DefaultBuildController.run()Lorg/gradle/api/internal/GradleInternal;+5
j  org.gradle.tooling.internal.provider.BuildModelAction.run(Lorg/gradle/initialization/BuildController;)Lorg/gradle/tooling/internal/provider/BuildActionResult;+15
j  org.gradle.tooling.internal.provider.BuildModelAction.run(Lorg/gradle/initialization/BuildController;)Ljava/lang/Object;+2
j  org.gradle.tooling.internal.provider.ConfiguringBuildAction.run(Lorg/gradle/initialization/BuildController;)Ljava/lang/Object;+15
j  org.gradle.launcher.exec.InProcessBuildActionExecuter.execute(Lorg/gradle/initialization/BuildAction;Lorg/gradle/initialization/BuildCancellationToken;Lorg/gradle/launcher/exec/BuildActionParameters;)Ljava/lang/Object;+19
j  org.gradle.launcher.exec.InProcessBuildActionExecuter.execute(Lorg/gradle/initialization/BuildAction;Lorg/gradle/initialization/BuildCancellationToken;Ljava/lang/Object;)Ljava/lang/Object;+7
j  org.gradle.launcher.daemon.server.exec.ExecuteBuild.doBuild(Lorg/gradle/launcher/daemon/server/exec/DaemonCommandExecution;Lorg/gradle/launcher/daemon/protocol/Build;)V+47
j  org.gradle.launcher.daemon.server.exec.BuildCommandOnly.execute(Lorg/gradle/launcher/daemon/server/exec/DaemonCommandExecution;)V+49
j  org.gradle.launcher.daemon.server.exec.DaemonCommandExecution.proceed()Z+28
j  org.gradle.launcher.daemon.server.exec.WatchForDisconnection.execute(Lorg/gradle/launcher/daemon/server/exec/DaemonCommandExecution;)V+19
j  org.gradle.launcher.daemon.server.exec.DaemonCommandExecution.proceed()Z+28
j  org.gradle.launcher.daemon.server.exec.ResetDeprecationLogger.execute(Lorg/gradle/launcher/daemon/server/exec/DaemonCommandExecution;)V+4
j  org.gradle.launcher.daemon.server.exec.DaemonCommandExecution.proceed()Z+28
j  org.gradle.launcher.daemon.server.exec.StartStopIfBuildAndStop.execute(Lorg/gradle/launcher/daemon/server/exec/DaemonCommandExecution;)V+34
j  org.gradle.launcher.daemon.server.exec.DaemonCommandExecution.proceed()Z+28
j  org.gradle.launcher.daemon.server.exec.ForwardClientInput$2.call()Ljava/lang/Void;+4
j  org.gradle.launcher.daemon.server.exec.ForwardClientInput$2.call()Ljava/lang/Object;+1
j  org.gradle.util.Swapper.swap(Ljava/lang/Object;Ljava/util/concurrent/Callable;)Ljava/lang/Object;+21
j  org.gradle.launcher.daemon.server.exec.ForwardClientInput.execute(Lorg/gradle/launcher/daemon/server/exec/DaemonCommandExecution;)V+63
j  org.gradle.launcher.daemon.server.exec.DaemonCommandExecution.proceed()Z+28
j  org.gradle.launcher.daemon.server.exec.LogToClient.doBuild(Lorg/gradle/launcher/daemon/server/exec/DaemonCommandExecution;Lorg/gradle/launcher/daemon/protocol/Build;)V+92
j  org.gradle.launcher.daemon.server.exec.BuildCommandOnly.execute(Lorg/gradle/launcher/daemon/server/exec/DaemonCommandExecution;)V+49
j  org.gradle.launcher.daemon.server.exec.DaemonCommandExecution.proceed()Z+28
j  org.gradle.launcher.daemon.server.exec.EstablishBuildEnvironment.doBuild(Lorg/gradle/launcher/daemon/server/exec/DaemonCommandExecution;Lorg/gradle/launcher/daemon/protocol/Build;)V+237
j  org.gradle.launcher.daemon.server.exec.BuildCommandOnly.execute(Lorg/gradle/launcher/daemon/server/exec/DaemonCommandExecution;)V+49
j  org.gradle.launcher.daemon.server.exec.DaemonCommandExecution.proceed()Z+28
j  org.gradle.launcher.daemon.server.exec.DaemonHygieneAction.execute(Lorg/gradle/launcher/daemon/server/exec/DaemonCommandExecution;)V+1
j  org.gradle.launcher.daemon.server.exec.DaemonCommandExecution.proceed()Z+28
j  org.gradle.launcher.daemon.server.exec.StartBuildOrRespondWithBusy$1.run()V+44
j  org.gradle.launcher.daemon.server.DaemonStateCoordinator$1.run()V+4
j  org.gradle.internal.concurrent.DefaultExecutorFactory$StoppableExecutorImpl$1.run()V+18
j  java.util.concurrent.ThreadPoolExecutor.runWorker(Ljava/util/concurrent/ThreadPoolExecutor$Worker;)V+95
j  java.util.concurrent.ThreadPoolExecutor$Worker.run()V+5
j  java.lang.Thread.run()V+11
v  ~StubRoutines::call_stub

---------------  P R O C E S S  ---------------

Java Threads: ( => current thread )
  0x000000005a081000 JavaThread "Stdin handler" [_thread_blocked, id=8132, stack(0x0000000057cb0000,0x0000000057db0000)]
=>0x000000005a08b000 JavaThread "Daemon worker Thread 12" [_thread_in_native, id=2888, stack(0x0000000065af0000,0x0000000065bf0000)]
  0x000000005a08a000 JavaThread "Cancel handler" [_thread_blocked, id=6252, stack(0x0000000058650000,0x0000000058750000)]
  0x000000005a082800 JavaThread "Handler for socket connection from /127.0.0.1:49561 to /127.0.0.1:64576" [_thread_in_native, id=9212, stack(0x000000005ce30000,0x000000005cf30000)]
  0x000000005a07f000 JavaThread "Daemon Thread 12" [_thread_blocked, id=9160, stack(0x0000000058180000,0x0000000058280000)]
  0x0000000058c4b800 JavaThread "File lock request listener" [_thread_in_native, id=6432, stack(0x000000005ab70000,0x000000005ac70000)]
  0x00000000579ad000 JavaThread "Incoming local TCP Connector on port 49561" [_thread_in_native, id=5300, stack(0x0000000057e10000,0x0000000057f10000)]
  0x000000005677d800 JavaThread "Service Thread" daemon [_thread_blocked, id=932, stack(0x0000000057050000,0x0000000057150000)]
  0x000000005530f000 JavaThread "C1 CompilerThread2" daemon [_thread_blocked, id=5080, stack(0x0000000056e80000,0x0000000056f80000)]
  0x000000005530d000 JavaThread "C2 CompilerThread1" daemon [_thread_blocked, id=4464, stack(0x0000000056380000,0x0000000056480000)]
  0x000000005676e000 JavaThread "C2 CompilerThread0" daemon [_thread_blocked, id=6024, stack(0x0000000056d50000,0x0000000056e50000)]
  0x000000005677b000 JavaThread "Attach Listener" daemon [_thread_blocked, id=3980, stack(0x0000000056c50000,0x0000000056d50000)]
  0x0000000056779800 JavaThread "Signal Dispatcher" daemon [_thread_blocked, id=6396, stack(0x0000000056160000,0x0000000056260000)]
  0x00000000552a5000 JavaThread "Finalizer" daemon [_thread_blocked, id=4136, stack(0x0000000056660000,0x0000000056760000)]
  0x000000005529a000 JavaThread "Reference Handler" daemon [_thread_blocked, id=6764, stack(0x0000000056480000,0x0000000056580000)]
  0x00000000002df000 JavaThread "main" [_thread_blocked, id=6720, stack(0x00000000026f0000,0x00000000027f0000)]

Other Threads:
  0x0000000055296800 VMThread [stack: 0x0000000056270000,0x0000000056370000] [id=2036]
  0x0000000056786000 WatcherThread [stack: 0x0000000057280000,0x0000000057380000] [id=6300]

VM state:not at safepoint (normal execution)

VM Mutex/Monitor currently owned by a thread: None

Heap:
 PSYoungGen      total 249856K, used 90575K [0x00000000eab00000, 0x00000000ff300000, 0x0000000100000000)
  eden space 168960K, 36% used [0x00000000eab00000,0x00000000ee759dc8,0x00000000f5000000)
  from space 80896K, 35% used [0x00000000fa400000,0x00000000fc019ed8,0x00000000ff300000)
  to   space 83456K, 0% used [0x00000000f5000000,0x00000000f5000000,0x00000000fa180000)
 ParOldGen       total 235520K, used 222218K [0x00000000c0000000, 0x00000000ce600000, 0x00000000eab00000)
  object space 235520K, 94% used [0x00000000c0000000,0x00000000cd902a90,0x00000000ce600000)
 Metaspace       used 157781K, capacity 170606K, committed 171392K, reserved 1193984K
  class space    used 22954K, capacity 27474K, committed 27776K, reserved 1048576K

Card table byte_map: [0x0000000011bb0000,0x0000000011dc0000] byte_map_base: 0x00000000115b0000

Marking Bits: (ParMarkBitMap*) 0x000000005d7912b0
 Begin Bits: [0x0000000012710000, 0x0000000013710000)
 End Bits:   [0x0000000013710000, 0x0000000014710000)

Polling page: 0x0000000000230000

CodeCache: size=245760Kb used=50885Kb max_used=53724Kb free=194874Kb
 bounds [0x00000000027f0000, 0x0000000005cb0000, 0x00000000117f0000]
 total_blobs=16002 nmethods=15265 adapters=647
 compilation: enabled

Compilation events (10 events):
Event: 5223.452 Thread 0x000000005530f000 22385       3       com.google.common.base.Preconditions::checkPositionIndex (8 bytes)
Event: 5223.452 Thread 0x000000005530f000 nmethod 22385 0x000000000292ac50 code [0x000000000292ade0, 0x000000000292b0b8]
Event: 5223.452 Thread 0x000000005530f000 22386       3       com.google.common.base.Preconditions::checkPositionIndex (25 bytes)
Event: 5223.452 Thread 0x000000005530f000 nmethod 22386 0x0000000003104e50 code [0x0000000003104fc0, 0x0000000003105238]
Event: 5223.510 Thread 0x000000005530f000 22387       3       com.google.common.collect.ObjectArrays::checkElementNotNull (33 bytes)
Event: 5223.510 Thread 0x000000005530f000 nmethod 22387 0x0000000004be7c50 code [0x0000000004be7e20, 0x0000000004be85b8]
Event: 5223.534 Thread 0x000000005530f000 22388       3       com.google.common.collect.ArrayListMultimap::create (8 bytes)
Event: 5223.535 Thread 0x000000005530f000 nmethod 22388 0x000000000514df90 code [0x000000000514e160, 0x000000000514e828]
Event: 5223.535 Thread 0x000000005530f000 22389       3       com.google.common.collect.ArrayListMultimap::<init> (17 bytes)
Event: 5223.536 Thread 0x000000005530f000 nmethod 22389 0x00000000033e4410 code [0x00000000033e45c0, 0x00000000033e4be8]

GC Heap History (10 events):
Event: 5152.660 GC heap before
{Heap before GC invocations=99 (full 20):
 PSYoungGen      total 232448K, used 224212K [0x00000000eab00000, 0x00000000fe700000, 0x0000000100000000)
  eden space 162816K, 100% used [0x00000000eab00000,0x00000000f4a00000,0x00000000f4a00000)
  from space 69632K, 88% used [0x00000000f9480000,0x00000000fd0753e8,0x00000000fd880000)
  to   space 76288K, 0% used [0x00000000f4a00000,0x00000000f4a00000,0x00000000f9480000)
 ParOldGen       total 235520K, used 168037K [0x00000000c0000000, 0x00000000ce600000, 0x00000000eab00000)
  object space 235520K, 71% used [0x00000000c0000000,0x00000000ca419500,0x00000000ce600000)
 Metaspace       used 148607K, capacity 160158K, committed 162176K, reserved 1185792K
  class space    used 21540K, capacity 25587K, committed 25984K, reserved 1048576K
Event: 5152.724 GC heap after
Heap after GC invocations=99 (full 20):
 PSYoungGen      total 239104K, used 70553K [0x00000000eab00000, 0x00000000ff380000, 0x0000000100000000)
  eden space 162816K, 0% used [0x00000000eab00000,0x00000000eab00000,0x00000000f4a00000)
  from space 76288K, 92% used [0x00000000f4a00000,0x00000000f8ee67c8,0x00000000f9480000)
  to   space 84480K, 0% used [0x00000000fa100000,0x00000000fa100000,0x00000000ff380000)
 ParOldGen       total 235520K, used 168037K [0x00000000c0000000, 0x00000000ce600000, 0x00000000eab00000)
  object space 235520K, 71% used [0x00000000c0000000,0x00000000ca419500,0x00000000ce600000)
 Metaspace       used 148607K, capacity 160158K, committed 162176K, reserved 1185792K
  class space    used 21540K, capacity 25587K, committed 25984K, reserved 1048576K
}
Event: 5153.417 GC heap before
{Heap before GC invocations=100 (full 20):
 PSYoungGen      total 239104K, used 124874K [0x00000000eab00000, 0x00000000ff380000, 0x0000000100000000)
  eden space 162816K, 33% used [0x00000000eab00000,0x00000000ee00c178,0x00000000f4a00000)
  from space 76288K, 92% used [0x00000000f4a00000,0x00000000f8ee67c8,0x00000000f9480000)
  to   space 84480K, 0% used [0x00000000fa100000,0x00000000fa100000,0x00000000ff380000)
 ParOldGen       total 235520K, used 168037K [0x00000000c0000000, 0x00000000ce600000, 0x00000000eab00000)
  object space 235520K, 71% used [0x00000000c0000000,0x00000000ca419500,0x00000000ce600000)
 Metaspace       used 149333K, capacity 161066K, committed 162816K, reserved 1185792K
  class space    used 21646K, capacity 25751K, committed 26112K, reserved 1048576K
Event: 5153.470 GC heap after
Heap after GC invocations=100 (full 20):
 PSYoungGen      total 249856K, used 57962K [0x00000000eab00000, 0x00000000ff780000, 0x0000000100000000)
  eden space 165376K, 0% used [0x00000000eab00000,0x00000000eab00000,0x00000000f4c80000)
  from space 84480K, 68% used [0x00000000fa100000,0x00000000fd99abe8,0x00000000ff380000)
  to   space 86528K, 0% used [0x00000000f4c80000,0x00000000f4c80000,0x00000000fa100000)
 ParOldGen       total 235520K, used 168037K [0x00000000c0000000, 0x00000000ce600000, 0x00000000eab00000)
  object space 235520K, 71% used [0x00000000c0000000,0x00000000ca419500,0x00000000ce600000)
 Metaspace       used 149333K, capacity 161066K, committed 162816K, reserved 1185792K
  class space    used 21646K, capacity 25751K, committed 26112K, reserved 1048576K
}
Event: 5153.470 GC heap before
{Heap before GC invocations=101 (full 21):
 PSYoungGen      total 249856K, used 57962K [0x00000000eab00000, 0x00000000ff780000, 0x0000000100000000)
  eden space 165376K, 0% used [0x00000000eab00000,0x00000000eab00000,0x00000000f4c80000)
  from space 84480K, 68% used [0x00000000fa100000,0x00000000fd99abe8,0x00000000ff380000)
  to   space 86528K, 0% used [0x00000000f4c80000,0x00000000f4c80000,0x00000000fa100000)
 ParOldGen       total 235520K, used 168037K [0x00000000c0000000, 0x00000000ce600000, 0x00000000eab00000)
  object space 235520K, 71% used [0x00000000c0000000,0x00000000ca419500,0x00000000ce600000)
 Metaspace       used 149333K, capacity 161066K, committed 162816K, reserved 1185792K
  class space    used 21646K, capacity 25751K, committed 26112K, reserved 1048576K
Event: 5155.163 GC heap after
Heap after GC invocations=101 (full 21):
 PSYoungGen      total 249856K, used 0K [0x00000000eab00000, 0x00000000ff780000, 0x0000000100000000)
  eden space 165376K, 0% used [0x00000000eab00000,0x00000000eab00000,0x00000000f4c80000)
  from space 84480K, 0% used [0x00000000fa100000,0x00000000fa100000,0x00000000ff380000)
  to   space 86528K, 0% used [0x00000000f4c80000,0x00000000f4c80000,0x00000000fa100000)
 ParOldGen       total 235520K, used 222202K [0x00000000c0000000, 0x00000000ce600000, 0x00000000eab00000)
  object space 235520K, 94% used [0x00000000c0000000,0x00000000cd8fea90,0x00000000ce600000)
 Metaspace       used 149333K, capacity 161066K, committed 162816K, reserved 1185792K
  class space    used 21646K, capacity 25751K, committed 26112K, reserved 1048576K
}
Event: 5222.154 GC heap before
{Heap before GC invocations=102 (full 21):
 PSYoungGen      total 249856K, used 165376K [0x00000000eab00000, 0x00000000ff780000, 0x0000000100000000)
  eden space 165376K, 100% used [0x00000000eab00000,0x00000000f4c80000,0x00000000f4c80000)
  from space 84480K, 0% used [0x00000000fa100000,0x00000000fa100000,0x00000000ff380000)
  to   space 86528K, 0% used [0x00000000f4c80000,0x00000000f4c80000,0x00000000fa100000)
 ParOldGen       total 235520K, used 222202K [0x00000000c0000000, 0x00000000ce600000, 0x00000000eab00000)
  object space 235520K, 94% used [0x00000000c0000000,0x00000000cd8fea90,0x00000000ce600000)
 Metaspace       used 154301K, capacity 166596K, committed 168064K, reserved 1189888K
  class space    used 22364K, capacity 26671K, committed 27008K, reserved 1048576K
Event: 5222.167 GC heap after
Heap after GC invocations=102 (full 21):
 PSYoungGen      total 251904K, used 19001K [0x00000000eab00000, 0x00000000ff800000, 0x0000000100000000)
  eden space 165376K, 0% used [0x00000000eab00000,0x00000000eab00000,0x00000000f4c80000)
  from space 86528K, 21% used [0x00000000f4c80000,0x00000000f5f0e660,0x00000000fa100000)
  to   space 86016K, 0% used [0x00000000fa400000,0x00000000fa400000,0x00000000ff800000)
 ParOldGen       total 235520K, used 222210K [0x00000000c0000000, 0x00000000ce600000, 0x00000000eab00000)
  object space 235520K, 94% used [0x00000000c0000000,0x00000000cd900a90,0x00000000ce600000)
 Metaspace       used 154301K, capacity 166596K, committed 168064K, reserved 1189888K
  class space    used 22364K, capacity 26671K, committed 27008K, reserved 1048576K
}
Event: 5223.140 GC heap before
{Heap before GC invocations=103 (full 21):
 PSYoungGen      total 251904K, used 184377K [0x00000000eab00000, 0x00000000ff800000, 0x0000000100000000)
  eden space 165376K, 100% used [0x00000000eab00000,0x00000000f4c80000,0x00000000f4c80000)
  from space 86528K, 21% used [0x00000000f4c80000,0x00000000f5f0e660,0x00000000fa100000)
  to   space 86016K, 0% used [0x00000000fa400000,0x00000000fa400000,0x00000000ff800000)
 ParOldGen       total 235520K, used 222210K [0x00000000c0000000, 0x00000000ce600000, 0x00000000eab00000)
  object space 235520K, 94% used [0x00000000c0000000,0x00000000cd900a90,0x00000000ce600000)
 Metaspace       used 156989K, capacity 169564K, committed 170624K, reserved 1191936K
  class space    used 22807K, capacity 27274K, committed 27520K, reserved 1048576K
Event: 5223.164 GC heap after
Heap after GC invocations=103 (full 21):
 PSYoungGen      total 249856K, used 28775K [0x00000000eab00000, 0x00000000ff300000, 0x0000000100000000)
  eden space 168960K, 0% used [0x00000000eab00000,0x00000000eab00000,0x00000000f5000000)
  from space 80896K, 35% used [0x00000000fa400000,0x00000000fc019ed8,0x00000000ff300000)
  to   space 83456K, 0% used [0x00000000f5000000,0x00000000f5000000,0x00000000fa180000)
 ParOldGen       total 235520K, used 222218K [0x00000000c0000000, 0x00000000ce600000, 0x00000000eab00000)
  object space 235520K, 94% used [0x00000000c0000000,0x00000000cd902a90,0x00000000ce600000)
 Metaspace       used 156989K, capacity 169564K, committed 170624K, reserved 1191936K
  class space    used 22807K, capacity 27274K, committed 27520K, reserved 1048576K
}

Deoptimization events (10 events):
Event: 5222.110 Thread 0x000000005a08b000 Uncommon trap: reason=class_check action=maybe_recompile pc=0x0000000003156378 method=org.gradle.api.internal.project.DefaultProject_Decorated.getFileOperations()Lorg/gradle/api/internal/file/FileOperations; @ 28
Event: 5222.170 Thread 0x000000005a08b000 Uncommon trap: reason=class_check action=maybe_recompile pc=0x00000000038ff9b0 method=org.gradle.internal.component.model.AbstractModuleDescriptorBackedMetaData$DefaultConfigurationMetaData.include(Lorg/gradle/internal/component/model/DependencyMetaData;)ZUñïä+f¥@
Event: 5222.170 Thread 0x000000005a08b000 Uncommon trap: reason=class_check action=maybe_recompile pc=0x00000000038ff9b0 method=org.gradle.internal.component.model.AbstractModuleDescriptorBackedMetaData$DefaultConfigurationMetaData.include(Lorg/gradle/internal/component/model/DependencyMetaData;)Zë†ﬂã+f¥@
Event: 5222.170 Thread 0x000000005a08b000 Uncommon trap: reason=class_check action=maybe_recompile pc=0x00000000038ff9b0 method=org.gradle.internal.component.model.AbstractModuleDescriptorBackedMetaData$DefaultConfigurationMetaData.include(Lorg/gradle/internal/component/model/DependencyMetaData;)Z\,B—‘f¥@
Event: 5222.831 Thread 0x000000005a08b000 Uncommon trap: reason=class_check action=maybe_recompile pc=0x0000000003156378 method=org.gradle.api.internal.project.DefaultProject_Decorated.getFileOperations()Lorg/gradle/api/internal/file/FileOperations; @ 28
Event: 5222.930 Thread 0x000000005a08b000 Uncommon trap: reason=bimorphic action=maybe_recompile pc=0x00000000039b6584 method=org.gradle.internal.component.model.AbstractModuleDescriptorBackedMetaData$DefaultConfigurationMetaData.include(Lorg/gradle/internal/component/model/DependencyMetaData;)Z @ˆw¶0Óf¥@
Event: 5222.930 Thread 0x000000005a08b000 Uncommon trap: reason=bimorphic action=maybe_recompile pc=0x00000000039b6584 method=org.gradle.internal.component.model.AbstractModuleDescriptorBackedMetaData$DefaultConfigurationMetaData.include(Lorg/gradle/internal/component/model/DependencyMetaData;)Z @
Event: 5222.967 Thread 0x000000005a08b000 Uncommon trap: reason=bimorphic action=maybe_recompile pc=0x00000000039b6584 method=org.gradle.internal.component.model.AbstractModuleDescriptorBackedMetaData$DefaultConfigurationMetaData.include(Lorg/gradle/internal/component/model/DependencyMetaData;)Z @°Ï]ù˜f¥@
Event: 5222.967 Thread 0x000000005a08b000 Uncommon trap: reason=bimorphic action=maybe_recompile pc=0x00000000039b6584 method=org.gradle.internal.component.model.AbstractModuleDescriptorBackedMetaData$DefaultConfigurationMetaData.include(Lorg/gradle/internal/component/model/DependencyMetaData;)Z @TÔ6g¥@
Event: 5223.211 Thread 0x000000005a08b000 Uncommon trap: reason=bimorphic action=maybe_recompile pc=0x00000000037a35d0 method=sun.reflect.generics.scope.AbstractScope.lookup(Ljava/lang/String;)Ljava/lang/reflect/TypeVariable; @ 60

Internal exceptions (10 events):
Event: 5223.520 Thread 0x000000005a08b000 Exception <a 'java/security/PrivilegedActionException'> (0x00000000ee158a10) thrown at [C:\re\workspace\8-2-build-windows-amd64-cygwin\jdk8u11\648\hotspot\src\share\vm\prims\jvm.cpp, line 1248]
Event: 5223.520 Thread 0x000000005a08b000 Exception <a 'java/security/PrivilegedActionException'> (0x00000000ee159bf8) thrown at [C:\re\workspace\8-2-build-windows-amd64-cygwin\jdk8u11\648\hotspot\src\share\vm\prims\jvm.cpp, line 1248]
Event: 5223.520 Thread 0x000000005a08b000 Exception <a 'java/security/PrivilegedActionException'> (0x00000000ee15aab8) thrown at [C:\re\workspace\8-2-build-windows-amd64-cygwin\jdk8u11\648\hotspot\src\share\vm\prims\jvm.cpp, line 1248]
Event: 5223.520 Thread 0x000000005a08b000 Exception <a 'java/security/PrivilegedActionException'> (0x00000000ee160f60) thrown at [C:\re\workspace\8-2-build-windows-amd64-cygwin\jdk8u11\648\hotspot\src\share\vm\prims\jvm.cpp, line 1248]
Event: 5223.520 Thread 0x000000005a08b000 Exception <a 'java/lang/ClassNotFoundException': com/android/build/gradle/internal/core/MergedNdkConfigBeanInfo> (0x00000000ee1614e0) thrown at [C:\re\workspace\8-2-build-windows-amd64-cygwin\jdk8u11\648\hotspot\src\share\vm\classfile\systemDictionary.cpp,Zó¬.Ög¥@
Event: 5223.520 Thread 0x000000005a08b000 Exception <a 'java/security/PrivilegedActionException'> (0x00000000ee167180) thrown at [C:\re\workspace\8-2-build-windows-amd64-cygwin\jdk8u11\648\hotspot\src\share\vm\prims\jvm.cpp, line 1248]
Event: 5223.520 Thread 0x000000005a08b000 Exception <a 'java/security/PrivilegedActionException'> (0x00000000ee1681f0) thrown at [C:\re\workspace\8-2-build-windows-amd64-cygwin\jdk8u11\648\hotspot\src\share\vm\prims\jvm.cpp, line 1248]
Event: 5223.520 Thread 0x000000005a08b000 Exception <a 'java/security/PrivilegedActionException'> (0x00000000ee1690d8) thrown at [C:\re\workspace\8-2-build-windows-amd64-cygwin\jdk8u11\648\hotspot\src\share\vm\prims\jvm.cpp, line 1248]
Event: 5223.520 Thread 0x000000005a08b000 Exception <a 'java/security/PrivilegedActionException'> (0x00000000ee16f898) thrown at [C:\re\workspace\8-2-build-windows-amd64-cygwin\jdk8u11\648\hotspot\src\share\vm\prims\jvm.cpp, line 1248]
Event: 5223.520 Thread 0x000000005a08b000 Exception <a 'java/lang/ClassNotFoundException': com/android/build/gradle/internal/core/MergedNdkConfigCustomizer> (0x00000000ee16fe18) thrown at [C:\re\workspace\8-2-build-windows-amd64-cygwin\jdk8u11\648\hotspot\src\share\vm\classfile\systemDictionary.cp@"Ög¥@

Events (10 events):
Event: 5223.520 loading class groovy/runtime/metaclass/com/android/build/gradle/internal/core/MergedNdkConfigMetaClass
Event: 5223.520 loading class groovy/runtime/metaclass/com/android/build/gradle/internal/core/MergedNdkConfigMetaClass done
Event: 5223.520 loading class com/android/build/gradle/internal/core/MergedNdkConfigBeanInfo
Event: 5223.520 loading class com/android/build/gradle/internal/core/MergedNdkConfigBeanInfo done
Event: 5223.520 loading class com/android/build/gradle/internal/core/MergedNdkConfigBeanInfo
Event: 5223.520 loading class com/android/build/gradle/internal/core/MergedNdkConfigBeanInfo done
Event: 5223.520 loading class com/android/build/gradle/internal/core/MergedNdkConfigCustomizer
Event: 5223.520 loading class com/android/build/gradle/internal/core/MergedNdkConfigCustomizer done
Event: 5223.520 loading class com/android/build/gradle/internal/core/MergedNdkConfigCustomizer
Event: 5223.520 loading class com/android/build/gradle/internal/core/MergedNdkConfigCustomizer done


Dynamic libraries:
0x000000013fce0000 - 0x000000013fd14000 	C:\Program Files\Java\jdk1.8.0_11\bin\java.exe
0x0000000077af0000 - 0x0000000077c9a000 	C:\Windows\SYSTEM32\ntdll.dll
0x00000000778d0000 - 0x00000000779ef000 	C:\Windows\system32\kernel32.dll
0x000007fefdb00000 - 0x000007fefdb6a000 	C:\Windows\system32\KERNELBASE.dll
0x000007feffa20000 - 0x000007feffafb000 	C:\Windows\system32\ADVAPI32.dll
0x000007feff5a0000 - 0x000007feff63f000 	C:\Windows\system32\msvcrt.dll
0x000007feffde0000 - 0x000007feffdff000 	C:\Windows\SYSTEM32\sechost.dll
0x000007fefddb0000 - 0x000007fefdedd000 	C:\Windows\system32\RPCRT4.dll
0x00000000779f0000 - 0x0000000077aea000 	C:\Windows\system32\USER32.dll
0x000007feff200000 - 0x000007feff267000 	C:\Windows\system32\GDI32.dll
0x000007feff640000 - 0x000007feff64e000 	C:\Windows\system32\LPK.dll
0x000007feff270000 - 0x000007feff33a000 	C:\Windows\system32\USP10.dll
0x000007fefc2d0000 - 0x000007fefc4c4000 	C:\Windows\WinSxS\amd64_microsoft.windows.common-controls_6595b64144ccf1df_6.0.7601.18837_none_fa3b1e3d17594757\COMCTL32.dll
0x000007feff6b0000 - 0x000007feff721000 	C:\Windows\system32\SHLWAPI.dll
0x000007feff570000 - 0x000007feff59e000 	C:\Windows\system32\IMM32.DLL
0x000007feff730000 - 0x000007feff839000 	C:\Windows\system32\MSCTF.dll
0x000000005b540000 - 0x000000005b612000 	C:\Program Files\Java\jdk1.8.0_11\jre\bin\msvcr100.dll
0x000000005cfe0000 - 0x000000005d80a000 	C:\Program Files\Java\jdk1.8.0_11\jre\bin\server\jvm.dll
0x000007feefc10000 - 0x000007feefc19000 	C:\Windows\system32\WSOCK32.dll
0x000007feffd90000 - 0x000007feffddd000 	C:\Windows\system32\WS2_32.dll
0x000007fefdee0000 - 0x000007fefdee8000 	C:\Windows\system32\NSI.dll
0x000007fef73a0000 - 0x000007fef73db000 	C:\Windows\system32\WINMM.dll
0x0000000077cc0000 - 0x0000000077cc7000 	C:\Windows\system32\PSAPI.DLL
0x0000000074450000 - 0x000000007445f000 	C:\Program Files\Java\jdk1.8.0_11\jre\bin\verify.dll
0x000000006fee0000 - 0x000000006ff08000 	C:\Program Files\Java\jdk1.8.0_11\jre\bin\java.dll
0x000000006fec0000 - 0x000000006fed6000 	C:\Program Files\Java\jdk1.8.0_11\jre\bin\zip.dll
0x000007fefe470000 - 0x000007feff1f9000 	C:\Windows\system32\SHELL32.dll
0x000007fefe260000 - 0x000007fefe463000 	C:\Windows\system32\ole32.dll
0x000007fefd880000 - 0x000007fefd88f000 	C:\Windows\system32\profapi.dll
0x000007fefd0b0000 - 0x000007fefd0c8000 	C:\Windows\system32\CRYPTSP.dll
0x000007fefcd70000 - 0x000007fefcdb7000 	C:\Windows\system32\rsaenh.dll
0x000007fefd8b0000 - 0x000007fefd8ce000 	C:\Windows\system32\USERENV.dll
0x000007fefd710000 - 0x000007fefd71f000 	C:\Windows\system32\CRYPTBASE.dll
0x000000006fea0000 - 0x000000006feba000 	C:\Program Files\Java\jdk1.8.0_11\jre\bin\net.dll
0x000007fefd050000 - 0x000007fefd0a5000 	C:\Windows\system32\mswsock.dll
0x000007fefd040000 - 0x000007fefd047000 	C:\Windows\System32\wship6.dll
0x000007fefb2e0000 - 0x000007fefb307000 	C:\Windows\system32\IPHLPAPI.DLL
0x000007fefb2d0000 - 0x000007fefb2db000 	C:\Windows\system32\WINNSI.DLL
0x000007fefb010000 - 0x000007fefb028000 	C:\Windows\system32\dhcpcsvc.DLL
0x000007fefafc0000 - 0x000007fefafd1000 	C:\Windows\system32\dhcpcsvc6.DLL
0x000000006fe80000 - 0x000000006fe91000 	C:\Program Files\Java\jdk1.8.0_11\jre\bin\nio.dll
0x000007fefa200000 - 0x000007fefa212000 	C:\Users\hufeng\AppData\Local\Temp\native-platform6611411396031880636dir\native-platform.dll
0x000007fefd6b0000 - 0x000007fefd707000 	C:\Windows\system32\apphelp.dll
0x0000000074440000 - 0x000000007444d000 	C:\Program Files\Java\jdk1.8.0_11\jre\bin\management.dll
0x0000000000540000 - 0x0000000000564000 	C:\Program Files\Java\jdk1.8.0_11\jre\bin\sunec.dll
0x000007fefca30000 - 0x000007fefca37000 	C:\Windows\System32\wshtcpip.dll
0x000007fefced0000 - 0x000007fefcf2b000 	C:\Windows\system32\DNSAPI.dll
0x000007fef9f10000 - 0x000007fef9f18000 	C:\Windows\system32\rasadhlp.dll
0x000007fefb0c0000 - 0x000007fefb113000 	C:\Windows\System32\fwpuclnt.dll
0x000007fefb6b0000 - 0x000007fefb6c5000 	C:\Windows\system32\NLAapi.dll
0x000007fef8de0000 - 0x000007fef8df5000 	C:\Windows\system32\napinsp.dll
0x000007fef8dc0000 - 0x000007fef8dd9000 	C:\Windows\system32\pnrpnsp.dll
0x000007fef8db0000 - 0x000007fef8dbb000 	C:\Windows\System32\winrnr.dll
0x000007feeb030000 - 0x000007feeb155000 	C:\Windows\system32\dbghelp.dll

VM Arguments:
jvm_args: -XX:MaxPermSize=256m -XX:+HeapDumpOnOutOfMemoryError -Xmx1024m -Dfile.encoding=GBK -Duser.country=CN -Duser.language=zh -Duser.variant 
java_command: org.gradle.launcher.daemon.bootstrap.GradleDaemon 2.2 C:\Users\hufeng\.gradle\daemon 10800000 8f83db6b-2a0a-4509-9a7d-d783980ff708 -XX:MaxPermSize=256m -XX:+HeapDumpOnOutOfMemoryError -Xmx1024m -Dfile.encoding=GBK -Duser.country=CN -Duser.language=zh -Duser.variant
java_class_path (initial): C:\Users\hufeng\.gradle\wrapper\dists\gradle-2.2-all\1vevkra640w3rb9hkuw50q5we\gradle-2.2\lib\gradle-launcher-2.2.jar
Launcher Type: SUN_STANDARD

Environment Variables:
JAVA_HOME=C:\Program Files\Java\jdk1.8.0_11
PATH=C:\ProgramData\Oracle\Java\javapath;C:\Program Files\Java\jdk1.8.0_11/bin;C:\Program Files (x86)\Intel\iCLS Client\;C:\Program Files\Intel\iCLS Client\;C:\Windows\system32;C:\Windows;C:\Windows\System32\Wbem;C:\Windows\System32\WindowsPowerShell\v1.0\;C:\Program Files\Intel\Intel(R) Management Engine Components\DAL;C:\Program Files (x86)\Intel\Intel(R) Management Engine Components\DAL;C:\Program Files\Intel\Intel(R) Management Engine Components\IPT;C:\Program Files (x86)\Intel\Intel(R) Management Engine Components\IPT;
USERNAME=hufeng
OS=Windows_NT
PROCESSOR_IDENTIFIER=Intel64 Family 6 Model 61 Stepping 4, GenuineIntel



---------------  S Y S T E M  ---------------

OS: Windows 7 , 64 bit Build 7601 Service Pack 1

CPU:total 4 (2 cores per cpu, 2 threads per core) family 6 model 61 stepping 4, cmov, cx8, fxsr, mmx, sse, sse2, sse3, ssse3, sse4.1, sse4.2, popcnt, avx, avx2, aes, clmul, erms, ht, tsc, tscinvbit

Memory: 4k page, physical 16598500k(10853628k free), swap 33195140k(27381564k free)

vm_info: Java HotSpot(TM) 64-Bit Server VM (25.11-b03) for windows-amd64 JRE (1.8.0_11-b12), built on Jun 16 2014 20:57:32 by "java_re" with MS VC++ 10.0 (VS2010)

time: Tue Jun 28 11:23:26 2016
elapsed time: 5223 seconds

