#
# A fatal error has been detected by the Java Runtime Environment:
#
#  EXCEPTION_ACCESS_VIOLATION (0xc0000005) at pc=0x0000000077738e9f, pid=7328, tid=2420
#
# JRE version: Java(TM) SE Runtime Environment (8.0_11-b12) (build 1.8.0_11-b12)
# Java VM: Java HotSpot(TM) 64-Bit Server VM (25.11-b03 mixed mode windows-amd64 compressed oops)
# Problematic frame:
# C  [ntdll.dll+0x48e9f]
#
# Failed to write core dump. Minidumps are not enabled by default on client versions of Windows
#
# If you would like to submit a bug report, please visit:
#   http://bugreport.sun.com/bugreport/crash.jsp
# The crash happened outside the Java Virtual Machine in native code.
# See problematic frame for where to report the bug.
#

---------------  T H R E A D  ---------------

Current thread (0x000000005754b800):  JavaThread "Daemon worker Thread 10" [_thread_in_native, id=2420, stack(0x00000000595c0000,0x00000000596c0000)]

siginfo: ExceptionCode=0xc0000005, writing address 0x000000000000005c

Registers:
RAX=0x000000000000005c, RBX=0x000000005cd72390, RCX=0x000000005cd72482, RDX=0x0000000000000130
RSP=0x00000000596bd3a0, RBP=0x000000000000fffe, RSI=0x0000000000000000, RDI=0x000000005cd72390
R8 =0x0000000000000098, R9 =0x0000000000000130, R10=0x0000000000000000, R11=0x000000000000ffff
R12=0x0000000000000130, R13=0x0000000000000012, R14=0x00000000596bd5a0, R15=0x0000000000000098
RIP=0x0000000077738e9f, EFLAGS=0x0000000000010246

Top of Stack: (sp=0x00000000596bd3a0)
0x00000000596bd3a0:   00000000778003c8 0000000000000000
0x00000000596bd3b0:   0000000000000140 0000000002430000
0x00000000596bd3c0:   0000000001320130 000000005cd72390
0x00000000596bd3d0:   00000000596bd560 000000007773ffd8
0x00000000596bd3e0:   0000000000000000 00000000596bd6b0
0x00000000596bd3f0:   000000005cd72390 0000000002440470
0x00000000596bd400:   0000000000000001 0000000000000001
0x00000000596bd410:   0000000000000000 0000000002440080
0x00000000596bd420:   0000000000000000 0000000000000130
0x00000000596bd430:   00000000024413a0 0000000000000000
0x00000000596bd440:   0000000000000000 0000000002430000
0x00000000596bd450:   0000000000000000 0000000000000000
0x00000000596bd460:   00000000596bd5e8 000000005cd72390
0x00000000596bd470:   0000000000000150 0000000002430000
0x00000000596bd480:   000000000000013c 000000000000013c
0x00000000596bd490:   0000000000000000 0000000001320130 

Instructions: (pc=0x0000000077738e9f)
0x0000000077738e7f:   e2 fc 8b c2 48 01 41 18 8b 41 10 4c 89 44 c1 20
0x0000000077738e8f:   ff 41 10 8b c2 c3 44 8a 74 24 40 e9 c0 55 00 00
0x0000000077738e9f:   41 0f b7 c1 48 83 c1 02 48 d1 e8 48 8d 04 43 48
0x0000000077738eaf:   3b c8 73 39 0f b7 01 66 83 c8 20 66 83 f8 70 0f 


Register to memory mapping:

RAX=0x000000000000005c is an unknown value
RBX=0x000000005cd72390 is an unknown value
RCX=0x000000005cd72482 is an unknown value
RDX=0x0000000000000130 is an unknown value
RSP=0x00000000596bd3a0 is pointing into the stack for thread: 0x000000005754b800
RBP=0x000000000000fffe is an unknown value
RSI=0x0000000000000000 is an unknown value
RDI=0x000000005cd72390 is an unknown value
R8 =0x0000000000000098 is an unknown value
R9 =0x0000000000000130 is an unknown value
R10=0x0000000000000000 is an unknown value
R11=0x000000000000ffff is an unknown value
R12=0x0000000000000130 is an unknown value
R13=0x0000000000000012 is an unknown value
R14=0x00000000596bd5a0 is pointing into the stack for thread: 0x000000005754b800
R15=0x0000000000000098 is an unknown value


Stack: [0x00000000595c0000,0x00000000596c0000],  sp=0x00000000596bd3a0,  free space=1012k
Native frames: (J=compiled Java code, j=interpreted, Vv=VM code, C=native code)
C  [ntdll.dll+0x48e9f]
C  [ntdll.dll+0x4ffd8]
C  [ntdll.dll+0x50b4a]
C  [KERNELBASE.dll+0x7056]
C  [java.dll+0x9a74]
C  [java.dll+0x9b9f]
C  0x0000000002a5fec9

Java frames: (J=compiled Java code, j=interpreted, Vv=VM code)
J 246  java.io.WinNTFileSystem.getBooleanAttributes(Ljava/io/File;)I (0 bytes) @ 0x0000000002a5fe4f [0x0000000002a5fe00+0x4f]
J 24636 C2 org.gradle.api.internal.changedetection.state.DefaultFileCollectionSnapshotter$1.run()V (134 bytes) @ 0x0000000005370b10 [0x00000000053703c0+0x750]
J 25011 C1 org.gradle.internal.Factories$1.create()Ljava/lang/Object; (11 bytes) @ 0x0000000006311c3c [0x0000000006311b40+0xfc]
J 24398 C1 org.gradle.cache.internal.DefaultCacheAccess.useCache(Ljava/lang/String;Lorg/gradle/internal/Factory;)Ljava/lang/Object; (180 bytes) @ 0x00000000061f1254 [0x00000000061f1020+0x234]
J 25014 C1 org.gradle.cache.internal.DefaultCacheAccess.useCache(Ljava/lang/String;Ljava/lang/Runnable;)V (11 bytes) @ 0x0000000006310dc4 [0x0000000006310c20+0x1a4]
J 25013 C1 org.gradle.cache.internal.DefaultPersistentDirectoryStore.useCache(Ljava/lang/String;Ljava/lang/Runnable;)V (12 bytes) @ 0x000000000631133c [0x0000000006311240+0xfc]
J 25012 C1 org.gradle.cache.internal.DefaultCacheFactory$ReferenceTrackingCache.useCache(Ljava/lang/String;Ljava/lang/Runnable;)V (15 bytes) @ 0x0000000006311794 [0x0000000006311680+0x114]
J 8469 C1 org.gradle.api.internal.changedetection.state.DefaultTaskArtifactStateCacheAccess.useCache(Ljava/lang/String;Ljava/lang/Runnable;)V (12 bytes) @ 0x0000000002dec9ac [0x0000000002dec940+0x6c]
J 15609 C1 org.gradle.api.internal.changedetection.state.DefaultFileCollectionSnapshotter.snapshot(Lorg/gradle/api/file/FileCollection;)Lorg/gradle/api/internal/changedetection/state/FileCollectionSnapshot; (70 bytes) @ 0x000000000502b654 [0x000000000502afa0+0x6b4]
J 19159 C1 org.gradle.api.internal.changedetection.rules.TaskUpToDateState.<init>(Lorg/gradle/api/internal/TaskInternal;Lorg/gradle/api/internal/changedetection/state/TaskHistoryRepository$History;Lorg/gradle/api/internal/changedetection/state/FileCollectionSnapshotter;Lorg/gradle/api/internal/changedetection/state/FileCollectionSnapshotter;)V (281 bytes) @ 0x0000000005651614 [0x0000000005650da0+0x874]
J 15711 C1 org.gradle.api.internal.changedetection.changes.DefaultTaskArtifactStateRepository$TaskArtifactStateImpl.getStates()Lorg/gradle/api/internal/changedetection/rules/TaskUpToDateState; (45 bytes) @ 0x00000000050af104 [0x00000000050aefc0+0x144]
J 19178 C1 org.gradle.api.internal.changedetection.changes.DefaultTaskArtifactStateRepository$TaskArtifactStateImpl.isUpToDate(Ljava/util/Collection;)Z (38 bytes) @ 0x00000000045c9f14 [0x00000000045c9ea0+0x74]
J 19142 C1 org.gradle.api.internal.tasks.execution.SkipUpToDateTaskExecuter.execute(Lorg/gradle/api/internal/TaskInternal;Lorg/gradle/api/internal/tasks/TaskStateInternal;Lorg/gradle/api/internal/tasks/TaskExecutionContext;)V (221 bytes) @ 0x0000000004674c14 [0x00000000046749e0+0x234]
J 15701 C1 org.gradle.api.internal.tasks.execution.ValidatingTaskExecuter.execute(Lorg/gradle/api/internal/TaskInternal;Lorg/gradle/api/internal/tasks/TaskStateInternal;Lorg/gradle/api/internal/tasks/TaskExecutionContext;)V (221 bytes) @ 0x000000000509b1c4 [0x0000000005098ae0+0x26e4]
J 15597 C1 org.gradle.api.internal.tasks.execution.SkipEmptySourceFilesTaskExecuter.execute(Lorg/gradle/api/internal/TaskInternal;Lorg/gradle/api/internal/tasks/TaskStateInternal;Lorg/gradle/api/internal/tasks/TaskExecutionContext;)V (62 bytes) @ 0x00000000050209ac [0x0000000005020860+0x14c]
J 15656 C1 org.gradle.api.internal.tasks.execution.SkipTaskWithNoActionsExecuter.execute(Lorg/gradle/api/internal/TaskInternal;Lorg/gradle/api/internal/tasks/TaskStateInternal;Lorg/gradle/api/internal/tasks/TaskExecutionContext;)V (116 bytes) @ 0x000000000505c014 [0x000000000505b3c0+0xc54]
J 15654 C1 org.gradle.api.internal.tasks.execution.SkipOnlyIfTaskExecuter.execute(Lorg/gradle/api/internal/TaskInternal;Lorg/gradle/api/internal/tasks/TaskStateInternal;Lorg/gradle/api/internal/tasks/TaskExecutionContext;)V (90 bytes) @ 0x0000000005059ac4 [0x0000000005058d00+0xdc4]
J 15653 C1 org.gradle.api.internal.tasks.execution.ExecuteAtMostOnceTaskExecuter.execute(Lorg/gradle/api/internal/TaskInternal;Lorg/gradle/api/internal/tasks/TaskStateInternal;Lorg/gradle/api/internal/tasks/TaskExecutionContext;)V (70 bytes) @ 0x0000000005058164 [0x0000000005057ec0+0x2a4]
J 16298 C1 org.gradle.execution.taskgraph.AbstractTaskPlanExecutor$TaskExecutorWorker.executeTask(Lorg/gradle/execution/taskgraph/TaskInfo;)V (131 bytes) @ 0x000000000525cff4 [0x000000000525cd00+0x2f4]
J 15649 C1 org.gradle.execution.taskgraph.AbstractTaskPlanExecutor$TaskExecutorWorker.processTask(Lorg/gradle/execution/taskgraph/TaskInfo;)V (51 bytes) @ 0x000000000505330c [0x0000000005053280+0x8c]
j  org.gradle.execution.taskgraph.AbstractTaskPlanExecutor$TaskExecutorWorker.run()V+56
j  org.gradle.execution.taskgraph.DefaultTaskPlanExecutor.process(Lorg/gradle/execution/taskgraph/TaskExecutionPlan;Lorg/gradle/api/execution/TaskExecutionListener;)V+6
j  org.gradle.execution.taskgraph.DefaultTaskGraphExecuter.execute()V+46
j  org.gradle.execution.SelectedTaskExecutionAction.execute(Lorg/gradle/execution/BuildExecutionContext;)V+41
j  org.gradle.execution.DefaultBuildExecuter.execute(I)V+36
j  org.gradle.execution.DefaultBuildExecuter.access$200(Lorg/gradle/execution/DefaultBuildExecuter;I)V+2
j  org.gradle.execution.DefaultBuildExecuter$2.proceed()V+10
j  org.gradle.execution.DryRunBuildExecutionAction.execute(Lorg/gradle/execution/BuildExecutionContext;)V+68
j  org.gradle.execution.DefaultBuildExecuter.execute(I)V+36
j  org.gradle.execution.DefaultBuildExecuter.execute()V+2
j  org.gradle.initialization.DefaultGradleLauncher.doBuildStages(Lorg/gradle/initialization/DefaultGradleLauncher$Stage;)V+184
j  org.gradle.initialization.DefaultGradleLauncher.doBuild(Lorg/gradle/initialization/DefaultGradleLauncher$Stage;)Lorg/gradle/BuildResult;+27
j  org.gradle.initialization.DefaultGradleLauncher.run()Lorg/gradle/BuildResult;+4
j  org.gradle.launcher.exec.InProcessBuildActionExecuter$DefaultBuildController.run()Lorg/gradle/api/internal/GradleInternal;+5
j  org.gradle.tooling.internal.provider.BuildModelAction.run(Lorg/gradle/initialization/BuildController;)Lorg/gradle/tooling/internal/provider/BuildActionResult;+15
j  org.gradle.tooling.internal.provider.BuildModelAction.run(Lorg/gradle/initialization/BuildController;)Ljava/lang/Object;+2
j  org.gradle.tooling.internal.provider.ConfiguringBuildAction.run(Lorg/gradle/initialization/BuildController;)Ljava/lang/Object;+15
j  org.gradle.launcher.exec.InProcessBuildActionExecuter.execute(Lorg/gradle/initialization/BuildAction;Lorg/gradle/initialization/BuildCancellationToken;Lorg/gradle/launcher/exec/BuildActionParameters;)Ljava/lang/Object;+19
j  org.gradle.launcher.exec.InProcessBuildActionExecuter.execute(Lorg/gradle/initialization/BuildAction;Lorg/gradle/initialization/BuildCancellationToken;Ljava/lang/Object;)Ljava/lang/Object;+7
j  org.gradle.launcher.daemon.server.exec.ExecuteBuild.doBuild(Lorg/gradle/launcher/daemon/server/exec/DaemonCommandExecution;Lorg/gradle/launcher/daemon/protocol/Build;)V+47
j  org.gradle.launcher.daemon.server.exec.BuildCommandOnly.execute(Lorg/gradle/launcher/daemon/server/exec/DaemonCommandExecution;)V+49
j  org.gradle.launcher.daemon.server.exec.DaemonCommandExecution.proceed()Z+28
j  org.gradle.launcher.daemon.server.exec.WatchForDisconnection.execute(Lorg/gradle/launcher/daemon/server/exec/DaemonCommandExecution;)V+19
j  org.gradle.launcher.daemon.server.exec.DaemonCommandExecution.proceed()Z+28
j  org.gradle.launcher.daemon.server.exec.ResetDeprecationLogger.execute(Lorg/gradle/launcher/daemon/server/exec/DaemonCommandExecution;)V+4
j  org.gradle.launcher.daemon.server.exec.DaemonCommandExecution.proceed()Z+28
j  org.gradle.launcher.daemon.server.exec.StartStopIfBuildAndStop.execute(Lorg/gradle/launcher/daemon/server/exec/DaemonCommandExecution;)V+34
j  org.gradle.launcher.daemon.server.exec.DaemonCommandExecution.proceed()Z+28
j  org.gradle.launcher.daemon.server.exec.ForwardClientInput$2.call()Ljava/lang/Void;+4
j  org.gradle.launcher.daemon.server.exec.ForwardClientInput$2.call()Ljava/lang/Object;+1
j  org.gradle.util.Swapper.swap(Ljava/lang/Object;Ljava/util/concurrent/Callable;)Ljava/lang/Object;+21
j  org.gradle.launcher.daemon.server.exec.ForwardClientInput.execute(Lorg/gradle/launcher/daemon/server/exec/DaemonCommandExecution;)V+63
j  org.gradle.launcher.daemon.server.exec.DaemonCommandExecution.proceed()Z+28
j  org.gradle.launcher.daemon.server.exec.LogToClient.doBuild(Lorg/gradle/launcher/daemon/server/exec/DaemonCommandExecution;Lorg/gradle/launcher/daemon/protocol/Build;)V+92
j  org.gradle.launcher.daemon.server.exec.BuildCommandOnly.execute(Lorg/gradle/launcher/daemon/server/exec/DaemonCommandExecution;)V+49
j  org.gradle.launcher.daemon.server.exec.DaemonCommandExecution.proceed()Z+28
j  org.gradle.launcher.daemon.server.exec.EstablishBuildEnvironment.doBuild(Lorg/gradle/launcher/daemon/server/exec/DaemonCommandExecution;Lorg/gradle/launcher/daemon/protocol/Build;)V+237
j  org.gradle.launcher.daemon.server.exec.BuildCommandOnly.execute(Lorg/gradle/launcher/daemon/server/exec/DaemonCommandExecution;)V+49
j  org.gradle.launcher.daemon.server.exec.DaemonCommandExecution.proceed()Z+28
j  org.gradle.launcher.daemon.server.exec.DaemonHygieneAction.execute(Lorg/gradle/launcher/daemon/server/exec/DaemonCommandExecution;)V+1
j  org.gradle.launcher.daemon.server.exec.DaemonCommandExecution.proceed()Z+28
j  org.gradle.launcher.daemon.server.exec.StartBuildOrRespondWithBusy$1.run()V+44
j  org.gradle.launcher.daemon.server.DaemonStateCoordinator$1.run()V+4
j  org.gradle.internal.concurrent.DefaultExecutorFactory$StoppableExecutorImpl$1.run()V+18
j  java.util.concurrent.ThreadPoolExecutor.runWorker(Ljava/util/concurrent/ThreadPoolExecutor$Worker;)V+95
j  java.util.concurrent.ThreadPoolExecutor$Worker.run()V+5
j  java.lang.Thread.run()V+11
v  ~StubRoutines::call_stub

---------------  P R O C E S S  ---------------

Java Threads: ( => current thread )
  0x0000000057550000 JavaThread "Stdin handler" [_thread_blocked, id=6468, stack(0x000000005ce20000,0x000000005cf20000)]
=>0x000000005754b800 JavaThread "Daemon worker Thread 10" [_thread_in_native, id=2420, stack(0x00000000595c0000,0x00000000596c0000)]
  0x0000000057547000 JavaThread "Cancel handler" [_thread_blocked, id=1420, stack(0x00000000592e0000,0x00000000593e0000)]
  0x0000000057547800 JavaThread "Handler for socket connection from /127.0.0.1:49525 to /127.0.0.1:51473" [_thread_in_native, id=7916, stack(0x0000000058cd0000,0x0000000058dd0000)]
  0x0000000057546000 JavaThread "Daemon Thread 10" [_thread_blocked, id=7856, stack(0x0000000059190000,0x0000000059290000)]
  0x0000000058728800 JavaThread "File lock request listener" [_thread_in_native, id=7460, stack(0x0000000059ca0000,0x0000000059da0000)]
  0x00000000578a8000 JavaThread "Incoming local TCP Connector on port 49525" [_thread_in_native, id=7420, stack(0x0000000058e00000,0x0000000058f00000)]
  0x000000005640e800 JavaThread "Service Thread" daemon [_thread_blocked, id=7408, stack(0x0000000057040000,0x0000000057140000)]
  0x00000000563f6800 JavaThread "C1 CompilerThread2" daemon [_thread_blocked, id=7404, stack(0x0000000056800000,0x0000000056900000)]
  0x00000000563f1000 JavaThread "C2 CompilerThread1" daemon [_thread_in_native, id=7400, stack(0x0000000056d60000,0x0000000056e60000)]
  0x00000000563ad800 JavaThread "C2 CompilerThread0" daemon [_thread_in_native, id=7396, stack(0x0000000056c60000,0x0000000056d60000)]
  0x00000000563aa800 JavaThread "Attach Listener" daemon [_thread_blocked, id=7392, stack(0x0000000056ae0000,0x0000000056be0000)]
  0x00000000563a5000 JavaThread "Signal Dispatcher" daemon [_thread_blocked, id=7388, stack(0x0000000056900000,0x0000000056a00000)]
  0x000000005535f800 JavaThread "Finalizer" daemon [_thread_blocked, id=7384, stack(0x0000000056150000,0x0000000056250000)]
  0x000000005535a000 JavaThread "Reference Handler" daemon [_thread_blocked, id=7380, stack(0x0000000056290000,0x0000000056390000)]
  0x000000000243f000 JavaThread "main" [_thread_blocked, id=7356, stack(0x00000000027e0000,0x00000000028e0000)]

Other Threads:
  0x0000000055356800 VMThread [stack: 0x0000000056000000,0x0000000056100000] [id=7376]
  0x0000000056416800 WatcherThread [stack: 0x0000000057160000,0x0000000057260000] [id=7412]

VM state:not at safepoint (normal execution)

VM Mutex/Monitor currently owned by a thread: None

Heap:
 PSYoungGen      total 218624K, used 56980K [0x00000000eab00000, 0x00000000fdc80000, 0x0000000100000000)
  eden space 130560K, 19% used [0x00000000eab00000,0x00000000ec3f73e8,0x00000000f2a80000)
  from space 88064K, 35% used [0x00000000f8680000,0x00000000fa52dfb8,0x00000000fdc80000)
  to   space 91136K, 0% used [0x00000000f2a80000,0x00000000f2a80000,0x00000000f8380000)
 ParOldGen       total 394240K, used 127256K [0x00000000c0000000, 0x00000000d8100000, 0x00000000eab00000)
  object space 394240K, 32% used [0x00000000c0000000,0x00000000c7c463f0,0x00000000d8100000)
 Metaspace       used 125268K, capacity 130988K, committed 150912K, reserved 1175552K
  class space    used 17378K, capacity 19144K, committed 24704K, reserved 1048576K

Card table byte_map: [0x0000000011ca0000,0x0000000011eb0000] byte_map_base: 0x00000000116a0000

Marking Bits: (ParMarkBitMap*) 0x000000005a6812b0
 Begin Bits: [0x00000000127d0000, 0x00000000137d0000)
 End Bits:   [0x00000000137d0000, 0x00000000147d0000)

Polling page: 0x0000000001b60000

CodeCache: size=245760Kb used=61539Kb max_used=63100Kb free=184220Kb
 bounds [0x00000000028e0000, 0x00000000067b0000, 0x00000000118e0000]
 total_blobs=18788 nmethods=18053 adapters=645
 compilation: enabled

Compilation events (10 events):
Event: 2952.839 Thread 0x00000000563f6800 28547       3       com.google.common.base.Preconditions::checkPositionIndex (8 bytes)
Event: 2952.839 Thread 0x00000000563f6800 nmethod 28547 0x00000000043ba9d0 code [0x00000000043bab60, 0x00000000043bae38]
Event: 2952.839 Thread 0x00000000563f6800 28548       3       com.google.common.base.Preconditions::checkPositionIndex (25 bytes)
Event: 2952.840 Thread 0x00000000563f6800 nmethod 28548 0x00000000044dfed0 code [0x00000000044e0040, 0x00000000044e02b8]
Event: 2952.951 Thread 0x00000000563f6800 28549       3       com.google.common.collect.ObjectArrays::checkElementNotNull (33 bytes)
Event: 2952.951 Thread 0x00000000563f6800 nmethod 28549 0x00000000048b7950 code [0x00000000048b7b20, 0x00000000048b82b8]
Event: 2952.997 Thread 0x00000000563f6800 28550       3       com.google.common.collect.ArrayListMultimap::create (8 bytes)
Event: 2952.997 Thread 0x00000000563f6800 nmethod 28550 0x000000000508d950 code [0x000000000508db20, 0x000000000508e1e8]
Event: 2952.997 Thread 0x00000000563f6800 28551       3       com.google.common.collect.ArrayListMultimap::<init> (17 bytes)
Event: 2952.998 Thread 0x00000000563f6800 nmethod 28551 0x0000000003b0ed90 code [0x0000000003b0ef40, 0x0000000003b0f568]

GC Heap History (10 events):
Event: 2746.914 GC heap before
{Heap before GC invocations=157 (full 28):
 PSYoungGen      total 229888K, used 59671K [0x00000000eab00000, 0x00000000ffd00000, 0x0000000100000000)
  eden space 116736K, 46% used [0x00000000eab00000,0x00000000ee014e18,0x00000000f1d00000)
  from space 113152K, 4% used [0x00000000f8e80000,0x00000000f93b0fe8,0x00000000ffd00000)
  to   space 114688K, 0% used [0x00000000f1d00000,0x00000000f1d00000,0x00000000f8d00000)
 ParOldGen       total 394240K, used 198921K [0x00000000c0000000, 0x00000000d8100000, 0x00000000eab00000)
  object space 394240K, 50% used [0x00000000c0000000,0x00000000cc242438,0x00000000d8100000)
 Metaspace       used 120333K, capacity 129870K, committed 150912K, reserved 1175552K
  class space    used 17297K, capacity 20348K, committed 24704K, reserved 1048576K
Event: 2746.924 GC heap after
Heap after GC invocations=157 (full 28):
 PSYoungGen      total 124416K, used 7271K [0x00000000eab00000, 0x00000000ff300000, 0x0000000100000000)
  eden space 116736K, 0% used [0x00000000eab00000,0x00000000eab00000,0x00000000f1d00000)
  from space 7680K, 94% used [0x00000000f1d00000,0x00000000f2419de0,0x00000000f2480000)
  to   space 109568K, 0% used [0x00000000f8800000,0x00000000f8800000,0x00000000ff300000)
 ParOldGen       total 394240K, used 198921K [0x00000000c0000000, 0x00000000d8100000, 0x00000000eab00000)
  object space 394240K, 50% used [0x00000000c0000000,0x00000000cc242438,0x00000000d8100000)
 Metaspace       used 120333K, capacity 129870K, committed 150912K, reserved 1175552K
  class space    used 17297K, capacity 20348K, committed 24704K, reserved 1048576K
}
Event: 2746.924 GC heap before
{Heap before GC invocations=158 (full 29):
 PSYoungGen      total 124416K, used 7271K [0x00000000eab00000, 0x00000000ff300000, 0x0000000100000000)
  eden space 116736K, 0% used [0x00000000eab00000,0x00000000eab00000,0x00000000f1d00000)
  from space 7680K, 94% used [0x00000000f1d00000,0x00000000f2419de0,0x00000000f2480000)
  to   space 109568K, 0% used [0x00000000f8800000,0x00000000f8800000,0x00000000ff300000)
 ParOldGen       total 394240K, used 198921K [0x00000000c0000000, 0x00000000d8100000, 0x00000000eab00000)
  object space 394240K, 50% used [0x00000000c0000000,0x00000000cc242438,0x00000000d8100000)
 Metaspace       used 120333K, capacity 129870K, committed 150912K, reserved 1175552K
  class space    used 17297K, capacity 20348K, committed 24704K, reserved 1048576K
Event: 2747.643 GC heap after
Heap after GC invocations=158 (full 29):
 PSYoungGen      total 124416K, used 0K [0x00000000eab00000, 0x00000000ff300000, 0x0000000100000000)
  eden space 116736K, 0% used [0x00000000eab00000,0x00000000eab00000,0x00000000f1d00000)
  from space 7680K, 0% used [0x00000000f1d00000,0x00000000f1d00000,0x00000000f2480000)
  to   space 109568K, 0% used [0x00000000f8800000,0x00000000f8800000,0x00000000ff300000)
 ParOldGen       total 394240K, used 127248K [0x00000000c0000000, 0x00000000d8100000, 0x00000000eab00000)
  object space 394240K, 32% used [0x00000000c0000000,0x00000000c7c443f0,0x00000000d8100000)
 Metaspace       used 116887K, capacity 121516K, committed 150912K, reserved 1175552K
  class space    used 16082K, capacity 17442K, committed 24704K, reserved 1048576K
}
Event: 2951.015 GC heap before
{Heap before GC invocations=159 (full 29):
 PSYoungGen      total 124416K, used 116736K [0x00000000eab00000, 0x00000000ff300000, 0x0000000100000000)
  eden space 116736K, 100% used [0x00000000eab00000,0x00000000f1d00000,0x00000000f1d00000)
  from space 7680K, 0% used [0x00000000f1d00000,0x00000000f1d00000,0x00000000f2480000)
  to   space 109568K, 0% used [0x00000000f8800000,0x00000000f8800000,0x00000000ff300000)
 ParOldGen       total 394240K, used 127248K [0x00000000c0000000, 0x00000000d8100000, 0x00000000eab00000)
  object space 394240K, 32% used [0x00000000c0000000,0x00000000c7c443f0,0x00000000d8100000)
 Metaspace       used 121053K, capacity 126156K, committed 150912K, reserved 1175552K
  class space    used 16677K, capacity 18201K, committed 24704K, reserved 1048576K
Event: 2951.040 GC heap after
Heap after GC invocations=159 (full 29):
 PSYoungGen      total 225280K, used 14112K [0x00000000eab00000, 0x00000000fec00000, 0x0000000100000000)
  eden space 122880K, 0% used [0x00000000eab00000,0x00000000eab00000,0x00000000f2300000)
  from space 102400K, 13% used [0x00000000f8800000,0x00000000f95c8288,0x00000000fec00000)
  to   space 102912K, 0% used [0x00000000f2300000,0x00000000f2300000,0x00000000f8780000)
 ParOldGen       total 394240K, used 127248K [0x00000000c0000000, 0x00000000d8100000, 0x00000000eab00000)
  object space 394240K, 32% used [0x00000000c0000000,0x00000000c7c443f0,0x00000000d8100000)
 Metaspace       used 121053K, capacity 126156K, committed 150912K, reserved 1175552K
  class space    used 16677K, capacity 18201K, committed 24704K, reserved 1048576K
}
Event: 2951.841 GC heap before
{Heap before GC invocations=160 (full 29):
 PSYoungGen      total 225280K, used 136992K [0x00000000eab00000, 0x00000000fec00000, 0x0000000100000000)
  eden space 122880K, 100% used [0x00000000eab00000,0x00000000f2300000,0x00000000f2300000)
  from space 102400K, 13% used [0x00000000f8800000,0x00000000f95c8288,0x00000000fec00000)
  to   space 102912K, 0% used [0x00000000f2300000,0x00000000f2300000,0x00000000f8780000)
 ParOldGen       total 394240K, used 127248K [0x00000000c0000000, 0x00000000d8100000, 0x00000000eab00000)
  object space 394240K, 32% used [0x00000000c0000000,0x00000000c7c443f0,0x00000000d8100000)
 Metaspace       used 123289K, capacity 128560K, committed 150912K, reserved 1175552K
  class space    used 17025K, capacity 18612K, committed 24704K, reserved 1048576K
Event: 2951.862 GC heap after
Heap after GC invocations=160 (full 29):
 PSYoungGen      total 144896K, used 21800K [0x00000000eab00000, 0x00000000fe400000, 0x0000000100000000)
  eden space 122880K, 0% used [0x00000000eab00000,0x00000000eab00000,0x00000000f2300000)
  from space 22016K, 99% used [0x00000000f2300000,0x00000000f384a0c0,0x00000000f3880000)
  to   space 95744K, 0% used [0x00000000f8680000,0x00000000f8680000,0x00000000fe400000)
 ParOldGen       total 394240K, used 127256K [0x00000000c0000000, 0x00000000d8100000, 0x00000000eab00000)
  object space 394240K, 32% used [0x00000000c0000000,0x00000000c7c463f0,0x00000000d8100000)
 Metaspace       used 123289K, capacity 128560K, committed 150912K, reserved 1175552K
  class space    used 17025K, capacity 18612K, committed 24704K, reserved 1048576K
}
Event: 2952.668 GC heap before
{Heap before GC invocations=161 (full 29):
 PSYoungGen      total 144896K, used 144680K [0x00000000eab00000, 0x00000000fe400000, 0x0000000100000000)
  eden space 122880K, 100% used [0x00000000eab00000,0x00000000f2300000,0x00000000f2300000)
  from space 22016K, 99% used [0x00000000f2300000,0x00000000f384a0c0,0x00000000f3880000)
  to   space 95744K, 0% used [0x00000000f8680000,0x00000000f8680000,0x00000000fe400000)
 ParOldGen       total 394240K, used 127256K [0x00000000c0000000, 0x00000000d8100000, 0x00000000eab00000)
  object space 394240K, 32% used [0x00000000c0000000,0x00000000c7c463f0,0x00000000d8100000)
 Metaspace       used 125020K, capacity 130568K, committed 150912K, reserved 1175552K
  class space    used 17310K, capacity 19029K, committed 24704K, reserved 1048576K
Event: 2952.729 GC heap after
Heap after GC invocations=161 (full 29):
 PSYoungGen      total 218624K, used 31415K [0x00000000eab00000, 0x00000000fdc80000, 0x0000000100000000)
  eden space 130560K, 0% used [0x00000000eab00000,0x00000000eab00000,0x00000000f2a80000)
  from space 88064K, 35% used [0x00000000f8680000,0x00000000fa52dfb8,0x00000000fdc80000)
  to   space 91136K, 0% used [0x00000000f2a80000,0x00000000f2a80000,0x00000000f8380000)
 ParOldGen       total 394240K, used 127256K [0x00000000c0000000, 0x00000000d8100000, 0x00000000eab00000)
  object space 394240K, 32% used [0x00000000c0000000,0x00000000c7c463f0,0x00000000d8100000)
 Metaspace       used 125020K, capacity 130568K, committed 150912K, reserved 1175552K
  class space    used 17310K, capacity 19029K, committed 24704K, reserved 1048576K
}

Deoptimization events (10 events):
Event: 2743.570 Thread 0x0000000057547800 Uncommon trap: reason=unreached action=reinterpret pc=0x000000000492eb10 method=org.codehaus.groovy.util.LazyReference.get()Ljava/lang/Object; @ 33
Event: 2743.570 Thread 0x0000000057547800 Uncommon trap: reason=null_check action=make_not_entrant pc=0x0000000003ead810 method=java.lang.Class.reflectionData()Ljava/lang/Class$ReflectionData; @ 24
Event: 2743.570 Thread 0x0000000057547800 Uncommon trap: reason=null_check action=make_not_entrant pc=0x0000000002df8fe8 method=java.lang.Class.reflectionData()Ljava/lang/Class$ReflectionData; @ 24
Event: 2743.570 Thread 0x0000000057547800 Uncommon trap: reason=unreached action=reinterpret pc=0x00000000051dee74 method=org.codehaus.groovy.util.LazyReference.get()Ljava/lang/Object; @ 33
Event: 2743.571 Thread 0x0000000057547800 Uncommon trap: reason=null_check action=make_not_entrant pc=0x0000000005ae290c method=java.lang.Class.reflectionData()Ljava/lang/Class$ReflectionData; @ 24
Event: 2950.125 Thread 0x000000005754b800 Uncommon trap: reason=class_check action=maybe_recompile pc=0x0000000003c29988 method=org.codehaus.groovy.util.ReferenceManager$1.removeStallEntries()V @ 44
Event: 2952.220 Thread 0x000000005754b800 Uncommon trap: reason=bimorphic action=maybe_recompile pc=0x0000000006791a20 method=org.gradle.api.internal.artifacts.ivyservice.resolveengine.graph.DependencyGraphBuilder$DependencyEdge.getArtifacts(Lorg/gradle/internal/component/model/ConfigurationMetaDaÇ¢ÖÂp§@
Event: 2952.220 Thread 0x000000005754b800 Uncommon trap: reason=bimorphic action=maybe_recompile pc=0x0000000006791a20 method=org.gradle.api.internal.artifacts.ivyservice.resolveengine.graph.DependencyGraphBuilder$DependencyEdge.getArtifacts(Lorg/gradle/internal/component/model/ConfigurationMetaDa³X¶xt§@
Event: 2952.227 Thread 0x000000005754b800 Uncommon trap: reason=bimorphic action=maybe_recompile pc=0x0000000006791a20 method=org.gradle.api.internal.artifacts.ivyservice.resolveengine.graph.DependencyGraphBuilder$DependencyEdge.getArtifacts(Lorg/gradle/internal/component/model/ConfigurationMetaDa
Event: 2952.228 Thread 0x000000005754b800 Uncommon trap: reason=bimorphic action=maybe_recompile pc=0x0000000006791a20 method=org.gradle.api.internal.artifacts.ivyservice.resolveengine.graph.DependencyGraphBuilder$DependencyEdge.getArtifacts(Lorg/gradle/internal/component/model/ConfigurationMetaDaËwÐÇ#o¥@

Internal exceptions (10 events):
Event: 2952.970 Thread 0x000000005754b800 Exception <a 'java/security/PrivilegedActionException'> (0x00000000ebf12b00) thrown at [C:\re\workspace\8-2-build-windows-amd64-cygwin\jdk8u11\648\hotspot\src\share\vm\prims\jvm.cpp, line 1248]
Event: 2952.970 Thread 0x000000005754b800 Exception <a 'java/security/PrivilegedActionException'> (0x00000000ebf13ce8) thrown at [C:\re\workspace\8-2-build-windows-amd64-cygwin\jdk8u11\648\hotspot\src\share\vm\prims\jvm.cpp, line 1248]
Event: 2952.970 Thread 0x000000005754b800 Exception <a 'java/security/PrivilegedActionException'> (0x00000000ebf14ba8) thrown at [C:\re\workspace\8-2-build-windows-amd64-cygwin\jdk8u11\648\hotspot\src\share\vm\prims\jvm.cpp, line 1248]
Event: 2952.970 Thread 0x000000005754b800 Exception <a 'java/security/PrivilegedActionException'> (0x00000000ebf1b050) thrown at [C:\re\workspace\8-2-build-windows-amd64-cygwin\jdk8u11\648\hotspot\src\share\vm\prims\jvm.cpp, line 1248]
Event: 2952.971 Thread 0x000000005754b800 Exception <a 'java/lang/ClassNotFoundException': com/android/build/gradle/internal/core/MergedNdkConfigBeanInfo> (0x00000000ebf1b5d0) thrown at [C:\re\workspace\8-2-build-windows-amd64-cygwin\jdk8u11\648\hotspot\src\share\vm\classfile\systemDictionary.cpp,Döîúð§@
Event: 2952.971 Thread 0x000000005754b800 Exception <a 'java/security/PrivilegedActionException'> (0x00000000ebf21270) thrown at [C:\re\workspace\8-2-build-windows-amd64-cygwin\jdk8u11\648\hotspot\src\share\vm\prims\jvm.cpp, line 1248]
Event: 2952.971 Thread 0x000000005754b800 Exception <a 'java/security/PrivilegedActionException'> (0x00000000ebf222e0) thrown at [C:\re\workspace\8-2-build-windows-amd64-cygwin\jdk8u11\648\hotspot\src\share\vm\prims\jvm.cpp, line 1248]
Event: 2952.971 Thread 0x000000005754b800 Exception <a 'java/security/PrivilegedActionException'> (0x00000000ebf231c8) thrown at [C:\re\workspace\8-2-build-windows-amd64-cygwin\jdk8u11\648\hotspot\src\share\vm\prims\jvm.cpp, line 1248]
Event: 2952.971 Thread 0x000000005754b800 Exception <a 'java/security/PrivilegedActionException'> (0x00000000ebf29988) thrown at [C:\re\workspace\8-2-build-windows-amd64-cygwin\jdk8u11\648\hotspot\src\share\vm\prims\jvm.cpp, line 1248]
Event: 2952.971 Thread 0x000000005754b800 Exception <a 'java/lang/ClassNotFoundException': com/android/build/gradle/internal/core/MergedNdkConfigCustomizer> (0x00000000ebf29f08) thrown at [C:\re\workspace\8-2-build-windows-amd64-cygwin\jdk8u11\648\hotspot\src\share\vm\classfile\systemDictionary.cpÖdÄð§@

Events (10 events):
Event: 2952.970 loading class groovy/runtime/metaclass/com/android/build/gradle/internal/core/MergedNdkConfigMetaClass
Event: 2952.970 loading class groovy/runtime/metaclass/com/android/build/gradle/internal/core/MergedNdkConfigMetaClass done
Event: 2952.970 loading class com/android/build/gradle/internal/core/MergedNdkConfigBeanInfo
Event: 2952.970 loading class com/android/build/gradle/internal/core/MergedNdkConfigBeanInfo done
Event: 2952.971 loading class com/android/build/gradle/internal/core/MergedNdkConfigBeanInfo
Event: 2952.971 loading class com/android/build/gradle/internal/core/MergedNdkConfigBeanInfo done
Event: 2952.971 loading class com/android/build/gradle/internal/core/MergedNdkConfigCustomizer
Event: 2952.971 loading class com/android/build/gradle/internal/core/MergedNdkConfigCustomizer done
Event: 2952.971 loading class com/android/build/gradle/internal/core/MergedNdkConfigCustomizer
Event: 2952.971 loading class com/android/build/gradle/internal/core/MergedNdkConfigCustomizer done


Dynamic libraries:
0x000000013f280000 - 0x000000013f2b4000 	C:\Program Files\Java\jdk1.8.0_11\bin\java.exe
0x00000000776f0000 - 0x000000007789a000 	C:\Windows\SYSTEM32\ntdll.dll
0x00000000775d0000 - 0x00000000776ef000 	C:\Windows\system32\kernel32.dll
0x000007fefd4c0000 - 0x000007fefd52a000 	C:\Windows\system32\KERNELBASE.dll
0x000007feff2b0000 - 0x000007feff38b000 	C:\Windows\system32\ADVAPI32.dll
0x000007feff0c0000 - 0x000007feff15f000 	C:\Windows\system32\msvcrt.dll
0x000007feff5a0000 - 0x000007feff5bf000 	C:\Windows\SYSTEM32\sechost.dll
0x000007feff8d0000 - 0x000007feff9fd000 	C:\Windows\system32\RPCRT4.dll
0x00000000774d0000 - 0x00000000775ca000 	C:\Windows\system32\USER32.dll
0x000007feff740000 - 0x000007feff7a7000 	C:\Windows\system32\GDI32.dll
0x000007fefec70000 - 0x000007fefec7e000 	C:\Windows\system32\LPK.dll
0x000007feff160000 - 0x000007feff22a000 	C:\Windows\system32\USP10.dll
0x000007fefbed0000 - 0x000007fefc0c4000 	C:\Windows\WinSxS\amd64_microsoft.windows.common-controls_6595b64144ccf1df_6.0.7601.18837_none_fa3b1e3d17594757\COMCTL32.dll
0x000007feff850000 - 0x000007feff8c1000 	C:\Windows\system32\SHLWAPI.dll
0x000007feff800000 - 0x000007feff82e000 	C:\Windows\system32\IMM32.DLL
0x000007fefef50000 - 0x000007feff059000 	C:\Windows\system32\MSCTF.dll
0x0000000059b90000 - 0x0000000059c62000 	C:\Program Files\Java\jdk1.8.0_11\jre\bin\msvcr100.dll
0x0000000059ed0000 - 0x000000005a6fa000 	C:\Program Files\Java\jdk1.8.0_11\jre\bin\server\jvm.dll
0x000007feef770000 - 0x000007feef779000 	C:\Windows\system32\WSOCK32.dll
0x000007feff7b0000 - 0x000007feff7fd000 	C:\Windows\system32\WS2_32.dll
0x000007fefd830000 - 0x000007fefd838000 	C:\Windows\system32\NSI.dll
0x000007fef8af0000 - 0x000007fef8b2b000 	C:\Windows\system32\WINMM.dll
0x00000000778b0000 - 0x00000000778b7000 	C:\Windows\system32\PSAPI.DLL
0x000000005bdb0000 - 0x000000005bdbf000 	C:\Program Files\Java\jdk1.8.0_11\jre\bin\verify.dll
0x000000005bd80000 - 0x000000005bda8000 	C:\Program Files\Java\jdk1.8.0_11\jre\bin\java.dll
0x000000005bd60000 - 0x000000005bd76000 	C:\Program Files\Java\jdk1.8.0_11\jre\bin\zip.dll
0x000007fefda20000 - 0x000007fefe7a9000 	C:\Windows\system32\SHELL32.dll
0x000007feff390000 - 0x000007feff593000 	C:\Windows\system32\ole32.dll
0x000007fefd470000 - 0x000007fefd47f000 	C:\Windows\system32\profapi.dll
0x000007fefccb0000 - 0x000007fefccc8000 	C:\Windows\system32\CRYPTSP.dll
0x000007fefc9b0000 - 0x000007fefc9f7000 	C:\Windows\system32\rsaenh.dll
0x000007fefd5d0000 - 0x000007fefd5ee000 	C:\Windows\system32\USERENV.dll
0x000007fefd310000 - 0x000007fefd31f000 	C:\Windows\system32\CRYPTBASE.dll
0x000000005bd40000 - 0x000000005bd5a000 	C:\Program Files\Java\jdk1.8.0_11\jre\bin\net.dll
0x000007fefcc50000 - 0x000007fefcca5000 	C:\Windows\system32\mswsock.dll
0x000007fefcc40000 - 0x000007fefcc47000 	C:\Windows\System32\wship6.dll
0x000007fefaf20000 - 0x000007fefaf47000 	C:\Windows\system32\IPHLPAPI.DLL
0x000007fefaed0000 - 0x000007fefaedb000 	C:\Windows\system32\WINNSI.DLL
0x000007fefac10000 - 0x000007fefac28000 	C:\Windows\system32\dhcpcsvc.DLL
0x000007fefabf0000 - 0x000007fefac01000 	C:\Windows\system32\dhcpcsvc6.DLL
0x000000005bd20000 - 0x000000005bd31000 	C:\Program Files\Java\jdk1.8.0_11\jre\bin\nio.dll
0x000007fee9e20000 - 0x000007fee9e32000 	C:\Users\hufeng\AppData\Local\Temp\native-platform207914774118991606dir\native-platform.dll
0x000007fefd2b0000 - 0x000007fefd307000 	C:\Windows\system32\apphelp.dll
0x00000000023d0000 - 0x00000000023dd000 	C:\Program Files\Java\jdk1.8.0_11\jre\bin\management.dll
0x0000000059c70000 - 0x0000000059c94000 	C:\Program Files\Java\jdk1.8.0_11\jre\bin\sunec.dll
0x000007fefc630000 - 0x000007fefc637000 	C:\Windows\System32\wshtcpip.dll
0x000007fefcad0000 - 0x000007fefcb2b000 	C:\Windows\system32\DNSAPI.dll
0x000007fef9aa0000 - 0x000007fef9aa8000 	C:\Windows\system32\rasadhlp.dll
0x000007fefad20000 - 0x000007fefad73000 	C:\Windows\System32\fwpuclnt.dll
0x000007fefb2b0000 - 0x000007fefb2c5000 	C:\Windows\system32\NLAapi.dll
0x000007fef8ac0000 - 0x000007fef8ad5000 	C:\Windows\system32\napinsp.dll
0x000007fef8560000 - 0x000007fef8579000 	C:\Windows\system32\pnrpnsp.dll
0x000007fef8ab0000 - 0x000007fef8abb000 	C:\Windows\System32\winrnr.dll
0x000007feee600000 - 0x000007feee725000 	C:\Windows\system32\dbghelp.dll

VM Arguments:
jvm_args: -XX:MaxPermSize=256m -XX:+HeapDumpOnOutOfMemoryError -Xmx1024m -Dfile.encoding=GBK -Duser.country=CN -Duser.language=zh -Duser.variant 
java_command: org.gradle.launcher.daemon.bootstrap.GradleDaemon 2.2 C:\Users\hufeng\.gradle\daemon 10800000 43954521-a15b-411d-aba1-95ff375e770d -XX:MaxPermSize=256m -XX:+HeapDumpOnOutOfMemoryError -Xmx1024m -Dfile.encoding=GBK -Duser.country=CN -Duser.language=zh -Duser.variant
java_class_path (initial): C:\Users\hufeng\.gradle\wrapper\dists\gradle-2.2-all\1vevkra640w3rb9hkuw50q5we\gradle-2.2\lib\gradle-launcher-2.2.jar
Launcher Type: SUN_STANDARD

Environment Variables:
JAVA_HOME=C:\Program Files\Java\jdk1.8.0_11
PATH=C:\ProgramData\Oracle\Java\javapath;C:\Program Files\Java\jdk1.8.0_11/bin;C:\Program Files (x86)\Intel\iCLS Client\;C:\Program Files\Intel\iCLS Client\;C:\Windows\system32;C:\Windows;C:\Windows\System32\Wbem;C:\Windows\System32\WindowsPowerShell\v1.0\;C:\Program Files\Intel\Intel(R) Management Engine Components\DAL;C:\Program Files (x86)\Intel\Intel(R) Management Engine Components\DAL;C:\Program Files\Intel\Intel(R) Management Engine Components\IPT;C:\Program Files (x86)\Intel\Intel(R) Management Engine Components\IPT;
USERNAME=hufeng
OS=Windows_NT
PROCESSOR_IDENTIFIER=Intel64 Family 6 Model 61 Stepping 4, GenuineIntel



---------------  S Y S T E M  ---------------

OS: Windows 7 , 64 bit Build 7601 Service Pack 1

CPU:total 4 (2 cores per cpu, 2 threads per core) family 6 model 61 stepping 4, cmov, cx8, fxsr, mmx, sse, sse2, sse3, ssse3, sse4.1, sse4.2, popcnt, avx, avx2, aes, clmul, erms, ht, tsc, tscinvbit

Memory: 4k page, physical 16598500k(11207580k free), swap 33195140k(27901520k free)

vm_info: Java HotSpot(TM) 64-Bit Server VM (25.11-b03) for windows-amd64 JRE (1.8.0_11-b12), built on Jun 16 2014 20:57:32 by "java_re" with MS VC++ 10.0 (VS2010)

time: Mon Jun 20 10:43:52 2016
elapsed time: 2953 seconds

