#
# A fatal error has been detected by the Java Runtime Environment:
#
#  EXCEPTION_ACCESS_VIOLATION (0xc0000005) at pc=0x0000000077c28e9f, pid=3712, tid=7212
#
# JRE version: Java(TM) SE Runtime Environment (8.0_11-b12) (build 1.8.0_11-b12)
# Java VM: Java HotSpot(TM) 64-Bit Server VM (25.11-b03 mixed mode windows-amd64 compressed oops)
# Problematic frame:
# C  [ntdll.dll+0x48e9f]
#
# Failed to write core dump. Minidumps are not enabled by default on client versions of Windows
#
# If you would like to submit a bug report, please visit:
#   http://bugreport.sun.com/bugreport/crash.jsp
# The crash happened outside the Java Virtual Machine in native code.
# See problematic frame for where to report the bug.
#

---------------  T H R E A D  ---------------

Current thread (0x0000000017c76800):  JavaThread "Daemon worker Thread 9" [_thread_in_native, id=7212, stack(0x0000000018e40000,0x0000000018f40000)]

siginfo: ExceptionCode=0xc0000005, writing address 0x000000000000005c

Registers:
RAX=0x000000000000005c, RBX=0x000000001b1336c0, RCX=0x000000001b1337ac, RDX=0x000000000000012a
RSP=0x0000000018f3d3d0, RBP=0x000000000000fffe, RSI=0x0000000000000000, RDI=0x000000001b1336c0
R8 =0x0000000000000095, R9 =0x000000000000012a, R10=0x0000000000000000, R11=0x000000000000ffff
R12=0x000000000000012a, R13=0x0000000000000012, R14=0x0000000018f3d5d0, R15=0x0000000000000095
RIP=0x0000000077c28e9f, EFLAGS=0x0000000000010246

Top of Stack: (sp=0x0000000018f3d3d0)
0x0000000018f3d3d0:   0000000077cf03c8 0000000000000000
0x0000000018f3d3e0:   0000000000000140 0000000002130000
0x0000000018f3d3f0:   00000000012c012a 000000001b1336c0
0x0000000018f3d400:   0000000018f3d590 0000000077c2ffd8
0x0000000018f3d410:   0000000000000000 0000000018f3d6e0
0x0000000018f3d420:   000000001b1336c0 0000000002140470
0x0000000018f3d430:   000025e200000000 0000000002140401
0x0000000018f3d440:   0000000000000001 0000000002140080
0x0000000018f3d450:   0000000000000101 000000000000012a
0x0000000018f3d460:   00000000021412e0 0000000000000000
0x0000000018f3d470:   0000000000000001 00000000002de060
0x0000000018f3d480:   0000000000000134 00000000779e1961
0x0000000018f3d490:   0000000018f3d618 000000001b1336c0
0x0000000018f3d4a0:   0000000000000140 0000000002130000
0x0000000018f3d4b0:   0000000000000136 0000000000000136
0x0000000018f3d4c0:   0000000000000000 00000000012c012a 

Instructions: (pc=0x0000000077c28e9f)
0x0000000077c28e7f:   e2 fc 8b c2 48 01 41 18 8b 41 10 4c 89 44 c1 20
0x0000000077c28e8f:   ff 41 10 8b c2 c3 44 8a 74 24 40 e9 c0 55 00 00
0x0000000077c28e9f:   41 0f b7 c1 48 83 c1 02 48 d1 e8 48 8d 04 43 48
0x0000000077c28eaf:   3b c8 73 39 0f b7 01 66 83 c8 20 66 83 f8 70 0f 


Register to memory mapping:

RAX=0x000000000000005c is an unknown value
RBX=0x000000001b1336c0 is an unknown value
RCX=0x000000001b1337ac is an unknown value
RDX=0x000000000000012a is an unknown value
RSP=0x0000000018f3d3d0 is pointing into the stack for thread: 0x0000000017c76800
RBP=0x000000000000fffe is an unknown value
RSI=0x0000000000000000 is an unknown value
RDI=0x000000001b1336c0 is an unknown value
R8 =0x0000000000000095 is an unknown value
R9 =0x000000000000012a is an unknown value
R10=0x0000000000000000 is an unknown value
R11=0x000000000000ffff is an unknown value
R12=0x000000000000012a is an unknown value
R13=0x0000000000000012 is an unknown value
R14=0x0000000018f3d5d0 is pointing into the stack for thread: 0x0000000017c76800
R15=0x0000000000000095 is an unknown value


Stack: [0x0000000018e40000,0x0000000018f40000],  sp=0x0000000018f3d3d0,  free space=1012k
Native frames: (J=compiled Java code, j=interpreted, Vv=VM code, C=native code)
C  [ntdll.dll+0x48e9f]
C  [ntdll.dll+0x4ffd8]
C  [ntdll.dll+0x50b4a]
C  [KERNELBASE.dll+0x7056]
C  [java.dll+0x9a74]
C  [java.dll+0x9b9f]
C  0x000000000272d209

Java frames: (J=compiled Java code, j=interpreted, Vv=VM code)
J 497  java.io.WinNTFileSystem.getBooleanAttributes(Ljava/io/File;)I (0 bytes) @ 0x000000000272d18f [0x000000000272d140+0x4f]
J 23774 C2 org.gradle.api.internal.changedetection.state.DefaultFileCollectionSnapshotter$1.run()V (134 bytes) @ 0x0000000004bc2cd0 [0x0000000004bc25e0+0x6f0]
J 30127 C2 org.gradle.cache.internal.DefaultCacheFactory$ReferenceTrackingCache.useCache(Ljava/lang/String;Ljava/lang/Runnable;)V (15 bytes) @ 0x0000000006acddec [0x0000000006acd540+0x8ac]
J 13467 C1 org.gradle.api.internal.changedetection.state.DefaultTaskArtifactStateCacheAccess.useCache(Ljava/lang/String;Ljava/lang/Runnable;)V (12 bytes) @ 0x00000000045cbb6c [0x00000000045cbb00+0x6c]
J 13518 C1 org.gradle.api.internal.changedetection.state.DefaultFileCollectionSnapshotter.snapshot(Lorg/gradle/api/file/FileCollection;)Lorg/gradle/api/internal/changedetection/state/FileCollectionSnapshot; (70 bytes) @ 0x00000000046024f4 [0x00000000046022c0+0x234]
J 19831 C1 org.gradle.api.internal.changedetection.state.OutputFilesCollectionSnapshotter.snapshot(Lorg/gradle/api/file/FileCollection;)Lorg/gradle/api/internal/changedetection/state/OutputFilesCollectionSnapshotter$OutputFilesSnapshot; (55 bytes) @ 0x0000000003369394 [0x0000000003368ea0+0x4f4]
J 19830 C1 org.gradle.api.internal.changedetection.state.OutputFilesCollectionSnapshotter.snapshot(Lorg/gradle/api/file/FileCollection;)Lorg/gradle/api/internal/changedetection/state/FileCollectionSnapshot; (6 bytes) @ 0x000000000312f844 [0x000000000312f7c0+0x84]
J 25742 C1 org.gradle.api.internal.changedetection.rules.TaskUpToDateState.<init>(Lorg/gradle/api/internal/TaskInternal;Lorg/gradle/api/internal/changedetection/state/TaskHistoryRepository$History;Lorg/gradle/api/internal/changedetection/state/FileCollectionSnapshotter;Lorg/gradle/api/internal/changedetection/state/FileCollectionSnapshotter;)V (281 bytes) @ 0x0000000006032dac [0x0000000006031fa0+0xe0c]
J 22725 C1 org.gradle.api.internal.changedetection.changes.DefaultTaskArtifactStateRepository$TaskArtifactStateImpl.getStates()Lorg/gradle/api/internal/changedetection/rules/TaskUpToDateState; (45 bytes) @ 0x00000000050066c4 [0x0000000005006580+0x144]
J 23403 C1 org.gradle.api.internal.changedetection.changes.DefaultTaskArtifactStateRepository$TaskArtifactStateImpl.isUpToDate(Ljava/util/Collection;)Z (38 bytes) @ 0x0000000003472a84 [0x0000000003472a00+0x84]
J 19800 C1 org.gradle.api.internal.tasks.execution.SkipUpToDateTaskExecuter.execute(Lorg/gradle/api/internal/TaskInternal;Lorg/gradle/api/internal/tasks/TaskStateInternal;Lorg/gradle/api/internal/tasks/TaskExecutionContext;)V (221 bytes) @ 0x00000000027c1a7c [0x00000000027c13e0+0x69c]
J 19799 C1 org.gradle.api.internal.tasks.execution.ValidatingTaskExecuter.execute(Lorg/gradle/api/internal/TaskInternal;Lorg/gradle/api/internal/tasks/TaskStateInternal;Lorg/gradle/api/internal/tasks/TaskExecutionContext;)V (221 bytes) @ 0x00000000027c7184 [0x00000000027c4aa0+0x26e4]
J 22681 C1 org.gradle.api.internal.tasks.execution.SkipEmptySourceFilesTaskExecuter.execute(Lorg/gradle/api/internal/TaskInternal;Lorg/gradle/api/internal/tasks/TaskStateInternal;Lorg/gradle/api/internal/tasks/TaskExecutionContext;)V (62 bytes) @ 0x000000000581ad74 [0x000000000581a860+0x514]
J 22670 C1 org.gradle.api.internal.tasks.execution.SkipTaskWithNoActionsExecuter.execute(Lorg/gradle/api/internal/TaskInternal;Lorg/gradle/api/internal/tasks/TaskStateInternal;Lorg/gradle/api/internal/tasks/TaskExecutionContext;)V (116 bytes) @ 0x0000000005822624 [0x0000000005821a20+0xc04]
J 16600 C1 org.gradle.api.internal.tasks.execution.SkipOnlyIfTaskExecuter.execute(Lorg/gradle/api/internal/TaskInternal;Lorg/gradle/api/internal/tasks/TaskStateInternal;Lorg/gradle/api/internal/tasks/TaskExecutionContext;)V (90 bytes) @ 0x0000000004c96a04 [0x0000000004c95c40+0xdc4]
J 22667 C1 org.gradle.api.internal.tasks.execution.ExecuteAtMostOnceTaskExecuter.execute(Lorg/gradle/api/internal/TaskInternal;Lorg/gradle/api/internal/tasks/TaskStateInternal;Lorg/gradle/api/internal/tasks/TaskExecutionContext;)V (70 bytes) @ 0x00000000058203fc [0x0000000005820180+0x27c]
J 16599 C1 org.gradle.execution.taskgraph.AbstractTaskPlanExecutor$TaskExecutorWorker.executeTask(Lorg/gradle/execution/taskgraph/TaskInfo;)V (131 bytes) @ 0x0000000004c9455c [0x0000000004c93de0+0x77c]
J 16598 C1 org.gradle.execution.taskgraph.AbstractTaskPlanExecutor$TaskExecutorWorker.processTask(Lorg/gradle/execution/taskgraph/TaskInfo;)V (51 bytes) @ 0x0000000004c9350c [0x0000000004c93480+0x8c]
j  org.gradle.execution.taskgraph.AbstractTaskPlanExecutor$TaskExecutorWorker.run()V+56
j  org.gradle.execution.taskgraph.DefaultTaskPlanExecutor.process(Lorg/gradle/execution/taskgraph/TaskExecutionPlan;Lorg/gradle/api/execution/TaskExecutionListener;)V+6
j  org.gradle.execution.taskgraph.DefaultTaskGraphExecuter.execute()V+46
j  org.gradle.execution.SelectedTaskExecutionAction.execute(Lorg/gradle/execution/BuildExecutionContext;)V+41
j  org.gradle.execution.DefaultBuildExecuter.execute(I)V+36
j  org.gradle.execution.DefaultBuildExecuter.access$200(Lorg/gradle/execution/DefaultBuildExecuter;I)V+2
j  org.gradle.execution.DefaultBuildExecuter$2.proceed()V+10
j  org.gradle.execution.DryRunBuildExecutionAction.execute(Lorg/gradle/execution/BuildExecutionContext;)V+68
j  org.gradle.execution.DefaultBuildExecuter.execute(I)V+36
j  org.gradle.execution.DefaultBuildExecuter.execute()V+2
j  org.gradle.initialization.DefaultGradleLauncher.doBuildStages(Lorg/gradle/initialization/DefaultGradleLauncher$Stage;)V+184
j  org.gradle.initialization.DefaultGradleLauncher.doBuild(Lorg/gradle/initialization/DefaultGradleLauncher$Stage;)Lorg/gradle/BuildResult;+27
j  org.gradle.initialization.DefaultGradleLauncher.run()Lorg/gradle/BuildResult;+4
j  org.gradle.launcher.exec.InProcessBuildActionExecuter$DefaultBuildController.run()Lorg/gradle/api/internal/GradleInternal;+5
j  org.gradle.tooling.internal.provider.BuildModelAction.run(Lorg/gradle/initialization/BuildController;)Lorg/gradle/tooling/internal/provider/BuildActionResult;+15
j  org.gradle.tooling.internal.provider.BuildModelAction.run(Lorg/gradle/initialization/BuildController;)Ljava/lang/Object;+2
j  org.gradle.tooling.internal.provider.ConfiguringBuildAction.run(Lorg/gradle/initialization/BuildController;)Ljava/lang/Object;+15
j  org.gradle.launcher.exec.InProcessBuildActionExecuter.execute(Lorg/gradle/initialization/BuildAction;Lorg/gradle/initialization/BuildCancellationToken;Lorg/gradle/launcher/exec/BuildActionParameters;)Ljava/lang/Object;+19
j  org.gradle.launcher.exec.InProcessBuildActionExecuter.execute(Lorg/gradle/initialization/BuildAction;Lorg/gradle/initialization/BuildCancellationToken;Ljava/lang/Object;)Ljava/lang/Object;+7
j  org.gradle.launcher.daemon.server.exec.ExecuteBuild.doBuild(Lorg/gradle/launcher/daemon/server/exec/DaemonCommandExecution;Lorg/gradle/launcher/daemon/protocol/Build;)V+47
j  org.gradle.launcher.daemon.server.exec.BuildCommandOnly.execute(Lorg/gradle/launcher/daemon/server/exec/DaemonCommandExecution;)V+49
j  org.gradle.launcher.daemon.server.exec.DaemonCommandExecution.proceed()Z+28
j  org.gradle.launcher.daemon.server.exec.WatchForDisconnection.execute(Lorg/gradle/launcher/daemon/server/exec/DaemonCommandExecution;)V+19
j  org.gradle.launcher.daemon.server.exec.DaemonCommandExecution.proceed()Z+28
j  org.gradle.launcher.daemon.server.exec.ResetDeprecationLogger.execute(Lorg/gradle/launcher/daemon/server/exec/DaemonCommandExecution;)V+4
j  org.gradle.launcher.daemon.server.exec.DaemonCommandExecution.proceed()Z+28
j  org.gradle.launcher.daemon.server.exec.StartStopIfBuildAndStop.execute(Lorg/gradle/launcher/daemon/server/exec/DaemonCommandExecution;)V+34
j  org.gradle.launcher.daemon.server.exec.DaemonCommandExecution.proceed()Z+28
j  org.gradle.launcher.daemon.server.exec.ForwardClientInput$2.call()Ljava/lang/Void;+4
j  org.gradle.launcher.daemon.server.exec.ForwardClientInput$2.call()Ljava/lang/Object;+1
j  org.gradle.util.Swapper.swap(Ljava/lang/Object;Ljava/util/concurrent/Callable;)Ljava/lang/Object;+21
j  org.gradle.launcher.daemon.server.exec.ForwardClientInput.execute(Lorg/gradle/launcher/daemon/server/exec/DaemonCommandExecution;)V+63
j  org.gradle.launcher.daemon.server.exec.DaemonCommandExecution.proceed()Z+28
j  org.gradle.launcher.daemon.server.exec.LogToClient.doBuild(Lorg/gradle/launcher/daemon/server/exec/DaemonCommandExecution;Lorg/gradle/launcher/daemon/protocol/Build;)V+92
j  org.gradle.launcher.daemon.server.exec.BuildCommandOnly.execute(Lorg/gradle/launcher/daemon/server/exec/DaemonCommandExecution;)V+49
j  org.gradle.launcher.daemon.server.exec.DaemonCommandExecution.proceed()Z+28
j  org.gradle.launcher.daemon.server.exec.EstablishBuildEnvironment.doBuild(Lorg/gradle/launcher/daemon/server/exec/DaemonCommandExecution;Lorg/gradle/launcher/daemon/protocol/Build;)V+237
j  org.gradle.launcher.daemon.server.exec.BuildCommandOnly.execute(Lorg/gradle/launcher/daemon/server/exec/DaemonCommandExecution;)V+49
j  org.gradle.launcher.daemon.server.exec.DaemonCommandExecution.proceed()Z+28
j  org.gradle.launcher.daemon.server.exec.DaemonHygieneAction.execute(Lorg/gradle/launcher/daemon/server/exec/DaemonCommandExecution;)V+1
j  org.gradle.launcher.daemon.server.exec.DaemonCommandExecution.proceed()Z+28
j  org.gradle.launcher.daemon.server.exec.StartBuildOrRespondWithBusy$1.run()V+44
j  org.gradle.launcher.daemon.server.DaemonStateCoordinator$1.run()V+4
j  org.gradle.internal.concurrent.DefaultExecutorFactory$StoppableExecutorImpl$1.run()V+18
j  java.util.concurrent.ThreadPoolExecutor.runWorker(Ljava/util/concurrent/ThreadPoolExecutor$Worker;)V+95
j  java.util.concurrent.ThreadPoolExecutor$Worker.run()V+5
j  java.lang.Thread.run()V+11
v  ~StubRoutines::call_stub

---------------  P R O C E S S  ---------------

Java Threads: ( => current thread )
  0x000000001c2df800 JavaThread "Stdin handler" [_thread_blocked, id=3348, stack(0x000000001edd0000,0x000000001eed0000)]
  0x000000001c2df000 JavaThread "Cancel handler" [_thread_blocked, id=6360, stack(0x0000000019070000,0x0000000019170000)]
  0x000000001c2de000 JavaThread "Handler for socket connection from /127.0.0.1:52332 to /127.0.0.1:59861" [_thread_in_native, id=4748, stack(0x0000000018f40000,0x0000000019040000)]
=>0x0000000017c76800 JavaThread "Daemon worker Thread 9" [_thread_in_native, id=7212, stack(0x0000000018e40000,0x0000000018f40000)]
  0x0000000017c74000 JavaThread "Daemon Thread 9" [_thread_blocked, id=7752, stack(0x0000000018cb0000,0x0000000018db0000)]
  0x0000000017e45000 JavaThread "File lock request listener" [_thread_in_native, id=7856, stack(0x000000001ce40000,0x000000001cf40000)]
  0x0000000017708800 JavaThread "Incoming local TCP Connector on port 52332" [_thread_in_native, id=6552, stack(0x0000000018940000,0x0000000018a40000)]
  0x0000000016158800 JavaThread "Service Thread" daemon [_thread_blocked, id=6668, stack(0x0000000016e70000,0x0000000016f70000)]
  0x00000000160d3000 JavaThread "C1 CompilerThread2" daemon [_thread_blocked, id=5584, stack(0x0000000016bf0000,0x0000000016cf0000)]
  0x00000000160d0800 JavaThread "C2 CompilerThread1" daemon [_thread_in_native, id=5152, stack(0x0000000016a10000,0x0000000016b10000)]
  0x00000000160cd000 JavaThread "C2 CompilerThread0" daemon [_thread_blocked, id=8176, stack(0x00000000168c0000,0x00000000169c0000)]
  0x00000000160c9800 JavaThread "Attach Listener" daemon [_thread_blocked, id=5760, stack(0x0000000016520000,0x0000000016620000)]
  0x00000000160c4000 JavaThread "Signal Dispatcher" daemon [_thread_blocked, id=6280, stack(0x0000000016680000,0x0000000016780000)]
  0x0000000014c25000 JavaThread "Finalizer" daemon [_thread_blocked, id=7760, stack(0x0000000015fb0000,0x00000000160b0000)]
  0x0000000014c1a000 JavaThread "Reference Handler" daemon [_thread_blocked, id=852, stack(0x0000000015e40000,0x0000000015f40000)]
  0x000000000213f000 JavaThread "main" [_thread_blocked, id=7184, stack(0x00000000023f0000,0x00000000024f0000)]

Other Threads:
  0x0000000014c16800 VMThread [stack: 0x0000000015cb0000,0x0000000015db0000] [id=7396]
  0x000000001615e000 WatcherThread [stack: 0x0000000016f90000,0x0000000017090000] [id=2440]

VM state:not at safepoint (normal execution)

VM Mutex/Monitor currently owned by a thread: None

Heap:
 PSYoungGen      total 231424K, used 154839K [0x00000000eab00000, 0x00000000fde00000, 0x0000000100000000)
  eden space 156672K, 81% used [0x00000000eab00000,0x00000000f2730d80,0x00000000f4400000)
  from space 74752K, 37% used [0x00000000f9500000,0x00000000fb0051d8,0x00000000fde00000)
  to   space 78848K, 0% used [0x00000000f4400000,0x00000000f4400000,0x00000000f9100000)
 ParOldGen       total 428544K, used 118528K [0x00000000c0000000, 0x00000000da280000, 0x00000000eab00000)
  object space 428544K, 27% used [0x00000000c0000000,0x00000000c73c0158,0x00000000da280000)
 Metaspace       used 70404K, capacity 74730K, committed 138240K, reserved 1161216K
  class space    used 9715K, capacity 11001K, committed 25600K, reserved 1048576K

Card table byte_map: [0x00000000118b0000,0x0000000011ac0000] byte_map_base: 0x00000000112b0000

Marking Bits: (ParMarkBitMap*) 0x00000000529712b0
 Begin Bits: [0x0000000012090000, 0x0000000013090000)
 End Bits:   [0x0000000013090000, 0x0000000014090000)

Polling page: 0x0000000000110000

CodeCache: size=245760Kb used=53296Kb max_used=75823Kb free=192463Kb
 bounds [0x00000000024f0000, 0x0000000006f60000, 0x00000000114f0000]
 total_blobs=14288 nmethods=13582 adapters=616
 compilation: enabled

Compilation events (10 events):
Event: 3856.424 Thread 0x00000000160d3000 33207       3       com.google.common.collect.ImmutableList::construct (8 bytes)
Event: 3856.424 Thread 0x00000000160d3000 nmethod 33207 0x000000000286b010 code [0x000000000286b1a0, 0x000000000286b518]
Event: 3856.424 Thread 0x00000000160d3000 33208       3       com.google.common.collect.ImmutableList::asImmutableList (7 bytes)
Event: 3856.425 Thread 0x00000000160d3000 nmethod 33208 0x0000000002c4f890 code [0x0000000002c4fa00, 0x0000000002c4fb68]
Event: 3856.438 Thread 0x00000000160d3000 33209       3       com.google.common.collect.ImmutableList::copyOf (44 bytes)
Event: 3856.439 Thread 0x00000000160d3000 nmethod 33209 0x00000000032b0c50 code [0x00000000032b0ea0, 0x00000000032b1b68]
Event: 3856.439 Thread 0x00000000160d3000 33210       3       com.android.build.gradle.internal.profile.RecordingBuildListener$TaskRecord::$getStaticMetaClass (39 bytes)
Event: 3856.441 Thread 0x00000000160d3000 nmethod 33210 0x0000000004a37690 code [0x0000000004a379a0, 0x0000000004a39398]
Event: 3856.443 Thread 0x00000000160d3000 33211       1       com.android.build.gradle.internal.scope.GlobalScope::getGeneratedDir (5 bytes)
Event: 3856.444 Thread 0x00000000160d3000 nmethod 33211 0x000000000285cd90 code [0x000000000285cee0, 0x000000000285cff0]

GC Heap History (10 events):
Event: 3820.171 GC heap before
{Heap before GC invocations=199 (full 28):
 PSYoungGen      total 230912K, used 145800K [0x00000000eab00000, 0x00000000feb80000, 0x0000000100000000)
  eden space 134656K, 100% used [0x00000000eab00000,0x00000000f2e80000,0x00000000f2e80000)
  from space 96256K, 11% used [0x00000000f8d80000,0x00000000f9862358,0x00000000feb80000)
  to   space 96768K, 0% used [0x00000000f2e80000,0x00000000f2e80000,0x00000000f8d00000)
 ParOldGen       total 428544K, used 194140K [0x00000000c0000000, 0x00000000da280000, 0x00000000eab00000)
  object space 428544K, 45% used [0x00000000c0000000,0x00000000cbd97368,0x00000000da280000)
 Metaspace       used 147132K, capacity 158794K, committed 159872K, reserved 1183744K
  class space    used 21346K, capacity 25130K, committed 25472K, reserved 1048576K
Event: 3820.187 GC heap after
Heap after GC invocations=199 (full 28):
 PSYoungGen      total 231424K, used 5716K [0x00000000eab00000, 0x00000000fef00000, 0x0000000100000000)
  eden space 134656K, 0% used [0x00000000eab00000,0x00000000eab00000,0x00000000f2e80000)
  from space 96768K, 5% used [0x00000000f2e80000,0x00000000f3415190,0x00000000f8d00000)
  to   space 92672K, 0% used [0x00000000f9480000,0x00000000f9480000,0x00000000fef00000)
 ParOldGen       total 428544K, used 204141K [0x00000000c0000000, 0x00000000da280000, 0x00000000eab00000)
  object space 428544K, 47% used [0x00000000c0000000,0x00000000cc75b5c8,0x00000000da280000)
 Metaspace       used 147132K, capacity 158794K, committed 159872K, reserved 1183744K
  class space    used 21346K, capacity 25130K, committed 25472K, reserved 1048576K
}
Event: 3822.988 GC heap before
{Heap before GC invocations=200 (full 28):
 PSYoungGen      total 231424K, used 38970K [0x00000000eab00000, 0x00000000fef00000, 0x0000000100000000)
  eden space 134656K, 24% used [0x00000000eab00000,0x00000000ecb798c0,0x00000000f2e80000)
  from space 96768K, 5% used [0x00000000f2e80000,0x00000000f3415190,0x00000000f8d00000)
  to   space 92672K, 0% used [0x00000000f9480000,0x00000000f9480000,0x00000000fef00000)
 ParOldGen       total 428544K, used 204141K [0x00000000c0000000, 0x00000000da280000, 0x00000000eab00000)
  object space 428544K, 47% used [0x00000000c0000000,0x00000000cc75b5c8,0x00000000da280000)
 Metaspace       used 147947K, capacity 159632K, committed 160768K, reserved 1183744K
  class space    used 21482K, capacity 25260K, committed 25600K, reserved 1048576K
Event: 3823.014 GC heap after
Heap after GC invocations=200 (full 28):
 PSYoungGen      total 230912K, used 6258K [0x00000000eab00000, 0x00000000fe700000, 0x0000000100000000)
  eden space 146432K, 0% used [0x00000000eab00000,0x00000000eab00000,0x00000000f3a00000)
  from space 84480K, 7% used [0x00000000f9480000,0x00000000f9a9ca98,0x00000000fe700000)
  to   space 88576K, 0% used [0x00000000f3a00000,0x00000000f3a00000,0x00000000f9080000)
 ParOldGen       total 428544K, used 204149K [0x00000000c0000000, 0x00000000da280000, 0x00000000eab00000)
  object space 428544K, 47% used [0x00000000c0000000,0x00000000cc75d5c8,0x00000000da280000)
 Metaspace       used 147947K, capacity 159632K, committed 160768K, reserved 1183744K
  class space    used 21482K, capacity 25260K, committed 25600K, reserved 1048576K
}
Event: 3823.014 GC heap before
{Heap before GC invocations=201 (full 29):
 PSYoungGen      total 230912K, used 6258K [0x00000000eab00000, 0x00000000fe700000, 0x0000000100000000)
  eden space 146432K, 0% used [0x00000000eab00000,0x00000000eab00000,0x00000000f3a00000)
  from space 84480K, 7% used [0x00000000f9480000,0x00000000f9a9ca98,0x00000000fe700000)
  to   space 88576K, 0% used [0x00000000f3a00000,0x00000000f3a00000,0x00000000f9080000)
 ParOldGen       total 428544K, used 204149K [0x00000000c0000000, 0x00000000da280000, 0x00000000eab00000)
  object space 428544K, 47% used [0x00000000c0000000,0x00000000cc75d5c8,0x00000000da280000)
 Metaspace       used 147947K, capacity 159632K, committed 160768K, reserved 1183744K
  class space    used 21482K, capacity 25260K, committed 25600K, reserved 1048576K
Event: 3823.885 GC heap after
Heap after GC invocations=201 (full 29):
 PSYoungGen      total 230912K, used 0K [0x00000000eab00000, 0x00000000fe700000, 0x0000000100000000)
  eden space 146432K, 0% used [0x00000000eab00000,0x00000000eab00000,0x00000000f3a00000)
  from space 84480K, 0% used [0x00000000f9480000,0x00000000f9480000,0x00000000fe700000)
  to   space 88576K, 0% used [0x00000000f3a00000,0x00000000f3a00000,0x00000000f9080000)
 ParOldGen       total 428544K, used 118528K [0x00000000c0000000, 0x00000000da280000, 0x00000000eab00000)
  object space 428544K, 27% used [0x00000000c0000000,0x00000000c73c0158,0x00000000da280000)
 Metaspace       used 61770K, capacity 64852K, committed 138240K, reserved 1161216K
  class space    used 8371K, capacity 9236K, committed 25600K, reserved 1048576K
}
Event: 3853.880 GC heap before
{Heap before GC invocations=202 (full 29):
 PSYoungGen      total 230912K, used 146432K [0x00000000eab00000, 0x00000000fe700000, 0x0000000100000000)
  eden space 146432K, 100% used [0x00000000eab00000,0x00000000f3a00000,0x00000000f3a00000)
  from space 84480K, 0% used [0x00000000f9480000,0x00000000f9480000,0x00000000fe700000)
  to   space 88576K, 0% used [0x00000000f3a00000,0x00000000f3a00000,0x00000000f9080000)
 ParOldGen       total 428544K, used 118528K [0x00000000c0000000, 0x00000000da280000, 0x00000000eab00000)
  object space 428544K, 27% used [0x00000000c0000000,0x00000000c73c0158,0x00000000da280000)
 Metaspace       used 66273K, capacity 69868K, committed 138240K, reserved 1161216K
  class space    used 9014K, capacity 10063K, committed 25600K, reserved 1048576K
Event: 3853.915 GC heap after
Heap after GC invocations=202 (full 29):
 PSYoungGen      total 235008K, used 18501K [0x00000000eab00000, 0x00000000fe580000, 0x0000000100000000)
  eden space 146432K, 0% used [0x00000000eab00000,0x00000000eab00000,0x00000000f3a00000)
  from space 88576K, 20% used [0x00000000f3a00000,0x00000000f4c11710,0x00000000f9080000)
  to   space 82432K, 0% used [0x00000000f9500000,0x00000000f9500000,0x00000000fe580000)
 ParOldGen       total 428544K, used 118528K [0x00000000c0000000, 0x00000000da280000, 0x00000000eab00000)
  object space 428544K, 27% used [0x00000000c0000000,0x00000000c73c0158,0x00000000da280000)
 Metaspace       used 66273K, capacity 69868K, committed 138240K, reserved 1161216K
  class space    used 9014K, capacity 10063K, committed 25600K, reserved 1048576K
}
Event: 3854.998 GC heap before
{Heap before GC invocations=203 (full 29):
 PSYoungGen      total 235008K, used 164933K [0x00000000eab00000, 0x00000000fe580000, 0x0000000100000000)
  eden space 146432K, 100% used [0x00000000eab00000,0x00000000f3a00000,0x00000000f3a00000)
  from space 88576K, 20% used [0x00000000f3a00000,0x00000000f4c11710,0x00000000f9080000)
  to   space 82432K, 0% used [0x00000000f9500000,0x00000000f9500000,0x00000000fe580000)
 ParOldGen       total 428544K, used 118528K [0x00000000c0000000, 0x00000000da280000, 0x00000000eab00000)
  object space 428544K, 27% used [0x00000000c0000000,0x00000000c73c0158,0x00000000da280000)
 Metaspace       used 69218K, capacity 73164K, committed 138240K, reserved 1161216K
  class space    used 9503K, capacity 10734K, committed 25600K, reserved 1048576K
Event: 3855.029 GC heap after
Heap after GC invocations=203 (full 29):
 PSYoungGen      total 231424K, used 27668K [0x00000000eab00000, 0x00000000fde00000, 0x0000000100000000)
  eden space 156672K, 0% used [0x00000000eab00000,0x00000000eab00000,0x00000000f4400000)
  from space 74752K, 37% used [0x00000000f9500000,0x00000000fb0051d8,0x00000000fde00000)
  to   space 78848K, 0% used [0x00000000f4400000,0x00000000f4400000,0x00000000f9100000)
 ParOldGen       total 428544K, used 118528K [0x00000000c0000000, 0x00000000da280000, 0x00000000eab00000)
  object space 428544K, 27% used [0x00000000c0000000,0x00000000c73c0158,0x00000000da280000)
 Metaspace       used 69218K, capacity 73164K, committed 138240K, reserved 1161216K
  class space    used 9503K, capacity 10734K, committed 25600K, reserved 1048576K
}

Deoptimization events (10 events):
Event: 3853.026 Thread 0x0000000017c76800 Uncommon trap: reason=class_check action=maybe_recompile pc=0x0000000006dd1438 method=org.gradle.api.internal.project.DefaultProject_Decorated.getFileOperations()Lorg/gradle/api/internal/file/FileOperations; @ 28
Event: 3853.423 Thread 0x0000000017c76800 Uncommon trap: reason=null_check action=make_not_entrant pc=0x00000000054bfe14 method=java.lang.Class.reflectionData()Ljava/lang/Class$ReflectionData; @ 24
Event: 3853.503 Thread 0x0000000017c76800 Uncommon trap: reason=null_check action=make_not_entrant pc=0x0000000005829d68 method=org.codehaus.groovy.reflection.ClassInfo.getWeakMetaClass()Lgroovy/lang/MetaClass; @ 17
Event: 3854.020 Thread 0x0000000017c76800 Uncommon trap: reason=class_check action=maybe_recompile pc=0x0000000006dd1438 method=org.gradle.api.internal.project.DefaultProject_Decorated.getFileOperations()Lorg/gradle/api/internal/file/FileOperations; @ 28
Event: 3854.079 Thread 0x0000000017c76800 Uncommon trap: reason=class_check action=maybe_recompile pc=0x0000000006e3537c method=org.gradle.api.internal.artifacts.ivyservice.ivyresolve.RepositoryChainAdapter.resolve(Lorg/gradle/internal/component/model/DependencyMetaData;Lorg/gradle/api/artifacts/cŒŒHÏ®@
Event: 3854.905 Thread 0x0000000017c76800 Uncommon trap: reason=class_check action=maybe_recompile pc=0x0000000006dd1438 method=org.gradle.api.internal.project.DefaultProject_Decorated.getFileOperations()Lorg/gradle/api/internal/file/FileOperations; @ 28
Event: 3854.920 Thread 0x0000000017c76800 Uncommon trap: reason=class_check action=maybe_recompile pc=0x0000000005073ac0 method=org.codehaus.groovy.runtime.metaclass.ClosureMetaClass.invokeMethod(Ljava/lang/Class;Ljava/lang/Object;Ljava/lang/String;[Ljava/lang/Object;ZZ)Ljava/lang/Object; @ 496
Event: 3854.920 Thread 0x0000000017c76800 Uncommon trap: reason=class_check action=maybe_recompile pc=0x0000000005073ac0 method=org.codehaus.groovy.runtime.metaclass.ClosureMetaClass.invokeMethod(Ljava/lang/Class;Ljava/lang/Object;Ljava/lang/String;[Ljava/lang/Object;ZZ)Ljava/lang/Object; @ 496
Event: 3854.920 Thread 0x0000000017c76800 Uncommon trap: reason=class_check action=maybe_recompile pc=0x0000000005073ac0 method=org.codehaus.groovy.runtime.metaclass.ClosureMetaClass.invokeMethod(Ljava/lang/Class;Ljava/lang/Object;Ljava/lang/String;[Ljava/lang/Object;ZZ)Ljava/lang/Object; @ 496
Event: 3854.922 Thread 0x0000000017c76800 Uncommon trap: reason=class_check action=maybe_recompile pc=0x0000000005073ac0 method=org.codehaus.groovy.runtime.metaclass.ClosureMetaClass.invokeMethod(Ljava/lang/Class;Ljava/lang/Object;Ljava/lang/String;[Ljava/lang/Object;ZZ)Ljava/lang/Object; @ 496

Internal exceptions (10 events):
Event: 3856.124 Thread 0x0000000017c76800 Exception <a 'java/security/PrivilegedActionException'> (0x00000000f182abb8) thrown at [C:\re\workspace\8-2-build-windows-amd64-cygwin\jdk8u11\648\hotspot\src\share\vm\prims\jvm.cpp, line 1248]
Event: 3856.124 Thread 0x0000000017c76800 Exception <a 'java/security/PrivilegedActionException'> (0x00000000f182bdb0) thrown at [C:\re\workspace\8-2-build-windows-amd64-cygwin\jdk8u11\648\hotspot\src\share\vm\prims\jvm.cpp, line 1248]
Event: 3856.124 Thread 0x0000000017c76800 Exception <a 'java/security/PrivilegedActionException'> (0x00000000f182cfa8) thrown at [C:\re\workspace\8-2-build-windows-amd64-cygwin\jdk8u11\648\hotspot\src\share\vm\prims\jvm.cpp, line 1248]
Event: 3856.124 Thread 0x0000000017c76800 Exception <a 'java/security/PrivilegedActionException'> (0x00000000f1833900) thrown at [C:\re\workspace\8-2-build-windows-amd64-cygwin\jdk8u11\648\hotspot\src\share\vm\prims\jvm.cpp, line 1248]
Event: 3856.124 Thread 0x0000000017c76800 Exception <a 'java/lang/ClassNotFoundException': com/android/build/gradle/internal/tasks/MergeFileTaskCustomizer> (0x00000000f1833e80) thrown at [C:\re\workspace\8-2-build-windows-amd64-cygwin\jdk8u11\648\hotspot\src\share\vm\classfile\systemDictionary.cppÍ¥? ®@
Event: 3856.124 Thread 0x0000000017c76800 Exception <a 'java/security/PrivilegedActionException'> (0x00000000f1850530) thrown at [C:\re\workspace\8-2-build-windows-amd64-cygwin\jdk8u11\648\hotspot\src\share\vm\prims\jvm.cpp, line 1248]
Event: 3856.124 Thread 0x0000000017c76800 Exception <a 'java/security/PrivilegedActionException'> (0x00000000f1851800) thrown at [C:\re\workspace\8-2-build-windows-amd64-cygwin\jdk8u11\648\hotspot\src\share\vm\prims\jvm.cpp, line 1248]
Event: 3856.124 Thread 0x0000000017c76800 Exception <a 'java/security/PrivilegedActionException'> (0x00000000f1852770) thrown at [C:\re\workspace\8-2-build-windows-amd64-cygwin\jdk8u11\648\hotspot\src\share\vm\prims\jvm.cpp, line 1248]
Event: 3856.125 Thread 0x0000000017c76800 Exception <a 'java/security/PrivilegedActionException'> (0x00000000f1859888) thrown at [C:\re\workspace\8-2-build-windows-amd64-cygwin\jdk8u11\648\hotspot\src\share\vm\prims\jvm.cpp, line 1248]
Event: 3856.125 Thread 0x0000000017c76800 Exception <a 'java/lang/ClassNotFoundException': com/android/build/gradle/internal/tasks/MergeFileTask_DecoratedCustomizer> (0x00000000f1859e20) thrown at [C:\re\workspace\8-2-build-windows-amd64-cygwin\jdk8u11\648\hotspot\src\share\vm\classfile\systemDict¨ŸU? ®@

Events (10 events):
Event: 3856.124 loading class com/android/build/gradle/internal/tasks/MergeFileTaskBeanInfo
Event: 3856.124 loading class com/android/build/gradle/internal/tasks/MergeFileTaskBeanInfo done
Event: 3856.124 loading class com/android/build/gradle/internal/tasks/MergeFileTaskCustomizer
Event: 3856.124 loading class com/android/build/gradle/internal/tasks/MergeFileTaskCustomizer done
Event: 3856.124 loading class com/android/build/gradle/internal/tasks/MergeFileTaskCustomizer
Event: 3856.124 loading class com/android/build/gradle/internal/tasks/MergeFileTaskCustomizer done
Event: 3856.124 loading class com/android/build/gradle/internal/tasks/MergeFileTask_DecoratedCustomizer
Event: 3856.124 loading class com/android/build/gradle/internal/tasks/MergeFileTask_DecoratedCustomizer done
Event: 3856.125 loading class com/android/build/gradle/internal/tasks/MergeFileTask_DecoratedCustomizer
Event: 3856.125 loading class com/android/build/gradle/internal/tasks/MergeFileTask_DecoratedCustomizer done


Dynamic libraries:
0x000000013fe50000 - 0x000000013fe84000 	C:\Program Files\Java\jdk1.8.0_11\bin\java.exe
0x0000000077be0000 - 0x0000000077d8a000 	C:\Windows\SYSTEM32\ntdll.dll
0x00000000779c0000 - 0x0000000077adf000 	C:\Windows\system32\kernel32.dll
0x000007fefdc70000 - 0x000007fefdcda000 	C:\Windows\system32\KERNELBASE.dll
0x000007fefe260000 - 0x000007fefe33b000 	C:\Windows\system32\ADVAPI32.dll
0x000007feff040000 - 0x000007feff0df000 	C:\Windows\system32\msvcrt.dll
0x000007fefe130000 - 0x000007fefe14f000 	C:\Windows\SYSTEM32\sechost.dll
0x000007fefee70000 - 0x000007fefef9d000 	C:\Windows\system32\RPCRT4.dll
0x0000000077ae0000 - 0x0000000077bda000 	C:\Windows\system32\USER32.dll
0x000007fefe700000 - 0x000007fefe767000 	C:\Windows\system32\GDI32.dll
0x000007fefdd20000 - 0x000007fefdd2e000 	C:\Windows\system32\LPK.dll
0x000007fefe060000 - 0x000007fefe12a000 	C:\Windows\system32\USP10.dll
0x000007fefc3c0000 - 0x000007fefc5b4000 	C:\Windows\WinSxS\amd64_microsoft.windows.common-controls_6595b64144ccf1df_6.0.7601.18837_none_fa3b1e3d17594757\COMCTL32.dll
0x000007fefefa0000 - 0x000007feff011000 	C:\Windows\system32\SHLWAPI.dll
0x000007fefe5f0000 - 0x000007fefe61e000 	C:\Windows\system32\IMM32.DLL
0x000007fefe150000 - 0x000007fefe259000 	C:\Windows\system32\MSCTF.dll
0x0000000064dd0000 - 0x0000000064ea2000 	C:\Program Files\Java\jdk1.8.0_11\jre\bin\msvcr100.dll
0x00000000521c0000 - 0x00000000529ea000 	C:\Program Files\Java\jdk1.8.0_11\jre\bin\server\jvm.dll
0x000007feef050000 - 0x000007feef059000 	C:\Windows\system32\WSOCK32.dll
0x000007fefea40000 - 0x000007fefea8d000 	C:\Windows\system32\WS2_32.dll
0x000007fefee60000 - 0x000007fefee68000 	C:\Windows\system32\NSI.dll
0x000007fef61d0000 - 0x000007fef620b000 	C:\Windows\system32\WINMM.dll
0x0000000077da0000 - 0x0000000077da7000 	C:\Windows\system32\PSAPI.DLL
0x000000006ff70000 - 0x000000006ff7f000 	C:\Program Files\Java\jdk1.8.0_11\jre\bin\verify.dll
0x000000006b7b0000 - 0x000000006b7d8000 	C:\Program Files\Java\jdk1.8.0_11\jre\bin\java.dll
0x000000006de80000 - 0x000000006de96000 	C:\Program Files\Java\jdk1.8.0_11\jre\bin\zip.dll
0x000007feff0e0000 - 0x000007feffe69000 	C:\Windows\system32\SHELL32.dll
0x000007fefe3e0000 - 0x000007fefe5e3000 	C:\Windows\system32\ole32.dll
0x000007fefd960000 - 0x000007fefd96f000 	C:\Windows\system32\profapi.dll
0x000007fefd1a0000 - 0x000007fefd1b8000 	C:\Windows\system32\CRYPTSP.dll
0x000007fefcea0000 - 0x000007fefcee7000 	C:\Windows\system32\rsaenh.dll
0x000007fefdcf0000 - 0x000007fefdd0e000 	C:\Windows\system32\USERENV.dll
0x000007fefd800000 - 0x000007fefd80f000 	C:\Windows\system32\CRYPTBASE.dll
0x000000006de20000 - 0x000000006de3a000 	C:\Program Files\Java\jdk1.8.0_11\jre\bin\net.dll
0x000007fefd140000 - 0x000007fefd195000 	C:\Windows\system32\mswsock.dll
0x000007fefd130000 - 0x000007fefd137000 	C:\Windows\System32\wship6.dll
0x000007fefa810000 - 0x000007fefa837000 	C:\Windows\system32\IPHLPAPI.DLL
0x000007fefa800000 - 0x000007fefa80b000 	C:\Windows\system32\WINNSI.DLL
0x000007fefa5d0000 - 0x000007fefa5e8000 	C:\Windows\system32\dhcpcsvc.DLL
0x000007fefa5b0000 - 0x000007fefa5c1000 	C:\Windows\system32\dhcpcsvc6.DLL
0x000000006beb0000 - 0x000000006bec1000 	C:\Program Files\Java\jdk1.8.0_11\jre\bin\nio.dll
0x000007feeee60000 - 0x000007feeee72000 	C:\Users\hufeng\AppData\Local\Temp\native-platform6466348492659516294dir\native-platform.dll
0x000007fefd7a0000 - 0x000007fefd7f7000 	C:\Windows\system32\apphelp.dll
0x000000006e3f0000 - 0x000000006e3fd000 	C:\Program Files\Java\jdk1.8.0_11\jre\bin\management.dll
0x000007fefb4e0000 - 0x000007fefb605000 	C:\Windows\system32\dbghelp.dll

VM Arguments:
jvm_args: -XX:MaxPermSize=256m -XX:+HeapDumpOnOutOfMemoryError -Xmx1024m -Dfile.encoding=GBK -Duser.country=CN -Duser.language=zh -Duser.variant 
java_command: org.gradle.launcher.daemon.bootstrap.GradleDaemon 2.2 C:\Users\hufeng\.gradle\daemon 10800000 8a0ba04b-a97a-4227-b15a-fdc0e452258c -XX:MaxPermSize=256m -XX:+HeapDumpOnOutOfMemoryError -Xmx1024m -Dfile.encoding=GBK -Duser.country=CN -Duser.language=zh -Duser.variant
java_class_path (initial): C:\Users\hufeng\.gradle\wrapper\dists\gradle-2.2-all\1vevkra640w3rb9hkuw50q5we\gradle-2.2\lib\gradle-launcher-2.2.jar
Launcher Type: SUN_STANDARD

Environment Variables:
JAVA_HOME=C:\Program Files\Java\jdk1.8.0_11
PATH=C:\ProgramData\Oracle\Java\javapath;C:\Program Files\Java\jdk1.8.0_11/bin;C:\Program Files (x86)\Intel\iCLS Client\;C:\Program Files\Intel\iCLS Client\;C:\Windows\system32;C:\Windows;C:\Windows\System32\Wbem;C:\Windows\System32\WindowsPowerShell\v1.0\;C:\Program Files\Intel\Intel(R) Management Engine Components\DAL;C:\Program Files (x86)\Intel\Intel(R) Management Engine Components\DAL;C:\Program Files\Intel\Intel(R) Management Engine Components\IPT;C:\Program Files (x86)\Intel\Intel(R) Management Engine Components\IPT;
USERNAME=hufeng
OS=Windows_NT
PROCESSOR_IDENTIFIER=Intel64 Family 6 Model 61 Stepping 4, GenuineIntel



---------------  S Y S T E M  ---------------

OS: Windows 7 , 64 bit Build 7601 Service Pack 1

CPU:total 4 (2 cores per cpu, 2 threads per core) family 6 model 61 stepping 4, cmov, cx8, fxsr, mmx, sse, sse2, sse3, ssse3, sse4.1, sse4.2, popcnt, avx, avx2, aes, clmul, erms, ht, tsc, tscinvbit

Memory: 4k page, physical 16598500k(9384240k free), swap 33195140k(25887216k free)

vm_info: Java HotSpot(TM) 64-Bit Server VM (25.11-b03) for windows-amd64 JRE (1.8.0_11-b12), built on Jun 16 2014 20:57:32 by "java_re" with MS VC++ 10.0 (VS2010)

time: Thu Jun 16 16:13:06 2016
elapsed time: 3856 seconds

