#
# A fatal error has been detected by the Java Runtime Environment:
#
#  EXCEPTION_ACCESS_VIOLATION (0xc0000005) at pc=0x00000000775d8e9f, pid=4568, tid=8416
#
# JRE version: Java(TM) SE Runtime Environment (8.0_11-b12) (build 1.8.0_11-b12)
# Java VM: Java HotSpot(TM) 64-Bit Server VM (25.11-b03 mixed mode windows-amd64 compressed oops)
# Problematic frame:
# C  [ntdll.dll+0x48e9f]
#
# Failed to write core dump. Minidumps are not enabled by default on client versions of Windows
#
# If you would like to submit a bug report, please visit:
#   http://bugreport.sun.com/bugreport/crash.jsp
# The crash happened outside the Java Virtual Machine in native code.
# See problematic frame for where to report the bug.
#

---------------  T H R E A D  ---------------

Current thread (0x000000005c0ab800):  JavaThread "Daemon worker Thread 5" [_thread_in_native, id=8416, stack(0x000000005d1b0000,0x000000005d2b0000)]

siginfo: ExceptionCode=0xc0000005, writing address 0x000000000000005c

Registers:
RAX=0x000000000000005c, RBX=0x000000005b95a2d0, RCX=0x000000005b95a38c, RDX=0x00000000000000fe
RSP=0x000000005d2acf10, RBP=0x000000000000fffe, RSI=0x0000000000000000, RDI=0x000000005b95a2d0
R8 =0x000000000000007f, R9 =0x00000000000000fe, R10=0x0000000000000000, R11=0x000000000000ffff
R12=0x00000000000000fe, R13=0x0000000000000012, R14=0x000000005d2ad110, R15=0x000000000000007f
RIP=0x00000000775d8e9f, EFLAGS=0x0000000000010246

Top of Stack: (sp=0x000000005d2acf10)
0x000000005d2acf10:   00000000776a03c8 0000000000000000
0x000000005d2acf20:   0000000000000110 00000000002d0000
0x000000005d2acf30:   00000000010000fe 000000005b95a2d0
0x000000005d2acf40:   000000005d2ad0d0 00000000775dffd8
0x000000005d2acf50:   0000000000000000 000000005d2ad220
0x000000005d2acf60:   000000005b95a2d0 0000000002480470
0x000000005d2acf70:   00004b3e00000000 0000000002480401
0x000000005d2acf80:   0000000000000001 0000000002480080
0x000000005d2acf90:   0000000000000101 00000000000000fe
0x000000005d2acfa0:   0000000002481160 0000000000000000
0x000000005d2acfb0:   0000000000000001 000000000035de30
0x000000005d2acfc0:   00000000000000fe 0000000077491961
0x000000005d2acfd0:   000000005d2ad158 000000005b95a2d0
0x000000005d2acfe0:   0000000000000120 00000000002d0000
0x000000005d2acff0:   000000000000010a 000000000000010a
0x000000005d2ad000:   0000000000000000 00000000010000fe 

Instructions: (pc=0x00000000775d8e9f)
0x00000000775d8e7f:   e2 fc 8b c2 48 01 41 18 8b 41 10 4c 89 44 c1 20
0x00000000775d8e8f:   ff 41 10 8b c2 c3 44 8a 74 24 40 e9 c0 55 00 00
0x00000000775d8e9f:   41 0f b7 c1 48 83 c1 02 48 d1 e8 48 8d 04 43 48
0x00000000775d8eaf:   3b c8 73 39 0f b7 01 66 83 c8 20 66 83 f8 70 0f 


Register to memory mapping:

RAX=0x000000000000005c is an unknown value
RBX=0x000000005b95a2d0 is an unknown value
RCX=0x000000005b95a38c is an unknown value
RDX=0x00000000000000fe is an unknown value
RSP=0x000000005d2acf10 is pointing into the stack for thread: 0x000000005c0ab800
RBP=0x000000000000fffe is an unknown value
RSI=0x0000000000000000 is an unknown value
RDI=0x000000005b95a2d0 is an unknown value
R8 =0x000000000000007f is an unknown value
R9 =0x00000000000000fe is an unknown value
R10=0x0000000000000000 is an unknown value
R11=0x000000000000ffff is an unknown value
R12=0x00000000000000fe is an unknown value
R13=0x0000000000000012 is an unknown value
R14=0x000000005d2ad110 is pointing into the stack for thread: 0x000000005c0ab800
R15=0x000000000000007f is an unknown value


Stack: [0x000000005d1b0000,0x000000005d2b0000],  sp=0x000000005d2acf10,  free space=1011k
Native frames: (J=compiled Java code, j=interpreted, Vv=VM code, C=native code)
C  [ntdll.dll+0x48e9f]
C  [ntdll.dll+0x4ffd8]
C  [ntdll.dll+0x50b4a]
C  [KERNELBASE.dll+0x7056]
C  [java.dll+0x9a74]
C  [java.dll+0x9b9f]
C  0x000000000293a889

Java frames: (J=compiled Java code, j=interpreted, Vv=VM code)
J 232  java.io.WinNTFileSystem.getBooleanAttributes(Ljava/io/File;)I (0 bytes) @ 0x000000000293a80f [0x000000000293a7c0+0x4f]
J 8080 C2 java.io.File.isFile()Z (43 bytes) @ 0x0000000002f2b584 [0x0000000002f2b440+0x144]
J 20417 C1 org.gradle.api.internal.changedetection.state.DefaultFileCollectionSnapshotter$1.run()V (134 bytes) @ 0x00000000059631d4 [0x0000000005962e40+0x394]
J 17563 C1 org.gradle.internal.Factories$1.create()Ljava/lang/Object; (11 bytes) @ 0x0000000002e9e47c [0x0000000002e9e380+0xfc]
J 18402 C1 org.gradle.cache.internal.DefaultCacheAccess.useCache(Ljava/lang/String;Lorg/gradle/internal/Factory;)Ljava/lang/Object; (180 bytes) @ 0x000000000535fa54 [0x000000000535f820+0x234]
J 17564 C1 org.gradle.cache.internal.DefaultCacheAccess.useCache(Ljava/lang/String;Ljava/lang/Runnable;)V (11 bytes) @ 0x0000000002e9df34 [0x0000000002e9dda0+0x194]
J 17562 C1 org.gradle.cache.internal.DefaultPersistentDirectoryStore.useCache(Ljava/lang/String;Ljava/lang/Runnable;)V (12 bytes) @ 0x0000000002e9e8bc [0x0000000002e9e7c0+0xfc]
J 17561 C1 org.gradle.cache.internal.DefaultCacheFactory$ReferenceTrackingCache.useCache(Ljava/lang/String;Ljava/lang/Runnable;)V (15 bytes) @ 0x0000000002ea41d4 [0x0000000002ea40c0+0x114]
J 8098 C1 org.gradle.api.internal.changedetection.state.DefaultTaskArtifactStateCacheAccess.useCache(Ljava/lang/String;Ljava/lang/Runnable;)V (12 bytes) @ 0x0000000002cad1ac [0x0000000002cad140+0x6c]
J 9000 C1 org.gradle.api.internal.changedetection.state.DefaultFileCollectionSnapshotter.snapshot(Lorg/gradle/api/file/FileCollection;)Lorg/gradle/api/internal/changedetection/state/FileCollectionSnapshot; (70 bytes) @ 0x0000000003f21714 [0x0000000003f21060+0x6b4]
J 18859 C1 org.gradle.api.internal.changedetection.state.OutputFilesCollectionSnapshotter.snapshot(Lorg/gradle/api/file/FileCollection;)Lorg/gradle/api/internal/changedetection/state/OutputFilesCollectionSnapshotter$OutputFilesSnapshot; (55 bytes) @ 0x00000000036bb254 [0x00000000036bad60+0x4f4]
J 16930 C1 org.gradle.api.internal.changedetection.state.OutputFilesCollectionSnapshotter.snapshot(Lorg/gradle/api/file/FileCollection;)Lorg/gradle/api/internal/changedetection/state/FileCollectionSnapshot; (6 bytes) @ 0x000000000470d5c4 [0x000000000470d540+0x84]
J 18853 C1 org.gradle.api.internal.changedetection.rules.TaskUpToDateState.<init>(Lorg/gradle/api/internal/TaskInternal;Lorg/gradle/api/internal/changedetection/state/TaskHistoryRepository$History;Lorg/gradle/api/internal/changedetection/state/FileCollectionSnapshotter;Lorg/gradle/api/internal/changedetection/state/FileCollectionSnapshotter;)V (281 bytes) @ 0x0000000002f541ec [0x0000000002f533e0+0xe0c]
J 16863 C1 org.gradle.api.internal.changedetection.changes.DefaultTaskArtifactStateRepository$TaskArtifactStateImpl.getStates()Lorg/gradle/api/internal/changedetection/rules/TaskUpToDateState; (45 bytes) @ 0x0000000002942244 [0x0000000002942100+0x144]
J 18871 C1 org.gradle.api.internal.changedetection.changes.DefaultTaskArtifactStateRepository$TaskArtifactStateImpl.isUpToDate(Ljava/util/Collection;)Z (38 bytes) @ 0x0000000003a76b44 [0x0000000003a76ac0+0x84]
J 18787 C1 org.gradle.api.internal.tasks.execution.SkipUpToDateTaskExecuter.execute(Lorg/gradle/api/internal/TaskInternal;Lorg/gradle/api/internal/tasks/TaskStateInternal;Lorg/gradle/api/internal/tasks/TaskExecutionContext;)V (221 bytes) @ 0x0000000003850f5c [0x00000000038508a0+0x6bc]
J 16825 C1 org.gradle.api.internal.tasks.execution.ValidatingTaskExecuter.execute(Lorg/gradle/api/internal/TaskInternal;Lorg/gradle/api/internal/tasks/TaskStateInternal;Lorg/gradle/api/internal/tasks/TaskExecutionContext;)V (221 bytes) @ 0x000000000526f704 [0x000000000526d020+0x26e4]
J 16721 C1 org.gradle.api.internal.tasks.execution.SkipEmptySourceFilesTaskExecuter.execute(Lorg/gradle/api/internal/TaskInternal;Lorg/gradle/api/internal/tasks/TaskStateInternal;Lorg/gradle/api/internal/tasks/TaskExecutionContext;)V (62 bytes) @ 0x0000000005212834 [0x0000000005212320+0x514]
J 17005 C1 org.gradle.api.internal.tasks.execution.SkipTaskWithNoActionsExecuter.execute(Lorg/gradle/api/internal/TaskInternal;Lorg/gradle/api/internal/tasks/TaskStateInternal;Lorg/gradle/api/internal/tasks/TaskExecutionContext;)V (116 bytes) @ 0x0000000002c44d54 [0x0000000002c44120+0xc34]
J 17002 C1 org.gradle.api.internal.tasks.execution.SkipOnlyIfTaskExecuter.execute(Lorg/gradle/api/internal/TaskInternal;Lorg/gradle/api/internal/tasks/TaskStateInternal;Lorg/gradle/api/internal/tasks/TaskExecutionContext;)V (90 bytes) @ 0x0000000002b7f11c [0x0000000002b7e380+0xd9c]
J 17001 C1 org.gradle.api.internal.tasks.execution.ExecuteAtMostOnceTaskExecuter.execute(Lorg/gradle/api/internal/TaskInternal;Lorg/gradle/api/internal/tasks/TaskStateInternal;Lorg/gradle/api/internal/tasks/TaskExecutionContext;)V (70 bytes) @ 0x0000000002cbc73c [0x0000000002cbc4c0+0x27c]
J 16778 C1 org.gradle.execution.taskgraph.AbstractTaskPlanExecutor$TaskExecutorWorker.executeTask(Lorg/gradle/execution/taskgraph/TaskInfo;)V (131 bytes) @ 0x00000000052344a4 [0x0000000005233d60+0x744]
J 8985 C1 org.gradle.execution.taskgraph.AbstractTaskPlanExecutor$TaskExecutorWorker.processTask(Lorg/gradle/execution/taskgraph/TaskInfo;)V (51 bytes) @ 0x0000000003f1000c [0x0000000003f0ff80+0x8c]
j  org.gradle.execution.taskgraph.AbstractTaskPlanExecutor$TaskExecutorWorker.run()V+56
j  org.gradle.execution.taskgraph.DefaultTaskPlanExecutor.process(Lorg/gradle/execution/taskgraph/TaskExecutionPlan;Lorg/gradle/api/execution/TaskExecutionListener;)V+6
j  org.gradle.execution.taskgraph.DefaultTaskGraphExecuter.execute()V+46
j  org.gradle.execution.SelectedTaskExecutionAction.execute(Lorg/gradle/execution/BuildExecutionContext;)V+41
j  org.gradle.execution.DefaultBuildExecuter.execute(I)V+36
j  org.gradle.execution.DefaultBuildExecuter.access$200(Lorg/gradle/execution/DefaultBuildExecuter;I)V+2
j  org.gradle.execution.DefaultBuildExecuter$2.proceed()V+10
j  org.gradle.execution.DryRunBuildExecutionAction.execute(Lorg/gradle/execution/BuildExecutionContext;)V+68
j  org.gradle.execution.DefaultBuildExecuter.execute(I)V+36
j  org.gradle.execution.DefaultBuildExecuter.execute()V+2
j  org.gradle.initialization.DefaultGradleLauncher.doBuildStages(Lorg/gradle/initialization/DefaultGradleLauncher$Stage;)V+184
j  org.gradle.initialization.DefaultGradleLauncher.doBuild(Lorg/gradle/initialization/DefaultGradleLauncher$Stage;)Lorg/gradle/BuildResult;+27
j  org.gradle.initialization.DefaultGradleLauncher.run()Lorg/gradle/BuildResult;+4
j  org.gradle.launcher.exec.InProcessBuildActionExecuter$DefaultBuildController.run()Lorg/gradle/api/internal/GradleInternal;+5
j  org.gradle.tooling.internal.provider.BuildModelAction.run(Lorg/gradle/initialization/BuildController;)Lorg/gradle/tooling/internal/provider/BuildActionResult;+15
j  org.gradle.tooling.internal.provider.BuildModelAction.run(Lorg/gradle/initialization/BuildController;)Ljava/lang/Object;+2
j  org.gradle.tooling.internal.provider.ConfiguringBuildAction.run(Lorg/gradle/initialization/BuildController;)Ljava/lang/Object;+15
j  org.gradle.launcher.exec.InProcessBuildActionExecuter.execute(Lorg/gradle/initialization/BuildAction;Lorg/gradle/initialization/BuildCancellationToken;Lorg/gradle/launcher/exec/BuildActionParameters;)Ljava/lang/Object;+19
j  org.gradle.launcher.exec.InProcessBuildActionExecuter.execute(Lorg/gradle/initialization/BuildAction;Lorg/gradle/initialization/BuildCancellationToken;Ljava/lang/Object;)Ljava/lang/Object;+7
j  org.gradle.launcher.daemon.server.exec.ExecuteBuild.doBuild(Lorg/gradle/launcher/daemon/server/exec/DaemonCommandExecution;Lorg/gradle/launcher/daemon/protocol/Build;)V+47
j  org.gradle.launcher.daemon.server.exec.BuildCommandOnly.execute(Lorg/gradle/launcher/daemon/server/exec/DaemonCommandExecution;)V+49
j  org.gradle.launcher.daemon.server.exec.DaemonCommandExecution.proceed()Z+28
j  org.gradle.launcher.daemon.server.exec.WatchForDisconnection.execute(Lorg/gradle/launcher/daemon/server/exec/DaemonCommandExecution;)V+19
j  org.gradle.launcher.daemon.server.exec.DaemonCommandExecution.proceed()Z+28
j  org.gradle.launcher.daemon.server.exec.ResetDeprecationLogger.execute(Lorg/gradle/launcher/daemon/server/exec/DaemonCommandExecution;)V+4
j  org.gradle.launcher.daemon.server.exec.DaemonCommandExecution.proceed()Z+28
j  org.gradle.launcher.daemon.server.exec.StartStopIfBuildAndStop.execute(Lorg/gradle/launcher/daemon/server/exec/DaemonCommandExecution;)V+34
j  org.gradle.launcher.daemon.server.exec.DaemonCommandExecution.proceed()Z+28
j  org.gradle.launcher.daemon.server.exec.ForwardClientInput$2.call()Ljava/lang/Void;+4
j  org.gradle.launcher.daemon.server.exec.ForwardClientInput$2.call()Ljava/lang/Object;+1
j  org.gradle.util.Swapper.swap(Ljava/lang/Object;Ljava/util/concurrent/Callable;)Ljava/lang/Object;+21
j  org.gradle.launcher.daemon.server.exec.ForwardClientInput.execute(Lorg/gradle/launcher/daemon/server/exec/DaemonCommandExecution;)V+63
j  org.gradle.launcher.daemon.server.exec.DaemonCommandExecution.proceed()Z+28
j  org.gradle.launcher.daemon.server.exec.LogToClient.doBuild(Lorg/gradle/launcher/daemon/server/exec/DaemonCommandExecution;Lorg/gradle/launcher/daemon/protocol/Build;)V+92
j  org.gradle.launcher.daemon.server.exec.BuildCommandOnly.execute(Lorg/gradle/launcher/daemon/server/exec/DaemonCommandExecution;)V+49
j  org.gradle.launcher.daemon.server.exec.DaemonCommandExecution.proceed()Z+28
j  org.gradle.launcher.daemon.server.exec.EstablishBuildEnvironment.doBuild(Lorg/gradle/launcher/daemon/server/exec/DaemonCommandExecution;Lorg/gradle/launcher/daemon/protocol/Build;)V+237
j  org.gradle.launcher.daemon.server.exec.BuildCommandOnly.execute(Lorg/gradle/launcher/daemon/server/exec/DaemonCommandExecution;)V+49
j  org.gradle.launcher.daemon.server.exec.DaemonCommandExecution.proceed()Z+28
j  org.gradle.launcher.daemon.server.exec.DaemonHygieneAction.execute(Lorg/gradle/launcher/daemon/server/exec/DaemonCommandExecution;)V+1
j  org.gradle.launcher.daemon.server.exec.DaemonCommandExecution.proceed()Z+28
j  org.gradle.launcher.daemon.server.exec.StartBuildOrRespondWithBusy$1.run()V+44
j  org.gradle.launcher.daemon.server.DaemonStateCoordinator$1.run()V+4
j  org.gradle.internal.concurrent.DefaultExecutorFactory$StoppableExecutorImpl$1.run()V+18
j  java.util.concurrent.ThreadPoolExecutor.runWorker(Ljava/util/concurrent/ThreadPoolExecutor$Worker;)V+95
j  java.util.concurrent.ThreadPoolExecutor$Worker.run()V+5
j  java.lang.Thread.run()V+11
v  ~StubRoutines::call_stub

---------------  P R O C E S S  ---------------

Java Threads: ( => current thread )
  0x000000005c0aa000 JavaThread "Stdin handler" [_thread_blocked, id=8464, stack(0x0000000058420000,0x0000000058520000)]
  0x000000005c0a9800 JavaThread "Cancel handler" [_thread_blocked, id=8452, stack(0x00000000580c0000,0x00000000581c0000)]
  0x000000005c0a8000 JavaThread "Handler for socket connection from /127.0.0.1:49873 to /127.0.0.1:58259" [_thread_in_native, id=8448, stack(0x0000000058320000,0x0000000058420000)]
=>0x000000005c0ab800 JavaThread "Daemon worker Thread 5" [_thread_in_native, id=8416, stack(0x000000005d1b0000,0x000000005d2b0000)]
  0x000000005c0a8800 JavaThread "Daemon Thread 5" [_thread_blocked, id=8404, stack(0x00000000581c0000,0x00000000582c0000)]
  0x000000005887f800 JavaThread "File lock request listener" [_thread_in_native, id=3228, stack(0x0000000059ce0000,0x0000000059de0000)]
  0x00000000579cd000 JavaThread "Incoming local TCP Connector on port 49873" [_thread_in_native, id=5584, stack(0x0000000057ca0000,0x0000000057da0000)]
  0x0000000056517000 JavaThread "Service Thread" daemon [_thread_blocked, id=5068, stack(0x0000000057100000,0x0000000057200000)]
  0x00000000564bd000 JavaThread "C1 CompilerThread2" daemon [_thread_blocked, id=7280, stack(0x0000000056f20000,0x0000000057020000)]
  0x000000005511e800 JavaThread "C2 CompilerThread1" daemon [_thread_blocked, id=3924, stack(0x0000000056030000,0x0000000056130000)]
  0x00000000564b0000 JavaThread "C2 CompilerThread0" daemon [_thread_blocked, id=3620, stack(0x0000000056c70000,0x0000000056d70000)]
  0x00000000564af000 JavaThread "Attach Listener" daemon [_thread_blocked, id=4828, stack(0x0000000056a70000,0x0000000056b70000)]
  0x00000000564ba800 JavaThread "Signal Dispatcher" daemon [_thread_blocked, id=3308, stack(0x0000000056960000,0x0000000056a60000)]
  0x00000000550b7000 JavaThread "Finalizer" daemon [_thread_blocked, id=6208, stack(0x00000000563a0000,0x00000000564a0000)]
  0x00000000550ac000 JavaThread "Reference Handler" daemon [_thread_blocked, id=3724, stack(0x0000000056290000,0x0000000056390000)]
  0x00000000002df000 JavaThread "main" [_thread_blocked, id=1028, stack(0x00000000026c0000,0x00000000027c0000)]

Other Threads:
  0x00000000550a8800 VMThread [stack: 0x0000000056190000,0x0000000056290000] [id=6964]
  0x000000005654d800 WatcherThread [stack: 0x0000000057250000,0x0000000057350000] [id=5372]

VM state:not at safepoint (normal execution)

VM Mutex/Monitor currently owned by a thread: None

Heap:
 PSYoungGen      total 237056K, used 121795K [0x00000000eab00000, 0x00000000ff780000, 0x0000000100000000)
  eden space 201216K, 42% used [0x00000000eab00000,0x00000000eff48888,0x00000000f6f80000)
  from space 35840K, 99% used [0x00000000f6f80000,0x00000000f9228518,0x00000000f9280000)
  to   space 69632K, 0% used [0x00000000fb380000,0x00000000fb380000,0x00000000ff780000)
 ParOldGen       total 264192K, used 188211K [0x00000000c0000000, 0x00000000d0200000, 0x00000000eab00000)
  object space 264192K, 71% used [0x00000000c0000000,0x00000000cb7ccf08,0x00000000d0200000)
 Metaspace       used 119715K, capacity 131308K, committed 131456K, reserved 1159168K
  class space    used 17198K, capacity 20778K, committed 20864K, reserved 1048576K

Card table byte_map: [0x0000000011b80000,0x0000000011d90000] byte_map_base: 0x0000000011580000

Marking Bits: (ParMarkBitMap*) 0x000000005cef12b0
 Begin Bits: [0x0000000012520000, 0x0000000013520000)
 End Bits:   [0x0000000013520000, 0x0000000014520000)

Polling page: 0x0000000000140000

CodeCache: size=245760Kb used=51189Kb max_used=51207Kb free=194570Kb
 bounds [0x00000000027c0000, 0x0000000005a10000, 0x00000000117c0000]
 total_blobs=15903 nmethods=15187 adapters=626
 compilation: enabled

Compilation events (10 events):
Event: 2458.652 Thread 0x00000000564bd000 nmethod 20532 0x0000000005a018d0 code [0x0000000005a01a20, 0x0000000005a01b30]
Event: 2458.661 Thread 0x00000000564bd000 20533       3       com.android.ide.common.res2.DataSet::addSource (12 bytes)
Event: 2458.662 Thread 0x00000000564bd000 nmethod 20533 0x0000000005a01490 code [0x0000000005a01600, 0x0000000005a01808]
Event: 2458.665 Thread 0x00000000564bd000 20534       3       java.lang.Class$1::run (5 bytes)
Event: 2458.666 Thread 0x00000000564bd000 nmethod 20534 0x0000000005a00d50 code [0x0000000005a00ee0, 0x0000000005a012b8]
Event: 2458.668 Thread 0x000000005511e800 20535   !   4       sun.reflect.GeneratedMethodAccessor231::invoke (68 bytes)
Event: 2458.669 Thread 0x00000000564bd000 20536       1       com.android.build.gradle.tasks.MergeResources$ConfigAction::access$300 (5 bytes)
Event: 2458.669 Thread 0x00000000564bd000 nmethod 20536 0x00000000059ff590 code [0x00000000059ff6e0, 0x00000000059ff7d0]
Event: 2458.669 Thread 0x000000005511e800 nmethod 20535 0x00000000059ff0d0 code [0x00000000059ff220, 0x00000000059ff3b8]
Event: 2458.674 Thread 0x00000000564b0000 nmethod 20528 0x0000000005a07890 code [0x0000000005a07b00, 0x0000000005a094b8]

GC Heap History (10 events):
Event: 2449.959 GC heap before
{Heap before GC invocations=75 (full 17):
 PSYoungGen      total 269312K, used 240602K [0x00000000eab00000, 0x00000000ff780000, 0x0000000100000000)
  eden space 201216K, 100% used [0x00000000eab00000,0x00000000f6f80000,0x00000000f6f80000)
  from space 68096K, 57% used [0x00000000f6f80000,0x00000000f95f6990,0x00000000fb200000)
  to   space 67072K, 0% used [0x00000000fb600000,0x00000000fb600000,0x00000000ff780000)
 ParOldGen       total 264192K, used 136323K [0x00000000c0000000, 0x00000000d0200000, 0x00000000eab00000)
  object space 264192K, 51% used [0x00000000c0000000,0x00000000c8520e50,0x00000000d0200000)
 Metaspace       used 109666K, capacity 119150K, committed 119296K, reserved 1150976K
  class space    used 15593K, capacity 18572K, committed 18688K, reserved 1048576K
Event: 2450.005 GC heap after
Heap after GC invocations=75 (full 17):
 PSYoungGen      total 269312K, used 53021K [0x00000000eab00000, 0x00000000fff80000, 0x0000000100000000)
  eden space 202240K, 0% used [0x00000000eab00000,0x00000000eab00000,0x00000000f7080000)
  from space 67072K, 79% used [0x00000000fb600000,0x00000000fe9c77c0,0x00000000ff780000)
  to   space 71168K, 0% used [0x00000000f7080000,0x00000000f7080000,0x00000000fb600000)
 ParOldGen       total 264192K, used 136331K [0x00000000c0000000, 0x00000000d0200000, 0x00000000eab00000)
  object space 264192K, 51% used [0x00000000c0000000,0x00000000c8522e50,0x00000000d0200000)
 Metaspace       used 109666K, capacity 119150K, committed 119296K, reserved 1150976K
  class space    used 15593K, capacity 18572K, committed 18688K, reserved 1048576K
}
Event: 2450.700 GC heap before
{Heap before GC invocations=76 (full 17):
 PSYoungGen      total 269312K, used 149149K [0x00000000eab00000, 0x00000000fff80000, 0x0000000100000000)
  eden space 202240K, 47% used [0x00000000eab00000,0x00000000f08dfed0,0x00000000f7080000)
  from space 67072K, 79% used [0x00000000fb600000,0x00000000fe9c77c0,0x00000000ff780000)
  to   space 71168K, 0% used [0x00000000f7080000,0x00000000f7080000,0x00000000fb600000)
 ParOldGen       total 264192K, used 136331K [0x00000000c0000000, 0x00000000d0200000, 0x00000000eab00000)
  object space 264192K, 51% used [0x00000000c0000000,0x00000000c8522e50,0x00000000d0200000)
 Metaspace       used 110905K, capacity 120796K, committed 121088K, reserved 1150976K
  class space    used 15796K, capacity 18895K, committed 18944K, reserved 1048576K
Event: 2450.752 GC heap after
Heap after GC invocations=76 (full 17):
 PSYoungGen      total 273408K, used 54229K [0x00000000eab00000, 0x0000000100000000, 0x0000000100000000)
  eden space 202240K, 0% used [0x00000000eab00000,0x00000000eab00000,0x00000000f7080000)
  from space 71168K, 76% used [0x00000000f7080000,0x00000000fa575738,0x00000000fb600000)
  to   space 74752K, 0% used [0x00000000fb700000,0x00000000fb700000,0x0000000100000000)
 ParOldGen       total 264192K, used 136339K [0x00000000c0000000, 0x00000000d0200000, 0x00000000eab00000)
  object space 264192K, 51% used [0x00000000c0000000,0x00000000c8524e50,0x00000000d0200000)
 Metaspace       used 110905K, capacity 120796K, committed 121088K, reserved 1150976K
  class space    used 15796K, capacity 18895K, committed 18944K, reserved 1048576K
}
Event: 2450.752 GC heap before
{Heap before GC invocations=77 (full 18):
 PSYoungGen      total 273408K, used 54229K [0x00000000eab00000, 0x0000000100000000, 0x0000000100000000)
  eden space 202240K, 0% used [0x00000000eab00000,0x00000000eab00000,0x00000000f7080000)
  from space 71168K, 76% used [0x00000000f7080000,0x00000000fa575738,0x00000000fb600000)
  to   space 74752K, 0% used [0x00000000fb700000,0x00000000fb700000,0x0000000100000000)
 ParOldGen       total 264192K, used 136339K [0x00000000c0000000, 0x00000000d0200000, 0x00000000eab00000)
  object space 264192K, 51% used [0x00000000c0000000,0x00000000c8524e50,0x00000000d0200000)
 Metaspace       used 110905K, capacity 120796K, committed 121088K, reserved 1150976K
  class space    used 15796K, capacity 18895K, committed 18944K, reserved 1048576K
Event: 2452.155 GC heap after
Heap after GC invocations=77 (full 18):
 PSYoungGen      total 273408K, used 0K [0x00000000eab00000, 0x0000000100000000, 0x0000000100000000)
  eden space 202240K, 0% used [0x00000000eab00000,0x00000000eab00000,0x00000000f7080000)
  from space 71168K, 0% used [0x00000000f7080000,0x00000000f7080000,0x00000000fb600000)
  to   space 74752K, 0% used [0x00000000fb700000,0x00000000fb700000,0x0000000100000000)
 ParOldGen       total 264192K, used 188203K [0x00000000c0000000, 0x00000000d0200000, 0x00000000eab00000)
  object space 264192K, 71% used [0x00000000c0000000,0x00000000cb7caf08,0x00000000d0200000)
 Metaspace       used 110871K, capacity 120682K, committed 121088K, reserved 1150976K
  class space    used 15790K, capacity 18861K, committed 18944K, reserved 1048576K
}
Event: 2455.218 GC heap before
{Heap before GC invocations=78 (full 18):
 PSYoungGen      total 273408K, used 202240K [0x00000000eab00000, 0x0000000100000000, 0x0000000100000000)
  eden space 202240K, 100% used [0x00000000eab00000,0x00000000f7080000,0x00000000f7080000)
  from space 71168K, 0% used [0x00000000f7080000,0x00000000f7080000,0x00000000fb600000)
  to   space 74752K, 0% used [0x00000000fb700000,0x00000000fb700000,0x0000000100000000)
 ParOldGen       total 264192K, used 188203K [0x00000000c0000000, 0x00000000d0200000, 0x00000000eab00000)
  object space 264192K, 71% used [0x00000000c0000000,0x00000000cb7caf08,0x00000000d0200000)
 Metaspace       used 116661K, capacity 127048K, committed 127232K, reserved 1157120K
  class space    used 16628K, capacity 19905K, committed 19968K, reserved 1048576K
Event: 2455.240 GC heap after
Heap after GC invocations=78 (full 18):
 PSYoungGen      total 275968K, used 23476K [0x00000000eab00000, 0x0000000100000000, 0x0000000100000000)
  eden space 201216K, 0% used [0x00000000eab00000,0x00000000eab00000,0x00000000f6f80000)
  from space 74752K, 31% used [0x00000000fb700000,0x00000000fcded2a8,0x0000000100000000)
  to   space 73216K, 0% used [0x00000000f6f80000,0x00000000f6f80000,0x00000000fb700000)
 ParOldGen       total 264192K, used 188211K [0x00000000c0000000, 0x00000000d0200000, 0x00000000eab00000)
  object space 264192K, 71% used [0x00000000c0000000,0x00000000cb7ccf08,0x00000000d0200000)
 Metaspace       used 116661K, capacity 127048K, committed 127232K, reserved 1157120K
  class space    used 16628K, capacity 19905K, committed 19968K, reserved 1048576K
}
Event: 2456.886 GC heap before
{Heap before GC invocations=79 (full 18):
 PSYoungGen      total 275968K, used 224692K [0x00000000eab00000, 0x0000000100000000, 0x0000000100000000)
  eden space 201216K, 100% used [0x00000000eab00000,0x00000000f6f80000,0x00000000f6f80000)
  from space 74752K, 31% used [0x00000000fb700000,0x00000000fcded2a8,0x0000000100000000)
  to   space 73216K, 0% used [0x00000000f6f80000,0x00000000f6f80000,0x00000000fb700000)
 ParOldGen       total 264192K, used 188211K [0x00000000c0000000, 0x00000000d0200000, 0x00000000eab00000)
  object space 264192K, 71% used [0x00000000c0000000,0x00000000cb7ccf08,0x00000000d0200000)
 Metaspace       used 119393K, capacity 130412K, committed 130560K, reserved 1159168K
  class space    used 17117K, capacity 20613K, committed 20736K, reserved 1048576K
Event: 2456.972 GC heap after
Heap after GC invocations=79 (full 18):
 PSYoungGen      total 237056K, used 35489K [0x00000000eab00000, 0x00000000ff780000, 0x0000000100000000)
  eden space 201216K, 0% used [0x00000000eab00000,0x00000000eab00000,0x00000000f6f80000)
  from space 35840K, 99% used [0x00000000f6f80000,0x00000000f9228518,0x00000000f9280000)
  to   space 69632K, 0% used [0x00000000fb380000,0x00000000fb380000,0x00000000ff780000)
 ParOldGen       total 264192K, used 188211K [0x00000000c0000000, 0x00000000d0200000, 0x00000000eab00000)
  object space 264192K, 71% used [0x00000000c0000000,0x00000000cb7ccf08,0x00000000d0200000)
 Metaspace       used 119393K, capacity 130412K, committed 130560K, reserved 1159168K
  class space    used 17117K, capacity 20613K, committed 20736K, reserved 1048576K
}

Deoptimization events (10 events):
Event: 2456.596 Thread 0x000000005c0ab800 Uncommon trap: reason=class_check action=maybe_recompile pc=0x00000000056a2690 method=org.codehaus.groovy.runtime.callsite.AbstractCallSite.createGroovyObjectGetPropertySite(Ljava/lang/Object;)Lorg/codehaus/groovy/runtime/callsite/CallSite; @ 33
Event: 2456.596 Thread 0x000000005c0ab800 Uncommon trap: reason=class_check action=maybe_recompile pc=0x00000000056a2690 method=org.codehaus.groovy.runtime.callsite.AbstractCallSite.createGroovyObjectGetPropertySite(Ljava/lang/Object;)Lorg/codehaus/groovy/runtime/callsite/CallSite; @ 33
Event: 2457.432 Thread 0x000000005c0ab800 Uncommon trap: reason=class_check action=maybe_recompile pc=0x00000000059ad1d8 method=org.gradle.api.Task$getName$1.call(Ljava/lang/Object;)Ljava/lang/Object; @ 12
Event: 2457.432 Thread 0x000000005c0ab800 Uncommon trap: reason=class_check action=maybe_recompile pc=0x00000000059ad1d8 method=org.gradle.api.Task$getName$1.call(Ljava/lang/Object;)Ljava/lang/Object; @ 12
Event: 2457.432 Thread 0x000000005c0ab800 Uncommon trap: reason=class_check action=maybe_recompile pc=0x00000000059ad1d8 method=org.gradle.api.Task$getName$1.call(Ljava/lang/Object;)Ljava/lang/Object; @ 12
Event: 2457.432 Thread 0x000000005c0ab800 Uncommon trap: reason=class_check action=maybe_recompile pc=0x00000000059ad1d8 method=org.gradle.api.Task$getName$1.call(Ljava/lang/Object;)Ljava/lang/Object; @ 12
Event: 2458.454 Thread 0x000000005c0ab800 Uncommon trap: reason=class_check action=maybe_recompile pc=0x00000000059fad28 method=org.gradle.api.internal.file.collections.DefaultConfigurableFileCollection.resolve(Lorg/gradle/api/internal/file/collections/FileCollectionResolveContext;)V @ 5
Event: 2458.454 Thread 0x000000005c0ab800 Uncommon trap: reason=class_check action=maybe_recompile pc=0x00000000059fad28 method=org.gradle.api.internal.file.collections.DefaultConfigurableFileCollection.resolve(Lorg/gradle/api/internal/file/collections/FileCollectionResolveContext;)V @ 5
Event: 2458.459 Thread 0x000000005c0ab800 Uncommon trap: reason=class_check action=maybe_recompile pc=0x00000000059fad28 method=org.gradle.api.internal.file.collections.DefaultConfigurableFileCollection.resolve(Lorg/gradle/api/internal/file/collections/FileCollectionResolveContext;)V @ 5
Event: 2458.459 Thread 0x000000005c0ab800 Uncommon trap: reason=class_check action=maybe_recompile pc=0x00000000059fad28 method=org.gradle.api.internal.file.collections.DefaultConfigurableFileCollection.resolve(Lorg/gradle/api/internal/file/collections/FileCollectionResolveContext;)V @ 5

Internal exceptions (10 events):
Event: 2457.065 Thread 0x000000005c0ab800 Exception <a 'java/security/PrivilegedActionException'> (0x00000000eaf07c58) thrown at [C:\re\workspace\8-2-build-windows-amd64-cygwin\jdk8u11\648\hotspot\src\share\vm\prims\jvm.cpp, line 1248]
Event: 2457.065 Thread 0x000000005c0ab800 Exception <a 'java/security/PrivilegedActionException'> (0x00000000eaf08e50) thrown at [C:\re\workspace\8-2-build-windows-amd64-cygwin\jdk8u11\648\hotspot\src\share\vm\prims\jvm.cpp, line 1248]
Event: 2457.066 Thread 0x000000005c0ab800 Exception <a 'java/security/PrivilegedActionException'> (0x00000000eaf0a048) thrown at [C:\re\workspace\8-2-build-windows-amd64-cygwin\jdk8u11\648\hotspot\src\share\vm\prims\jvm.cpp, line 1248]
Event: 2457.066 Thread 0x000000005c0ab800 Exception <a 'java/security/PrivilegedActionException'> (0x00000000eaf109a0) thrown at [C:\re\workspace\8-2-build-windows-amd64-cygwin\jdk8u11\648\hotspot\src\share\vm\prims\jvm.cpp, line 1248]
Event: 2457.066 Thread 0x000000005c0ab800 Exception <a 'java/lang/ClassNotFoundException': com/android/build/gradle/internal/tasks/MergeFileTaskCustomizer> (0x00000000eaf10f20) thrown at [C:\re\workspace\8-2-build-windows-amd64-cygwin\jdk8u11\648\hotspot\src\share\vm\classfile\systemDictionary.cpp¿ê
Event: 2457.066 Thread 0x000000005c0ab800 Exception <a 'java/security/PrivilegedActionException'> (0x00000000eaf2d5d8) thrown at [C:\re\workspace\8-2-build-windows-amd64-cygwin\jdk8u11\648\hotspot\src\share\vm\prims\jvm.cpp, line 1248]
Event: 2457.066 Thread 0x000000005c0ab800 Exception <a 'java/security/PrivilegedActionException'> (0x00000000eaf2e8a8) thrown at [C:\re\workspace\8-2-build-windows-amd64-cygwin\jdk8u11\648\hotspot\src\share\vm\prims\jvm.cpp, line 1248]
Event: 2457.066 Thread 0x000000005c0ab800 Exception <a 'java/security/PrivilegedActionException'> (0x00000000eaf2f818) thrown at [C:\re\workspace\8-2-build-windows-amd64-cygwin\jdk8u11\648\hotspot\src\share\vm\prims\jvm.cpp, line 1248]
Event: 2457.066 Thread 0x000000005c0ab800 Exception <a 'java/security/PrivilegedActionException'> (0x00000000eaf36930) thrown at [C:\re\workspace\8-2-build-windows-amd64-cygwin\jdk8u11\648\hotspot\src\share\vm\prims\jvm.cpp, line 1248]
Event: 2457.066 Thread 0x000000005c0ab800 Exception <a 'java/lang/ClassNotFoundException': com/android/build/gradle/internal/tasks/MergeFileTask_DecoratedCustomizer> (0x00000000eaf36ec8) thrown at [C:\re\workspace\8-2-build-windows-amd64-cygwin\jdk8u11\648\hotspot\src\share\vm\classfile\systemDict
F}!2£@

Events (10 events):
Event: 2458.454 Thread 0x000000005c0ab800 DEOPT PACKING pc=0x00000000059fad28 sp=0x000000005d2ad880
Event: 2458.454 Thread 0x000000005c0ab800 DEOPT UNPACKING pc=0x00000000028055af sp=0x000000005d2ad858 mode 2
Event: 2458.459 Thread 0x000000005c0ab800 Uncommon trap: trap_request=0xffffffde fr.pc=0x00000000059fad28
Event: 2458.459 Thread 0x000000005c0ab800 DEOPT PACKING pc=0x00000000059fad28 sp=0x000000005d2ad880
Event: 2458.459 Thread 0x000000005c0ab800 DEOPT UNPACKING pc=0x00000000028055af sp=0x000000005d2ad858 mode 2
Event: 2458.459 Thread 0x000000005c0ab800 Uncommon trap: trap_request=0xffffffde fr.pc=0x00000000059fad28
Event: 2458.459 Thread 0x000000005c0ab800 DEOPT PACKING pc=0x00000000059fad28 sp=0x000000005d2ad880
Event: 2458.459 Thread 0x000000005c0ab800 DEOPT UNPACKING pc=0x00000000028055af sp=0x000000005d2ad858 mode 2
Event: 2458.667 Thread 0x000000005c0ab800 DEOPT PACKING pc=0x000000000597381c sp=0x000000005d2ae020
Event: 2458.667 Thread 0x000000005c0ab800 DEOPT UNPACKING pc=0x0000000002807604 sp=0x000000005d2adde8 mode 0


Dynamic libraries:
0x000000013fba0000 - 0x000000013fbd4000 	C:\Program Files\Java\jdk1.8.0_11\bin\java.exe
0x0000000077590000 - 0x000000007773a000 	C:\Windows\SYSTEM32\ntdll.dll
0x0000000077470000 - 0x000000007758f000 	C:\Windows\system32\kernel32.dll
0x000007fefd650000 - 0x000007fefd6ba000 	C:\Windows\system32\KERNELBASE.dll
0x000007fefe400000 - 0x000007fefe4db000 	C:\Windows\system32\ADVAPI32.dll
0x000007fefe350000 - 0x000007fefe3ef000 	C:\Windows\system32\msvcrt.dll
0x000007fefe4e0000 - 0x000007fefe4ff000 	C:\Windows\SYSTEM32\sechost.dll
0x000007fefe500000 - 0x000007fefe62d000 	C:\Windows\system32\RPCRT4.dll
0x0000000077370000 - 0x000000007746a000 	C:\Windows\system32\USER32.dll
0x000007fefdd00000 - 0x000007fefdd67000 	C:\Windows\system32\GDI32.dll
0x000007fefe630000 - 0x000007fefe63e000 	C:\Windows\system32\LPK.dll
0x000007feff3d0000 - 0x000007feff49a000 	C:\Windows\system32\USP10.dll
0x000007fefbd70000 - 0x000007fefbf64000 	C:\Windows\WinSxS\amd64_microsoft.windows.common-controls_6595b64144ccf1df_6.0.7601.18837_none_fa3b1e3d17594757\COMCTL32.dll
0x000007fefd900000 - 0x000007fefd971000 	C:\Windows\system32\SHLWAPI.dll
0x000007fefd980000 - 0x000007fefd9ae000 	C:\Windows\system32\IMM32.DLL
0x000007feff630000 - 0x000007feff739000 	C:\Windows\system32\MSCTF.dll
0x000000005b300000 - 0x000000005b3d2000 	C:\Program Files\Java\jdk1.8.0_11\jre\bin\msvcr100.dll
0x000000005c740000 - 0x000000005cf6a000 	C:\Program Files\Java\jdk1.8.0_11\jre\bin\server\jvm.dll
0x000007feef690000 - 0x000007feef699000 	C:\Windows\system32\WSOCK32.dll
0x000007fefd8b0000 - 0x000007fefd8fd000 	C:\Windows\system32\WS2_32.dll
0x000007fefe3f0000 - 0x000007fefe3f8000 	C:\Windows\system32\NSI.dll
0x000007fef6a20000 - 0x000007fef6a5b000 	C:\Windows\system32\WINMM.dll
0x0000000077750000 - 0x0000000077757000 	C:\Windows\system32\PSAPI.DLL
0x0000000070610000 - 0x000000007061f000 	C:\Program Files\Java\jdk1.8.0_11\jre\bin\verify.dll
0x0000000066b00000 - 0x0000000066b28000 	C:\Program Files\Java\jdk1.8.0_11\jre\bin\java.dll
0x000000005c640000 - 0x000000005c656000 	C:\Program Files\Java\jdk1.8.0_11\jre\bin\zip.dll
0x000007fefe640000 - 0x000007feff3c9000 	C:\Windows\system32\SHELL32.dll
0x000007fefdd70000 - 0x000007fefdf73000 	C:\Windows\system32\ole32.dll
0x000007fefd310000 - 0x000007fefd31f000 	C:\Windows\system32\profapi.dll
0x000007fefcb50000 - 0x000007fefcb68000 	C:\Windows\system32\CRYPTSP.dll
0x000007fefc810000 - 0x000007fefc857000 	C:\Windows\system32\rsaenh.dll
0x000007fefd5f0000 - 0x000007fefd60e000 	C:\Windows\system32\USERENV.dll
0x000007fefd1b0000 - 0x000007fefd1bf000 	C:\Windows\system32\CRYPTBASE.dll
0x000000005c620000 - 0x000000005c63a000 	C:\Program Files\Java\jdk1.8.0_11\jre\bin\net.dll
0x000007fefcaf0000 - 0x000007fefcb45000 	C:\Windows\system32\mswsock.dll
0x000007fefcae0000 - 0x000007fefcae7000 	C:\Windows\System32\wship6.dll
0x000007fefacb0000 - 0x000007fefacd7000 	C:\Windows\system32\IPHLPAPI.DLL
0x000007fefaca0000 - 0x000007fefacab000 	C:\Windows\system32\WINNSI.DLL
0x000007fefa960000 - 0x000007fefa978000 	C:\Windows\system32\dhcpcsvc.DLL
0x000007fefa940000 - 0x000007fefa951000 	C:\Windows\system32\dhcpcsvc6.DLL
0x000000005c600000 - 0x000000005c611000 	C:\Program Files\Java\jdk1.8.0_11\jre\bin\nio.dll
0x000007feef400000 - 0x000007feef412000 	C:\Users\hufeng\AppData\Local\Temp\native-platform7245950030192008302dir\native-platform.dll
0x000007fefd150000 - 0x000007fefd1a7000 	C:\Windows\system32\apphelp.dll
0x0000000070600000 - 0x000000007060d000 	C:\Program Files\Java\jdk1.8.0_11\jre\bin\management.dll
0x000007feed8f0000 - 0x000007feeda15000 	C:\Windows\system32\dbghelp.dll

VM Arguments:
jvm_args: -XX:MaxPermSize=256m -XX:+HeapDumpOnOutOfMemoryError -Xmx1024m -Dfile.encoding=GBK -Duser.country=CN -Duser.language=zh -Duser.variant 
java_command: org.gradle.launcher.daemon.bootstrap.GradleDaemon 2.2 C:\Users\hufeng\.gradle\daemon 10800000 8611ab73-591f-4ddc-a85d-373f3dbff7e4 -XX:MaxPermSize=256m -XX:+HeapDumpOnOutOfMemoryError -Xmx1024m -Dfile.encoding=GBK -Duser.country=CN -Duser.language=zh -Duser.variant
java_class_path (initial): C:\Users\hufeng\.gradle\wrapper\dists\gradle-2.2-all\1vevkra640w3rb9hkuw50q5we\gradle-2.2\lib\gradle-launcher-2.2.jar
Launcher Type: SUN_STANDARD

Environment Variables:
JAVA_HOME=C:\Program Files\Java\jdk1.8.0_11
PATH=C:\ProgramData\Oracle\Java\javapath;C:\Program Files\Java\jdk1.8.0_11/bin;C:\Program Files (x86)\Intel\iCLS Client\;C:\Program Files\Intel\iCLS Client\;C:\Windows\system32;C:\Windows;C:\Windows\System32\Wbem;C:\Windows\System32\WindowsPowerShell\v1.0\;C:\Program Files\Intel\Intel(R) Management Engine Components\DAL;C:\Program Files (x86)\Intel\Intel(R) Management Engine Components\DAL;C:\Program Files\Intel\Intel(R) Management Engine Components\IPT;C:\Program Files (x86)\Intel\Intel(R) Management Engine Components\IPT;
USERNAME=hufeng
OS=Windows_NT
PROCESSOR_IDENTIFIER=Intel64 Family 6 Model 61 Stepping 4, GenuineIntel



---------------  S Y S T E M  ---------------

OS: Windows 7 , 64 bit Build 7601 Service Pack 1

CPU:total 4 (2 cores per cpu, 2 threads per core) family 6 model 61 stepping 4, cmov, cx8, fxsr, mmx, sse, sse2, sse3, ssse3, sse4.1, sse4.2, popcnt, avx, avx2, aes, clmul, erms, ht, tsc, tscinvbit

Memory: 4k page, physical 16598500k(11265760k free), swap 33195140k(27738532k free)

vm_info: Java HotSpot(TM) 64-Bit Server VM (25.11-b03) for windows-amd64 JRE (1.8.0_11-b12), built on Jun 16 2014 20:57:32 by "java_re" with MS VC++ 10.0 (VS2010)

time: Mon Jun 27 10:59:54 2016
elapsed time: 2458 seconds

