#
# A fatal error has been detected by the Java Runtime Environment:
#
#  EXCEPTION_ACCESS_VIOLATION (0xc0000005) at pc=0x0000000077c28e9f, pid=6968, tid=8408
#
# JRE version: Java(TM) SE Runtime Environment (8.0_11-b12) (build 1.8.0_11-b12)
# Java VM: Java HotSpot(TM) 64-Bit Server VM (25.11-b03 mixed mode windows-amd64 compressed oops)
# Problematic frame:
# C  [ntdll.dll+0x48e9f]
#
# Failed to write core dump. Minidumps are not enabled by default on client versions of Windows
#
# If you would like to submit a bug report, please visit:
#   http://bugreport.sun.com/bugreport/crash.jsp
# The crash happened outside the Java Virtual Machine in native code.
# See problematic frame for where to report the bug.
#

---------------  T H R E A D  ---------------

Current thread (0x0000000017e29000):  JavaThread "Daemon worker Thread 26" [_thread_in_native, id=8408, stack(0x00000000191e0000,0x00000000192e0000)]

siginfo: ExceptionCode=0xc0000005, writing address 0x000000000000005c

Registers:
RAX=0x000000000000005c, RBX=0x00000000170ad380, RCX=0x00000000170ad478, RDX=0x0000000000000136
RSP=0x00000000192dd300, RBP=0x000000000000fffe, RSI=0x0000000000000000, RDI=0x00000000170ad380
R8 =0x000000000000009b, R9 =0x0000000000000136, R10=0x0000000000000000, R11=0x000000000000ffff
R12=0x0000000000000136, R13=0x0000000000000012, R14=0x00000000192dd500, R15=0x000000000000009b
RIP=0x0000000077c28e9f, EFLAGS=0x0000000000010246

Top of Stack: (sp=0x00000000192dd300)
0x00000000192dd300:   0000000077cf03c8 0000000000000000
0x00000000192dd310:   0000000000000140 0000000000210000
0x00000000192dd320:   0000000001380136 00000000170ad380
0x00000000192dd330:   00000000192dd4c0 0000000077c2ffd8
0x00000000192dd340:   0000000000000000 00000000192dd610
0x00000000192dd350:   00000000170ad380 00000000020c0470
0x00000000192dd360:   00000000170f42f0 0000000000000001
0x00000000192dd370:   0000000000000000 00000000020c0080
0x00000000192dd380:   0000000000000040 0000000000000136
0x00000000192dd390:   00000000020c13a0 0000000000000000
0x00000000192dd3a0:   0000000000000000 0000000000000000
0x00000000192dd3b0:   0000000000000000 0000000058b98d94
0x00000000192dd3c0:   00000000192dd548 00000000170ad380
0x00000000192dd3d0:   0000000000000150 0000000000210000
0x00000000192dd3e0:   0000000000000142 0000000000000142
0x00000000192dd3f0:   0000000000000000 0000000001380136 

Instructions: (pc=0x0000000077c28e9f)
0x0000000077c28e7f:   e2 fc 8b c2 48 01 41 18 8b 41 10 4c 89 44 c1 20
0x0000000077c28e8f:   ff 41 10 8b c2 c3 44 8a 74 24 40 e9 c0 55 00 00
0x0000000077c28e9f:   41 0f b7 c1 48 83 c1 02 48 d1 e8 48 8d 04 43 48
0x0000000077c28eaf:   3b c8 73 39 0f b7 01 66 83 c8 20 66 83 f8 70 0f 


Register to memory mapping:

RAX=0x000000000000005c is an unknown value
RBX=0x00000000170ad380 is an unknown value
RCX=0x00000000170ad478 is an unknown value
RDX=0x0000000000000136 is an unknown value
RSP=0x00000000192dd300 is pointing into the stack for thread: 0x0000000017e29000
RBP=0x000000000000fffe is an unknown value
RSI=0x0000000000000000 is an unknown value
RDI=0x00000000170ad380 is an unknown value
R8 =0x000000000000009b is an unknown value
R9 =0x0000000000000136 is an unknown value
R10=0x0000000000000000 is an unknown value
R11=0x000000000000ffff is an unknown value
R12=0x0000000000000136 is an unknown value
R13=0x0000000000000012 is an unknown value
R14=0x00000000192dd500 is pointing into the stack for thread: 0x0000000017e29000
R15=0x000000000000009b is an unknown value


Stack: [0x00000000191e0000,0x00000000192e0000],  sp=0x00000000192dd300,  free space=1012k
Native frames: (J=compiled Java code, j=interpreted, Vv=VM code, C=native code)
C  [ntdll.dll+0x48e9f]
C  [ntdll.dll+0x4ffd8]
C  [ntdll.dll+0x50b4a]
C  [KERNELBASE.dll+0x7056]
C  [java.dll+0x9a74]
C  [java.dll+0x9b9f]
C  0x000000000264dcc9

Java frames: (J=compiled Java code, j=interpreted, Vv=VM code)
J 507  java.io.WinNTFileSystem.getBooleanAttributes(Ljava/io/File;)I (0 bytes) @ 0x000000000264dc4f [0x000000000264dc00+0x4f]
J 25116 C2 org.gradle.api.internal.changedetection.state.DefaultFileCollectionSnapshotter$1.run()V (134 bytes) @ 0x0000000005e89350 [0x0000000005e88960+0x9f0]
J 26200 C2 org.gradle.cache.internal.DefaultCacheFactory$ReferenceTrackingCache.useCache(Ljava/lang/String;Ljava/lang/Runnable;)V (15 bytes) @ 0x000000000570db30 [0x000000000570cda0+0xd90]
J 27176 C1 org.gradle.api.internal.changedetection.state.DefaultTaskArtifactStateCacheAccess.useCache(Ljava/lang/String;Ljava/lang/Runnable;)V (12 bytes) @ 0x000000000657acfc [0x000000000657ac00+0xfc]
J 29126 C1 org.gradle.api.internal.changedetection.state.DefaultFileCollectionSnapshotter.snapshot(Lorg/gradle/api/file/FileCollection;)Lorg/gradle/api/internal/changedetection/state/FileCollectionSnapshot; (70 bytes) @ 0x000000000314be54 [0x000000000314b7a0+0x6b4]
J 18708 C1 org.gradle.api.internal.changedetection.state.OutputFilesCollectionSnapshotter.snapshot(Lorg/gradle/api/file/FileCollection;)Lorg/gradle/api/internal/changedetection/state/OutputFilesCollectionSnapshotter$OutputFilesSnapshot; (55 bytes) @ 0x000000000513a514 [0x000000000513a020+0x4f4]
J 18707 C1 org.gradle.api.internal.changedetection.state.OutputFilesCollectionSnapshotter.snapshot(Lorg/gradle/api/file/FileCollection;)Lorg/gradle/api/internal/changedetection/state/FileCollectionSnapshot; (6 bytes) @ 0x0000000005127b84 [0x0000000005127b00+0x84]
J 21993 C1 org.gradle.api.internal.changedetection.rules.TaskUpToDateState.<init>(Lorg/gradle/api/internal/TaskInternal;Lorg/gradle/api/internal/changedetection/state/TaskHistoryRepository$History;Lorg/gradle/api/internal/changedetection/state/FileCollectionSnapshotter;Lorg/gradle/api/internal/changedetection/state/FileCollectionSnapshotter;)V (281 bytes) @ 0x000000000575112c [0x0000000005750320+0xe0c]
J 17680 C1 org.gradle.api.internal.changedetection.changes.DefaultTaskArtifactStateRepository$TaskArtifactStateImpl.getStates()Lorg/gradle/api/internal/changedetection/rules/TaskUpToDateState; (45 bytes) @ 0x0000000004f05cc4 [0x0000000004f05b80+0x144]
J 24431 C1 org.gradle.api.internal.changedetection.changes.DefaultTaskArtifactStateRepository$TaskArtifactStateImpl.isUpToDate(Ljava/util/Collection;)Z (38 bytes) @ 0x0000000005ce0e44 [0x0000000005ce0dc0+0x84]
J 21988 C1 org.gradle.api.internal.tasks.execution.SkipUpToDateTaskExecuter.execute(Lorg/gradle/api/internal/TaskInternal;Lorg/gradle/api/internal/tasks/TaskStateInternal;Lorg/gradle/api/internal/tasks/TaskExecutionContext;)V (221 bytes) @ 0x00000000057463bc [0x0000000005745d20+0x69c]
J 18673 C1 org.gradle.api.internal.tasks.execution.ValidatingTaskExecuter.execute(Lorg/gradle/api/internal/TaskInternal;Lorg/gradle/api/internal/tasks/TaskStateInternal;Lorg/gradle/api/internal/tasks/TaskExecutionContext;)V (221 bytes) @ 0x0000000005124dc4 [0x00000000051226e0+0x26e4]
J 21722 C1 org.gradle.api.internal.tasks.execution.SkipEmptySourceFilesTaskExecuter.execute(Lorg/gradle/api/internal/TaskInternal;Lorg/gradle/api/internal/tasks/TaskStateInternal;Lorg/gradle/api/internal/tasks/TaskExecutionContext;)V (62 bytes) @ 0x0000000003033eb4 [0x00000000030339a0+0x514]
J 21716 C1 org.gradle.api.internal.tasks.execution.SkipTaskWithNoActionsExecuter.execute(Lorg/gradle/api/internal/TaskInternal;Lorg/gradle/api/internal/tasks/TaskStateInternal;Lorg/gradle/api/internal/tasks/TaskExecutionContext;)V (116 bytes) @ 0x000000000303b2a4 [0x000000000303a660+0xc44]
J 21713 C1 org.gradle.api.internal.tasks.execution.SkipOnlyIfTaskExecuter.execute(Lorg/gradle/api/internal/TaskInternal;Lorg/gradle/api/internal/tasks/TaskStateInternal;Lorg/gradle/api/internal/tasks/TaskExecutionContext;)V (90 bytes) @ 0x0000000003037b1c [0x0000000003036d80+0xd9c]
J 21712 C1 org.gradle.api.internal.tasks.execution.ExecuteAtMostOnceTaskExecuter.execute(Lorg/gradle/api/internal/TaskInternal;Lorg/gradle/api/internal/tasks/TaskStateInternal;Lorg/gradle/api/internal/tasks/TaskExecutionContext;)V (70 bytes) @ 0x0000000003038fbc [0x0000000003038d40+0x27c]
J 29819 C1 org.gradle.execution.taskgraph.AbstractTaskPlanExecutor$TaskExecutorWorker.executeTask(Lorg/gradle/execution/taskgraph/TaskInfo;)V (131 bytes) @ 0x00000000069f8984 [0x00000000069f8220+0x764]
J 29816 C1 org.gradle.execution.taskgraph.AbstractTaskPlanExecutor$TaskExecutorWorker.processTask(Lorg/gradle/execution/taskgraph/TaskInfo;)V (51 bytes) @ 0x00000000069f620c [0x00000000069f6180+0x8c]
j  org.gradle.execution.taskgraph.AbstractTaskPlanExecutor$TaskExecutorWorker.run()V+56
j  org.gradle.execution.taskgraph.DefaultTaskPlanExecutor.process(Lorg/gradle/execution/taskgraph/TaskExecutionPlan;Lorg/gradle/api/execution/TaskExecutionListener;)V+6
j  org.gradle.execution.taskgraph.DefaultTaskGraphExecuter.execute()V+46
j  org.gradle.execution.SelectedTaskExecutionAction.execute(Lorg/gradle/execution/BuildExecutionContext;)V+41
j  org.gradle.execution.DefaultBuildExecuter.execute(I)V+36
j  org.gradle.execution.DefaultBuildExecuter.access$200(Lorg/gradle/execution/DefaultBuildExecuter;I)V+2
j  org.gradle.execution.DefaultBuildExecuter$2.proceed()V+10
j  org.gradle.execution.DryRunBuildExecutionAction.execute(Lorg/gradle/execution/BuildExecutionContext;)V+68
j  org.gradle.execution.DefaultBuildExecuter.execute(I)V+36
j  org.gradle.execution.DefaultBuildExecuter.execute()V+2
j  org.gradle.initialization.DefaultGradleLauncher.doBuildStages(Lorg/gradle/initialization/DefaultGradleLauncher$Stage;)V+184
j  org.gradle.initialization.DefaultGradleLauncher.doBuild(Lorg/gradle/initialization/DefaultGradleLauncher$Stage;)Lorg/gradle/BuildResult;+27
j  org.gradle.initialization.DefaultGradleLauncher.run()Lorg/gradle/BuildResult;+4
j  org.gradle.launcher.exec.InProcessBuildActionExecuter$DefaultBuildController.run()Lorg/gradle/api/internal/GradleInternal;+5
j  org.gradle.tooling.internal.provider.BuildModelAction.run(Lorg/gradle/initialization/BuildController;)Lorg/gradle/tooling/internal/provider/BuildActionResult;+15
j  org.gradle.tooling.internal.provider.BuildModelAction.run(Lorg/gradle/initialization/BuildController;)Ljava/lang/Object;+2
j  org.gradle.tooling.internal.provider.ConfiguringBuildAction.run(Lorg/gradle/initialization/BuildController;)Ljava/lang/Object;+15
j  org.gradle.launcher.exec.InProcessBuildActionExecuter.execute(Lorg/gradle/initialization/BuildAction;Lorg/gradle/initialization/BuildCancellationToken;Lorg/gradle/launcher/exec/BuildActionParameters;)Ljava/lang/Object;+19
j  org.gradle.launcher.exec.InProcessBuildActionExecuter.execute(Lorg/gradle/initialization/BuildAction;Lorg/gradle/initialization/BuildCancellationToken;Ljava/lang/Object;)Ljava/lang/Object;+7
j  org.gradle.launcher.daemon.server.exec.ExecuteBuild.doBuild(Lorg/gradle/launcher/daemon/server/exec/DaemonCommandExecution;Lorg/gradle/launcher/daemon/protocol/Build;)V+47
j  org.gradle.launcher.daemon.server.exec.BuildCommandOnly.execute(Lorg/gradle/launcher/daemon/server/exec/DaemonCommandExecution;)V+49
J 33382 C1 org.gradle.launcher.daemon.server.exec.DaemonCommandExecution.proceed()Z (35 bytes) @ 0x0000000004246504 [0x0000000004246160+0x3a4]
j  org.gradle.launcher.daemon.server.exec.WatchForDisconnection.execute(Lorg/gradle/launcher/daemon/server/exec/DaemonCommandExecution;)V+19
J 33382 C1 org.gradle.launcher.daemon.server.exec.DaemonCommandExecution.proceed()Z (35 bytes) @ 0x0000000004246504 [0x0000000004246160+0x3a4]
j  org.gradle.launcher.daemon.server.exec.ResetDeprecationLogger.execute(Lorg/gradle/launcher/daemon/server/exec/DaemonCommandExecution;)V+4
J 33382 C1 org.gradle.launcher.daemon.server.exec.DaemonCommandExecution.proceed()Z (35 bytes) @ 0x0000000004246504 [0x0000000004246160+0x3a4]
j  org.gradle.launcher.daemon.server.exec.StartStopIfBuildAndStop.execute(Lorg/gradle/launcher/daemon/server/exec/DaemonCommandExecution;)V+34
J 33382 C1 org.gradle.launcher.daemon.server.exec.DaemonCommandExecution.proceed()Z (35 bytes) @ 0x0000000004246504 [0x0000000004246160+0x3a4]
j  org.gradle.launcher.daemon.server.exec.ForwardClientInput$2.call()Ljava/lang/Void;+4
j  org.gradle.launcher.daemon.server.exec.ForwardClientInput$2.call()Ljava/lang/Object;+1
j  org.gradle.util.Swapper.swap(Ljava/lang/Object;Ljava/util/concurrent/Callable;)Ljava/lang/Object;+21
j  org.gradle.launcher.daemon.server.exec.ForwardClientInput.execute(Lorg/gradle/launcher/daemon/server/exec/DaemonCommandExecution;)V+63
J 33382 C1 org.gradle.launcher.daemon.server.exec.DaemonCommandExecution.proceed()Z (35 bytes) @ 0x0000000004246504 [0x0000000004246160+0x3a4]
j  org.gradle.launcher.daemon.server.exec.LogToClient.doBuild(Lorg/gradle/launcher/daemon/server/exec/DaemonCommandExecution;Lorg/gradle/launcher/daemon/protocol/Build;)V+92
j  org.gradle.launcher.daemon.server.exec.BuildCommandOnly.execute(Lorg/gradle/launcher/daemon/server/exec/DaemonCommandExecution;)V+49
J 33382 C1 org.gradle.launcher.daemon.server.exec.DaemonCommandExecution.proceed()Z (35 bytes) @ 0x0000000004246504 [0x0000000004246160+0x3a4]
j  org.gradle.launcher.daemon.server.exec.EstablishBuildEnvironment.doBuild(Lorg/gradle/launcher/daemon/server/exec/DaemonCommandExecution;Lorg/gradle/launcher/daemon/protocol/Build;)V+237
j  org.gradle.launcher.daemon.server.exec.BuildCommandOnly.execute(Lorg/gradle/launcher/daemon/server/exec/DaemonCommandExecution;)V+49
J 33382 C1 org.gradle.launcher.daemon.server.exec.DaemonCommandExecution.proceed()Z (35 bytes) @ 0x0000000004246504 [0x0000000004246160+0x3a4]
j  org.gradle.launcher.daemon.server.exec.DaemonHygieneAction.execute(Lorg/gradle/launcher/daemon/server/exec/DaemonCommandExecution;)V+1
J 33382 C1 org.gradle.launcher.daemon.server.exec.DaemonCommandExecution.proceed()Z (35 bytes) @ 0x0000000004246504 [0x0000000004246160+0x3a4]
j  org.gradle.launcher.daemon.server.exec.StartBuildOrRespondWithBusy$1.run()V+44
j  org.gradle.launcher.daemon.server.DaemonStateCoordinator$1.run()V+4
j  org.gradle.internal.concurrent.DefaultExecutorFactory$StoppableExecutorImpl$1.run()V+18
j  java.util.concurrent.ThreadPoolExecutor.runWorker(Ljava/util/concurrent/ThreadPoolExecutor$Worker;)V+95
j  java.util.concurrent.ThreadPoolExecutor$Worker.run()V+5
J 37445 C1 java.lang.Thread.run()V (17 bytes) @ 0x0000000004840734 [0x0000000004840600+0x134]
v  ~StubRoutines::call_stub

---------------  P R O C E S S  ---------------

Java Threads: ( => current thread )
  0x0000000017e2a800 JavaThread "Stdin handler" [_thread_blocked, id=8444, stack(0x000000001e7e0000,0x000000001e8e0000)]
=>0x0000000017e29000 JavaThread "Daemon worker Thread 26" [_thread_in_native, id=8408, stack(0x00000000191e0000,0x00000000192e0000)]
  0x0000000017e28000 JavaThread "Cancel handler" [_thread_blocked, id=7268, stack(0x00000000190b0000,0x00000000191b0000)]
  0x0000000017e29800 JavaThread "Handler for socket connection from /127.0.0.1:60019 to /127.0.0.1:58386" [_thread_in_native, id=5568, stack(0x0000000018f10000,0x0000000019010000)]
  0x0000000017e27000 JavaThread "Daemon Thread 26" [_thread_blocked, id=6404, stack(0x0000000018cd0000,0x0000000018dd0000)]
  0x0000000017c7b800 JavaThread "File lock request listener" [_thread_in_native, id=7744, stack(0x000000001bc60000,0x000000001bd60000)]
  0x0000000017451800 JavaThread "Incoming local TCP Connector on port 60019" [_thread_in_native, id=4104, stack(0x0000000017790000,0x0000000017890000)]
  0x0000000016117800 JavaThread "Service Thread" daemon [_thread_blocked, id=4036, stack(0x0000000016cc0000,0x0000000016dc0000)]
  0x0000000016097000 JavaThread "C1 CompilerThread2" daemon [_thread_blocked, id=6148, stack(0x0000000016b40000,0x0000000016c40000)]
  0x000000001608c000 JavaThread "C2 CompilerThread1" daemon [_thread_blocked, id=2112, stack(0x00000000168f0000,0x00000000169f0000)]
  0x0000000016080000 JavaThread "C2 CompilerThread0" daemon [_thread_blocked, id=1456, stack(0x0000000016760000,0x0000000016860000)]
  0x000000001607f000 JavaThread "Attach Listener" daemon [_thread_blocked, id=3148, stack(0x0000000016520000,0x0000000016620000)]
  0x000000001608a800 JavaThread "Signal Dispatcher" daemon [_thread_blocked, id=1824, stack(0x0000000016660000,0x0000000016760000)]
  0x0000000014ce5000 JavaThread "Finalizer" daemon [_thread_blocked, id=7348, stack(0x0000000015d70000,0x0000000015e70000)]
  0x0000000014cda000 JavaThread "Reference Handler" daemon [_thread_blocked, id=7352, stack(0x0000000015f70000,0x0000000016070000)]
  0x000000000021f000 JavaThread "main" [_thread_blocked, id=3344, stack(0x0000000002310000,0x0000000002410000)]

Other Threads:
  0x0000000014cd6800 VMThread [stack: 0x0000000015e70000,0x0000000015f70000] [id=8084]
  0x0000000016127000 WatcherThread [stack: 0x0000000016e50000,0x0000000016f50000] [id=7472]

VM state:not at safepoint (normal execution)

VM Mutex/Monitor currently owned by a thread: None

Heap:
 PSYoungGen      total 228352K, used 96097K [0x00000000eab00000, 0x00000000fec00000, 0x0000000100000000)
  eden space 148992K, 29% used [0x00000000eab00000,0x00000000ed62c998,0x00000000f3c80000)
  from space 79360K, 65% used [0x00000000f3c80000,0x00000000f6f2bb38,0x00000000f8a00000)
  to   space 83456K, 0% used [0x00000000f9a80000,0x00000000f9a80000,0x00000000fec00000)
 ParOldGen       total 270848K, used 83194K [0x00000000c0000000, 0x00000000d0880000, 0x00000000eab00000)
  object space 270848K, 30% used [0x00000000c0000000,0x00000000c513e938,0x00000000d0880000)
 Metaspace       used 106890K, capacity 113852K, committed 163456K, reserved 1177600K
  class space    used 14946K, capacity 17151K, committed 35200K, reserved 1048576K

Card table byte_map: [0x00000000117d0000,0x00000000119e0000] byte_map_base: 0x00000000111d0000

Marking Bits: (ParMarkBitMap*) 0x00000000529712b0
 Begin Bits: [0x0000000012150000, 0x0000000013150000)
 End Bits:   [0x0000000013150000, 0x0000000014150000)

Polling page: 0x0000000000110000

CodeCache: size=245760Kb used=63238Kb max_used=74813Kb free=182521Kb
 bounds [0x0000000002410000, 0x0000000006d90000, 0x0000000011410000]
 total_blobs=17187 nmethods=16478 adapters=619
 compilation: enabled

Compilation events (10 events):
Event: 9018.938 Thread 0x0000000016097000 37924       3       org.gradle.api.internal.file.AbstractFileTree::isEmpty (35 bytes)
Event: 9018.938 Thread 0x0000000016097000 nmethod 37924 0x0000000005231650 code [0x0000000005231800, 0x0000000005231e28]
Event: 9018.938 Thread 0x0000000016097000 37925       3       org.gradle.api.internal.file.AbstractFileTree$2::<init> (15 bytes)
Event: 9018.938 Thread 0x0000000016097000 nmethod 37925 0x0000000005337250 code [0x00000000053373c0, 0x00000000053375f0]
Event: 9018.938 Thread 0x0000000016097000 37926       3       org.gradle.api.internal.file.AbstractFileTree$2::visitFile (15 bytes)
Event: 9018.939 Thread 0x0000000016097000 nmethod 37926 0x0000000005336cd0 code [0x0000000005336e40, 0x0000000005337148]
Event: 9018.943 Thread 0x0000000016097000 37927       3       com.android.build.gradle.internal.profile.RecordingBuildListener::$getCallSiteArray (40 bytes)
Event: 9018.943 Thread 0x0000000016097000 nmethod 37927 0x0000000003855b90 code [0x0000000003855d60, 0x0000000003856518]
Event: 9018.943 Thread 0x0000000016097000 37928       3       com.google.common.base.CaseFormat::normalizeFirstWord (20 bytes)
Event: 9018.944 Thread 0x0000000016097000 nmethod 37928 0x00000000053ce390 code [0x00000000053ce500, 0x00000000053ce798]

GC Heap History (10 events):
Event: 8914.098 GC heap before
{Heap before GC invocations=229 (full 36):
 PSYoungGen      total 225280K, used 146528K [0x00000000eab00000, 0x00000000fe180000, 0x0000000100000000)
  eden space 131584K, 100% used [0x00000000eab00000,0x00000000f2b80000,0x00000000f2b80000)
  from space 93696K, 15% used [0x00000000f8600000,0x00000000f94982e8,0x00000000fe180000)
  to   space 92672K, 0% used [0x00000000f2b80000,0x00000000f2b80000,0x00000000f8600000)
 ParOldGen       total 270848K, used 83178K [0x00000000c0000000, 0x00000000d0880000, 0x00000000eab00000)
  object space 270848K, 30% used [0x00000000c0000000,0x00000000c513a938,0x00000000d0880000)
 Metaspace       used 96262K, capacity 101246K, committed 163456K, reserved 1177600K
  class space    used 13215K, capacity 14771K, committed 35200K, reserved 1048576K
Event: 8914.126 GC heap after
Heap after GC invocations=229 (full 36):
 PSYoungGen      total 224256K, used 23552K [0x00000000eab00000, 0x00000000fdc80000, 0x0000000100000000)
  eden space 131584K, 0% used [0x00000000eab00000,0x00000000eab00000,0x00000000f2b80000)
  from space 92672K, 25% used [0x00000000f2b80000,0x00000000f42800d8,0x00000000f8600000)
  to   space 86016K, 0% used [0x00000000f8880000,0x00000000f8880000,0x00000000fdc80000)
 ParOldGen       total 270848K, used 83178K [0x00000000c0000000, 0x00000000d0880000, 0x00000000eab00000)
  object space 270848K, 30% used [0x00000000c0000000,0x00000000c513a938,0x00000000d0880000)
 Metaspace       used 96262K, capacity 101246K, committed 163456K, reserved 1177600K
  class space    used 13215K, capacity 14771K, committed 35200K, reserved 1048576K
}
Event: 8915.023 GC heap before
{Heap before GC invocations=230 (full 36):
 PSYoungGen      total 224256K, used 155136K [0x00000000eab00000, 0x00000000fdc80000, 0x0000000100000000)
  eden space 131584K, 100% used [0x00000000eab00000,0x00000000f2b80000,0x00000000f2b80000)
  from space 92672K, 25% used [0x00000000f2b80000,0x00000000f42800d8,0x00000000f8600000)
  to   space 86016K, 0% used [0x00000000f8880000,0x00000000f8880000,0x00000000fdc80000)
 ParOldGen       total 270848K, used 83178K [0x00000000c0000000, 0x00000000d0880000, 0x00000000eab00000)
  object space 270848K, 30% used [0x00000000c0000000,0x00000000c513a938,0x00000000d0880000)
 Metaspace       used 98006K, capacity 103382K, committed 163456K, reserved 1177600K
  class space    used 13521K, capacity 15273K, committed 35200K, reserved 1048576K
Event: 8915.055 GC heap after
Heap after GC invocations=230 (full 36):
 PSYoungGen      total 221696K, used 33273K [0x00000000eab00000, 0x00000000fd700000, 0x0000000100000000)
  eden space 141312K, 0% used [0x00000000eab00000,0x00000000eab00000,0x00000000f3500000)
  from space 80384K, 41% used [0x00000000f8880000,0x00000000fa8fe6e0,0x00000000fd700000)
  to   space 82944K, 0% used [0x00000000f3500000,0x00000000f3500000,0x00000000f8600000)
 ParOldGen       total 270848K, used 83178K [0x00000000c0000000, 0x00000000d0880000, 0x00000000eab00000)
  object space 270848K, 30% used [0x00000000c0000000,0x00000000c513a938,0x00000000d0880000)
 Metaspace       used 98006K, capacity 103382K, committed 163456K, reserved 1177600K
  class space    used 13521K, capacity 15273K, committed 35200K, reserved 1048576K
}
Event: 9016.784 GC heap before
{Heap before GC invocations=231 (full 36):
 PSYoungGen      total 221696K, used 174585K [0x00000000eab00000, 0x00000000fd700000, 0x0000000100000000)
  eden space 141312K, 100% used [0x00000000eab00000,0x00000000f3500000,0x00000000f3500000)
  from space 80384K, 41% used [0x00000000f8880000,0x00000000fa8fe6e0,0x00000000fd700000)
  to   space 82944K, 0% used [0x00000000f3500000,0x00000000f3500000,0x00000000f8600000)
 ParOldGen       total 270848K, used 83178K [0x00000000c0000000, 0x00000000d0880000, 0x00000000eab00000)
  object space 270848K, 30% used [0x00000000c0000000,0x00000000c513a938,0x00000000d0880000)
 Metaspace       used 100986K, capacity 107180K, committed 163456K, reserved 1177600K
  class space    used 13990K, capacity 15939K, committed 35200K, reserved 1048576K
Event: 9016.819 GC heap after
Heap after GC invocations=231 (full 36):
 PSYoungGen      total 224256K, used 27637K [0x00000000eab00000, 0x00000000fd680000, 0x0000000100000000)
  eden space 141312K, 0% used [0x00000000eab00000,0x00000000eab00000,0x00000000f3500000)
  from space 82944K, 33% used [0x00000000f3500000,0x00000000f4ffd690,0x00000000f8600000)
  to   space 78336K, 0% used [0x00000000f8a00000,0x00000000f8a00000,0x00000000fd680000)
 ParOldGen       total 270848K, used 83186K [0x00000000c0000000, 0x00000000d0880000, 0x00000000eab00000)
  object space 270848K, 30% used [0x00000000c0000000,0x00000000c513c938,0x00000000d0880000)
 Metaspace       used 100986K, capacity 107180K, committed 163456K, reserved 1177600K
  class space    used 13990K, capacity 15939K, committed 35200K, reserved 1048576K
}
Event: 9017.649 GC heap before
{Heap before GC invocations=232 (full 36):
 PSYoungGen      total 224256K, used 168949K [0x00000000eab00000, 0x00000000fd680000, 0x0000000100000000)
  eden space 141312K, 100% used [0x00000000eab00000,0x00000000f3500000,0x00000000f3500000)
  from space 82944K, 33% used [0x00000000f3500000,0x00000000f4ffd690,0x00000000f8600000)
  to   space 78336K, 0% used [0x00000000f8a00000,0x00000000f8a00000,0x00000000fd680000)
 ParOldGen       total 270848K, used 83186K [0x00000000c0000000, 0x00000000d0880000, 0x00000000eab00000)
  object space 270848K, 30% used [0x00000000c0000000,0x00000000c513c938,0x00000000d0880000)
 Metaspace       used 104372K, capacity 110818K, committed 163456K, reserved 1177600K
  class space    used 14491K, capacity 16522K, committed 35200K, reserved 1048576K
Event: 9017.696 GC heap after
Heap after GC invocations=232 (full 36):
 PSYoungGen      total 227328K, used 41506K [0x00000000eab00000, 0x00000000fda80000, 0x0000000100000000)
  eden space 148992K, 0% used [0x00000000eab00000,0x00000000eab00000,0x00000000f3c80000)
  from space 78336K, 52% used [0x00000000f8a00000,0x00000000fb288808,0x00000000fd680000)
  to   space 79360K, 0% used [0x00000000f3c80000,0x00000000f3c80000,0x00000000f8a00000)
 ParOldGen       total 270848K, used 83194K [0x00000000c0000000, 0x00000000d0880000, 0x00000000eab00000)
  object space 270848K, 30% used [0x00000000c0000000,0x00000000c513e938,0x00000000d0880000)
 Metaspace       used 104372K, capacity 110818K, committed 163456K, reserved 1177600K
  class space    used 14491K, capacity 16522K, committed 35200K, reserved 1048576K
}
Event: 9018.457 GC heap before
{Heap before GC invocations=233 (full 36):
 PSYoungGen      total 227328K, used 190498K [0x00000000eab00000, 0x00000000fda80000, 0x0000000100000000)
  eden space 148992K, 100% used [0x00000000eab00000,0x00000000f3c80000,0x00000000f3c80000)
  from space 78336K, 52% used [0x00000000f8a00000,0x00000000fb288808,0x00000000fd680000)
  to   space 79360K, 0% used [0x00000000f3c80000,0x00000000f3c80000,0x00000000f8a00000)
 ParOldGen       total 270848K, used 83194K [0x00000000c0000000, 0x00000000d0880000, 0x00000000eab00000)
  object space 270848K, 30% used [0x00000000c0000000,0x00000000c513e938,0x00000000d0880000)
 Metaspace       used 106545K, capacity 113284K, committed 163456K, reserved 1177600K
  class space    used 14855K, capacity 17016K, committed 35200K, reserved 1048576K
Event: 9018.505 GC heap after
Heap after GC invocations=233 (full 36):
 PSYoungGen      total 228352K, used 51886K [0x00000000eab00000, 0x00000000fec00000, 0x0000000100000000)
  eden space 148992K, 0% used [0x00000000eab00000,0x00000000eab00000,0x00000000f3c80000)
  from space 79360K, 65% used [0x00000000f3c80000,0x00000000f6f2bb38,0x00000000f8a00000)
  to   space 83456K, 0% used [0x00000000f9a80000,0x00000000f9a80000,0x00000000fec00000)
 ParOldGen       total 270848K, used 83194K [0x00000000c0000000, 0x00000000d0880000, 0x00000000eab00000)
  object space 270848K, 30% used [0x00000000c0000000,0x00000000c513e938,0x00000000d0880000)
 Metaspace       used 106545K, capacity 113284K, committed 163456K, reserved 1177600K
  class space    used 14855K, capacity 17016K, committed 35200K, reserved 1048576K
}

Deoptimization events (10 events):
Event: 8913.634 Thread 0x0000000017e29800 Uncommon trap: reason=array_check action=maybe_recompile pc=0x00000000030ba1c0 method=java.util.TimSort.mergeLo(IIII)V @ 590
Event: 8913.634 Thread 0x0000000017e29800 Uncommon trap: reason=array_check action=maybe_recompile pc=0x00000000030ba0c4 method=java.util.TimSort.mergeLo(IIII)V @ 375
Event: 8914.616 Thread 0x0000000017e29800 Uncommon trap: reason=array_check action=maybe_recompile pc=0x0000000006991988 method=java.util.TimSort.mergeLo(IIII)V @ 468
Event: 8914.616 Thread 0x0000000017e29800 Uncommon trap: reason=array_check action=maybe_recompile pc=0x0000000006991988 method=java.util.TimSort.mergeLo(IIII)V @ 468
Event: 8914.917 Thread 0x0000000017e29800 Uncommon trap: reason=class_check action=maybe_recompile pc=0x0000000003ebcc7c method=org.gradle.api.internal.plugins.UploadRule.apply(Ljava/lang/String;)V @ 4
Event: 8914.917 Thread 0x0000000017e29800 Uncommon trap: reason=class_check action=maybe_recompile pc=0x0000000003ebcc7c method=org.gradle.api.internal.plugins.UploadRule.apply(Ljava/lang/String;)V @ 4
Event: 8914.935 Thread 0x0000000017e29800 Uncommon trap: reason=class_check action=maybe_recompile pc=0x0000000003ebcc7c method=org.gradle.api.internal.plugins.UploadRule.apply(Ljava/lang/String;)V @ 4
Event: 8914.935 Thread 0x0000000017e29800 Uncommon trap: reason=class_check action=maybe_recompile pc=0x0000000003ebcc7c method=org.gradle.api.internal.plugins.UploadRule.apply(Ljava/lang/String;)V @ 4
Event: 8916.281 Thread 0x0000000017e27000 Uncommon trap: reason=null_check action=make_not_entrant pc=0x0000000003c67f90 method=org.gradle.logging.internal.logback.LogbackLoggingConfigurer$GradleAppender.append(Lch/qos/logback/classic/spi/ILoggingEvent;)V @ 6
Event: 9016.819 Thread 0x0000000017e29000 Uncommon trap: reason=unreached action=reinterpret pc=0x0000000005065754 method=com.sun.beans.WeakCache.get(Ljava/lang/Object;)Ljava/lang/Object; @ 26

Internal exceptions (10 events):
Event: 9018.922 Thread 0x0000000017e29000 Exception <a 'java/security/PrivilegedActionException'> (0x00000000ed0b3440) thrown at [C:\re\workspace\8-2-build-windows-amd64-cygwin\jdk8u11\648\hotspot\src\share\vm\prims\jvm.cpp, line 1248]
Event: 9018.922 Thread 0x0000000017e29000 Exception <a 'java/security/PrivilegedActionException'> (0x00000000ed0b4638) thrown at [C:\re\workspace\8-2-build-windows-amd64-cygwin\jdk8u11\648\hotspot\src\share\vm\prims\jvm.cpp, line 1248]
Event: 9018.922 Thread 0x0000000017e29000 Exception <a 'java/security/PrivilegedActionException'> (0x00000000ed0b5830) thrown at [C:\re\workspace\8-2-build-windows-amd64-cygwin\jdk8u11\648\hotspot\src\share\vm\prims\jvm.cpp, line 1248]
Event: 9018.922 Thread 0x0000000017e29000 Exception <a 'java/security/PrivilegedActionException'> (0x00000000ed0bc188) thrown at [C:\re\workspace\8-2-build-windows-amd64-cygwin\jdk8u11\648\hotspot\src\share\vm\prims\jvm.cpp, line 1248]
Event: 9018.922 Thread 0x0000000017e29000 Exception <a 'java/lang/ClassNotFoundException': com/android/build/gradle/internal/tasks/MergeFileTaskCustomizer> (0x00000000ed0bc708) thrown at [C:\re\workspace\8-2-build-windows-amd64-cygwin\jdk8u11\648\hotspot\src\share\vm\classfile\systemDictionary.cpp
Event: 9018.923 Thread 0x0000000017e29000 Exception <a 'java/security/PrivilegedActionException'> (0x00000000ed0d8db0) thrown at [C:\re\workspace\8-2-build-windows-amd64-cygwin\jdk8u11\648\hotspot\src\share\vm\prims\jvm.cpp, line 1248]
Event: 9018.923 Thread 0x0000000017e29000 Exception <a 'java/security/PrivilegedActionException'> (0x00000000ed0da080) thrown at [C:\re\workspace\8-2-build-windows-amd64-cygwin\jdk8u11\648\hotspot\src\share\vm\prims\jvm.cpp, line 1248]
Event: 9018.923 Thread 0x0000000017e29000 Exception <a 'java/security/PrivilegedActionException'> (0x00000000ed0daff0) thrown at [C:\re\workspace\8-2-build-windows-amd64-cygwin\jdk8u11\648\hotspot\src\share\vm\prims\jvm.cpp, line 1248]
Event: 9018.923 Thread 0x0000000017e29000 Exception <a 'java/security/PrivilegedActionException'> (0x00000000ed0e2108) thrown at [C:\re\workspace\8-2-build-windows-amd64-cygwin\jdk8u11\648\hotspot\src\share\vm\prims\jvm.cpp, line 1248]
Event: 9018.923 Thread 0x0000000017e29000 Exception <a 'java/lang/ClassNotFoundException': com/android/build/gradle/internal/tasks/MergeFileTask_DecoratedCustomizer> (0x00000000ed0e26a0) thrown at [C:\re\workspace\8-2-build-windows-amd64-cygwin\jdk8u11\648\hotspot\src\share\vm\classfile\systemDict‘6Å˛uù¡@

Events (10 events):
Event: 9018.922 loading class com/android/build/gradle/internal/tasks/MergeFileTaskBeanInfo
Event: 9018.922 loading class com/android/build/gradle/internal/tasks/MergeFileTaskBeanInfo done
Event: 9018.922 loading class com/android/build/gradle/internal/tasks/MergeFileTaskCustomizer
Event: 9018.922 loading class com/android/build/gradle/internal/tasks/MergeFileTaskCustomizer done
Event: 9018.922 loading class com/android/build/gradle/internal/tasks/MergeFileTaskCustomizer
Event: 9018.922 loading class com/android/build/gradle/internal/tasks/MergeFileTaskCustomizer done
Event: 9018.923 loading class com/android/build/gradle/internal/tasks/MergeFileTask_DecoratedCustomizer
Event: 9018.923 loading class com/android/build/gradle/internal/tasks/MergeFileTask_DecoratedCustomizer done
Event: 9018.923 loading class com/android/build/gradle/internal/tasks/MergeFileTask_DecoratedCustomizer
Event: 9018.923 loading class com/android/build/gradle/internal/tasks/MergeFileTask_DecoratedCustomizer done


Dynamic libraries:
0x000000013f3a0000 - 0x000000013f3d4000 	C:\Program Files\Java\jdk1.8.0_11\bin\java.exe
0x0000000077be0000 - 0x0000000077d8a000 	C:\Windows\SYSTEM32\ntdll.dll
0x00000000779c0000 - 0x0000000077adf000 	C:\Windows\system32\kernel32.dll
0x000007fefdc70000 - 0x000007fefdcda000 	C:\Windows\system32\KERNELBASE.dll
0x000007fefe260000 - 0x000007fefe33b000 	C:\Windows\system32\ADVAPI32.dll
0x000007feff040000 - 0x000007feff0df000 	C:\Windows\system32\msvcrt.dll
0x000007fefe130000 - 0x000007fefe14f000 	C:\Windows\SYSTEM32\sechost.dll
0x000007fefee70000 - 0x000007fefef9d000 	C:\Windows\system32\RPCRT4.dll
0x0000000077ae0000 - 0x0000000077bda000 	C:\Windows\system32\USER32.dll
0x000007fefe700000 - 0x000007fefe767000 	C:\Windows\system32\GDI32.dll
0x000007fefdd20000 - 0x000007fefdd2e000 	C:\Windows\system32\LPK.dll
0x000007fefe060000 - 0x000007fefe12a000 	C:\Windows\system32\USP10.dll
0x000007fefc3c0000 - 0x000007fefc5b4000 	C:\Windows\WinSxS\amd64_microsoft.windows.common-controls_6595b64144ccf1df_6.0.7601.18837_none_fa3b1e3d17594757\COMCTL32.dll
0x000007fefefa0000 - 0x000007feff011000 	C:\Windows\system32\SHLWAPI.dll
0x000007fefe5f0000 - 0x000007fefe61e000 	C:\Windows\system32\IMM32.DLL
0x000007fefe150000 - 0x000007fefe259000 	C:\Windows\system32\MSCTF.dll
0x0000000058b30000 - 0x0000000058c02000 	C:\Program Files\Java\jdk1.8.0_11\jre\bin\msvcr100.dll
0x00000000521c0000 - 0x00000000529ea000 	C:\Program Files\Java\jdk1.8.0_11\jre\bin\server\jvm.dll
0x000007feef050000 - 0x000007feef059000 	C:\Windows\system32\WSOCK32.dll
0x000007fefea40000 - 0x000007fefea8d000 	C:\Windows\system32\WS2_32.dll
0x000007fefee60000 - 0x000007fefee68000 	C:\Windows\system32\NSI.dll
0x000007fef61d0000 - 0x000007fef620b000 	C:\Windows\system32\WINMM.dll
0x0000000077da0000 - 0x0000000077da7000 	C:\Windows\system32\PSAPI.DLL
0x000000006ff70000 - 0x000000006ff7f000 	C:\Program Files\Java\jdk1.8.0_11\jre\bin\verify.dll
0x000000006b7b0000 - 0x000000006b7d8000 	C:\Program Files\Java\jdk1.8.0_11\jre\bin\java.dll
0x000000006de80000 - 0x000000006de96000 	C:\Program Files\Java\jdk1.8.0_11\jre\bin\zip.dll
0x000007feff0e0000 - 0x000007feffe69000 	C:\Windows\system32\SHELL32.dll
0x000007fefe3e0000 - 0x000007fefe5e3000 	C:\Windows\system32\ole32.dll
0x000007fefd960000 - 0x000007fefd96f000 	C:\Windows\system32\profapi.dll
0x000007fefd1a0000 - 0x000007fefd1b8000 	C:\Windows\system32\CRYPTSP.dll
0x000007fefcea0000 - 0x000007fefcee7000 	C:\Windows\system32\rsaenh.dll
0x000007fefdcf0000 - 0x000007fefdd0e000 	C:\Windows\system32\USERENV.dll
0x000007fefd800000 - 0x000007fefd80f000 	C:\Windows\system32\CRYPTBASE.dll
0x000000006de20000 - 0x000000006de3a000 	C:\Program Files\Java\jdk1.8.0_11\jre\bin\net.dll
0x000007fefd140000 - 0x000007fefd195000 	C:\Windows\system32\mswsock.dll
0x000007fefd130000 - 0x000007fefd137000 	C:\Windows\System32\wship6.dll
0x000007fefa810000 - 0x000007fefa837000 	C:\Windows\system32\IPHLPAPI.DLL
0x000007fefa800000 - 0x000007fefa80b000 	C:\Windows\system32\WINNSI.DLL
0x000007fefa5d0000 - 0x000007fefa5e8000 	C:\Windows\system32\dhcpcsvc.DLL
0x000007fefa5b0000 - 0x000007fefa5c1000 	C:\Windows\system32\dhcpcsvc6.DLL
0x000000006beb0000 - 0x000000006bec1000 	C:\Program Files\Java\jdk1.8.0_11\jre\bin\nio.dll
0x000007fef78d0000 - 0x000007fef78e2000 	C:\Users\hufeng\AppData\Local\Temp\native-platform9178616315641199891dir\native-platform.dll
0x000007fefd7a0000 - 0x000007fefd7f7000 	C:\Windows\system32\apphelp.dll
0x000000006e3f0000 - 0x000000006e3fd000 	C:\Program Files\Java\jdk1.8.0_11\jre\bin\management.dll
0x000007fefb4e0000 - 0x000007fefb605000 	C:\Windows\system32\dbghelp.dll

VM Arguments:
jvm_args: -XX:MaxPermSize=256m -XX:+HeapDumpOnOutOfMemoryError -Xmx1024m -Dfile.encoding=GBK -Duser.country=CN -Duser.language=zh -Duser.variant 
java_command: org.gradle.launcher.daemon.bootstrap.GradleDaemon 2.2 C:\Users\hufeng\.gradle\daemon 10800000 cfb2044a-95f1-4181-9cc5-6f42610e208a -XX:MaxPermSize=256m -XX:+HeapDumpOnOutOfMemoryError -Xmx1024m -Dfile.encoding=GBK -Duser.country=CN -Duser.language=zh -Duser.variant
java_class_path (initial): C:\Users\hufeng\.gradle\wrapper\dists\gradle-2.2-all\1vevkra640w3rb9hkuw50q5we\gradle-2.2\lib\gradle-launcher-2.2.jar
Launcher Type: SUN_STANDARD

Environment Variables:
JAVA_HOME=C:\Program Files\Java\jdk1.8.0_11
PATH=C:\ProgramData\Oracle\Java\javapath;C:\Program Files\Java\jdk1.8.0_11/bin;C:\Program Files (x86)\Intel\iCLS Client\;C:\Program Files\Intel\iCLS Client\;C:\Windows\system32;C:\Windows;C:\Windows\System32\Wbem;C:\Windows\System32\WindowsPowerShell\v1.0\;C:\Program Files\Intel\Intel(R) Management Engine Components\DAL;C:\Program Files (x86)\Intel\Intel(R) Management Engine Components\DAL;C:\Program Files\Intel\Intel(R) Management Engine Components\IPT;C:\Program Files (x86)\Intel\Intel(R) Management Engine Components\IPT;
USERNAME=hufeng
OS=Windows_NT
PROCESSOR_IDENTIFIER=Intel64 Family 6 Model 61 Stepping 4, GenuineIntel



---------------  S Y S T E M  ---------------

OS: Windows 7 , 64 bit Build 7601 Service Pack 1

CPU:total 4 (2 cores per cpu, 2 threads per core) family 6 model 61 stepping 4, cmov, cx8, fxsr, mmx, sse, sse2, sse3, ssse3, sse4.1, sse4.2, popcnt, avx, avx2, aes, clmul, erms, ht, tsc, tscinvbit

Memory: 4k page, physical 16598500k(10025488k free), swap 33195140k(26670308k free)

vm_info: Java HotSpot(TM) 64-Bit Server VM (25.11-b03) for windows-amd64 JRE (1.8.0_11-b12), built on Jun 16 2014 20:57:32 by "java_re" with MS VC++ 10.0 (VS2010)

time: Thu Jun 16 18:43:46 2016
elapsed time: 9018 seconds

