#
# A fatal error has been detected by the Java Runtime Environment:
#
#  EXCEPTION_ACCESS_VIOLATION (0xc0000005) at pc=0x0000000077738e9f, pid=380, tid=8612
#
# JRE version: Java(TM) SE Runtime Environment (8.0_11-b12) (build 1.8.0_11-b12)
# Java VM: Java HotSpot(TM) 64-Bit Server VM (25.11-b03 mixed mode windows-amd64 compressed oops)
# Problematic frame:
# C  [ntdll.dll+0x48e9f]
#
# Failed to write core dump. Minidumps are not enabled by default on client versions of Windows
#
# If you would like to submit a bug report, please visit:
#   http://bugreport.sun.com/bugreport/crash.jsp
# The crash happened outside the Java Virtual Machine in native code.
# See problematic frame for where to report the bug.
#

---------------  T H R E A D  ---------------

Current thread (0x000000005b3be800):  JavaThread "Daemon worker Thread 22" [_thread_in_native, id=8612, stack(0x0000000059410000,0x0000000059510000)]

siginfo: ExceptionCode=0xc0000005, writing address 0x000000000000005c

Registers:
RAX=0x000000000000005c, RBX=0x00000000603a8640, RCX=0x00000000603a8710, RDX=0x0000000000000110
RSP=0x000000005950d3c0, RBP=0x000000000000fffe, RSI=0x0000000000000000, RDI=0x00000000603a8640
R8 =0x0000000000000088, R9 =0x0000000000000110, R10=0x0000000000000000, R11=0x000000000000ffff
R12=0x0000000000000110, R13=0x0000000000000012, R14=0x000000005950d5c0, R15=0x0000000000000088
RIP=0x0000000077738e9f, EFLAGS=0x0000000000010246

Top of Stack: (sp=0x000000005950d3c0)
0x000000005950d3c0:   00000000778003c8 0000000000000000
0x000000005950d3d0:   0000000000000120 0000000001e30000
0x000000005950d3e0:   0000000001120110 00000000603a8640
0x000000005950d3f0:   000000005950d580 000000007773ffd8
0x000000005950d400:   0000000000000000 000000005950d6d0
0x000000005950d410:   00000000603a8640 00000000024c0470
0x000000005950d420:   0000000058739cd0 0000000000000001
0x000000005950d430:   0000000000000000 00000000024c0080
0x000000005950d440:   0000000000000040 0000000000000110
0x000000005950d450:   00000000024c1220 0000000000000000
0x000000005950d460:   0000000000000000 0000000000000000
0x000000005950d470:   0000000000000000 0000000063548d94
0x000000005950d480:   000000005950d608 00000000603a8640
0x000000005950d490:   0000000000000130 0000000001e30000
0x000000005950d4a0:   000000000000011c 000000000000011c
0x000000005950d4b0:   0000000000000000 0000000001120110 

Instructions: (pc=0x0000000077738e9f)
0x0000000077738e7f:   e2 fc 8b c2 48 01 41 18 8b 41 10 4c 89 44 c1 20
0x0000000077738e8f:   ff 41 10 8b c2 c3 44 8a 74 24 40 e9 c0 55 00 00
0x0000000077738e9f:   41 0f b7 c1 48 83 c1 02 48 d1 e8 48 8d 04 43 48
0x0000000077738eaf:   3b c8 73 39 0f b7 01 66 83 c8 20 66 83 f8 70 0f 


Register to memory mapping:

RAX=0x000000000000005c is an unknown value
RBX=0x00000000603a8640 is an unknown value
RCX=0x00000000603a8710 is an unknown value
RDX=0x0000000000000110 is an unknown value
RSP=0x000000005950d3c0 is pointing into the stack for thread: 0x000000005b3be800
RBP=0x000000000000fffe is an unknown value
RSI=0x0000000000000000 is an unknown value
RDI=0x00000000603a8640 is an unknown value
R8 =0x0000000000000088 is an unknown value
R9 =0x0000000000000110 is an unknown value
R10=0x0000000000000000 is an unknown value
R11=0x000000000000ffff is an unknown value
R12=0x0000000000000110 is an unknown value
R13=0x0000000000000012 is an unknown value
R14=0x000000005950d5c0 is pointing into the stack for thread: 0x000000005b3be800
R15=0x0000000000000088 is an unknown value


Stack: [0x0000000059410000,0x0000000059510000],  sp=0x000000005950d3c0,  free space=1012k
Native frames: (J=compiled Java code, j=interpreted, Vv=VM code, C=native code)
C  [ntdll.dll+0x48e9f]
C  [ntdll.dll+0x4ffd8]
C  [ntdll.dll+0x50b4a]
C  [KERNELBASE.dll+0x7056]
C  [java.dll+0x9a74]
C  [java.dll+0x9b9f]
C  0x0000000002a52e49

Java frames: (J=compiled Java code, j=interpreted, Vv=VM code)
J 497  java.io.WinNTFileSystem.getBooleanAttributes(Ljava/io/File;)I (0 bytes) @ 0x0000000002a52dcf [0x0000000002a52d80+0x4f]
J 18199 C2 org.gradle.api.internal.changedetection.state.DefaultFileCollectionSnapshotter$1.run()V (134 bytes) @ 0x0000000005669490 [0x0000000005668aa0+0x9f0]
J 20076 C2 org.gradle.cache.internal.DefaultCacheAccess.useCache(Ljava/lang/String;Lorg/gradle/internal/Factory;)Ljava/lang/Object; (180 bytes) @ 0x0000000004b09fac [0x0000000004b09b80+0x42c]
J 20470 C2 org.gradle.cache.internal.DefaultCacheFactory$ReferenceTrackingCache.useCache(Ljava/lang/String;Ljava/lang/Runnable;)V (15 bytes) @ 0x00000000058732bc [0x00000000058731a0+0x11c]
J 22064 C1 org.gradle.api.internal.changedetection.state.DefaultTaskArtifactStateCacheAccess.useCache(Ljava/lang/String;Ljava/lang/Runnable;)V (12 bytes) @ 0x000000000404ee3c [0x000000000404ed40+0xfc]
J 28506 C1 org.gradle.api.internal.changedetection.state.DefaultFileCollectionSnapshotter.snapshot(Lorg/gradle/api/file/FileCollection;)Lorg/gradle/api/internal/changedetection/state/FileCollectionSnapshot; (70 bytes) @ 0x000000000507b694 [0x000000000507afe0+0x6b4]
J 16165 C1 org.gradle.api.internal.changedetection.state.OutputFilesCollectionSnapshotter.snapshot(Lorg/gradle/api/file/FileCollection;)Lorg/gradle/api/internal/changedetection/state/OutputFilesCollectionSnapshotter$OutputFilesSnapshot; (55 bytes) @ 0x0000000004f6de94 [0x0000000004f6d9a0+0x4f4]
J 16164 C1 org.gradle.api.internal.changedetection.state.OutputFilesCollectionSnapshotter.snapshot(Lorg/gradle/api/file/FileCollection;)Lorg/gradle/api/internal/changedetection/state/FileCollectionSnapshot; (6 bytes) @ 0x0000000004f6b904 [0x0000000004f6b880+0x84]
J 17264 C1 org.gradle.api.internal.changedetection.rules.TaskUpToDateState.<init>(Lorg/gradle/api/internal/TaskInternal;Lorg/gradle/api/internal/changedetection/state/TaskHistoryRepository$History;Lorg/gradle/api/internal/changedetection/state/FileCollectionSnapshotter;Lorg/gradle/api/internal/changedetection/state/FileCollectionSnapshotter;)V (281 bytes) @ 0x00000000053c9a6c [0x00000000053c8c60+0xe0c]
J 16112 C1 org.gradle.api.internal.changedetection.changes.DefaultTaskArtifactStateRepository$TaskArtifactStateImpl.getStates()Lorg/gradle/api/internal/changedetection/rules/TaskUpToDateState; (45 bytes) @ 0x0000000004f46304 [0x0000000004f461c0+0x144]
J 18033 C1 org.gradle.api.internal.changedetection.changes.DefaultTaskArtifactStateRepository$TaskArtifactStateImpl.isUpToDate(Ljava/util/Collection;)Z (38 bytes) @ 0x00000000055bca04 [0x00000000055bc980+0x84]
J 16114 C1 org.gradle.api.internal.tasks.execution.SkipUpToDateTaskExecuter.execute(Lorg/gradle/api/internal/TaskInternal;Lorg/gradle/api/internal/tasks/TaskStateInternal;Lorg/gradle/api/internal/tasks/TaskExecutionContext;)V (221 bytes) @ 0x0000000004f5393c [0x0000000004f532a0+0x69c]
J 16113 C1 org.gradle.api.internal.tasks.execution.ValidatingTaskExecuter.execute(Lorg/gradle/api/internal/TaskInternal;Lorg/gradle/api/internal/tasks/TaskStateInternal;Lorg/gradle/api/internal/tasks/TaskExecutionContext;)V (221 bytes) @ 0x0000000004f4aa44 [0x0000000004f48360+0x26e4]
J 14681 C1 org.gradle.api.internal.tasks.execution.SkipEmptySourceFilesTaskExecuter.execute(Lorg/gradle/api/internal/TaskInternal;Lorg/gradle/api/internal/tasks/TaskStateInternal;Lorg/gradle/api/internal/tasks/TaskExecutionContext;)V (62 bytes) @ 0x0000000003e0d1b4 [0x0000000003e0cca0+0x514]
J 16931 C1 org.gradle.api.internal.tasks.execution.SkipTaskWithNoActionsExecuter.execute(Lorg/gradle/api/internal/TaskInternal;Lorg/gradle/api/internal/tasks/TaskStateInternal;Lorg/gradle/api/internal/tasks/TaskExecutionContext;)V (116 bytes) @ 0x000000000528a644 [0x0000000005289a20+0xc24]
J 16928 C1 org.gradle.api.internal.tasks.execution.SkipOnlyIfTaskExecuter.execute(Lorg/gradle/api/internal/TaskInternal;Lorg/gradle/api/internal/tasks/TaskStateInternal;Lorg/gradle/api/internal/tasks/TaskExecutionContext;)V (90 bytes) @ 0x000000000528da5c [0x000000000528ccc0+0xd9c]
J 16927 C1 org.gradle.api.internal.tasks.execution.ExecuteAtMostOnceTaskExecuter.execute(Lorg/gradle/api/internal/TaskInternal;Lorg/gradle/api/internal/tasks/TaskStateInternal;Lorg/gradle/api/internal/tasks/TaskExecutionContext;)V (70 bytes) @ 0x000000000528c13c [0x000000000528bec0+0x27c]
J 14529 C1 org.gradle.execution.taskgraph.AbstractTaskPlanExecutor$TaskExecutorWorker.executeTask(Lorg/gradle/execution/taskgraph/TaskInfo;)V (131 bytes) @ 0x0000000003da941c [0x0000000003da8ca0+0x77c]
J 14528 C1 org.gradle.execution.taskgraph.AbstractTaskPlanExecutor$TaskExecutorWorker.processTask(Lorg/gradle/execution/taskgraph/TaskInfo;)V (51 bytes) @ 0x00000000046dc94c [0x00000000046dc8c0+0x8c]
j  org.gradle.execution.taskgraph.AbstractTaskPlanExecutor$TaskExecutorWorker.run()V+56
j  org.gradle.execution.taskgraph.DefaultTaskPlanExecutor.process(Lorg/gradle/execution/taskgraph/TaskExecutionPlan;Lorg/gradle/api/execution/TaskExecutionListener;)V+6
j  org.gradle.execution.taskgraph.DefaultTaskGraphExecuter.execute()V+46
j  org.gradle.execution.SelectedTaskExecutionAction.execute(Lorg/gradle/execution/BuildExecutionContext;)V+41
j  org.gradle.execution.DefaultBuildExecuter.execute(I)V+36
j  org.gradle.execution.DefaultBuildExecuter.access$200(Lorg/gradle/execution/DefaultBuildExecuter;I)V+2
j  org.gradle.execution.DefaultBuildExecuter$2.proceed()V+10
j  org.gradle.execution.DryRunBuildExecutionAction.execute(Lorg/gradle/execution/BuildExecutionContext;)V+68
j  org.gradle.execution.DefaultBuildExecuter.execute(I)V+36
j  org.gradle.execution.DefaultBuildExecuter.execute()V+2
j  org.gradle.initialization.DefaultGradleLauncher.doBuildStages(Lorg/gradle/initialization/DefaultGradleLauncher$Stage;)V+184
j  org.gradle.initialization.DefaultGradleLauncher.doBuild(Lorg/gradle/initialization/DefaultGradleLauncher$Stage;)Lorg/gradle/BuildResult;+27
j  org.gradle.initialization.DefaultGradleLauncher.run()Lorg/gradle/BuildResult;+4
j  org.gradle.launcher.exec.InProcessBuildActionExecuter$DefaultBuildController.run()Lorg/gradle/api/internal/GradleInternal;+5
j  org.gradle.tooling.internal.provider.BuildModelAction.run(Lorg/gradle/initialization/BuildController;)Lorg/gradle/tooling/internal/provider/BuildActionResult;+15
j  org.gradle.tooling.internal.provider.BuildModelAction.run(Lorg/gradle/initialization/BuildController;)Ljava/lang/Object;+2
j  org.gradle.tooling.internal.provider.ConfiguringBuildAction.run(Lorg/gradle/initialization/BuildController;)Ljava/lang/Object;+15
j  org.gradle.launcher.exec.InProcessBuildActionExecuter.execute(Lorg/gradle/initialization/BuildAction;Lorg/gradle/initialization/BuildCancellationToken;Lorg/gradle/launcher/exec/BuildActionParameters;)Ljava/lang/Object;+19
j  org.gradle.launcher.exec.InProcessBuildActionExecuter.execute(Lorg/gradle/initialization/BuildAction;Lorg/gradle/initialization/BuildCancellationToken;Ljava/lang/Object;)Ljava/lang/Object;+7
j  org.gradle.launcher.daemon.server.exec.ExecuteBuild.doBuild(Lorg/gradle/launcher/daemon/server/exec/DaemonCommandExecution;Lorg/gradle/launcher/daemon/protocol/Build;)V+47
j  org.gradle.launcher.daemon.server.exec.BuildCommandOnly.execute(Lorg/gradle/launcher/daemon/server/exec/DaemonCommandExecution;)V+49
J 39454 C1 org.gradle.launcher.daemon.server.exec.DaemonCommandExecution.proceed()Z (35 bytes) @ 0x0000000002973c84 [0x00000000029738e0+0x3a4]
j  org.gradle.launcher.daemon.server.exec.WatchForDisconnection.execute(Lorg/gradle/launcher/daemon/server/exec/DaemonCommandExecution;)V+19
J 39454 C1 org.gradle.launcher.daemon.server.exec.DaemonCommandExecution.proceed()Z (35 bytes) @ 0x0000000002973c84 [0x00000000029738e0+0x3a4]
j  org.gradle.launcher.daemon.server.exec.ResetDeprecationLogger.execute(Lorg/gradle/launcher/daemon/server/exec/DaemonCommandExecution;)V+4
J 39454 C1 org.gradle.launcher.daemon.server.exec.DaemonCommandExecution.proceed()Z (35 bytes) @ 0x0000000002973c84 [0x00000000029738e0+0x3a4]
j  org.gradle.launcher.daemon.server.exec.StartStopIfBuildAndStop.execute(Lorg/gradle/launcher/daemon/server/exec/DaemonCommandExecution;)V+34
J 39454 C1 org.gradle.launcher.daemon.server.exec.DaemonCommandExecution.proceed()Z (35 bytes) @ 0x0000000002973c84 [0x00000000029738e0+0x3a4]
j  org.gradle.launcher.daemon.server.exec.ForwardClientInput$2.call()Ljava/lang/Void;+4
j  org.gradle.launcher.daemon.server.exec.ForwardClientInput$2.call()Ljava/lang/Object;+1
j  org.gradle.util.Swapper.swap(Ljava/lang/Object;Ljava/util/concurrent/Callable;)Ljava/lang/Object;+21
j  org.gradle.launcher.daemon.server.exec.ForwardClientInput.execute(Lorg/gradle/launcher/daemon/server/exec/DaemonCommandExecution;)V+63
J 39454 C1 org.gradle.launcher.daemon.server.exec.DaemonCommandExecution.proceed()Z (35 bytes) @ 0x0000000002973c84 [0x00000000029738e0+0x3a4]
j  org.gradle.launcher.daemon.server.exec.LogToClient.doBuild(Lorg/gradle/launcher/daemon/server/exec/DaemonCommandExecution;Lorg/gradle/launcher/daemon/protocol/Build;)V+92
j  org.gradle.launcher.daemon.server.exec.BuildCommandOnly.execute(Lorg/gradle/launcher/daemon/server/exec/DaemonCommandExecution;)V+49
J 39454 C1 org.gradle.launcher.daemon.server.exec.DaemonCommandExecution.proceed()Z (35 bytes) @ 0x0000000002973c84 [0x00000000029738e0+0x3a4]
j  org.gradle.launcher.daemon.server.exec.EstablishBuildEnvironment.doBuild(Lorg/gradle/launcher/daemon/server/exec/DaemonCommandExecution;Lorg/gradle/launcher/daemon/protocol/Build;)V+237
j  org.gradle.launcher.daemon.server.exec.BuildCommandOnly.execute(Lorg/gradle/launcher/daemon/server/exec/DaemonCommandExecution;)V+49
J 39454 C1 org.gradle.launcher.daemon.server.exec.DaemonCommandExecution.proceed()Z (35 bytes) @ 0x0000000002973c84 [0x00000000029738e0+0x3a4]
j  org.gradle.launcher.daemon.server.exec.DaemonHygieneAction.execute(Lorg/gradle/launcher/daemon/server/exec/DaemonCommandExecution;)V+1
J 39454 C1 org.gradle.launcher.daemon.server.exec.DaemonCommandExecution.proceed()Z (35 bytes) @ 0x0000000002973c84 [0x00000000029738e0+0x3a4]
j  org.gradle.launcher.daemon.server.exec.StartBuildOrRespondWithBusy$1.run()V+44
j  org.gradle.launcher.daemon.server.DaemonStateCoordinator$1.run()V+4
j  org.gradle.internal.concurrent.DefaultExecutorFactory$StoppableExecutorImpl$1.run()V+18
j  java.util.concurrent.ThreadPoolExecutor.runWorker(Ljava/util/concurrent/ThreadPoolExecutor$Worker;)V+95
j  java.util.concurrent.ThreadPoolExecutor$Worker.run()V+5
J 37830 C1 java.lang.Thread.run()V (17 bytes) @ 0x0000000007abf9b4 [0x0000000007abf880+0x134]
v  ~StubRoutines::call_stub

---------------  P R O C E S S  ---------------

Java Threads: ( => current thread )
  0x000000005b3c2000 JavaThread "Stdin handler" [_thread_blocked, id=9112, stack(0x0000000059d90000,0x0000000059e90000)]
=>0x000000005b3be800 JavaThread "Daemon worker Thread 22" [_thread_in_native, id=8612, stack(0x0000000059410000,0x0000000059510000)]
  0x000000005b3c1800 JavaThread "Cancel handler" [_thread_blocked, id=8364, stack(0x0000000059300000,0x0000000059400000)]
  0x000000005b3c0000 JavaThread "Handler for socket connection from /127.0.0.1:54839 to /127.0.0.1:64433" [_thread_in_native, id=6056, stack(0x0000000059140000,0x0000000059240000)]
  0x000000005b3bd800 JavaThread "Daemon Thread 22" [_thread_blocked, id=5960, stack(0x0000000059040000,0x0000000059140000)]
  0x000000005c2e0800 JavaThread "File lock request listener" [_thread_in_native, id=7032, stack(0x000000005b960000,0x000000005ba60000)]
  0x0000000057b9d000 JavaThread "Incoming local TCP Connector on port 54839" [_thread_in_native, id=4496, stack(0x0000000058d40000,0x0000000058e40000)]
  0x00000000565d4800 JavaThread "Service Thread" daemon [_thread_blocked, id=4124, stack(0x0000000057070000,0x0000000057170000)]
  0x0000000056551000 JavaThread "C1 CompilerThread2" daemon [_thread_blocked, id=5996, stack(0x0000000056e60000,0x0000000056f60000)]
  0x0000000056542800 JavaThread "C2 CompilerThread1" daemon [_thread_blocked, id=1972, stack(0x0000000056ce0000,0x0000000056de0000)]
  0x0000000056540800 JavaThread "C2 CompilerThread0" daemon [_thread_blocked, id=7704, stack(0x0000000056ad0000,0x0000000056bd0000)]
  0x000000005653a800 JavaThread "Attach Listener" daemon [_thread_blocked, id=4808, stack(0x0000000056940000,0x0000000056a40000)]
  0x000000005654e800 JavaThread "Signal Dispatcher" daemon [_thread_blocked, id=6892, stack(0x0000000056300000,0x0000000056400000)]
  0x0000000054f1a800 JavaThread "Finalizer" daemon [_thread_blocked, id=1844, stack(0x0000000056430000,0x0000000056530000)]
  0x0000000054f0e000 JavaThread "Reference Handler" daemon [_thread_blocked, id=1004, stack(0x00000000561f0000,0x00000000562f0000)]
  0x0000000001e3f000 JavaThread "main" [_thread_blocked, id=7952, stack(0x0000000002720000,0x0000000002820000)]

Other Threads:
  0x0000000054f0a800 VMThread [stack: 0x0000000056000000,0x0000000056100000] [id=4644]
  0x00000000565dc000 WatcherThread [stack: 0x0000000057300000,0x0000000057400000] [id=6064]

VM state:not at safepoint (normal execution)

VM Mutex/Monitor currently owned by a thread: None

Heap:
 PSYoungGen      total 217600K, used 47941K [0x00000000eab00000, 0x00000000fce80000, 0x0000000100000000)
  eden space 137728K, 10% used [0x00000000eab00000,0x00000000eb93fae8,0x00000000f3180000)
  from space 79872K, 41% used [0x00000000f3180000,0x00000000f5211998,0x00000000f7f80000)
  to   space 76800K, 0% used [0x00000000f8380000,0x00000000f8380000,0x00000000fce80000)
 ParOldGen       total 395776K, used 109950K [0x00000000c0000000, 0x00000000d8280000, 0x00000000eab00000)
  object space 395776K, 27% used [0x00000000c0000000,0x00000000c6b5f888,0x00000000d8280000)
 Metaspace       used 92275K, capacity 99482K, committed 153856K, reserved 1171456K
  class space    used 13116K, capacity 15359K, committed 32000K, reserved 1048576K

Card table byte_map: [0x0000000011be0000,0x0000000011df0000] byte_map_base: 0x00000000115e0000

Marking Bits: (ParMarkBitMap*) 0x000000005a6812b0
 Begin Bits: [0x0000000012380000, 0x0000000013380000)
 End Bits:   [0x0000000013380000, 0x0000000014380000)

Polling page: 0x0000000000130000

CodeCache: size=245760Kb used=62998Kb max_used=86306Kb free=182761Kb
 bounds [0x0000000002820000, 0x0000000007ce0000, 0x0000000011820000]
 total_blobs=17220 nmethods=16514 adapters=616
 compilation: enabled

Compilation events (10 events):
Event: 10297.741 Thread 0x0000000056551000 40565       3       com.google.common.collect.ImmutableList::construct (8 bytes)
Event: 10297.742 Thread 0x0000000056551000 nmethod 40565 0x0000000003ae44d0 code [0x0000000003ae4660, 0x0000000003ae49d8]
Event: 10297.742 Thread 0x0000000056551000 40566       3       com.google.common.collect.ImmutableList::asImmutableList (7 bytes)
Event: 10297.742 Thread 0x0000000056551000 nmethod 40566 0x0000000004abba50 code [0x0000000004abbbc0, 0x0000000004abbd28]
Event: 10297.751 Thread 0x0000000056551000 40567       3       com.google.common.collect.ImmutableList::copyOf (44 bytes)
Event: 10297.752 Thread 0x0000000056551000 nmethod 40567 0x0000000003ef8a90 code [0x0000000003ef8ce0, 0x0000000003ef99a8]
Event: 10297.753 Thread 0x0000000056551000 40568       3       com.android.build.gradle.internal.profile.RecordingBuildListener$TaskRecord::$getStaticMetaClass (39 bytes)
Event: 10297.755 Thread 0x0000000056551000 nmethod 40568 0x0000000004967d10 code [0x0000000004968020, 0x0000000004969a18]
Event: 10297.756 Thread 0x0000000056551000 40569       1       com.android.build.gradle.internal.scope.GlobalScope::getGeneratedDir (5 bytes)
Event: 10297.756 Thread 0x0000000056551000 nmethod 40569 0x0000000003f03b90 code [0x0000000003f03ce0, 0x0000000003f03df0]

GC Heap History (10 events):
Event: 10062.456 GC heap before
{Heap before GC invocations=256 (full 38):
 PSYoungGen      total 223744K, used 82661K [0x00000000eab00000, 0x00000000fe380000, 0x0000000100000000)
  eden space 124416K, 38% used [0x00000000eab00000,0x00000000eda32e00,0x00000000f2480000)
  from space 99328K, 34% used [0x00000000f2480000,0x00000000f4606710,0x00000000f8580000)
  to   space 94208K, 0% used [0x00000000f8780000,0x00000000f8780000,0x00000000fe380000)
 ParOldGen       total 395776K, used 101405K [0x00000000c0000000, 0x00000000d8280000, 0x00000000eab00000)
  object space 395776K, 25% used [0x00000000c0000000,0x00000000c6307420,0x00000000d8280000)
 Metaspace       used 83862K, capacity 90100K, committed 153856K, reserved 1171456K
  class space    used 11808K, capacity 13696K, committed 32000K, reserved 1048576K
Event: 10062.483 GC heap after
Heap after GC invocations=256 (full 38):
 PSYoungGen      total 214528K, used 23677K [0x00000000eab00000, 0x00000000fd880000, 0x0000000100000000)
  eden space 131584K, 0% used [0x00000000eab00000,0x00000000eab00000,0x00000000f2b80000)
  from space 82944K, 28% used [0x00000000f8780000,0x00000000f9e9f638,0x00000000fd880000)
  to   space 88576K, 0% used [0x00000000f2b80000,0x00000000f2b80000,0x00000000f8200000)
 ParOldGen       total 395776K, used 101405K [0x00000000c0000000, 0x00000000d8280000, 0x00000000eab00000)
  object space 395776K, 25% used [0x00000000c0000000,0x00000000c6307420,0x00000000d8280000)
 Metaspace       used 83862K, capacity 90100K, committed 153856K, reserved 1171456K
  class space    used 11808K, capacity 13696K, committed 32000K, reserved 1048576K
}
Event: 10062.483 GC heap before
{Heap before GC invocations=257 (full 39):
 PSYoungGen      total 214528K, used 23677K [0x00000000eab00000, 0x00000000fd880000, 0x0000000100000000)
  eden space 131584K, 0% used [0x00000000eab00000,0x00000000eab00000,0x00000000f2b80000)
  from space 82944K, 28% used [0x00000000f8780000,0x00000000f9e9f638,0x00000000fd880000)
  to   space 88576K, 0% used [0x00000000f2b80000,0x00000000f2b80000,0x00000000f8200000)
 ParOldGen       total 395776K, used 101405K [0x00000000c0000000, 0x00000000d8280000, 0x00000000eab00000)
  object space 395776K, 25% used [0x00000000c0000000,0x00000000c6307420,0x00000000d8280000)
 Metaspace       used 83862K, capacity 90100K, committed 153856K, reserved 1171456K
  class space    used 11808K, capacity 13696K, committed 32000K, reserved 1048576K
Event: 10063.041 GC heap after
Heap after GC invocations=257 (full 39):
 PSYoungGen      total 214528K, used 0K [0x00000000eab00000, 0x00000000fd880000, 0x0000000100000000)
  eden space 131584K, 0% used [0x00000000eab00000,0x00000000eab00000,0x00000000f2b80000)
  from space 82944K, 0% used [0x00000000f8780000,0x00000000f8780000,0x00000000fd880000)
  to   space 88576K, 0% used [0x00000000f2b80000,0x00000000f2b80000,0x00000000f8200000)
 ParOldGen       total 395776K, used 109934K [0x00000000c0000000, 0x00000000d8280000, 0x00000000eab00000)
  object space 395776K, 27% used [0x00000000c0000000,0x00000000c6b5b888,0x00000000d8280000)
 Metaspace       used 83787K, capacity 89872K, committed 153856K, reserved 1171456K
  class space    used 11793K, capacity 13628K, committed 32000K, reserved 1048576K
}
Event: 10295.833 GC heap before
{Heap before GC invocations=258 (full 39):
 PSYoungGen      total 214528K, used 131584K [0x00000000eab00000, 0x00000000fd880000, 0x0000000100000000)
  eden space 131584K, 100% used [0x00000000eab00000,0x00000000f2b80000,0x00000000f2b80000)
  from space 82944K, 0% used [0x00000000f8780000,0x00000000f8780000,0x00000000fd880000)
  to   space 88576K, 0% used [0x00000000f2b80000,0x00000000f2b80000,0x00000000f8200000)
 ParOldGen       total 395776K, used 109934K [0x00000000c0000000, 0x00000000d8280000, 0x00000000eab00000)
  object space 395776K, 27% used [0x00000000c0000000,0x00000000c6b5b888,0x00000000d8280000)
 Metaspace       used 88036K, capacity 94556K, committed 153856K, reserved 1171456K
  class space    used 12399K, capacity 14421K, committed 32000K, reserved 1048576K
Event: 10295.855 GC heap after
Heap after GC invocations=258 (full 39):
 PSYoungGen      total 220160K, used 15934K [0x00000000eab00000, 0x00000000fd780000, 0x0000000100000000)
  eden space 131584K, 0% used [0x00000000eab00000,0x00000000eab00000,0x00000000f2b80000)
  from space 88576K, 17% used [0x00000000f2b80000,0x00000000f3b0f838,0x00000000f8200000)
  to   space 84992K, 0% used [0x00000000f8480000,0x00000000f8480000,0x00000000fd780000)
 ParOldGen       total 395776K, used 109942K [0x00000000c0000000, 0x00000000d8280000, 0x00000000eab00000)
  object space 395776K, 27% used [0x00000000c0000000,0x00000000c6b5d888,0x00000000d8280000)
 Metaspace       used 88036K, capacity 94556K, committed 153856K, reserved 1171456K
  class space    used 12399K, capacity 14421K, committed 32000K, reserved 1048576K
}
Event: 10296.581 GC heap before
{Heap before GC invocations=259 (full 39):
 PSYoungGen      total 220160K, used 147518K [0x00000000eab00000, 0x00000000fd780000, 0x0000000100000000)
  eden space 131584K, 100% used [0x00000000eab00000,0x00000000f2b80000,0x00000000f2b80000)
  from space 88576K, 17% used [0x00000000f2b80000,0x00000000f3b0f838,0x00000000f8200000)
  to   space 84992K, 0% used [0x00000000f8480000,0x00000000f8480000,0x00000000fd780000)
 ParOldGen       total 395776K, used 109942K [0x00000000c0000000, 0x00000000d8280000, 0x00000000eab00000)
  object space 395776K, 27% used [0x00000000c0000000,0x00000000c6b5d888,0x00000000d8280000)
 Metaspace       used 90594K, capacity 97338K, committed 153856K, reserved 1171456K
  class space    used 12830K, capacity 14952K, committed 32000K, reserved 1048576K
Event: 10296.603 GC heap after
Heap after GC invocations=259 (full 39):
 PSYoungGen      total 212480K, used 23788K [0x00000000eab00000, 0x00000000fcd80000, 0x0000000100000000)
  eden space 137728K, 0% used [0x00000000eab00000,0x00000000eab00000,0x00000000f3180000)
  from space 74752K, 31% used [0x00000000f8480000,0x00000000f9bbb220,0x00000000fcd80000)
  to   space 79872K, 0% used [0x00000000f3180000,0x00000000f3180000,0x00000000f7f80000)
 ParOldGen       total 395776K, used 109942K [0x00000000c0000000, 0x00000000d8280000, 0x00000000eab00000)
  object space 395776K, 27% used [0x00000000c0000000,0x00000000c6b5d888,0x00000000d8280000)
 Metaspace       used 90594K, capacity 97338K, committed 153856K, reserved 1171456K
  class space    used 12830K, capacity 14952K, committed 32000K, reserved 1048576K
}
Event: 10297.468 GC heap before
{Heap before GC invocations=260 (full 39):
 PSYoungGen      total 212480K, used 161516K [0x00000000eab00000, 0x00000000fcd80000, 0x0000000100000000)
  eden space 137728K, 100% used [0x00000000eab00000,0x00000000f3180000,0x00000000f3180000)
  from space 74752K, 31% used [0x00000000f8480000,0x00000000f9bbb220,0x00000000fcd80000)
  to   space 79872K, 0% used [0x00000000f3180000,0x00000000f3180000,0x00000000f7f80000)
 ParOldGen       total 395776K, used 109942K [0x00000000c0000000, 0x00000000d8280000, 0x00000000eab00000)
  object space 395776K, 27% used [0x00000000c0000000,0x00000000c6b5d888,0x00000000d8280000)
 Metaspace       used 92249K, capacity 99404K, committed 153856K, reserved 1171456K
  class space    used 13109K, capacity 15346K, committed 32000K, reserved 1048576K
Event: 10297.500 GC heap after
Heap after GC invocations=260 (full 39):
 PSYoungGen      total 217600K, used 33350K [0x00000000eab00000, 0x00000000fce80000, 0x0000000100000000)
  eden space 137728K, 0% used [0x00000000eab00000,0x00000000eab00000,0x00000000f3180000)
  from space 79872K, 41% used [0x00000000f3180000,0x00000000f5211998,0x00000000f7f80000)
  to   space 76800K, 0% used [0x00000000f8380000,0x00000000f8380000,0x00000000fce80000)
 ParOldGen       total 395776K, used 109950K [0x00000000c0000000, 0x00000000d8280000, 0x00000000eab00000)
  object space 395776K, 27% used [0x00000000c0000000,0x00000000c6b5f888,0x00000000d8280000)
 Metaspace       used 92249K, capacity 99404K, committed 153856K, reserved 1171456K
  class space    used 13109K, capacity 15346K, committed 32000K, reserved 1048576K
}

Deoptimization events (10 events):
Event: 10055.631 Thread 0x000000005b3c0000 Uncommon trap: reason=array_check action=maybe_recompile pc=0x00000000054eae98 method=java.util.TimSort.mergeHi(IIII)V @ 419
Event: 10055.932 Thread 0x000000005b3c0000 Uncommon trap: reason=class_check action=maybe_recompile pc=0x00000000078f05e4 method=org.gradle.api.internal.project.AbstractProject.getFileResolver()Lorg/gradle/api/internal/file/FileResolver; @ 15
Event: 10057.120 Thread 0x000000005b3c0000 Uncommon trap: reason=array_check action=maybe_recompile pc=0x0000000004f50c50 method=java.util.TimSort.mergeHi(IIII)V @ 524
Event: 10057.211 Thread 0x000000005b3c0000 Uncommon trap: reason=array_check action=maybe_recompile pc=0x0000000004f50c50 method=java.util.TimSort.mergeHi(IIII)V @ 524
Event: 10058.778 Thread 0x000000005b3c0000 Uncommon trap: reason=null_check action=make_not_entrant pc=0x000000000424fe44 method=com.android.ide.common.res2.NodeUtils.processSingleNodeNamespace(Lorg/w3c/dom/Node;Lorg/w3c/dom/Document;)Z @ 8
Event: 10295.257 Thread 0x000000005b3be800 Uncommon trap: reason=class_check action=maybe_recompile pc=0x00000000078f05e4 method=org.gradle.api.internal.project.AbstractProject.getFileResolver()Lorg/gradle/api/internal/file/FileResolver; @ 15
Event: 10296.716 Thread 0x000000005b3be800 Uncommon trap: reason=class_check action=maybe_recompile pc=0x0000000003f579f0 method=org.gradle.api.internal.artifacts.ivyservice.ivyresolve.RepositoryChainAdapter.resolve(Lorg/gradle/internal/component/model/DependencyMetaData;Lorg/gradle/api/artifacts/cï∫`¶[ƒ@
Event: 10296.716 Thread 0x000000005b3be800 Uncommon trap: reason=class_check action=maybe_recompile pc=0x0000000003f579f0 method=org.gradle.api.internal.artifacts.ivyservice.ivyresolve.RepositoryChainAdapter.resolve(Lorg/gradle/internal/component/model/DependencyMetaData;Lorg/gradle/api/artifacts/cèø
˘[ƒ@
Event: 10296.719 Thread 0x000000005b3be800 Uncommon trap: reason=class_check action=maybe_recompile pc=0x0000000003f579f0 method=org.gradle.api.internal.artifacts.ivyservice.ivyresolve.RepositoryChainAdapter.resolve(Lorg/gradle/internal/component/model/DependencyMetaData;Lorg/gradle/api/artifacts/c
Event: 10296.719 Thread 0x000000005b3be800 Uncommon trap: reason=class_check action=maybe_recompile pc=0x0000000003f579f0 method=org.gradle.api.internal.artifacts.ivyservice.ivyresolve.RepositoryChainAdapter.resolve(Lorg/gradle/internal/component/model/DependencyMetaData;Lorg/gradle/api/artifacts/c

Internal exceptions (10 events):
Event: 10297.451 Thread 0x000000005b3be800 Exception <a 'java/security/PrivilegedActionException'> (0x00000000f2f70158) thrown at [C:\re\workspace\8-2-build-windows-amd64-cygwin\jdk8u11\648\hotspot\src\share\vm\prims\jvm.cpp, line 1248]
Event: 10297.451 Thread 0x000000005b3be800 Exception <a 'java/security/PrivilegedActionException'> (0x00000000f2f71350) thrown at [C:\re\workspace\8-2-build-windows-amd64-cygwin\jdk8u11\648\hotspot\src\share\vm\prims\jvm.cpp, line 1248]
Event: 10297.451 Thread 0x000000005b3be800 Exception <a 'java/security/PrivilegedActionException'> (0x00000000f2f72548) thrown at [C:\re\workspace\8-2-build-windows-amd64-cygwin\jdk8u11\648\hotspot\src\share\vm\prims\jvm.cpp, line 1248]
Event: 10297.451 Thread 0x000000005b3be800 Exception <a 'java/security/PrivilegedActionException'> (0x00000000f2f78ea0) thrown at [C:\re\workspace\8-2-build-windows-amd64-cygwin\jdk8u11\648\hotspot\src\share\vm\prims\jvm.cpp, line 1248]
Event: 10297.451 Thread 0x000000005b3be800 Exception <a 'java/lang/ClassNotFoundException': com/android/build/gradle/internal/tasks/MergeFileTaskCustomizer> (0x00000000f2f79420) thrown at [C:\re\workspace\8-2-build-windows-amd64-cygwin\jdk8u11\648\hotspot\src\share\vm\classfile\systemDictionary.cppÃ{√Õπƒ@
Event: 10297.452 Thread 0x000000005b3be800 Exception <a 'java/security/PrivilegedActionException'> (0x00000000f2f95ad8) thrown at [C:\re\workspace\8-2-build-windows-amd64-cygwin\jdk8u11\648\hotspot\src\share\vm\prims\jvm.cpp, line 1248]
Event: 10297.452 Thread 0x000000005b3be800 Exception <a 'java/security/PrivilegedActionException'> (0x00000000f2f96da8) thrown at [C:\re\workspace\8-2-build-windows-amd64-cygwin\jdk8u11\648\hotspot\src\share\vm\prims\jvm.cpp, line 1248]
Event: 10297.452 Thread 0x000000005b3be800 Exception <a 'java/security/PrivilegedActionException'> (0x00000000f2f97d18) thrown at [C:\re\workspace\8-2-build-windows-amd64-cygwin\jdk8u11\648\hotspot\src\share\vm\prims\jvm.cpp, line 1248]
Event: 10297.452 Thread 0x000000005b3be800 Exception <a 'java/security/PrivilegedActionException'> (0x00000000f2f9ee30) thrown at [C:\re\workspace\8-2-build-windows-amd64-cygwin\jdk8u11\648\hotspot\src\share\vm\prims\jvm.cpp, line 1248]
Event: 10297.452 Thread 0x000000005b3be800 Exception <a 'java/lang/ClassNotFoundException': com/android/build/gradle/internal/tasks/MergeFileTask_DecoratedCustomizer> (0x00000000f2f9f3c8) thrown at [C:\re\workspace\8-2-build-windows-amd64-cygwin\jdk8u11\648\hotspot\src\share\vm\classfile\systemDictˆ‚OΩπƒ@

Events (10 events):
Event: 10297.451 loading class com/android/build/gradle/internal/tasks/MergeFileTaskCustomizer
Event: 10297.451 loading class com/android/build/gradle/internal/tasks/MergeFileTaskCustomizer done
Event: 10297.451 loading class com/android/build/gradle/internal/tasks/MergeFileTaskCustomizer
Event: 10297.451 loading class com/android/build/gradle/internal/tasks/MergeFileTaskCustomizer done
Event: 10297.452 loading class com/android/build/gradle/internal/tasks/MergeFileTask_DecoratedCustomizer
Event: 10297.452 loading class com/android/build/gradle/internal/tasks/MergeFileTask_DecoratedCustomizer done
Event: 10297.452 loading class com/android/build/gradle/internal/tasks/MergeFileTask_DecoratedCustomizer
Event: 10297.452 loading class com/android/build/gradle/internal/tasks/MergeFileTask_DecoratedCustomizer done
Event: 10297.468 Executing VM operation: ParallelGCFailedAllocation
Event: 10297.500 Executing VM operation: ParallelGCFailedAllocation done


Dynamic libraries:
0x000000013f9f0000 - 0x000000013fa24000 	C:\Program Files\Java\jdk1.8.0_11\bin\java.exe
0x00000000776f0000 - 0x000000007789a000 	C:\Windows\SYSTEM32\ntdll.dll
0x00000000775d0000 - 0x00000000776ef000 	C:\Windows\system32\kernel32.dll
0x000007fefd4c0000 - 0x000007fefd52a000 	C:\Windows\system32\KERNELBASE.dll
0x000007feff2b0000 - 0x000007feff38b000 	C:\Windows\system32\ADVAPI32.dll
0x000007feff0c0000 - 0x000007feff15f000 	C:\Windows\system32\msvcrt.dll
0x000007feff5a0000 - 0x000007feff5bf000 	C:\Windows\SYSTEM32\sechost.dll
0x000007feff8d0000 - 0x000007feff9fd000 	C:\Windows\system32\RPCRT4.dll
0x00000000774d0000 - 0x00000000775ca000 	C:\Windows\system32\USER32.dll
0x000007feff740000 - 0x000007feff7a7000 	C:\Windows\system32\GDI32.dll
0x000007fefec70000 - 0x000007fefec7e000 	C:\Windows\system32\LPK.dll
0x000007feff160000 - 0x000007feff22a000 	C:\Windows\system32\USP10.dll
0x000007fefbed0000 - 0x000007fefc0c4000 	C:\Windows\WinSxS\amd64_microsoft.windows.common-controls_6595b64144ccf1df_6.0.7601.18837_none_fa3b1e3d17594757\COMCTL32.dll
0x000007feff850000 - 0x000007feff8c1000 	C:\Windows\system32\SHLWAPI.dll
0x000007feff800000 - 0x000007feff82e000 	C:\Windows\system32\IMM32.DLL
0x000007fefef50000 - 0x000007feff059000 	C:\Windows\system32\MSCTF.dll
0x00000000634e0000 - 0x00000000635b2000 	C:\Program Files\Java\jdk1.8.0_11\jre\bin\msvcr100.dll
0x0000000059ed0000 - 0x000000005a6fa000 	C:\Program Files\Java\jdk1.8.0_11\jre\bin\server\jvm.dll
0x000007feef770000 - 0x000007feef779000 	C:\Windows\system32\WSOCK32.dll
0x000007feff7b0000 - 0x000007feff7fd000 	C:\Windows\system32\WS2_32.dll
0x000007fefd830000 - 0x000007fefd838000 	C:\Windows\system32\NSI.dll
0x000007fef8af0000 - 0x000007fef8b2b000 	C:\Windows\system32\WINMM.dll
0x00000000778b0000 - 0x00000000778b7000 	C:\Windows\system32\PSAPI.DLL
0x000000005bdb0000 - 0x000000005bdbf000 	C:\Program Files\Java\jdk1.8.0_11\jre\bin\verify.dll
0x000000005bd80000 - 0x000000005bda8000 	C:\Program Files\Java\jdk1.8.0_11\jre\bin\java.dll
0x000000005bd60000 - 0x000000005bd76000 	C:\Program Files\Java\jdk1.8.0_11\jre\bin\zip.dll
0x000007fefda20000 - 0x000007fefe7a9000 	C:\Windows\system32\SHELL32.dll
0x000007feff390000 - 0x000007feff593000 	C:\Windows\system32\ole32.dll
0x000007fefd470000 - 0x000007fefd47f000 	C:\Windows\system32\profapi.dll
0x000007fefccb0000 - 0x000007fefccc8000 	C:\Windows\system32\CRYPTSP.dll
0x000007fefc9b0000 - 0x000007fefc9f7000 	C:\Windows\system32\rsaenh.dll
0x000007fefd5d0000 - 0x000007fefd5ee000 	C:\Windows\system32\USERENV.dll
0x000007fefd310000 - 0x000007fefd31f000 	C:\Windows\system32\CRYPTBASE.dll
0x000000005bd40000 - 0x000000005bd5a000 	C:\Program Files\Java\jdk1.8.0_11\jre\bin\net.dll
0x000007fefcc50000 - 0x000007fefcca5000 	C:\Windows\system32\mswsock.dll
0x000007fefcc40000 - 0x000007fefcc47000 	C:\Windows\System32\wship6.dll
0x000007fefaf20000 - 0x000007fefaf47000 	C:\Windows\system32\IPHLPAPI.DLL
0x000007fefaed0000 - 0x000007fefaedb000 	C:\Windows\system32\WINNSI.DLL
0x000007fefac10000 - 0x000007fefac28000 	C:\Windows\system32\dhcpcsvc.DLL
0x000007fefabf0000 - 0x000007fefac01000 	C:\Windows\system32\dhcpcsvc6.DLL
0x000000005bd20000 - 0x000000005bd31000 	C:\Program Files\Java\jdk1.8.0_11\jre\bin\nio.dll
0x000007fef5c90000 - 0x000007fef5ca2000 	C:\Users\hufeng\AppData\Local\Temp\native-platform1581155863884937987dir\native-platform.dll
0x000007fefd2b0000 - 0x000007fefd307000 	C:\Windows\system32\apphelp.dll
0x000000005bcc0000 - 0x000000005bccd000 	C:\Program Files\Java\jdk1.8.0_11\jre\bin\management.dll
0x000007feee600000 - 0x000007feee725000 	C:\Windows\system32\dbghelp.dll

VM Arguments:
jvm_args: -XX:MaxPermSize=256m -XX:+HeapDumpOnOutOfMemoryError -Xmx1024m -Dfile.encoding=GBK -Duser.country=CN -Duser.language=zh -Duser.variant 
java_command: org.gradle.launcher.daemon.bootstrap.GradleDaemon 2.2 C:\Users\hufeng\.gradle\daemon 10800000 fb7e09a5-ddbd-4193-b57b-f7b22083f6fd -XX:MaxPermSize=256m -XX:+HeapDumpOnOutOfMemoryError -Xmx1024m -Dfile.encoding=GBK -Duser.country=CN -Duser.language=zh -Duser.variant
java_class_path (initial): C:\Users\hufeng\.gradle\wrapper\dists\gradle-2.2-all\1vevkra640w3rb9hkuw50q5we\gradle-2.2\lib\gradle-launcher-2.2.jar
Launcher Type: SUN_STANDARD

Environment Variables:
JAVA_HOME=C:\Program Files\Java\jdk1.8.0_11
PATH=C:\ProgramData\Oracle\Java\javapath;C:\Program Files\Java\jdk1.8.0_11/bin;C:\Program Files (x86)\Intel\iCLS Client\;C:\Program Files\Intel\iCLS Client\;C:\Windows\system32;C:\Windows;C:\Windows\System32\Wbem;C:\Windows\System32\WindowsPowerShell\v1.0\;C:\Program Files\Intel\Intel(R) Management Engine Components\DAL;C:\Program Files (x86)\Intel\Intel(R) Management Engine Components\DAL;C:\Program Files\Intel\Intel(R) Management Engine Components\IPT;C:\Program Files (x86)\Intel\Intel(R) Management Engine Components\IPT;
USERNAME=hufeng
OS=Windows_NT
PROCESSOR_IDENTIFIER=Intel64 Family 6 Model 61 Stepping 4, GenuineIntel



---------------  S Y S T E M  ---------------

OS: Windows 7 , 64 bit Build 7601 Service Pack 1

CPU:total 4 (2 cores per cpu, 2 threads per core) family 6 model 61 stepping 4, cmov, cx8, fxsr, mmx, sse, sse2, sse3, ssse3, sse4.1, sse4.2, popcnt, avx, avx2, aes, clmul, erms, ht, tsc, tscinvbit

Memory: 4k page, physical 16598500k(10291660k free), swap 33195140k(27010348k free)

vm_info: Java HotSpot(TM) 64-Bit Server VM (25.11-b03) for windows-amd64 JRE (1.8.0_11-b12), built on Jun 16 2014 20:57:32 by "java_re" with MS VC++ 10.0 (VS2010)

time: Mon Jun 20 13:44:17 2016
elapsed time: 10297 seconds

