#
# A fatal error has been detected by the Java Runtime Environment:
#
#  EXCEPTION_ACCESS_VIOLATION (0xc0000005) at pc=0x0000000077c28e9f, pid=2068, tid=7964
#
# JRE version: Java(TM) SE Runtime Environment (8.0_11-b12) (build 1.8.0_11-b12)
# Java VM: Java HotSpot(TM) 64-Bit Server VM (25.11-b03 mixed mode windows-amd64 compressed oops)
# Problematic frame:
# C  [ntdll.dll+0x48e9f]
#
# Failed to write core dump. Minidumps are not enabled by default on client versions of Windows
#
# If you would like to submit a bug report, please visit:
#   http://bugreport.sun.com/bugreport/crash.jsp
# The crash happened outside the Java Virtual Machine in native code.
# See problematic frame for where to report the bug.
#

---------------  T H R E A D  ---------------

Current thread (0x000000001a3d5000):  JavaThread "Daemon worker Thread 14" [_thread_in_native, id=7964, stack(0x00000000189f0000,0x0000000018af0000)]

siginfo: ExceptionCode=0xc0000005, writing address 0x000000000000005c

Registers:
RAX=0x000000000000005c, RBX=0x000000001c6ad5c0, RCX=0x000000001c6ad6b4, RDX=0x0000000000000138
RSP=0x0000000018aecae0, RBP=0x000000000000fffe, RSI=0x0000000000000000, RDI=0x000000001c6ad5c0
R8 =0x000000000000009c, R9 =0x0000000000000138, R10=0x000000001c6a0000, R11=0x000000000000ffff
R12=0x0000000000000138, R13=0x0000000000000208, R14=0x0000000018aeccb8, R15=0x000000000000009c
RIP=0x0000000077c28e9f, EFLAGS=0x0000000000010246

Top of Stack: (sp=0x0000000018aecae0)
0x0000000018aecae0:   00000000000a0008 0000000000348ad4
0x0000000018aecaf0:   000000000034a540 006f00720064006e
0x0000000018aecb00:   00000000013a0138 000000001c6ad5c0
0x0000000018aecb10:   0000000018aecca8 0000000077c2ffd8
0x0000000018aecb20:   0000000018aecca1 000000000038d9d0
0x0000000018aecb30:   0000000000000230 0000000000340000
0x0000000018aecb40:   000000001c6ad5c0 0000000000000201
0x0000000018aecb50:   00000000003404a8 0000000077c2db18
0x0000000018aecb60:   0072006100000000 0000000000000138
0x0000000018aecb70:   001013cc0025001c 0000000000000000
0x0000000018aecb80:   007000750073002e 00740072006f0070
0x0000000018aecb90:   007000700061005c 0070006d006f0063
0x0000000018aecba0:   0000000018aecce0 000000001c6ad5c0
0x0000000018aecbb0:   0031002e0031002e 007300650072005c
0x0000000018aecbc0:   006100720064005c 006c006200610077
0x0000000018aecbd0:   0000000000000000 00000000013a0138 

Instructions: (pc=0x0000000077c28e9f)
0x0000000077c28e7f:   e2 fc 8b c2 48 01 41 18 8b 41 10 4c 89 44 c1 20
0x0000000077c28e8f:   ff 41 10 8b c2 c3 44 8a 74 24 40 e9 c0 55 00 00
0x0000000077c28e9f:   41 0f b7 c1 48 83 c1 02 48 d1 e8 48 8d 04 43 48
0x0000000077c28eaf:   3b c8 73 39 0f b7 01 66 83 c8 20 66 83 f8 70 0f 


Register to memory mapping:

RAX=0x000000000000005c is an unknown value
RBX=0x000000001c6ad5c0 is an unknown value
RCX=0x000000001c6ad6b4 is an unknown value
RDX=0x0000000000000138 is an unknown value
RSP=0x0000000018aecae0 is pointing into the stack for thread: 0x000000001a3d5000
RBP=0x000000000000fffe is an unknown value
RSI=0x0000000000000000 is an unknown value
RDI=0x000000001c6ad5c0 is an unknown value
R8 =0x000000000000009c is an unknown value
R9 =0x0000000000000138 is an unknown value
R10=0x000000001c6a0000 is an unknown value
R11=0x000000000000ffff is an unknown value
R12=0x0000000000000138 is an unknown value
R13=0x0000000000000208 is an unknown value
R14=0x0000000018aeccb8 is pointing into the stack for thread: 0x000000001a3d5000
R15=0x000000000000009c is an unknown value


Stack: [0x00000000189f0000,0x0000000018af0000],  sp=0x0000000018aecae0,  free space=1010k
Native frames: (J=compiled Java code, j=interpreted, Vv=VM code, C=native code)
C  [ntdll.dll+0x48e9f]
C  [ntdll.dll+0x4ffd8]
C  [ntdll.dll+0x503a8]
C  [ntdll.dll+0x505ca]
C  [KERNELBASE.dll+0x981d]
C  [java.dll+0x9e4c]
C  0x00000000033a70c9

Java frames: (J=compiled Java code, j=interpreted, Vv=VM code)
J 5411  java.io.WinNTFileSystem.getLength(Ljava/io/File;)J (0 bytes) @ 0x00000000033a704f [0x00000000033a7000+0x4f]
J 13588 C2 org.gradle.api.internal.changedetection.state.CachingFileSnapshotter.snapshot(Ljava/io/File;)Lorg/gradle/api/internal/changedetection/state/CachingFileSnapshotter$FileInfo; (88 bytes) @ 0x00000000044e1f58 [0x00000000044e1c00+0x358]
J 22367 C2 org.gradle.api.internal.changedetection.state.DefaultFileCollectionSnapshotter$1.run()V (134 bytes) @ 0x00000000057beed8 [0x00000000057be4e0+0x9f8]
J 23000 C2 org.gradle.cache.internal.DefaultCacheFactory$ReferenceTrackingCache.useCache(Ljava/lang/String;Ljava/lang/Runnable;)V (15 bytes) @ 0x0000000005a6e1a0 [0x0000000005a6d460+0xd40]
J 26396 C1 org.gradle.api.internal.changedetection.state.DefaultTaskArtifactStateCacheAccess.useCache(Ljava/lang/String;Ljava/lang/Runnable;)V (12 bytes) @ 0x000000000297bafc [0x000000000297ba00+0xfc]
J 13416 C1 org.gradle.api.internal.changedetection.state.DefaultFileCollectionSnapshotter.snapshot(Lorg/gradle/api/file/FileCollection;)Lorg/gradle/api/internal/changedetection/state/FileCollectionSnapshot; (70 bytes) @ 0x00000000040662f4 [0x00000000040660c0+0x234]
J 16003 C1 org.gradle.api.internal.changedetection.state.OutputFilesCollectionSnapshotter.snapshot(Lorg/gradle/api/file/FileCollection;)Lorg/gradle/api/internal/changedetection/state/OutputFilesCollectionSnapshotter$OutputFilesSnapshot; (55 bytes) @ 0x00000000049ccb14 [0x00000000049cc620+0x4f4]
J 16002 C1 org.gradle.api.internal.changedetection.state.OutputFilesCollectionSnapshotter.snapshot(Lorg/gradle/api/file/FileCollection;)Lorg/gradle/api/internal/changedetection/state/FileCollectionSnapshot; (6 bytes) @ 0x00000000049c4c84 [0x00000000049c4c00+0x84]
J 20135 C1 org.gradle.api.internal.changedetection.rules.TaskUpToDateState.<init>(Lorg/gradle/api/internal/TaskInternal;Lorg/gradle/api/internal/changedetection/state/TaskHistoryRepository$History;Lorg/gradle/api/internal/changedetection/state/FileCollectionSnapshotter;Lorg/gradle/api/internal/changedetection/state/FileCollectionSnapshotter;)V (281 bytes) @ 0x00000000055a3eac [0x00000000055a30a0+0xe0c]
J 15936 C1 org.gradle.api.internal.changedetection.changes.DefaultTaskArtifactStateRepository$TaskArtifactStateImpl.getStates()Lorg/gradle/api/internal/changedetection/rules/TaskUpToDateState; (45 bytes) @ 0x0000000003eb5c44 [0x0000000003eb5b00+0x144]
J 23930 C1 org.gradle.api.internal.changedetection.changes.DefaultTaskArtifactStateRepository$TaskArtifactStateImpl.isUpToDate(Ljava/util/Collection;)Z (38 bytes) @ 0x0000000002c31784 [0x0000000002c31700+0x84]
J 15955 C1 org.gradle.api.internal.tasks.execution.SkipUpToDateTaskExecuter.execute(Lorg/gradle/api/internal/TaskInternal;Lorg/gradle/api/internal/tasks/TaskStateInternal;Lorg/gradle/api/internal/tasks/TaskExecutionContext;)V (221 bytes) @ 0x00000000049a1ebc [0x00000000049a1820+0x69c]
J 15954 C1 org.gradle.api.internal.tasks.execution.ValidatingTaskExecuter.execute(Lorg/gradle/api/internal/TaskInternal;Lorg/gradle/api/internal/tasks/TaskStateInternal;Lorg/gradle/api/internal/tasks/TaskExecutionContext;)V (221 bytes) @ 0x00000000049ad504 [0x00000000049aae20+0x26e4]
J 14568 C1 org.gradle.api.internal.tasks.execution.SkipEmptySourceFilesTaskExecuter.execute(Lorg/gradle/api/internal/TaskInternal;Lorg/gradle/api/internal/tasks/TaskStateInternal;Lorg/gradle/api/internal/tasks/TaskExecutionContext;)V (62 bytes) @ 0x00000000048232b4 [0x0000000004822da0+0x514]
J 19544 C1 org.gradle.api.internal.tasks.execution.SkipTaskWithNoActionsExecuter.execute(Lorg/gradle/api/internal/TaskInternal;Lorg/gradle/api/internal/tasks/TaskStateInternal;Lorg/gradle/api/internal/tasks/TaskExecutionContext;)V (116 bytes) @ 0x0000000005294c04 [0x0000000005293fe0+0xc24]
J 19541 C1 org.gradle.api.internal.tasks.execution.SkipOnlyIfTaskExecuter.execute(Lorg/gradle/api/internal/TaskInternal;Lorg/gradle/api/internal/tasks/TaskStateInternal;Lorg/gradle/api/internal/tasks/TaskExecutionContext;)V (90 bytes) @ 0x00000000052978b4 [0x0000000005296b00+0xdb4]
J 19540 C1 org.gradle.api.internal.tasks.execution.ExecuteAtMostOnceTaskExecuter.execute(Lorg/gradle/api/internal/TaskInternal;Lorg/gradle/api/internal/tasks/TaskStateInternal;Lorg/gradle/api/internal/tasks/TaskExecutionContext;)V (70 bytes) @ 0x0000000005293464 [0x00000000052931c0+0x2a4]
J 14436 C1 org.gradle.execution.taskgraph.AbstractTaskPlanExecutor$TaskExecutorWorker.executeTask(Lorg/gradle/execution/taskgraph/TaskInfo;)V (131 bytes) @ 0x0000000004791c34 [0x0000000004791940+0x2f4]
J 14435 C1 org.gradle.execution.taskgraph.AbstractTaskPlanExecutor$TaskExecutorWorker.processTask(Lorg/gradle/execution/taskgraph/TaskInfo;)V (51 bytes) @ 0x0000000004791214 [0x00000000047911a0+0x74]
j  org.gradle.execution.taskgraph.AbstractTaskPlanExecutor$TaskExecutorWorker.run()V+56
j  org.gradle.execution.taskgraph.DefaultTaskPlanExecutor.process(Lorg/gradle/execution/taskgraph/TaskExecutionPlan;Lorg/gradle/api/execution/TaskExecutionListener;)V+6
j  org.gradle.execution.taskgraph.DefaultTaskGraphExecuter.execute()V+46
j  org.gradle.execution.SelectedTaskExecutionAction.execute(Lorg/gradle/execution/BuildExecutionContext;)V+41
j  org.gradle.execution.DefaultBuildExecuter.execute(I)V+36
j  org.gradle.execution.DefaultBuildExecuter.access$200(Lorg/gradle/execution/DefaultBuildExecuter;I)V+2
j  org.gradle.execution.DefaultBuildExecuter$2.proceed()V+10
j  org.gradle.execution.DryRunBuildExecutionAction.execute(Lorg/gradle/execution/BuildExecutionContext;)V+68
j  org.gradle.execution.DefaultBuildExecuter.execute(I)V+36
j  org.gradle.execution.DefaultBuildExecuter.execute()V+2
j  org.gradle.initialization.DefaultGradleLauncher.doBuildStages(Lorg/gradle/initialization/DefaultGradleLauncher$Stage;)V+184
j  org.gradle.initialization.DefaultGradleLauncher.doBuild(Lorg/gradle/initialization/DefaultGradleLauncher$Stage;)Lorg/gradle/BuildResult;+27
j  org.gradle.initialization.DefaultGradleLauncher.run()Lorg/gradle/BuildResult;+4
j  org.gradle.launcher.exec.InProcessBuildActionExecuter$DefaultBuildController.run()Lorg/gradle/api/internal/GradleInternal;+5
j  org.gradle.tooling.internal.provider.BuildModelAction.run(Lorg/gradle/initialization/BuildController;)Lorg/gradle/tooling/internal/provider/BuildActionResult;+15
j  org.gradle.tooling.internal.provider.BuildModelAction.run(Lorg/gradle/initialization/BuildController;)Ljava/lang/Object;+2
j  org.gradle.tooling.internal.provider.ConfiguringBuildAction.run(Lorg/gradle/initialization/BuildController;)Ljava/lang/Object;+15
j  org.gradle.launcher.exec.InProcessBuildActionExecuter.execute(Lorg/gradle/initialization/BuildAction;Lorg/gradle/initialization/BuildCancellationToken;Lorg/gradle/launcher/exec/BuildActionParameters;)Ljava/lang/Object;+19
j  org.gradle.launcher.exec.InProcessBuildActionExecuter.execute(Lorg/gradle/initialization/BuildAction;Lorg/gradle/initialization/BuildCancellationToken;Ljava/lang/Object;)Ljava/lang/Object;+7
j  org.gradle.launcher.daemon.server.exec.ExecuteBuild.doBuild(Lorg/gradle/launcher/daemon/server/exec/DaemonCommandExecution;Lorg/gradle/launcher/daemon/protocol/Build;)V+47
j  org.gradle.launcher.daemon.server.exec.BuildCommandOnly.execute(Lorg/gradle/launcher/daemon/server/exec/DaemonCommandExecution;)V+49
j  org.gradle.launcher.daemon.server.exec.DaemonCommandExecution.proceed()Z+28
j  org.gradle.launcher.daemon.server.exec.WatchForDisconnection.execute(Lorg/gradle/launcher/daemon/server/exec/DaemonCommandExecution;)V+19
j  org.gradle.launcher.daemon.server.exec.DaemonCommandExecution.proceed()Z+28
j  org.gradle.launcher.daemon.server.exec.ResetDeprecationLogger.execute(Lorg/gradle/launcher/daemon/server/exec/DaemonCommandExecution;)V+4
j  org.gradle.launcher.daemon.server.exec.DaemonCommandExecution.proceed()Z+28
j  org.gradle.launcher.daemon.server.exec.StartStopIfBuildAndStop.execute(Lorg/gradle/launcher/daemon/server/exec/DaemonCommandExecution;)V+34
j  org.gradle.launcher.daemon.server.exec.DaemonCommandExecution.proceed()Z+28
j  org.gradle.launcher.daemon.server.exec.ForwardClientInput$2.call()Ljava/lang/Void;+4
j  org.gradle.launcher.daemon.server.exec.ForwardClientInput$2.call()Ljava/lang/Object;+1
j  org.gradle.util.Swapper.swap(Ljava/lang/Object;Ljava/util/concurrent/Callable;)Ljava/lang/Object;+21
j  org.gradle.launcher.daemon.server.exec.ForwardClientInput.execute(Lorg/gradle/launcher/daemon/server/exec/DaemonCommandExecution;)V+63
j  org.gradle.launcher.daemon.server.exec.DaemonCommandExecution.proceed()Z+28
j  org.gradle.launcher.daemon.server.exec.LogToClient.doBuild(Lorg/gradle/launcher/daemon/server/exec/DaemonCommandExecution;Lorg/gradle/launcher/daemon/protocol/Build;)V+92
j  org.gradle.launcher.daemon.server.exec.BuildCommandOnly.execute(Lorg/gradle/launcher/daemon/server/exec/DaemonCommandExecution;)V+49
j  org.gradle.launcher.daemon.server.exec.DaemonCommandExecution.proceed()Z+28
j  org.gradle.launcher.daemon.server.exec.EstablishBuildEnvironment.doBuild(Lorg/gradle/launcher/daemon/server/exec/DaemonCommandExecution;Lorg/gradle/launcher/daemon/protocol/Build;)V+237
j  org.gradle.launcher.daemon.server.exec.BuildCommandOnly.execute(Lorg/gradle/launcher/daemon/server/exec/DaemonCommandExecution;)V+49
j  org.gradle.launcher.daemon.server.exec.DaemonCommandExecution.proceed()Z+28
j  org.gradle.launcher.daemon.server.exec.DaemonHygieneAction.execute(Lorg/gradle/launcher/daemon/server/exec/DaemonCommandExecution;)V+1
j  org.gradle.launcher.daemon.server.exec.DaemonCommandExecution.proceed()Z+28
j  org.gradle.launcher.daemon.server.exec.StartBuildOrRespondWithBusy$1.run()V+44
j  org.gradle.launcher.daemon.server.DaemonStateCoordinator$1.run()V+4
j  org.gradle.internal.concurrent.DefaultExecutorFactory$StoppableExecutorImpl$1.run()V+18
j  java.util.concurrent.ThreadPoolExecutor.runWorker(Ljava/util/concurrent/ThreadPoolExecutor$Worker;)V+95
j  java.util.concurrent.ThreadPoolExecutor$Worker.run()V+5
j  java.lang.Thread.run()V+11
v  ~StubRoutines::call_stub

---------------  P R O C E S S  ---------------

Java Threads: ( => current thread )
  0x000000001a3df800 JavaThread "Stdin handler" [_thread_blocked, id=7544, stack(0x00000000190a0000,0x00000000191a0000)]
=>0x000000001a3d5000 JavaThread "Daemon worker Thread 14" [_thread_in_native, id=7964, stack(0x00000000189f0000,0x0000000018af0000)]
  0x000000001a3d6000 JavaThread "Cancel handler" [_thread_blocked, id=2588, stack(0x0000000018f70000,0x0000000019070000)]
  0x000000001a3d6800 JavaThread "Handler for socket connection from /127.0.0.1:50613 to /127.0.0.1:51137" [_thread_in_native, id=1312, stack(0x0000000018d90000,0x0000000018e90000)]
  0x000000001a3d7800 JavaThread "Daemon Thread 14" [_thread_blocked, id=5020, stack(0x0000000018ba0000,0x0000000018ca0000)]
  0x000000001b41f800 JavaThread "File lock request listener" [_thread_in_native, id=1716, stack(0x000000001bb70000,0x000000001bc70000)]
  0x000000001740e000 JavaThread "Incoming local TCP Connector on port 50613" [_thread_in_native, id=7796, stack(0x00000000186d0000,0x00000000187d0000)]
  0x0000000015ffe800 JavaThread "Service Thread" daemon [_thread_blocked, id=7960, stack(0x0000000016a30000,0x0000000016b30000)]
  0x0000000015f82800 JavaThread "C1 CompilerThread2" daemon [_thread_blocked, id=4580, stack(0x0000000016370000,0x0000000016470000)]
  0x0000000015f80800 JavaThread "C2 CompilerThread1" daemon [_thread_blocked, id=6952, stack(0x0000000015d20000,0x0000000015e20000)]
  0x0000000015f6e000 JavaThread "C2 CompilerThread0" daemon [_thread_blocked, id=6544, stack(0x00000000168b0000,0x00000000169b0000)]
  0x0000000015f7b000 JavaThread "Attach Listener" daemon [_thread_blocked, id=7848, stack(0x00000000166d0000,0x00000000167d0000)]
  0x0000000015f79800 JavaThread "Signal Dispatcher" daemon [_thread_blocked, id=7468, stack(0x00000000164d0000,0x00000000165d0000)]
  0x0000000014c7f800 JavaThread "Finalizer" daemon [_thread_blocked, id=7204, stack(0x0000000015e60000,0x0000000015f60000)]
  0x0000000014c7a000 JavaThread "Reference Handler" daemon [_thread_blocked, id=1456, stack(0x0000000015ae0000,0x0000000015be0000)]
  0x0000000001d3f000 JavaThread "main" [_thread_blocked, id=2748, stack(0x0000000002230000,0x0000000002330000)]

Other Threads:
  0x0000000014c76800 VMThread [stack: 0x0000000015c20000,0x0000000015d20000] [id=5716]
  0x0000000016016000 WatcherThread [stack: 0x0000000016c90000,0x0000000016d90000] [id=3300]

VM state:not at safepoint (normal execution)

VM Mutex/Monitor currently owned by a thread: None

Heap:
 PSYoungGen      total 232960K, used 94665K [0x00000000eab00000, 0x0000000100000000, 0x0000000100000000)
  eden space 116736K, 55% used [0x00000000eab00000,0x00000000eea04ac0,0x00000000f1d00000)
  from space 116224K, 25% used [0x00000000f8e80000,0x00000000fabed968,0x0000000100000000)
  to   space 116224K, 0% used [0x00000000f1d00000,0x00000000f1d00000,0x00000000f8e80000)
 ParOldGen       total 328192K, used 94338K [0x00000000c0000000, 0x00000000d4080000, 0x00000000eab00000)
  object space 328192K, 28% used [0x00000000c0000000,0x00000000c5c20b30,0x00000000d4080000)
 Metaspace       used 106634K, capacity 112682K, committed 135296K, reserved 1161216K
  class space    used 14816K, capacity 16770K, committed 24192K, reserved 1048576K

Card table byte_map: [0x00000000116f0000,0x0000000011900000] byte_map_base: 0x00000000110f0000

Marking Bits: (ParMarkBitMap*) 0x00000000529712b0
 Begin Bits: [0x00000000120f0000, 0x00000000130f0000)
 End Bits:   [0x00000000130f0000, 0x00000000140f0000)

Polling page: 0x0000000000320000

CodeCache: size=245760Kb used=57766Kb max_used=62488Kb free=187993Kb
 bounds [0x0000000002330000, 0x0000000006090000, 0x0000000011330000]
 total_blobs=16396 nmethods=15691 adapters=616
 compilation: enabled

Compilation events (10 events):
Event: 6077.218 Thread 0x0000000015f6e000 29932       4       java.io.ObjectOutputStream$HandleTable::clear (27 bytes)
Event: 6077.220 Thread 0x0000000015f82800 29933   !   3       sun.reflect.GeneratedConstructorAccessor343::newInstance (61 bytes)
Event: 6077.220 Thread 0x0000000015f82800 nmethod 29933 0x0000000003d12090 code [0x0000000003d12260, 0x0000000003d12958]
Event: 6077.221 Thread 0x0000000015f6e000 nmethod 29932 0x0000000003b88e10 code [0x0000000003b88f60, 0x0000000003b89118]
Event: 6077.230 Thread 0x0000000015f82800 29934       3       com.android.build.gradle.internal.profile.RecordingBuildListener::$getCallSiteArray (40 bytes)
Event: 6077.231 Thread 0x0000000015f82800 nmethod 29934 0x0000000005709190 code [0x0000000005709360, 0x0000000005709b18]
Event: 6077.231 Thread 0x0000000015f82800 29935       3       com.google.common.base.CaseFormat::normalizeFirstWord (20 bytes)
Event: 6077.231 Thread 0x0000000015f82800 nmethod 29935 0x0000000004428550 code [0x00000000044286c0, 0x0000000004428958]
Event: 6077.232 Thread 0x0000000015f80800 29936   !   4       org.codehaus.groovy.runtime.callsite.ConstructorSite$ConstructorSiteNoUnwrap::callConstructor (31 bytes)
Event: 6077.250 Thread 0x0000000015f80800 nmethod 29936 0x000000000593d710 code [0x000000000593d960, 0x000000000593e480]

GC Heap History (10 events):
Event: 5986.844 GC heap before
{Heap before GC invocations=153 (full 22):
 PSYoungGen      total 232960K, used 203985K [0x00000000eab00000, 0x0000000100000000, 0x0000000100000000)
  eden space 116736K, 75% used [0x00000000eab00000,0x00000000f00b5850,0x00000000f1d00000)
  from space 116224K, 99% used [0x00000000f8e80000,0x00000000ffffee58,0x0000000100000000)
  to   space 116224K, 0% used [0x00000000f1d00000,0x00000000f1d00000,0x00000000f8e80000)
 ParOldGen       total 328192K, used 249930K [0x00000000c0000000, 0x00000000d4080000, 0x00000000eab00000)
  object space 328192K, 76% used [0x00000000c0000000,0x00000000cf412a20,0x00000000d4080000)
 Metaspace       used 101105K, capacity 109886K, committed 135296K, reserved 1161216K
  class space    used 14595K, capacity 17335K, committed 24192K, reserved 1048576K
Event: 5987.170 GC heap after
Heap after GC invocations=153 (full 22):
 PSYoungGen      total 232960K, used 92867K [0x00000000eab00000, 0x0000000100000000, 0x0000000100000000)
  eden space 116736K, 0% used [0x00000000eab00000,0x00000000eab00000,0x00000000f1d00000)
  from space 116224K, 79% used [0x00000000f1d00000,0x00000000f77b0f30,0x00000000f8e80000)
  to   space 116224K, 0% used [0x00000000f8e80000,0x00000000f8e80000,0x0000000100000000)
 ParOldGen       total 328192K, used 264478K [0x00000000c0000000, 0x00000000d4080000, 0x00000000eab00000)
  object space 328192K, 80% used [0x00000000c0000000,0x00000000d0247ac8,0x00000000d4080000)
 Metaspace       used 101105K, capacity 109886K, committed 135296K, reserved 1161216K
  class space    used 14595K, capacity 17335K, committed 24192K, reserved 1048576K
}
Event: 5987.170 GC heap before
{Heap before GC invocations=154 (full 23):
 PSYoungGen      total 232960K, used 92867K [0x00000000eab00000, 0x0000000100000000, 0x0000000100000000)
  eden space 116736K, 0% used [0x00000000eab00000,0x00000000eab00000,0x00000000f1d00000)
  from space 116224K, 79% used [0x00000000f1d00000,0x00000000f77b0f30,0x00000000f8e80000)
  to   space 116224K, 0% used [0x00000000f8e80000,0x00000000f8e80000,0x0000000100000000)
 ParOldGen       total 328192K, used 264478K [0x00000000c0000000, 0x00000000d4080000, 0x00000000eab00000)
  object space 328192K, 80% used [0x00000000c0000000,0x00000000d0247ac8,0x00000000d4080000)
 Metaspace       used 101105K, capacity 109886K, committed 135296K, reserved 1161216K
  class space    used 14595K, capacity 17335K, committed 24192K, reserved 1048576K
Event: 5988.132 GC heap after
Heap after GC invocations=154 (full 23):
 PSYoungGen      total 232960K, used 0K [0x00000000eab00000, 0x0000000100000000, 0x0000000100000000)
  eden space 116736K, 0% used [0x00000000eab00000,0x00000000eab00000,0x00000000f1d00000)
  from space 116224K, 0% used [0x00000000f1d00000,0x00000000f1d00000,0x00000000f8e80000)
  to   space 116224K, 0% used [0x00000000f8e80000,0x00000000f8e80000,0x0000000100000000)
 ParOldGen       total 328192K, used 94322K [0x00000000c0000000, 0x00000000d4080000, 0x00000000eab00000)
  object space 328192K, 28% used [0x00000000c0000000,0x00000000c5c1cb30,0x00000000d4080000)
 Metaspace       used 98040K, capacity 102822K, committed 135296K, reserved 1161216K
  class space    used 13478K, capacity 15017K, committed 24192K, reserved 1048576K
}
Event: 6074.887 GC heap before
{Heap before GC invocations=155 (full 23):
 PSYoungGen      total 232960K, used 116736K [0x00000000eab00000, 0x0000000100000000, 0x0000000100000000)
  eden space 116736K, 100% used [0x00000000eab00000,0x00000000f1d00000,0x00000000f1d00000)
  from space 116224K, 0% used [0x00000000f1d00000,0x00000000f1d00000,0x00000000f8e80000)
  to   space 116224K, 0% used [0x00000000f8e80000,0x00000000f8e80000,0x0000000100000000)
 ParOldGen       total 328192K, used 94322K [0x00000000c0000000, 0x00000000d4080000, 0x00000000eab00000)
  object space 328192K, 28% used [0x00000000c0000000,0x00000000c5c1cb30,0x00000000d4080000)
 Metaspace       used 102277K, capacity 107550K, committed 135296K, reserved 1161216K
  class space    used 14086K, capacity 15813K, committed 24192K, reserved 1048576K
Event: 6074.902 GC heap after
Heap after GC invocations=155 (full 23):
 PSYoungGen      total 232960K, used 13422K [0x00000000eab00000, 0x0000000100000000, 0x0000000100000000)
  eden space 116736K, 0% used [0x00000000eab00000,0x00000000eab00000,0x00000000f1d00000)
  from space 116224K, 11% used [0x00000000f8e80000,0x00000000f9b9bb10,0x0000000100000000)
  to   space 116224K, 0% used [0x00000000f1d00000,0x00000000f1d00000,0x00000000f8e80000)
 ParOldGen       total 328192K, used 94330K [0x00000000c0000000, 0x00000000d4080000, 0x00000000eab00000)
  object space 328192K, 28% used [0x00000000c0000000,0x00000000c5c1eb30,0x00000000d4080000)
 Metaspace       used 102277K, capacity 107550K, committed 135296K, reserved 1161216K
  class space    used 14086K, capacity 15813K, committed 24192K, reserved 1048576K
}
Event: 6075.634 GC heap before
{Heap before GC invocations=156 (full 23):
 PSYoungGen      total 232960K, used 130158K [0x00000000eab00000, 0x0000000100000000, 0x0000000100000000)
  eden space 116736K, 100% used [0x00000000eab00000,0x00000000f1d00000,0x00000000f1d00000)
  from space 116224K, 11% used [0x00000000f8e80000,0x00000000f9b9bb10,0x0000000100000000)
  to   space 116224K, 0% used [0x00000000f1d00000,0x00000000f1d00000,0x00000000f8e80000)
 ParOldGen       total 328192K, used 94330K [0x00000000c0000000, 0x00000000d4080000, 0x00000000eab00000)
  object space 328192K, 28% used [0x00000000c0000000,0x00000000c5c1eb30,0x00000000d4080000)
 Metaspace       used 104188K, capacity 109588K, committed 135296K, reserved 1161216K
  class space    used 14377K, capacity 16141K, committed 24192K, reserved 1048576K
Event: 6075.655 GC heap after
Heap after GC invocations=156 (full 23):
 PSYoungGen      total 232960K, used 21573K [0x00000000eab00000, 0x0000000100000000, 0x0000000100000000)
  eden space 116736K, 0% used [0x00000000eab00000,0x00000000eab00000,0x00000000f1d00000)
  from space 116224K, 18% used [0x00000000f1d00000,0x00000000f32117b0,0x00000000f8e80000)
  to   space 116224K, 0% used [0x00000000f8e80000,0x00000000f8e80000,0x0000000100000000)
 ParOldGen       total 328192K, used 94330K [0x00000000c0000000, 0x00000000d4080000, 0x00000000eab00000)
  object space 328192K, 28% used [0x00000000c0000000,0x00000000c5c1eb30,0x00000000d4080000)
 Metaspace       used 104188K, capacity 109588K, committed 135296K, reserved 1161216K
  class space    used 14377K, capacity 16141K, committed 24192K, reserved 1048576K
}
Event: 6076.496 GC heap before
{Heap before GC invocations=157 (full 23):
 PSYoungGen      total 232960K, used 138309K [0x00000000eab00000, 0x0000000100000000, 0x0000000100000000)
  eden space 116736K, 100% used [0x00000000eab00000,0x00000000f1d00000,0x00000000f1d00000)
  from space 116224K, 18% used [0x00000000f1d00000,0x00000000f32117b0,0x00000000f8e80000)
  to   space 116224K, 0% used [0x00000000f8e80000,0x00000000f8e80000,0x0000000100000000)
 ParOldGen       total 328192K, used 94330K [0x00000000c0000000, 0x00000000d4080000, 0x00000000eab00000)
  object space 328192K, 28% used [0x00000000c0000000,0x00000000c5c1eb30,0x00000000d4080000)
 Metaspace       used 105990K, capacity 111758K, committed 135296K, reserved 1161216K
  class space    used 14676K, capacity 16586K, committed 24192K, reserved 1048576K
Event: 6076.518 GC heap after
Heap after GC invocations=157 (full 23):
 PSYoungGen      total 232960K, used 30134K [0x00000000eab00000, 0x0000000100000000, 0x0000000100000000)
  eden space 116736K, 0% used [0x00000000eab00000,0x00000000eab00000,0x00000000f1d00000)
  from space 116224K, 25% used [0x00000000f8e80000,0x00000000fabed968,0x0000000100000000)
  to   space 116224K, 0% used [0x00000000f1d00000,0x00000000f1d00000,0x00000000f8e80000)
 ParOldGen       total 328192K, used 94338K [0x00000000c0000000, 0x00000000d4080000, 0x00000000eab00000)
  object space 328192K, 28% used [0x00000000c0000000,0x00000000c5c20b30,0x00000000d4080000)
 Metaspace       used 105990K, capacity 111758K, committed 135296K, reserved 1161216K
  class space    used 14676K, capacity 16586K, committed 24192K, reserved 1048576K
}

Deoptimization events (10 events):
Event: 6074.767 Thread 0x000000001a3d5000 Uncommon trap: reason=null_check action=make_not_entrant pc=0x0000000005a255b8 method=java.lang.Class.reflectionData()Ljava/lang/Class$ReflectionData; @ 24
Event: 6075.221 Thread 0x000000001a3d5000 Uncommon trap: reason=null_check action=make_not_entrant pc=0x0000000003176478 method=java.lang.Class.reflectionData()Ljava/lang/Class$ReflectionData; @ 24
Event: 6076.158 Thread 0x000000001a3d5000 Uncommon trap: reason=bimorphic action=maybe_recompile pc=0x0000000005e1ec5c method=org.gradle.api.internal.artifacts.ivyservice.resolveengine.graph.DependencyGraphBuilder$ResolveState.getSelector(Lorg/gradle/internal/component/model/DependencyMetaData;)Logká3¼·@
Event: 6076.203 Thread 0x000000001a3d5000 Uncommon trap: reason=bimorphic action=maybe_recompile pc=0x0000000005e1ec5c method=org.gradle.api.internal.artifacts.ivyservice.resolveengine.graph.DependencyGraphBuilder$ResolveState.getSelector(Lorg/gradle/internal/component/model/DependencyMetaData;)LoùWÄý:¼·@
Event: 6076.230 Thread 0x000000001a3d5000 Uncommon trap: reason=bimorphic action=maybe_recompile pc=0x0000000005e1ec5c method=org.gradle.api.internal.artifacts.ivyservice.resolveengine.graph.DependencyGraphBuilder$ResolveState.getSelector(Lorg/gradle/internal/component/model/DependencyMetaData;)Lo*ùì<¼·@
Event: 6076.238 Thread 0x000000001a3d5000 Uncommon trap: reason=bimorphic action=maybe_recompile pc=0x0000000005e1ec5c method=org.gradle.api.internal.artifacts.ivyservice.resolveengine.graph.DependencyGraphBuilder$ResolveState.getSelector(Lorg/gradle/internal/component/model/DependencyMetaData;)Log$»-¼·@
Event: 6076.551 Thread 0x000000001a3d5000 Uncommon trap: reason=class_check action=maybe_recompile pc=0x0000000004a893f4 method=org.gradle.api.internal.artifacts.ivyservice.VersionForcingDependencyToModuleResolver.resolve(Lorg/gradle/internal/component/model/DependencyMetaData;Lorg/gradle/internalÏjò{Ž¼·@
Event: 6076.557 Thread 0x000000001a3d5000 Uncommon trap: reason=class_check action=maybe_recompile pc=0x0000000004a893f4 method=org.gradle.api.internal.artifacts.ivyservice.VersionForcingDependencyToModuleResolver.resolve(Lorg/gradle/internal/component/model/DependencyMetaData;Lorg/gradle/internald¬°¼·@
Event: 6076.688 Thread 0x000000001a3d5000 Uncommon trap: reason=class_check action=maybe_recompile pc=0x0000000004a893f4 method=org.gradle.api.internal.artifacts.ivyservice.VersionForcingDependencyToModuleResolver.resolve(Lorg/gradle/internal/component/model/DependencyMetaData;Lorg/gradle/internal	Mør°¼·@
Event: 6076.689 Thread 0x000000001a3d5000 Uncommon trap: reason=class_check action=maybe_recompile pc=0x0000000004a893f4 method=org.gradle.api.internal.artifacts.ivyservice.VersionForcingDependencyToModuleResolver.resolve(Lorg/gradle/internal/component/model/DependencyMetaData;Lorg/gradle/internalzOaÄº·@

Internal exceptions (10 events):
Event: 6077.212 Thread 0x000000001a3d5000 Exception <a 'java/security/PrivilegedActionException'> (0x00000000ee59bb68) thrown at [C:\re\workspace\8-2-build-windows-amd64-cygwin\jdk8u11\648\hotspot\src\share\vm\prims\jvm.cpp, line 1248]
Event: 6077.212 Thread 0x000000001a3d5000 Exception <a 'java/security/PrivilegedActionException'> (0x00000000ee59cd60) thrown at [C:\re\workspace\8-2-build-windows-amd64-cygwin\jdk8u11\648\hotspot\src\share\vm\prims\jvm.cpp, line 1248]
Event: 6077.212 Thread 0x000000001a3d5000 Exception <a 'java/security/PrivilegedActionException'> (0x00000000ee59df58) thrown at [C:\re\workspace\8-2-build-windows-amd64-cygwin\jdk8u11\648\hotspot\src\share\vm\prims\jvm.cpp, line 1248]
Event: 6077.212 Thread 0x000000001a3d5000 Exception <a 'java/security/PrivilegedActionException'> (0x00000000ee5a48b0) thrown at [C:\re\workspace\8-2-build-windows-amd64-cygwin\jdk8u11\648\hotspot\src\share\vm\prims\jvm.cpp, line 1248]
Event: 6077.212 Thread 0x000000001a3d5000 Exception <a 'java/lang/ClassNotFoundException': com/android/build/gradle/internal/tasks/MergeFileTaskCustomizer> (0x00000000ee5a4e30) thrown at [C:\re\workspace\8-2-build-windows-amd64-cygwin\jdk8u11\648\hotspot\src\share\vm\classfile\systemDictionary.cppÚ`q6½·@
Event: 6077.213 Thread 0x000000001a3d5000 Exception <a 'java/security/PrivilegedActionException'> (0x00000000ee5c14d8) thrown at [C:\re\workspace\8-2-build-windows-amd64-cygwin\jdk8u11\648\hotspot\src\share\vm\prims\jvm.cpp, line 1248]
Event: 6077.213 Thread 0x000000001a3d5000 Exception <a 'java/security/PrivilegedActionException'> (0x00000000ee5c27a8) thrown at [C:\re\workspace\8-2-build-windows-amd64-cygwin\jdk8u11\648\hotspot\src\share\vm\prims\jvm.cpp, line 1248]
Event: 6077.213 Thread 0x000000001a3d5000 Exception <a 'java/security/PrivilegedActionException'> (0x00000000ee5c3718) thrown at [C:\re\workspace\8-2-build-windows-amd64-cygwin\jdk8u11\648\hotspot\src\share\vm\prims\jvm.cpp, line 1248]
Event: 6077.213 Thread 0x000000001a3d5000 Exception <a 'java/security/PrivilegedActionException'> (0x00000000ee5ca830) thrown at [C:\re\workspace\8-2-build-windows-amd64-cygwin\jdk8u11\648\hotspot\src\share\vm\prims\jvm.cpp, line 1248]
Event: 6077.213 Thread 0x000000001a3d5000 Exception <a 'java/lang/ClassNotFoundException': com/android/build/gradle/internal/tasks/MergeFileTask_DecoratedCustomizer> (0x00000000ee5cadc8) thrown at [C:\re\workspace\8-2-build-windows-amd64-cygwin\jdk8u11\648\hotspot\src\share\vm\classfile\systemDictÓëõQ6½·@

Events (10 events):
Event: 6077.212 loading class com/android/build/gradle/internal/tasks/MergeFileTaskCustomizer
Event: 6077.212 loading class com/android/build/gradle/internal/tasks/MergeFileTaskCustomizer done
Event: 6077.212 loading class com/android/build/gradle/internal/tasks/MergeFileTaskCustomizer
Event: 6077.212 loading class com/android/build/gradle/internal/tasks/MergeFileTaskCustomizer done
Event: 6077.213 loading class com/android/build/gradle/internal/tasks/MergeFileTask_DecoratedCustomizer
Event: 6077.213 loading class com/android/build/gradle/internal/tasks/MergeFileTask_DecoratedCustomizer done
Event: 6077.213 loading class com/android/build/gradle/internal/tasks/MergeFileTask_DecoratedCustomizer
Event: 6077.213 loading class com/android/build/gradle/internal/tasks/MergeFileTask_DecoratedCustomizer done
Event: 6077.218 Thread 0x000000001a3d5000 DEOPT PACKING pc=0x000000000338d25f sp=0x0000000018aed680
Event: 6077.218 Thread 0x000000001a3d5000 DEOPT UNPACKING pc=0x0000000002377604 sp=0x0000000018aed378 mode 0


Dynamic libraries:
0x000000013f0c0000 - 0x000000013f0f4000 	C:\Program Files\Java\jdk1.8.0_11\bin\java.exe
0x0000000077be0000 - 0x0000000077d8a000 	C:\Windows\SYSTEM32\ntdll.dll
0x00000000779c0000 - 0x0000000077adf000 	C:\Windows\system32\kernel32.dll
0x000007fefdc70000 - 0x000007fefdcda000 	C:\Windows\system32\KERNELBASE.dll
0x000007fefe260000 - 0x000007fefe33b000 	C:\Windows\system32\ADVAPI32.dll
0x000007feff040000 - 0x000007feff0df000 	C:\Windows\system32\msvcrt.dll
0x000007fefe130000 - 0x000007fefe14f000 	C:\Windows\SYSTEM32\sechost.dll
0x000007fefee70000 - 0x000007fefef9d000 	C:\Windows\system32\RPCRT4.dll
0x0000000077ae0000 - 0x0000000077bda000 	C:\Windows\system32\USER32.dll
0x000007fefe700000 - 0x000007fefe767000 	C:\Windows\system32\GDI32.dll
0x000007fefdd20000 - 0x000007fefdd2e000 	C:\Windows\system32\LPK.dll
0x000007fefe060000 - 0x000007fefe12a000 	C:\Windows\system32\USP10.dll
0x000007fefc3c0000 - 0x000007fefc5b4000 	C:\Windows\WinSxS\amd64_microsoft.windows.common-controls_6595b64144ccf1df_6.0.7601.18837_none_fa3b1e3d17594757\COMCTL32.dll
0x000007fefefa0000 - 0x000007feff011000 	C:\Windows\system32\SHLWAPI.dll
0x000007fefe5f0000 - 0x000007fefe61e000 	C:\Windows\system32\IMM32.DLL
0x000007fefe150000 - 0x000007fefe259000 	C:\Windows\system32\MSCTF.dll
0x0000000063cf0000 - 0x0000000063dc2000 	C:\Program Files\Java\jdk1.8.0_11\jre\bin\msvcr100.dll
0x00000000521c0000 - 0x00000000529ea000 	C:\Program Files\Java\jdk1.8.0_11\jre\bin\server\jvm.dll
0x000007feef050000 - 0x000007feef059000 	C:\Windows\system32\WSOCK32.dll
0x000007fefea40000 - 0x000007fefea8d000 	C:\Windows\system32\WS2_32.dll
0x000007fefee60000 - 0x000007fefee68000 	C:\Windows\system32\NSI.dll
0x000007fef61d0000 - 0x000007fef620b000 	C:\Windows\system32\WINMM.dll
0x0000000077da0000 - 0x0000000077da7000 	C:\Windows\system32\PSAPI.DLL
0x000000006ff70000 - 0x000000006ff7f000 	C:\Program Files\Java\jdk1.8.0_11\jre\bin\verify.dll
0x000000006b7b0000 - 0x000000006b7d8000 	C:\Program Files\Java\jdk1.8.0_11\jre\bin\java.dll
0x000000006de80000 - 0x000000006de96000 	C:\Program Files\Java\jdk1.8.0_11\jre\bin\zip.dll
0x000007feff0e0000 - 0x000007feffe69000 	C:\Windows\system32\SHELL32.dll
0x000007fefe3e0000 - 0x000007fefe5e3000 	C:\Windows\system32\ole32.dll
0x000007fefd960000 - 0x000007fefd96f000 	C:\Windows\system32\profapi.dll
0x000007fefd1a0000 - 0x000007fefd1b8000 	C:\Windows\system32\CRYPTSP.dll
0x000007fefcea0000 - 0x000007fefcee7000 	C:\Windows\system32\rsaenh.dll
0x000007fefdcf0000 - 0x000007fefdd0e000 	C:\Windows\system32\USERENV.dll
0x000007fefd800000 - 0x000007fefd80f000 	C:\Windows\system32\CRYPTBASE.dll
0x000000006de20000 - 0x000000006de3a000 	C:\Program Files\Java\jdk1.8.0_11\jre\bin\net.dll
0x000007fefd140000 - 0x000007fefd195000 	C:\Windows\system32\mswsock.dll
0x000007fefd130000 - 0x000007fefd137000 	C:\Windows\System32\wship6.dll
0x000007fefa810000 - 0x000007fefa837000 	C:\Windows\system32\IPHLPAPI.DLL
0x000007fefa800000 - 0x000007fefa80b000 	C:\Windows\system32\WINNSI.DLL
0x000007fefa5d0000 - 0x000007fefa5e8000 	C:\Windows\system32\dhcpcsvc.DLL
0x000007fefa5b0000 - 0x000007fefa5c1000 	C:\Windows\system32\dhcpcsvc6.DLL
0x000000006beb0000 - 0x000000006bec1000 	C:\Program Files\Java\jdk1.8.0_11\jre\bin\nio.dll
0x000007fef8290000 - 0x000007fef82a2000 	C:\Users\hufeng\AppData\Local\Temp\native-platform1447104482839560869dir\native-platform.dll
0x000007fefd7a0000 - 0x000007fefd7f7000 	C:\Windows\system32\apphelp.dll
0x000000006e3f0000 - 0x000000006e3fd000 	C:\Program Files\Java\jdk1.8.0_11\jre\bin\management.dll
0x000007fefb4e0000 - 0x000007fefb605000 	C:\Windows\system32\dbghelp.dll

VM Arguments:
jvm_args: -XX:MaxPermSize=256m -XX:+HeapDumpOnOutOfMemoryError -Xmx1024m -Dfile.encoding=GBK -Duser.country=CN -Duser.language=zh -Duser.variant 
java_command: org.gradle.launcher.daemon.bootstrap.GradleDaemon 2.2 C:\Users\hufeng\.gradle\daemon 10800000 629841c7-aa2e-4476-9d31-497c33bca49a -XX:MaxPermSize=256m -XX:+HeapDumpOnOutOfMemoryError -Xmx1024m -Dfile.encoding=GBK -Duser.country=CN -Duser.language=zh -Duser.variant
java_class_path (initial): C:\Users\hufeng\.gradle\wrapper\dists\gradle-2.2-all\1vevkra640w3rb9hkuw50q5we\gradle-2.2\lib\gradle-launcher-2.2.jar
Launcher Type: SUN_STANDARD

Environment Variables:
JAVA_HOME=C:\Program Files\Java\jdk1.8.0_11
PATH=C:\ProgramData\Oracle\Java\javapath;C:\Program Files\Java\jdk1.8.0_11/bin;C:\Program Files (x86)\Intel\iCLS Client\;C:\Program Files\Intel\iCLS Client\;C:\Windows\system32;C:\Windows;C:\Windows\System32\Wbem;C:\Windows\System32\WindowsPowerShell\v1.0\;C:\Program Files\Intel\Intel(R) Management Engine Components\DAL;C:\Program Files (x86)\Intel\Intel(R) Management Engine Components\DAL;C:\Program Files\Intel\Intel(R) Management Engine Components\IPT;C:\Program Files (x86)\Intel\Intel(R) Management Engine Components\IPT;
USERNAME=hufeng
OS=Windows_NT
PROCESSOR_IDENTIFIER=Intel64 Family 6 Model 61 Stepping 4, GenuineIntel



---------------  S Y S T E M  ---------------

OS: Windows 7 , 64 bit Build 7601 Service Pack 1

CPU:total 4 (2 cores per cpu, 2 threads per core) family 6 model 61 stepping 4, cmov, cx8, fxsr, mmx, sse, sse2, sse3, ssse3, sse4.1, sse4.2, popcnt, avx, avx2, aes, clmul, erms, ht, tsc, tscinvbit

Memory: 4k page, physical 16598500k(10421420k free), swap 33195140k(27071536k free)

vm_info: Java HotSpot(TM) 64-Bit Server VM (25.11-b03) for windows-amd64 JRE (1.8.0_11-b12), built on Jun 16 2014 20:57:32 by "java_re" with MS VC++ 10.0 (VS2010)

time: Thu Jun 16 15:05:30 2016
elapsed time: 6077 seconds

