#
# A fatal error has been detected by the Java Runtime Environment:
#
#  EXCEPTION_ACCESS_VIOLATION (0xc0000005) at pc=0x0000000077af8e9f, pid=6440, tid=6224
#
# JRE version: Java(TM) SE Runtime Environment (8.0_11-b12) (build 1.8.0_11-b12)
# Java VM: Java HotSpot(TM) 64-Bit Server VM (25.11-b03 mixed mode windows-amd64 compressed oops)
# Problematic frame:
# C  [ntdll.dll+0x48e9f]
#
# Failed to write core dump. Minidumps are not enabled by default on client versions of Windows
#
# If you would like to submit a bug report, please visit:
#   http://bugreport.sun.com/bugreport/crash.jsp
# The crash happened outside the Java Virtual Machine in native code.
# See problematic frame for where to report the bug.
#

---------------  T H R E A D  ---------------

Current thread (0x000000005cbe2000):  JavaThread "Daemon worker Thread 42" [_thread_in_native, id=6224, stack(0x000000005c610000,0x000000005c710000)]

siginfo: ExceptionCode=0xc0000005, writing address 0x000000000000005c

Registers:
RAX=0x000000000000005c, RBX=0x0000000065bf5150, RCX=0x0000000065bf5244, RDX=0x0000000000000132
RSP=0x000000005c70d120, RBP=0x000000000000fffe, RSI=0x0000000000000000, RDI=0x0000000065bf5150
R8 =0x0000000000000099, R9 =0x0000000000000132, R10=0x0000000000000000, R11=0x000000000000ffff
R12=0x0000000000000132, R13=0x0000000000000012, R14=0x000000005c70d320, R15=0x0000000000000099
RIP=0x0000000077af8e9f, EFLAGS=0x0000000000010246

Top of Stack: (sp=0x000000005c70d120)
0x000000005c70d120:   0000000077bc03c8 0000000000000000
0x000000005c70d130:   0000000000000140 00000000024e0000
0x000000005c70d140:   0000000001340132 0000000065bf5150
0x000000005c70d150:   000000005c70d2e0 0000000077afffd8
0x000000005c70d160:   0000000000000000 000000005c70d430
0x000000005c70d170:   0000000065bf5150 00000000024f0470
0x000000005c70d180:   0000000000004020 0000000000000001
0x000000005c70d190:   000032f100000000 00000000024f0080
0x000000005c70d1a0:   0000000000000001 0000000000000132
0x000000005c70d1b0:   00000000024f13a0 0000000000000000
0x000000005c70d1c0:   0000000000000000 0000000000000000
0x000000005c70d1d0:   0000000000000001 00000000004edcd0
0x000000005c70d1e0:   000000005c70d368 0000000065bf5150
0x000000005c70d1f0:   0000000000000150 00000000024e0000
0x000000005c70d200:   000000000000013e 000000000000013e
0x000000005c70d210:   0000000000000000 0000000001340132 

Instructions: (pc=0x0000000077af8e9f)
0x0000000077af8e7f:   e2 fc 8b c2 48 01 41 18 8b 41 10 4c 89 44 c1 20
0x0000000077af8e8f:   ff 41 10 8b c2 c3 44 8a 74 24 40 e9 c0 55 00 00
0x0000000077af8e9f:   41 0f b7 c1 48 83 c1 02 48 d1 e8 48 8d 04 43 48
0x0000000077af8eaf:   3b c8 73 39 0f b7 01 66 83 c8 20 66 83 f8 70 0f 


Register to memory mapping:

RAX=0x000000000000005c is an unknown value
RBX=0x0000000065bf5150 is an unknown value
RCX=0x0000000065bf5244 is an unknown value
RDX=0x0000000000000132 is an unknown value
RSP=0x000000005c70d120 is pointing into the stack for thread: 0x000000005cbe2000
RBP=0x000000000000fffe is an unknown value
RSI=0x0000000000000000 is an unknown value
RDI=0x0000000065bf5150 is an unknown value
R8 =0x0000000000000099 is an unknown value
R9 =0x0000000000000132 is an unknown value
R10=0x0000000000000000 is an unknown value
R11=0x000000000000ffff is an unknown value
R12=0x0000000000000132 is an unknown value
R13=0x0000000000000012 is an unknown value
R14=0x000000005c70d320 is pointing into the stack for thread: 0x000000005cbe2000
R15=0x0000000000000099 is an unknown value


Stack: [0x000000005c610000,0x000000005c710000],  sp=0x000000005c70d120,  free space=1012k
Native frames: (J=compiled Java code, j=interpreted, Vv=VM code, C=native code)
C  [ntdll.dll+0x48e9f]
C  [ntdll.dll+0x4ffd8]
C  [ntdll.dll+0x50b4a]
C  [KERNELBASE.dll+0x7056]
C  [java.dll+0x9a74]
C  [java.dll+0x9b9f]
C  0x0000000002c4fcc9

Java frames: (J=compiled Java code, j=interpreted, Vv=VM code)
J 477  java.io.WinNTFileSystem.getBooleanAttributes(Ljava/io/File;)I (0 bytes) @ 0x0000000002c4fc4f [0x0000000002c4fc00+0x4f]
J 24289 C2 org.gradle.api.internal.changedetection.state.DefaultFileCollectionSnapshotter$1.run()V (134 bytes) @ 0x00000000047f2a84 [0x00000000047f23a0+0x6e4]
J 29424 C2 org.gradle.cache.internal.DefaultCacheAccess.useCache(Ljava/lang/String;Lorg/gradle/internal/Factory;)Ljava/lang/Object; (180 bytes) @ 0x0000000004b55d14 [0x0000000004b55900+0x414]
J 79695 C2 org.gradle.api.internal.changedetection.state.DefaultFileCollectionSnapshotter.snapshot(Lorg/gradle/api/file/FileCollection;)Lorg/gradle/api/internal/changedetection/state/FileCollectionSnapshot; (70 bytes) @ 0x0000000006fe82a8 [0x0000000006fe7a20+0x888]
J 21428 C1 org.gradle.api.internal.changedetection.rules.TaskUpToDateState.<init>(Lorg/gradle/api/internal/TaskInternal;Lorg/gradle/api/internal/changedetection/state/TaskHistoryRepository$History;Lorg/gradle/api/internal/changedetection/state/FileCollectionSnapshotter;Lorg/gradle/api/internal/changedetection/state/FileCollectionSnapshotter;)V (281 bytes) @ 0x0000000005cdae64 [0x0000000005cd95e0+0x1884]
J 15765 C1 org.gradle.api.internal.changedetection.changes.DefaultTaskArtifactStateRepository$TaskArtifactStateImpl.getStates()Lorg/gradle/api/internal/changedetection/rules/TaskUpToDateState; (45 bytes) @ 0x0000000005158304 [0x00000000051581c0+0x144]
J 21449 C1 org.gradle.api.internal.changedetection.changes.DefaultTaskArtifactStateRepository$TaskArtifactStateImpl.isUpToDate(Ljava/util/Collection;)Z (38 bytes) @ 0x0000000005ce9a44 [0x0000000005ce99c0+0x84]
J 15741 C1 org.gradle.api.internal.tasks.execution.SkipUpToDateTaskExecuter.execute(Lorg/gradle/api/internal/TaskInternal;Lorg/gradle/api/internal/tasks/TaskStateInternal;Lorg/gradle/api/internal/tasks/TaskExecutionContext;)V (221 bytes) @ 0x0000000005140fbc [0x0000000005140920+0x69c]
J 15740 C1 org.gradle.api.internal.tasks.execution.ValidatingTaskExecuter.execute(Lorg/gradle/api/internal/TaskInternal;Lorg/gradle/api/internal/tasks/TaskStateInternal;Lorg/gradle/api/internal/tasks/TaskExecutionContext;)V (221 bytes) @ 0x000000000513d984 [0x000000000513b2a0+0x26e4]
J 52785 C1 org.gradle.api.internal.tasks.execution.SkipEmptySourceFilesTaskExecuter.execute(Lorg/gradle/api/internal/TaskInternal;Lorg/gradle/api/internal/tasks/TaskStateInternal;Lorg/gradle/api/internal/tasks/TaskExecutionContext;)V (62 bytes) @ 0x00000000049986e4 [0x00000000049981e0+0x504]
j  org.gradle.api.internal.tasks.execution.SkipTaskWithNoActionsExecuter.execute(Lorg/gradle/api/internal/TaskInternal;Lorg/gradle/api/internal/tasks/TaskStateInternal;Lorg/gradle/api/internal/tasks/TaskExecutionContext;)V+110
J 43530 C1 org.gradle.api.internal.tasks.execution.SkipOnlyIfTaskExecuter.execute(Lorg/gradle/api/internal/TaskInternal;Lorg/gradle/api/internal/tasks/TaskStateInternal;Lorg/gradle/api/internal/tasks/TaskExecutionContext;)V (90 bytes) @ 0x00000000069e9344 [0x00000000069e8580+0xdc4]
J 43529 C1 org.gradle.api.internal.tasks.execution.ExecuteAtMostOnceTaskExecuter.execute(Lorg/gradle/api/internal/TaskInternal;Lorg/gradle/api/internal/tasks/TaskStateInternal;Lorg/gradle/api/internal/tasks/TaskExecutionContext;)V (70 bytes) @ 0x0000000006f100e4 [0x0000000006f0fe40+0x2a4]
J 9666 C1 org.gradle.api.internal.AbstractTask.executeWithoutThrowingTaskFailure()V (22 bytes) @ 0x0000000004465fe4 [0x0000000004465e00+0x1e4]
J 88471 C2 org.gradle.execution.taskgraph.AbstractTaskPlanExecutor$TaskExecutorWorker.executeTask(Lorg/gradle/execution/taskgraph/TaskInfo;)V (131 bytes) @ 0x000000000a319ca4 [0x000000000a319b40+0x164]
J 43526 C1 org.gradle.execution.taskgraph.AbstractTaskPlanExecutor$TaskExecutorWorker.processTask(Lorg/gradle/execution/taskgraph/TaskInfo;)V (51 bytes) @ 0x00000000057af64c [0x00000000057af5c0+0x8c]
j  org.gradle.execution.taskgraph.AbstractTaskPlanExecutor$TaskExecutorWorker.run()V+56
j  org.gradle.execution.taskgraph.DefaultTaskPlanExecutor.process(Lorg/gradle/execution/taskgraph/TaskExecutionPlan;Lorg/gradle/api/execution/TaskExecutionListener;)V+6
j  org.gradle.execution.taskgraph.DefaultTaskGraphExecuter.execute()V+46
j  org.gradle.execution.SelectedTaskExecutionAction.execute(Lorg/gradle/execution/BuildExecutionContext;)V+41
j  org.gradle.execution.DefaultBuildExecuter.execute(I)V+36
j  org.gradle.execution.DefaultBuildExecuter.access$200(Lorg/gradle/execution/DefaultBuildExecuter;I)V+2
j  org.gradle.execution.DefaultBuildExecuter$2.proceed()V+10
j  org.gradle.execution.DryRunBuildExecutionAction.execute(Lorg/gradle/execution/BuildExecutionContext;)V+68
j  org.gradle.execution.DefaultBuildExecuter.execute(I)V+36
j  org.gradle.execution.DefaultBuildExecuter.execute()V+2
j  org.gradle.initialization.DefaultGradleLauncher.doBuildStages(Lorg/gradle/initialization/DefaultGradleLauncher$Stage;)V+184
j  org.gradle.initialization.DefaultGradleLauncher.doBuild(Lorg/gradle/initialization/DefaultGradleLauncher$Stage;)Lorg/gradle/BuildResult;+27
j  org.gradle.initialization.DefaultGradleLauncher.run()Lorg/gradle/BuildResult;+4
j  org.gradle.launcher.exec.InProcessBuildActionExecuter$DefaultBuildController.run()Lorg/gradle/api/internal/GradleInternal;+5
j  org.gradle.tooling.internal.provider.BuildModelAction.run(Lorg/gradle/initialization/BuildController;)Lorg/gradle/tooling/internal/provider/BuildActionResult;+15
j  org.gradle.tooling.internal.provider.BuildModelAction.run(Lorg/gradle/initialization/BuildController;)Ljava/lang/Object;+2
j  org.gradle.tooling.internal.provider.ConfiguringBuildAction.run(Lorg/gradle/initialization/BuildController;)Ljava/lang/Object;+15
j  org.gradle.launcher.exec.InProcessBuildActionExecuter.execute(Lorg/gradle/initialization/BuildAction;Lorg/gradle/initialization/BuildCancellationToken;Lorg/gradle/launcher/exec/BuildActionParameters;)Ljava/lang/Object;+19
j  org.gradle.launcher.exec.InProcessBuildActionExecuter.execute(Lorg/gradle/initialization/BuildAction;Lorg/gradle/initialization/BuildCancellationToken;Ljava/lang/Object;)Ljava/lang/Object;+7
j  org.gradle.launcher.daemon.server.exec.ExecuteBuild.doBuild(Lorg/gradle/launcher/daemon/server/exec/DaemonCommandExecution;Lorg/gradle/launcher/daemon/protocol/Build;)V+47
j  org.gradle.launcher.daemon.server.exec.BuildCommandOnly.execute(Lorg/gradle/launcher/daemon/server/exec/DaemonCommandExecution;)V+49
J 52481 C1 org.gradle.launcher.daemon.server.exec.DaemonCommandExecution.proceed()Z (35 bytes) @ 0x0000000003aae384 [0x0000000003aadfe0+0x3a4]
j  org.gradle.launcher.daemon.server.exec.WatchForDisconnection.execute(Lorg/gradle/launcher/daemon/server/exec/DaemonCommandExecution;)V+19
J 52481 C1 org.gradle.launcher.daemon.server.exec.DaemonCommandExecution.proceed()Z (35 bytes) @ 0x0000000003aae384 [0x0000000003aadfe0+0x3a4]
j  org.gradle.launcher.daemon.server.exec.ResetDeprecationLogger.execute(Lorg/gradle/launcher/daemon/server/exec/DaemonCommandExecution;)V+4
J 52481 C1 org.gradle.launcher.daemon.server.exec.DaemonCommandExecution.proceed()Z (35 bytes) @ 0x0000000003aae384 [0x0000000003aadfe0+0x3a4]
j  org.gradle.launcher.daemon.server.exec.StartStopIfBuildAndStop.execute(Lorg/gradle/launcher/daemon/server/exec/DaemonCommandExecution;)V+34
J 52481 C1 org.gradle.launcher.daemon.server.exec.DaemonCommandExecution.proceed()Z (35 bytes) @ 0x0000000003aae384 [0x0000000003aadfe0+0x3a4]
j  org.gradle.launcher.daemon.server.exec.ForwardClientInput$2.call()Ljava/lang/Void;+4
j  org.gradle.launcher.daemon.server.exec.ForwardClientInput$2.call()Ljava/lang/Object;+1
j  org.gradle.util.Swapper.swap(Ljava/lang/Object;Ljava/util/concurrent/Callable;)Ljava/lang/Object;+21
j  org.gradle.launcher.daemon.server.exec.ForwardClientInput.execute(Lorg/gradle/launcher/daemon/server/exec/DaemonCommandExecution;)V+63
J 52481 C1 org.gradle.launcher.daemon.server.exec.DaemonCommandExecution.proceed()Z (35 bytes) @ 0x0000000003aae384 [0x0000000003aadfe0+0x3a4]
j  org.gradle.launcher.daemon.server.exec.LogToClient.doBuild(Lorg/gradle/launcher/daemon/server/exec/DaemonCommandExecution;Lorg/gradle/launcher/daemon/protocol/Build;)V+92
j  org.gradle.launcher.daemon.server.exec.BuildCommandOnly.execute(Lorg/gradle/launcher/daemon/server/exec/DaemonCommandExecution;)V+49
J 52481 C1 org.gradle.launcher.daemon.server.exec.DaemonCommandExecution.proceed()Z (35 bytes) @ 0x0000000003aae384 [0x0000000003aadfe0+0x3a4]
j  org.gradle.launcher.daemon.server.exec.EstablishBuildEnvironment.doBuild(Lorg/gradle/launcher/daemon/server/exec/DaemonCommandExecution;Lorg/gradle/launcher/daemon/protocol/Build;)V+237
j  org.gradle.launcher.daemon.server.exec.BuildCommandOnly.execute(Lorg/gradle/launcher/daemon/server/exec/DaemonCommandExecution;)V+49
J 52481 C1 org.gradle.launcher.daemon.server.exec.DaemonCommandExecution.proceed()Z (35 bytes) @ 0x0000000003aae384 [0x0000000003aadfe0+0x3a4]
j  org.gradle.launcher.daemon.server.exec.DaemonHygieneAction.execute(Lorg/gradle/launcher/daemon/server/exec/DaemonCommandExecution;)V+1
J 52481 C1 org.gradle.launcher.daemon.server.exec.DaemonCommandExecution.proceed()Z (35 bytes) @ 0x0000000003aae384 [0x0000000003aadfe0+0x3a4]
j  org.gradle.launcher.daemon.server.exec.StartBuildOrRespondWithBusy$1.run()V+44
j  org.gradle.launcher.daemon.server.DaemonStateCoordinator$1.run()V+4
J 54189 C1 org.gradle.internal.concurrent.DefaultExecutorFactory$StoppableExecutorImpl$1.run()V (107 bytes) @ 0x00000000086b3d24 [0x00000000086b3940+0x3e4]
J 72399 C1 java.util.concurrent.ThreadPoolExecutor.runWorker(Ljava/util/concurrent/ThreadPoolExecutor$Worker;)V (225 bytes) @ 0x000000000723e084 [0x000000000723d2a0+0xde4]
J 54341 C1 java.util.concurrent.ThreadPoolExecutor$Worker.run()V (9 bytes) @ 0x000000000870fcfc [0x000000000870fc00+0xfc]
J 50493 C1 java.lang.Thread.run()V (17 bytes) @ 0x0000000007ffdb34 [0x0000000007ffda00+0x134]
v  ~StubRoutines::call_stub

---------------  P R O C E S S  ---------------

Java Threads: ( => current thread )
  0x0000000061b52000 JavaThread "Stdin handler" [_thread_blocked, id=1336, stack(0x000000005e720000,0x000000005e820000)]
=>0x000000005cbe2000 JavaThread "Daemon worker Thread 42" [_thread_in_native, id=6224, stack(0x000000005c610000,0x000000005c710000)]
  0x000000005cbe1800 JavaThread "Cancel handler" [_thread_blocked, id=4612, stack(0x0000000059690000,0x0000000059790000)]
  0x000000005cbe3800 JavaThread "Handler for socket connection from /127.0.0.1:49748 to /127.0.0.1:60958" [_thread_in_native, id=8432, stack(0x00000000592e0000,0x00000000593e0000)]
  0x000000005cbe0800 JavaThread "Daemon Thread 42" [_thread_blocked, id=3352, stack(0x0000000058be0000,0x0000000058ce0000)]
  0x000000005671e800 JavaThread "File lock request listener" [_thread_in_native, id=1928, stack(0x000000005acb0000,0x000000005adb0000)]
  0x0000000057c28800 JavaThread "Incoming local TCP Connector on port 49748" [_thread_in_native, id=7700, stack(0x0000000058d80000,0x0000000058e80000)]
  0x000000005657d800 JavaThread "Service Thread" daemon [_thread_blocked, id=7836, stack(0x00000000572d0000,0x00000000573d0000)]
  0x000000005501f000 JavaThread "C1 CompilerThread2" daemon [_thread_blocked, id=6740, stack(0x00000000571a0000,0x00000000572a0000)]
  0x000000005501c800 JavaThread "C2 CompilerThread1" daemon [_thread_blocked, id=6980, stack(0x0000000056fb0000,0x00000000570b0000)]
  0x000000005501b000 JavaThread "C2 CompilerThread0" daemon [_thread_blocked, id=7384, stack(0x0000000056d60000,0x0000000056e60000)]
  0x000000005656f000 JavaThread "Attach Listener" daemon [_thread_blocked, id=7404, stack(0x0000000056bd0000,0x0000000056cd0000)]
  0x000000005657a800 JavaThread "Signal Dispatcher" daemon [_thread_blocked, id=4748, stack(0x0000000056980000,0x0000000056a80000)]
  0x0000000054faf800 JavaThread "Finalizer" daemon [_thread_blocked, id=5996, stack(0x0000000056460000,0x0000000056560000)]
  0x0000000054faa000 JavaThread "Reference Handler" daemon [_thread_blocked, id=2604, stack(0x0000000056330000,0x0000000056430000)]
  0x00000000024ef000 JavaThread "main" [_thread_blocked, id=8168, stack(0x0000000002930000,0x0000000002a30000)]

Other Threads:
  0x0000000054fa6800 VMThread [stack: 0x0000000056140000,0x0000000056240000] [id=5128]
  0x00000000565da800 WatcherThread [stack: 0x0000000056040000,0x0000000056140000] [id=3204]

VM state:not at safepoint (normal execution)

VM Mutex/Monitor currently owned by a thread: None

Heap:
 PSYoungGen      total 261632K, used 68888K [0x00000000eab00000, 0x00000000ff400000, 0x0000000100000000)
  eden space 186368K, 27% used [0x00000000eab00000,0x00000000edd653f8,0x00000000f6100000)
  from space 75264K, 22% used [0x00000000f6100000,0x00000000f71e0ec0,0x00000000faa80000)
  to   space 71680K, 0% used [0x00000000fae00000,0x00000000fae00000,0x00000000ff400000)
 ParOldGen       total 602112K, used 299473K [0x00000000c0000000, 0x00000000e4c00000, 0x00000000eab00000)
  object space 602112K, 49% used [0x00000000c0000000,0x00000000d2474698,0x00000000e4c00000)
 Metaspace       used 311341K, capacity 327912K, committed 331008K, reserved 1329152K
  class space    used 44348K, capacity 49916K, committed 50688K, reserved 1048576K

Card table byte_map: [0x0000000011df0000,0x0000000012000000] byte_map_base: 0x00000000117f0000

Marking Bits: (ParMarkBitMap*) 0x0000000064c612b0
 Begin Bits: [0x0000000012420000, 0x0000000013420000)
 End Bits:   [0x0000000013420000, 0x0000000014420000)

Polling page: 0x0000000000140000

CodeCache: size=245760Kb used=127371Kb max_used=127379Kb free=118388Kb
 bounds [0x0000000002a30000, 0x000000000a750000, 0x0000000011a30000]
 total_blobs=40682 nmethods=39944 adapters=647
 compilation: enabled

Compilation events (10 events):
Event: 28996.247 Thread 0x000000005501f000 92217       3       com.google.common.base.CaseFormat$5::normalizeWord (5 bytes)
Event: 28996.247 Thread 0x000000005501f000 nmethod 92217 0x000000000a740310 code [0x000000000a740480, 0x000000000a740608]
Event: 28996.247 Thread 0x000000005501f000 92216       3       com.google.common.base.CaseFormat::normalizeFirstWord (20 bytes)
Event: 28996.247 Thread 0x000000005501f000 nmethod 92216 0x000000000a740690 code [0x000000000a740800, 0x000000000a740a98]
Event: 28996.303 Thread 0x000000005501b000 92219       4       com.google.common.base.Preconditions::checkNotNull (14 bytes)
Event: 28996.305 Thread 0x000000005501b000 nmethod 92219 0x000000000a013790 code [0x000000000a0138c0, 0x000000000a013918]
Event: 28996.309 Thread 0x000000005501f000 92220       3       com.google.common.collect.ObjectArrays::checkElementsNotNull (7 bytes)
Event: 28996.310 Thread 0x000000005501f000 nmethod 92220 0x000000000a743250 code [0x000000000a7433c0, 0x000000000a743648]
Event: 28996.355 Thread 0x000000005501f000 92221       3       com.android.build.gradle.internal.api.DefaultAndroidSourceDirectorySet::getSrcDirs (24 bytes)
Event: 28996.356 Thread 0x000000005501f000 nmethod 92221 0x000000000a7429d0 code [0x000000000a742b80, 0x000000000a743078]

GC Heap History (10 events):
Event: 28703.651 GC heap before
{Heap before GC invocations=580 (full 92):
 PSYoungGen      total 264192K, used 192672K [0x00000000eab00000, 0x0000000100000000, 0x0000000100000000)
  eden space 179200K, 100% used [0x00000000eab00000,0x00000000f5a00000,0x00000000f5a00000)
  from space 84992K, 15% used [0x00000000f5a00000,0x00000000f6728000,0x00000000fad00000)
  to   space 82944K, 0% used [0x00000000faf00000,0x00000000faf00000,0x0000000100000000)
 ParOldGen       total 602112K, used 484746K [0x00000000c0000000, 0x00000000e4c00000, 0x00000000eab00000)
  object space 602112K, 80% used [0x00000000c0000000,0x00000000dd962a58,0x00000000e4c00000)
 Metaspace       used 301874K, capacity 317286K, committed 321536K, reserved 1320960K
  class space    used 42851K, capacity 47992K, committed 49152K, reserved 1048576K
Event: 28703.680 GC heap after
Heap after GC invocations=580 (full 92):
 PSYoungGen      total 259072K, used 5171K [0x00000000eab00000, 0x00000000ffb00000, 0x0000000100000000)
  eden space 181248K, 0% used [0x00000000eab00000,0x00000000eab00000,0x00000000f5c00000)
  from space 77824K, 6% used [0x00000000faf00000,0x00000000fb40cfc0,0x00000000ffb00000)
  to   space 81408K, 0% used [0x00000000f5c00000,0x00000000f5c00000,0x00000000fab80000)
 ParOldGen       total 602112K, used 493610K [0x00000000c0000000, 0x00000000e4c00000, 0x00000000eab00000)
  object space 602112K, 81% used [0x00000000c0000000,0x00000000de20aa58,0x00000000e4c00000)
 Metaspace       used 301874K, capacity 317286K, committed 321536K, reserved 1320960K
  class space    used 42851K, capacity 47992K, committed 49152K, reserved 1048576K
}
Event: 28763.930 GC heap before
{Heap before GC invocations=581 (full 92):
 PSYoungGen      total 259072K, used 74493K [0x00000000eab00000, 0x00000000ffb00000, 0x0000000100000000)
  eden space 181248K, 38% used [0x00000000eab00000,0x00000000eeeb26b8,0x00000000f5c00000)
  from space 77824K, 6% used [0x00000000faf00000,0x00000000fb40cfc0,0x00000000ffb00000)
  to   space 81408K, 0% used [0x00000000f5c00000,0x00000000f5c00000,0x00000000fab80000)
 ParOldGen       total 602112K, used 493610K [0x00000000c0000000, 0x00000000e4c00000, 0x00000000eab00000)
  object space 602112K, 81% used [0x00000000c0000000,0x00000000de20aa58,0x00000000e4c00000)
 Metaspace       used 303056K, capacity 318510K, committed 322688K, reserved 1323008K
  class space    used 43046K, capacity 48232K, committed 49280K, reserved 1048576K
Event: 28763.953 GC heap after
Heap after GC invocations=581 (full 92):
 PSYoungGen      total 185344K, used 3974K [0x00000000eab00000, 0x00000000ff900000, 0x0000000100000000)
  eden space 181248K, 0% used [0x00000000eab00000,0x00000000eab00000,0x00000000f5c00000)
  from space 4096K, 97% used [0x00000000f5c00000,0x00000000f5fe1888,0x00000000f6000000)
  to   space 80384K, 0% used [0x00000000faa80000,0x00000000faa80000,0x00000000ff900000)
 ParOldGen       total 602112K, used 498154K [0x00000000c0000000, 0x00000000e4c00000, 0x00000000eab00000)
  object space 602112K, 82% used [0x00000000c0000000,0x00000000de67aa58,0x00000000e4c00000)
 Metaspace       used 303056K, capacity 318510K, committed 322688K, reserved 1323008K
  class space    used 43046K, capacity 48232K, committed 49280K, reserved 1048576K
}
Event: 28763.953 GC heap before
{Heap before GC invocations=582 (full 93):
 PSYoungGen      total 185344K, used 3974K [0x00000000eab00000, 0x00000000ff900000, 0x0000000100000000)
  eden space 181248K, 0% used [0x00000000eab00000,0x00000000eab00000,0x00000000f5c00000)
  from space 4096K, 97% used [0x00000000f5c00000,0x00000000f5fe1888,0x00000000f6000000)
  to   space 80384K, 0% used [0x00000000faa80000,0x00000000faa80000,0x00000000ff900000)
 ParOldGen       total 602112K, used 498154K [0x00000000c0000000, 0x00000000e4c00000, 0x00000000eab00000)
  object space 602112K, 82% used [0x00000000c0000000,0x00000000de67aa58,0x00000000e4c00000)
 Metaspace       used 303056K, capacity 318510K, committed 322688K, reserved 1323008K
  class space    used 43046K, capacity 48232K, committed 49280K, reserved 1048576K
Event: 28765.112 GC heap after
Heap after GC invocations=582 (full 93):
 PSYoungGen      total 185344K, used 0K [0x00000000eab00000, 0x00000000ff900000, 0x0000000100000000)
  eden space 181248K, 0% used [0x00000000eab00000,0x00000000eab00000,0x00000000f5c00000)
  from space 4096K, 0% used [0x00000000f5c00000,0x00000000f5c00000,0x00000000f6000000)
  to   space 80384K, 0% used [0x00000000faa80000,0x00000000faa80000,0x00000000ff900000)
 ParOldGen       total 602112K, used 285203K [0x00000000c0000000, 0x00000000e4c00000, 0x00000000eab00000)
  object space 602112K, 47% used [0x00000000c0000000,0x00000000d1684f90,0x00000000e4c00000)
 Metaspace       used 302902K, capacity 318320K, committed 322688K, reserved 1323008K
  class space    used 43027K, capacity 48189K, committed 49280K, reserved 1048576K
}
Event: 28994.801 GC heap before
{Heap before GC invocations=583 (full 93):
 PSYoungGen      total 185344K, used 181248K [0x00000000eab00000, 0x00000000ff900000, 0x0000000100000000)
  eden space 181248K, 100% used [0x00000000eab00000,0x00000000f5c00000,0x00000000f5c00000)
  from space 4096K, 0% used [0x00000000f5c00000,0x00000000f5c00000,0x00000000f6000000)
  to   space 80384K, 0% used [0x00000000faa80000,0x00000000faa80000,0x00000000ff900000)
 ParOldGen       total 602112K, used 285203K [0x00000000c0000000, 0x00000000e4c00000, 0x00000000eab00000)
  object space 602112K, 47% used [0x00000000c0000000,0x00000000d1684f90,0x00000000e4c00000)
 Metaspace       used 308045K, capacity 324040K, committed 327936K, reserved 1327104K
  class space    used 43778K, capacity 49162K, committed 50176K, reserved 1048576K
Event: 28994.816 GC heap after
Heap after GC invocations=583 (full 93):
 PSYoungGen      total 266752K, used 19932K [0x00000000eab00000, 0x0000000100000000, 0x0000000100000000)
  eden space 186368K, 0% used [0x00000000eab00000,0x00000000eab00000,0x00000000f6100000)
  from space 80384K, 24% used [0x00000000faa80000,0x00000000fbdf7378,0x00000000ff900000)
  to   space 75264K, 0% used [0x00000000f6100000,0x00000000f6100000,0x00000000faa80000)
 ParOldGen       total 602112K, used 285211K [0x00000000c0000000, 0x00000000e4c00000, 0x00000000eab00000)
  object space 602112K, 47% used [0x00000000c0000000,0x00000000d1686f90,0x00000000e4c00000)
 Metaspace       used 308045K, capacity 324040K, committed 327936K, reserved 1327104K
  class space    used 43778K, capacity 49162K, committed 50176K, reserved 1048576K
}
Event: 28995.785 GC heap before
{Heap before GC invocations=584 (full 93):
 PSYoungGen      total 266752K, used 206300K [0x00000000eab00000, 0x0000000100000000, 0x0000000100000000)
  eden space 186368K, 100% used [0x00000000eab00000,0x00000000f6100000,0x00000000f6100000)
  from space 80384K, 24% used [0x00000000faa80000,0x00000000fbdf7378,0x00000000ff900000)
  to   space 75264K, 0% used [0x00000000f6100000,0x00000000f6100000,0x00000000faa80000)
 ParOldGen       total 602112K, used 285211K [0x00000000c0000000, 0x00000000e4c00000, 0x00000000eab00000)
  object space 602112K, 47% used [0x00000000c0000000,0x00000000d1686f90,0x00000000e4c00000)
 Metaspace       used 310984K, capacity 327308K, committed 330752K, reserved 1329152K
  class space    used 44254K, capacity 49775K, committed 50688K, reserved 1048576K
Event: 28995.811 GC heap after
Heap after GC invocations=584 (full 93):
 PSYoungGen      total 261632K, used 17283K [0x00000000eab00000, 0x00000000ff400000, 0x0000000100000000)
  eden space 186368K, 0% used [0x00000000eab00000,0x00000000eab00000,0x00000000f6100000)
  from space 75264K, 22% used [0x00000000f6100000,0x00000000f71e0ec0,0x00000000faa80000)
  to   space 71680K, 0% used [0x00000000fae00000,0x00000000fae00000,0x00000000ff400000)
 ParOldGen       total 602112K, used 299473K [0x00000000c0000000, 0x00000000e4c00000, 0x00000000eab00000)
  object space 602112K, 49% used [0x00000000c0000000,0x00000000d2474698,0x00000000e4c00000)
 Metaspace       used 310984K, capacity 327308K, committed 330752K, reserved 1329152K
  class space    used 44254K, capacity 49775K, committed 50688K, reserved 1048576K
}

Deoptimization events (10 events):
Event: 28703.614 Thread 0x000000005cbe3800 Uncommon trap: reason=class_check action=maybe_recompile pc=0x000000000a61b430 method=proguard.shrink.UsedClassFilter.visitProgramClass(Lproguard/classfile/ProgramClass;)V @ 16
Event: 28703.702 Thread 0x000000005cbe3800 Uncommon trap: reason=bimorphic action=maybe_recompile pc=0x0000000009e67de8 method=proguard.io.FilteredDataEntryReader.read(Lproguard/io/DataEntry;)V @ 31
Event: 28703.702 Thread 0x000000005cbe3800 Uncommon trap: reason=bimorphic action=maybe_recompile pc=0x0000000009e67de8 method=proguard.io.FilteredDataEntryReader.read(Lproguard/io/DataEntry;)V @ 31
Event: 28703.702 Thread 0x000000005cbe3800 Uncommon trap: reason=bimorphic action=maybe_recompile pc=0x0000000009e67de8 method=proguard.io.FilteredDataEntryReader.read(Lproguard/io/DataEntry;)V @ 31
Event: 28703.702 Thread 0x000000005cbe3800 Uncommon trap: reason=bimorphic action=maybe_recompile pc=0x0000000009e67de8 method=proguard.io.FilteredDataEntryReader.read(Lproguard/io/DataEntry;)V @ 31
Event: 28703.943 Thread 0x000000005cbe3800 Uncommon trap: reason=class_check action=maybe_recompile pc=0x000000000a647b5c method=proguard.io.FilteredDataEntryReader.read(Lproguard/io/DataEntry;)V @ 5
Event: 28703.946 Thread 0x000000005cbe3800 Uncommon trap: reason=class_check action=maybe_recompile pc=0x000000000a647b5c method=proguard.io.FilteredDataEntryReader.read(Lproguard/io/DataEntry;)V @ 5
Event: 28703.947 Thread 0x000000005cbe3800 Uncommon trap: reason=class_check action=maybe_recompile pc=0x000000000a647b5c method=proguard.io.FilteredDataEntryReader.read(Lproguard/io/DataEntry;)V @ 5
Event: 28703.951 Thread 0x000000005cbe3800 Uncommon trap: reason=class_check action=maybe_recompile pc=0x000000000a647b5c method=proguard.io.FilteredDataEntryReader.read(Lproguard/io/DataEntry;)V @ 5
Event: 28994.738 Thread 0x000000005cbe2000 Uncommon trap: reason=class_check action=maybe_recompile pc=0x00000000094d8810 method=org.codehaus.groovy.runtime.callsite.CallSiteArray.replaceCallSite(Lorg/codehaus/groovy/runtime/callsite/CallSite;Lorg/codehaus/groovy/runtime/callsite/CallSite;)V @ 10

Internal exceptions (10 events):
Event: 28996.226 Thread 0x000000005cbe2000 Exception <a 'java/security/PrivilegedActionException'> (0x00000000ed274c50) thrown at [C:\re\workspace\8-2-build-windows-amd64-cygwin\jdk8u11\648\hotspot\src\share\vm\prims\jvm.cpp, line 1248]
Event: 28996.226 Thread 0x000000005cbe2000 Exception <a 'java/security/PrivilegedActionException'> (0x00000000ed275e48) thrown at [C:\re\workspace\8-2-build-windows-amd64-cygwin\jdk8u11\648\hotspot\src\share\vm\prims\jvm.cpp, line 1248]
Event: 28996.226 Thread 0x000000005cbe2000 Exception <a 'java/security/PrivilegedActionException'> (0x00000000ed277040) thrown at [C:\re\workspace\8-2-build-windows-amd64-cygwin\jdk8u11\648\hotspot\src\share\vm\prims\jvm.cpp, line 1248]
Event: 28996.226 Thread 0x000000005cbe2000 Exception <a 'java/security/PrivilegedActionException'> (0x00000000ed27d998) thrown at [C:\re\workspace\8-2-build-windows-amd64-cygwin\jdk8u11\648\hotspot\src\share\vm\prims\jvm.cpp, line 1248]
Event: 28996.226 Thread 0x000000005cbe2000 Exception <a 'java/lang/ClassNotFoundException': com/android/build/gradle/internal/tasks/MergeFileTaskCustomizer> (0x00000000ed27df18) thrown at [C:\re\workspace\8-2-build-windows-amd64-cygwin\jdk8u11\648\hotspot\src\share\vm\classfile\systemDictionary.cpp½9EyQÜ@
Event: 28996.226 Thread 0x000000005cbe2000 Exception <a 'java/security/PrivilegedActionException'> (0x00000000ed29a5c8) thrown at [C:\re\workspace\8-2-build-windows-amd64-cygwin\jdk8u11\648\hotspot\src\share\vm\prims\jvm.cpp, line 1248]
Event: 28996.226 Thread 0x000000005cbe2000 Exception <a 'java/security/PrivilegedActionException'> (0x00000000ed29b898) thrown at [C:\re\workspace\8-2-build-windows-amd64-cygwin\jdk8u11\648\hotspot\src\share\vm\prims\jvm.cpp, line 1248]
Event: 28996.226 Thread 0x000000005cbe2000 Exception <a 'java/security/PrivilegedActionException'> (0x00000000ed29c808) thrown at [C:\re\workspace\8-2-build-windows-amd64-cygwin\jdk8u11\648\hotspot\src\share\vm\prims\jvm.cpp, line 1248]
Event: 28996.226 Thread 0x000000005cbe2000 Exception <a 'java/security/PrivilegedActionException'> (0x00000000ed2a3920) thrown at [C:\re\workspace\8-2-build-windows-amd64-cygwin\jdk8u11\648\hotspot\src\share\vm\prims\jvm.cpp, line 1248]
Event: 28996.226 Thread 0x000000005cbe2000 Exception <a 'java/lang/ClassNotFoundException': com/android/build/gradle/internal/tasks/MergeFileTask_DecoratedCustomizer> (0x00000000ed2a3eb8) thrown at [C:\re\workspace\8-2-build-windows-amd64-cygwin\jdk8u11\648\hotspot\src\share\vm\classfile\systemDictˆ*rrQÜ@

Events (10 events):
Event: 28996.226 loading class com/android/build/gradle/internal/tasks/MergeFileTaskBeanInfo
Event: 28996.226 loading class com/android/build/gradle/internal/tasks/MergeFileTaskBeanInfo done
Event: 28996.226 loading class com/android/build/gradle/internal/tasks/MergeFileTaskCustomizer
Event: 28996.226 loading class com/android/build/gradle/internal/tasks/MergeFileTaskCustomizer done
Event: 28996.226 loading class com/android/build/gradle/internal/tasks/MergeFileTaskCustomizer
Event: 28996.226 loading class com/android/build/gradle/internal/tasks/MergeFileTaskCustomizer done
Event: 28996.226 loading class com/android/build/gradle/internal/tasks/MergeFileTask_DecoratedCustomizer
Event: 28996.226 loading class com/android/build/gradle/internal/tasks/MergeFileTask_DecoratedCustomizer done
Event: 28996.226 loading class com/android/build/gradle/internal/tasks/MergeFileTask_DecoratedCustomizer
Event: 28996.226 loading class com/android/build/gradle/internal/tasks/MergeFileTask_DecoratedCustomizer done


Dynamic libraries:
0x000000013fa20000 - 0x000000013fa54000 	C:\Program Files\Java\jdk1.8.0_11\bin\java.exe
0x0000000077ab0000 - 0x0000000077c5a000 	C:\Windows\SYSTEM32\ntdll.dll
0x0000000077990000 - 0x0000000077aaf000 	C:\Windows\system32\kernel32.dll
0x000007fefda80000 - 0x000007fefdaea000 	C:\Windows\system32\KERNELBASE.dll
0x000007fefe470000 - 0x000007fefe54b000 	C:\Windows\system32\ADVAPI32.dll
0x000007fefea20000 - 0x000007fefeabf000 	C:\Windows\system32\msvcrt.dll
0x000007fefe030000 - 0x000007fefe04f000 	C:\Windows\SYSTEM32\sechost.dll
0x000007fefe050000 - 0x000007fefe17d000 	C:\Windows\system32\RPCRT4.dll
0x0000000077890000 - 0x000000007798a000 	C:\Windows\system32\USER32.dll
0x000007feffbc0000 - 0x000007feffc27000 	C:\Windows\system32\GDI32.dll
0x000007fefeb60000 - 0x000007fefeb6e000 	C:\Windows\system32\LPK.dll
0x000007fefe670000 - 0x000007fefe73a000 	C:\Windows\system32\USP10.dll
0x000007fefbd30000 - 0x000007fefbf24000 	C:\Windows\WinSxS\amd64_microsoft.windows.common-controls_6595b64144ccf1df_6.0.7601.18837_none_fa3b1e3d17594757\COMCTL32.dll
0x000007fefe550000 - 0x000007fefe5c1000 	C:\Windows\system32\SHLWAPI.dll
0x000007feff950000 - 0x000007feff97e000 	C:\Windows\system32\IMM32.DLL
0x000007fefdc70000 - 0x000007fefdd79000 	C:\Windows\system32\MSCTF.dll
0x0000000058eb0000 - 0x0000000058f82000 	C:\Program Files\Java\jdk1.8.0_11\jre\bin\msvcr100.dll
0x00000000644b0000 - 0x0000000064cda000 	C:\Program Files\Java\jdk1.8.0_11\jre\bin\server\jvm.dll
0x000007fef1700000 - 0x000007fef1709000 	C:\Windows\system32\WSOCK32.dll
0x000007fefeb70000 - 0x000007fefebbd000 	C:\Windows\system32\WS2_32.dll
0x000007fefea10000 - 0x000007fefea18000 	C:\Windows\system32\NSI.dll
0x000007fef7de0000 - 0x000007fef7e1b000 	C:\Windows\system32\WINMM.dll
0x0000000077c80000 - 0x0000000077c87000 	C:\Windows\system32\PSAPI.DLL
0x0000000074690000 - 0x000000007469f000 	C:\Program Files\Java\jdk1.8.0_11\jre\bin\verify.dll
0x0000000070880000 - 0x00000000708a8000 	C:\Program Files\Java\jdk1.8.0_11\jre\bin\java.dll
0x0000000070860000 - 0x0000000070876000 	C:\Program Files\Java\jdk1.8.0_11\jre\bin\zip.dll
0x000007fefebc0000 - 0x000007feff949000 	C:\Windows\system32\SHELL32.dll
0x000007fefe180000 - 0x000007fefe383000 	C:\Windows\system32\ole32.dll
0x000007fefd830000 - 0x000007fefd83f000 	C:\Windows\system32\profapi.dll
0x000007fefd070000 - 0x000007fefd088000 	C:\Windows\system32\CRYPTSP.dll
0x000007fefcd70000 - 0x000007fefcdb7000 	C:\Windows\system32\rsaenh.dll
0x000007fefda50000 - 0x000007fefda6e000 	C:\Windows\system32\USERENV.dll
0x000007fefd6d0000 - 0x000007fefd6df000 	C:\Windows\system32\CRYPTBASE.dll
0x00000000679e0000 - 0x00000000679fa000 	C:\Program Files\Java\jdk1.8.0_11\jre\bin\net.dll
0x000007fefd010000 - 0x000007fefd065000 	C:\Windows\system32\mswsock.dll
0x000007fefd000000 - 0x000007fefd007000 	C:\Windows\System32\wship6.dll
0x000007fefbc40000 - 0x000007fefbc67000 	C:\Windows\system32\IPHLPAPI.DLL
0x000007fefbc30000 - 0x000007fefbc3b000 	C:\Windows\system32\WINNSI.DLL
0x000007fefba40000 - 0x000007fefba58000 	C:\Windows\system32\dhcpcsvc.DLL
0x000007fefba20000 - 0x000007fefba31000 	C:\Windows\system32\dhcpcsvc6.DLL
0x0000000067600000 - 0x0000000067611000 	C:\Program Files\Java\jdk1.8.0_11\jre\bin\nio.dll
0x000007fef0190000 - 0x000007fef01a2000 	C:\Users\hufeng\AppData\Local\Temp\native-platform4849420605341283556dir\native-platform.dll
0x000007fefd670000 - 0x000007fefd6c7000 	C:\Windows\system32\apphelp.dll
0x0000000074680000 - 0x000000007468d000 	C:\Program Files\Java\jdk1.8.0_11\jre\bin\management.dll
0x0000000066700000 - 0x0000000066724000 	C:\Program Files\Java\jdk1.8.0_11\jre\bin\sunec.dll
0x000007fefc9f0000 - 0x000007fefc9f7000 	C:\Windows\System32\wshtcpip.dll
0x000007fefce90000 - 0x000007fefceeb000 	C:\Windows\system32\DNSAPI.dll
0x000007fefa260000 - 0x000007fefa268000 	C:\Windows\system32\rasadhlp.dll
0x000007fefbac0000 - 0x000007fefbb13000 	C:\Windows\System32\fwpuclnt.dll
0x000007fefc1a0000 - 0x000007fefc1b5000 	C:\Windows\system32\NLAapi.dll
0x000007fef7f90000 - 0x000007fef7fa5000 	C:\Windows\system32\napinsp.dll
0x000007fef7f70000 - 0x000007fef7f89000 	C:\Windows\system32\pnrpnsp.dll
0x000007fef7f60000 - 0x000007fef7f6b000 	C:\Windows\System32\winrnr.dll
0x000007feeb440000 - 0x000007feeb565000 	C:\Windows\system32\dbghelp.dll

VM Arguments:
jvm_args: -XX:MaxPermSize=256m -XX:+HeapDumpOnOutOfMemoryError -Xmx1024m -Dfile.encoding=GBK -Duser.country=CN -Duser.language=zh -Duser.variant 
java_command: org.gradle.launcher.daemon.bootstrap.GradleDaemon 2.2 C:\Users\hufeng\.gradle\daemon 10800000 a9c31ec0-9a0b-42c4-b34f-ba13cfc66aca -XX:MaxPermSize=256m -XX:+HeapDumpOnOutOfMemoryError -Xmx1024m -Dfile.encoding=GBK -Duser.country=CN -Duser.language=zh -Duser.variant
java_class_path (initial): C:\Users\hufeng\.gradle\wrapper\dists\gradle-2.2-all\1vevkra640w3rb9hkuw50q5we\gradle-2.2\lib\gradle-launcher-2.2.jar
Launcher Type: SUN_STANDARD

Environment Variables:
JAVA_HOME=C:\Program Files\Java\jdk1.8.0_11
PATH=C:\ProgramData\Oracle\Java\javapath;C:\Program Files\Java\jdk1.8.0_11/bin;C:\Program Files (x86)\Intel\iCLS Client\;C:\Program Files\Intel\iCLS Client\;C:\Windows\system32;C:\Windows;C:\Windows\System32\Wbem;C:\Windows\System32\WindowsPowerShell\v1.0\;C:\Program Files\Intel\Intel(R) Management Engine Components\DAL;C:\Program Files (x86)\Intel\Intel(R) Management Engine Components\DAL;C:\Program Files\Intel\Intel(R) Management Engine Components\IPT;C:\Program Files (x86)\Intel\Intel(R) Management Engine Components\IPT;
USERNAME=hufeng
OS=Windows_NT
PROCESSOR_IDENTIFIER=Intel64 Family 6 Model 61 Stepping 4, GenuineIntel



---------------  S Y S T E M  ---------------

OS: Windows 7 , 64 bit Build 7601 Service Pack 1

CPU:total 4 (2 cores per cpu, 2 threads per core) family 6 model 61 stepping 4, cmov, cx8, fxsr, mmx, sse, sse2, sse3, ssse3, sse4.1, sse4.2, popcnt, avx, avx2, aes, clmul, erms, ht, tsc, tscinvbit

Memory: 4k page, physical 16598500k(10424920k free), swap 33195140k(26408308k free)

vm_info: Java HotSpot(TM) 64-Bit Server VM (25.11-b03) for windows-amd64 JRE (1.8.0_11-b12), built on Jun 16 2014 20:57:32 by "java_re" with MS VC++ 10.0 (VS2010)

time: Tue Jul 05 17:56:05 2016
elapsed time: 28996 seconds

